{"uid":"551f0fefa35811c5","name":"verifyPaymentModalClosing","fullName":"com.coffeecart.ui.PaymentModalClosingOnMenuPageTest.verifyPaymentModalClosing","historyId":"70e033bc82bea30d3629590658944d67","time":{"start":1749849544508,"stop":1749849545570,"duration":1062},"description":"Verify that the Payment Details Modal retains pre-filled values after closing via the 'X' icon on the MenuPage","descriptionHtml":"<p>Verify that the Payment Details Modal retains pre-filled values after closing via the 'X' icon on the MenuPage</p>\n","status":"failed","statusMessage":"The following asserts failed:\n\tName field should be empty after navigation expected [] but found [null],\n\tEmail field should be empty after navigation expected [] but found [null]","statusTrace":"java.lang.AssertionError: The following asserts failed:\n\tName field should be empty after navigation expected [] but found [null],\n\tEmail field should be empty after navigation expected [] but found [null]\n\tat org.testng.asserts.SoftAssert.assertAll(SoftAssert.java:46)\n\tat org.testng.asserts.SoftAssert.assertAll(SoftAssert.java:30)\n\tat com.coffeecart.ui.PaymentModalClosingOnMenuPageTest.verifyPaymentModalClosing(PaymentModalClosingOnMenuPageTest.java:54)\n\tat java.base/jdk.internal.reflect.DirectMethodHandleAccessor.invoke(DirectMethodHandleAccessor.java:103)\n\tat java.base/java.lang.reflect.Method.invoke(Method.java:580)\n\tat org.testng.internal.invokers.MethodInvocationHelper.invokeMethod(MethodInvocationHelper.java:141)\n\tat org.testng.internal.invokers.TestInvoker.invokeMethod(TestInvoker.java:686)\n\tat org.testng.internal.invokers.TestInvoker.invokeTestMethod(TestInvoker.java:230)\n\tat org.testng.internal.invokers.MethodRunner.runInSequence(MethodRunner.java:63)\n\tat org.testng.internal.invokers.TestInvoker$MethodInvocationAgent.invoke(TestInvoker.java:992)\n\tat org.testng.internal.invokers.TestInvoker.invokeTestMethods(TestInvoker.java:203)\n\tat org.testng.internal.invokers.TestMethodWorker.invokeTestMethods(TestMethodWorker.java:154)\n\tat org.testng.internal.invokers.TestMethodWorker.run(TestMethodWorker.java:134)\n\tat java.base/java.util.ArrayList.forEach(ArrayList.java:1596)\n\tat org.testng.TestRunner.privateRun(TestRunner.java:739)\n\tat org.testng.TestRunner.run(TestRunner.java:614)\n\tat org.testng.SuiteRunner.runTest(SuiteRunner.java:421)\n\tat org.testng.SuiteRunner.runSequentially(SuiteRunner.java:413)\n\tat org.testng.SuiteRunner.privateRun(SuiteRunner.java:373)\n\tat org.testng.SuiteRunner.run(SuiteRunner.java:312)\n\tat org.testng.SuiteRunnerWorker.runSuite(SuiteRunnerWorker.java:52)\n\tat org.testng.SuiteRunnerWorker.run(SuiteRunnerWorker.java:95)\n\tat org.testng.TestNG.runSuitesSequentially(TestNG.java:1274)\n\tat org.testng.TestNG.runSuitesLocally(TestNG.java:1208)\n\tat org.testng.TestNG.runSuites(TestNG.java:1112)\n\tat org.testng.TestNG.run(TestNG.java:1079)\n\tat org.apache.maven.surefire.testng.TestNGExecutor.run(TestNGExecutor.java:308)\n\tat org.apache.maven.surefire.testng.TestNGXmlTestSuite.execute(TestNGXmlTestSuite.java:71)\n\tat org.apache.maven.surefire.testng.TestNGProvider.invoke(TestNGProvider.java:113)\n\tat org.apache.maven.surefire.booter.ForkedBooter.runSuitesInProcess(ForkedBooter.java:385)\n\tat org.apache.maven.surefire.booter.ForkedBooter.execute(ForkedBooter.java:162)\n\tat org.apache.maven.surefire.booter.ForkedBooter.run(ForkedBooter.java:507)\n\tat org.apache.maven.surefire.booter.ForkedBooter.main(ForkedBooter.java:495)\n","flaky":false,"newFailed":false,"newBroken":false,"newPassed":false,"retriesCount":0,"retriesStatusChange":false,"beforeStages":[{"name":"beforeClass","time":{"start":1749849543999,"stop":1749849544506,"duration":507},"description":"","status":"passed","steps":[{"name":"init ChromeDriver","time":{"start":1749849543999,"stop":1749849544281,"duration":282},"status":"passed","steps":[],"attachments":[],"parameters":[],"shouldDisplayMessage":false,"stepsCount":0,"attachmentsCount":0,"hasContent":false,"attachmentStep":false}],"attachments":[],"parameters":[],"shouldDisplayMessage":false,"stepsCount":1,"attachmentsCount":0,"hasContent":true,"attachmentStep":false}],"testStage":{"description":"Verify that the Payment Details Modal retains pre-filled values after closing via the 'X' icon on the MenuPage","status":"failed","statusMessage":"The following asserts failed:\n\tName field should be empty after navigation expected [] but found [null],\n\tEmail field should be empty after navigation expected [] but found [null]","statusTrace":"java.lang.AssertionError: The following asserts failed:\n\tName field should be empty after navigation expected [] but found [null],\n\tEmail field should be empty after navigation expected [] but found [null]\n\tat org.testng.asserts.SoftAssert.assertAll(SoftAssert.java:46)\n\tat org.testng.asserts.SoftAssert.assertAll(SoftAssert.java:30)\n\tat com.coffeecart.ui.PaymentModalClosingOnMenuPageTest.verifyPaymentModalClosing(PaymentModalClosingOnMenuPageTest.java:54)\n\tat java.base/jdk.internal.reflect.DirectMethodHandleAccessor.invoke(DirectMethodHandleAccessor.java:103)\n\tat java.base/java.lang.reflect.Method.invoke(Method.java:580)\n\tat org.testng.internal.invokers.MethodInvocationHelper.invokeMethod(MethodInvocationHelper.java:141)\n\tat org.testng.internal.invokers.TestInvoker.invokeMethod(TestInvoker.java:686)\n\tat org.testng.internal.invokers.TestInvoker.invokeTestMethod(TestInvoker.java:230)\n\tat org.testng.internal.invokers.MethodRunner.runInSequence(MethodRunner.java:63)\n\tat org.testng.internal.invokers.TestInvoker$MethodInvocationAgent.invoke(TestInvoker.java:992)\n\tat org.testng.internal.invokers.TestInvoker.invokeTestMethods(TestInvoker.java:203)\n\tat org.testng.internal.invokers.TestMethodWorker.invokeTestMethods(TestMethodWorker.java:154)\n\tat org.testng.internal.invokers.TestMethodWorker.run(TestMethodWorker.java:134)\n\tat java.base/java.util.ArrayList.forEach(ArrayList.java:1596)\n\tat org.testng.TestRunner.privateRun(TestRunner.java:739)\n\tat org.testng.TestRunner.run(TestRunner.java:614)\n\tat org.testng.SuiteRunner.runTest(SuiteRunner.java:421)\n\tat org.testng.SuiteRunner.runSequentially(SuiteRunner.java:413)\n\tat org.testng.SuiteRunner.privateRun(SuiteRunner.java:373)\n\tat org.testng.SuiteRunner.run(SuiteRunner.java:312)\n\tat org.testng.SuiteRunnerWorker.runSuite(SuiteRunnerWorker.java:52)\n\tat org.testng.SuiteRunnerWorker.run(SuiteRunnerWorker.java:95)\n\tat org.testng.TestNG.runSuitesSequentially(TestNG.java:1274)\n\tat org.testng.TestNG.runSuitesLocally(TestNG.java:1208)\n\tat org.testng.TestNG.runSuites(TestNG.java:1112)\n\tat org.testng.TestNG.run(TestNG.java:1079)\n\tat org.apache.maven.surefire.testng.TestNGExecutor.run(TestNGExecutor.java:308)\n\tat org.apache.maven.surefire.testng.TestNGXmlTestSuite.execute(TestNGXmlTestSuite.java:71)\n\tat org.apache.maven.surefire.testng.TestNGProvider.invoke(TestNGProvider.java:113)\n\tat org.apache.maven.surefire.booter.ForkedBooter.runSuitesInProcess(ForkedBooter.java:385)\n\tat org.apache.maven.surefire.booter.ForkedBooter.execute(ForkedBooter.java:162)\n\tat org.apache.maven.surefire.booter.ForkedBooter.run(ForkedBooter.java:507)\n\tat org.apache.maven.surefire.booter.ForkedBooter.main(ForkedBooter.java:495)\n","steps":[{"name":"Click on cup with title: Espresso","time":{"start":1749849544526,"stop":1749849544663,"duration":137},"status":"passed","steps":[{"name":"Click on Cup body","time":{"start":1749849544546,"stop":1749849544663,"duration":117},"status":"passed","steps":[],"attachments":[],"parameters":[],"shouldDisplayMessage":false,"stepsCount":0,"attachmentsCount":0,"hasContent":false,"attachmentStep":false}],"attachments":[],"parameters":[{"name":"drinkName","value":"Espresso"}],"shouldDisplayMessage":false,"stepsCount":1,"attachmentsCount":0,"hasContent":true,"attachmentStep":false},{"name":"Click 'Total' button","time":{"start":1749849544663,"stop":1749849544749,"duration":86},"status":"passed","steps":[],"attachments":[],"parameters":[],"shouldDisplayMessage":false,"stepsCount":0,"attachmentsCount":0,"hasContent":false,"attachmentStep":false},{"name":"Set Name Input test","time":{"start":1749849544749,"stop":1749849544823,"duration":74},"status":"passed","steps":[],"attachments":[],"parameters":[{"name":"name","value":"test"}],"shouldDisplayMessage":false,"stepsCount":0,"attachmentsCount":0,"hasContent":true,"attachmentStep":false},{"name":"Set Email Input test@test.com","time":{"start":1749849544823,"stop":1749849544906,"duration":83},"status":"passed","steps":[],"attachments":[],"parameters":[{"name":"email","value":"test@test.com"}],"shouldDisplayMessage":false,"stepsCount":0,"attachmentsCount":0,"hasContent":true,"attachmentStep":false},{"name":"Mark the check box","time":{"start":1749849544906,"stop":1749849544997,"duration":91},"status":"passed","steps":[],"attachments":[],"parameters":[],"shouldDisplayMessage":false,"stepsCount":0,"attachmentsCount":0,"hasContent":false,"attachmentStep":false},{"name":"Close modal window","time":{"start":1749849544997,"stop":1749849545072,"duration":75},"status":"passed","steps":[],"attachments":[],"parameters":[],"shouldDisplayMessage":false,"stepsCount":0,"attachmentsCount":0,"hasContent":false,"attachmentStep":false},{"name":"Click 'Total' button","time":{"start":1749849545072,"stop":1749849545139,"duration":67},"status":"passed","steps":[],"attachments":[],"parameters":[],"shouldDisplayMessage":false,"stepsCount":0,"attachmentsCount":0,"hasContent":false,"attachmentStep":false},{"name":"Close modal window","time":{"start":1749849545246,"stop":1749849545309,"duration":63},"status":"passed","steps":[],"attachments":[],"parameters":[],"shouldDisplayMessage":false,"stepsCount":0,"attachmentsCount":0,"hasContent":false,"attachmentStep":false},{"name":"Navigate to the Cart Page","time":{"start":1749849545309,"stop":1749849545424,"duration":115},"status":"passed","steps":[{"name":"Click on Cart page","time":{"start":1749849545309,"stop":1749849545424,"duration":115},"status":"passed","steps":[],"attachments":[],"parameters":[],"shouldDisplayMessage":false,"stepsCount":0,"attachmentsCount":0,"hasContent":false,"attachmentStep":false}],"attachments":[],"parameters":[],"shouldDisplayMessage":false,"stepsCount":1,"attachmentsCount":0,"hasContent":true,"attachmentStep":false},{"name":"Click on the Total button","time":{"start":1749849545424,"stop":1749849545504,"duration":80},"status":"passed","steps":[],"attachments":[],"parameters":[],"shouldDisplayMessage":false,"stepsCount":0,"attachmentsCount":0,"hasContent":false,"attachmentStep":false}],"attachments":[],"parameters":[],"shouldDisplayMessage":true,"stepsCount":12,"attachmentsCount":0,"hasContent":true,"attachmentStep":false},"afterStages":[{"name":"afterClass","time":{"start":1749849545571,"stop":1749849545713,"duration":142},"description":"","status":"passed","steps":[],"attachments":[{"uid":"db5fe86d97502750","name":"Image name = PICTURE Test Name = RegularTests","source":"db5fe86d97502750.png","type":"image/png","size":27475}],"parameters":[],"shouldDisplayMessage":false,"stepsCount":0,"attachmentsCount":1,"hasContent":true,"attachmentStep":false}],"labels":[{"name":"package","value":"com.coffeecart.ui.PaymentModalClosingOnMenuPageTest"},{"name":"testClass","value":"com.coffeecart.ui.PaymentModalClosingOnMenuPageTest"},{"name":"testMethod","value":"verifyPaymentModalClosing"},{"name":"parentSuite","value":"AllTests"},{"name":"suite","value":"RegularTests"},{"name":"subSuite","value":"com.coffeecart.ui.PaymentModalClosingOnMenuPageTest"},{"name":"host","value":"fv-az1319-634"},{"name":"thread","value":"2494@fv-az1319-634.main(1)"},{"name":"framework","value":"testng"},{"name":"language","value":"java"},{"name":"feature","value":"Closing Payment Details Modal"},{"name":"owner","value":"Nataliia Hrusha"},{"name":"resultFormat","value":"allure2"}],"parameters":[],"links":[{"name":"171","url":"https://github.com/UA-1378-TAQC/coffeecart.taqc/issues/171","type":"issue"}],"hidden":false,"retry":false,"extra":{"severity":"normal","owner":"Nataliia Hrusha","retries":[],"categories":[{"name":"Product defects","matchedStatuses":[],"flaky":false}],"history":{"statistic":{"failed":2,"broken":0,"skipped":0,"passed":0,"unknown":0,"total":2},"items":[{"uid":"a8a7549018f4753e","reportUrl":"https://UA-1378-TAQC.github.io/coffeecart.taqc/79//#testresult/a8a7549018f4753e","status":"failed","statusDetails":"The following asserts failed:\n\tName field should be empty after navigation expected [] but found [null],\n\tEmail field should be empty after navigation expected [] but found [null]","time":{"start":1749833192044,"stop":1749833193089,"duration":1045}}]},"tags":[]},"source":"551f0fefa35811c5.json","parameterValues":[]}