{"uid":"f0eb27aa263f91c5","name":"Verify cart pop-up functionality for any drink from the menu","fullName":"com.coffeecart.ui.VerificationOfPopUpCartFunctioningTest.cartManipulationTest","historyId":"3b5584e928e435e25c8c56c2592d69d5","time":{"start":1750683058502,"stop":1750683059674,"duration":1172},"description":"Test verification of pop-up cart functioning (buttons +/-)","descriptionHtml":"<p>Test verification of pop-up cart functioning (buttons +/-)</p>\n","status":"broken","statusMessage":"element click intercepted: Element <div data-v-400a88f7=\"\" class=\"cup-body\" aria-label=\"Americano\" data-test=\"Americano\" data-cy=\"Americano\">...</div> is not clickable at point (659, 423). Other element would receive the click: <button data-v-a68519c8=\"\" data-test=\"checkout\" class=\"pay\" type=\"button\" aria-label=\"Proceed to checkout\">...</button>\n  (Session info: chrome=137.0.7151.103)\nBuild info: version: '4.33.0', revision: '2c6aaad03a'\nSystem info: os.name: 'Linux', os.arch: 'amd64', os.version: '6.11.0-1015-azure', java.version: '21.0.7'\nDriver info: org.openqa.selenium.chrome.ChromeDriver\nCommand: [df342433d4050111622564148f224afe, clickElement {id=f.DCC4CCFE90850B7FD940E3F23AB8FF5F.d.F94F6651F845799C77AA2597BFBF81CE.e.71}]\nCapabilities {acceptInsecureCerts: false, browserName: chrome, browserVersion: 137.0.7151.103, chrome: {chromedriverVersion: 137.0.7151.119 (e0ac9d12dff..., userDataDir: /tmp/.org.chromium.Chromium...}, fedcm:accounts: true, goog:chromeOptions: {debuggerAddress: localhost:35047}, networkConnectionEnabled: false, pageLoadStrategy: normal, platformName: linux, proxy: Proxy(), se:cdp: ws://localhost:35047/devtoo..., se:cdpVersion: 137.0.7151.103, setWindowRect: true, strictFileInteractability: false, timeouts: {implicit: 0, pageLoad: 300000, script: 30000}, unhandledPromptBehavior: dismiss and notify, webauthn:extension:credBlob: true, webauthn:extension:largeBlob: true, webauthn:extension:minPinLength: true, webauthn:extension:prf: true, webauthn:virtualAuthenticators: true}\nElement: [[[[[[ChromeDriver: chrome on linux (df342433d4050111622564148f224afe)] -> xpath: //*[@id='app']/div[2]/ul/li]] -> xpath: .//div[contains(@class, 'cup')]]] -> xpath: .//div[contains(@class, 'cup-body')]]\nSession ID: df342433d4050111622564148f224afe","statusTrace":"org.openqa.selenium.ElementClickInterceptedException: element click intercepted: Element <div data-v-400a88f7=\"\" class=\"cup-body\" aria-label=\"Americano\" data-test=\"Americano\" data-cy=\"Americano\">...</div> is not clickable at point (659, 423). Other element would receive the click: <button data-v-a68519c8=\"\" data-test=\"checkout\" class=\"pay\" type=\"button\" aria-label=\"Proceed to checkout\">...</button>\n  (Session info: chrome=137.0.7151.103)\nBuild info: version: '4.33.0', revision: '2c6aaad03a'\nSystem info: os.name: 'Linux', os.arch: 'amd64', os.version: '6.11.0-1015-azure', java.version: '21.0.7'\nDriver info: org.openqa.selenium.chrome.ChromeDriver\nCommand: [df342433d4050111622564148f224afe, clickElement {id=f.DCC4CCFE90850B7FD940E3F23AB8FF5F.d.F94F6651F845799C77AA2597BFBF81CE.e.71}]\nCapabilities {acceptInsecureCerts: false, browserName: chrome, browserVersion: 137.0.7151.103, chrome: {chromedriverVersion: 137.0.7151.119 (e0ac9d12dff..., userDataDir: /tmp/.org.chromium.Chromium...}, fedcm:accounts: true, goog:chromeOptions: {debuggerAddress: localhost:35047}, networkConnectionEnabled: false, pageLoadStrategy: normal, platformName: linux, proxy: Proxy(), se:cdp: ws://localhost:35047/devtoo..., se:cdpVersion: 137.0.7151.103, setWindowRect: true, strictFileInteractability: false, timeouts: {implicit: 0, pageLoad: 300000, script: 30000}, unhandledPromptBehavior: dismiss and notify, webauthn:extension:credBlob: true, webauthn:extension:largeBlob: true, webauthn:extension:minPinLength: true, webauthn:extension:prf: true, webauthn:virtualAuthenticators: true}\nElement: [[[[[[ChromeDriver: chrome on linux (df342433d4050111622564148f224afe)] -> xpath: //*[@id='app']/div[2]/ul/li]] -> xpath: .//div[contains(@class, 'cup')]]] -> xpath: .//div[contains(@class, 'cup-body')]]\nSession ID: df342433d4050111622564148f224afe\n\tat java.base/jdk.internal.reflect.DirectConstructorHandleAccessor.newInstance(DirectConstructorHandleAccessor.java:62)\n\tat java.base/java.lang.reflect.Constructor.newInstanceWithCaller(Constructor.java:502)\n\tat java.base/java.lang.reflect.Constructor.newInstance(Constructor.java:486)\n\tat org.openqa.selenium.remote.ErrorCodec.decode(ErrorCodec.java:167)\n\tat org.openqa.selenium.remote.codec.w3c.W3CHttpResponseCodec.decode(W3CHttpResponseCodec.java:138)\n\tat org.openqa.selenium.remote.codec.w3c.W3CHttpResponseCodec.decode(W3CHttpResponseCodec.java:50)\n\tat org.openqa.selenium.remote.HttpCommandExecutor.execute(HttpCommandExecutor.java:215)\n\tat org.openqa.selenium.remote.service.DriverCommandExecutor.invokeExecute(DriverCommandExecutor.java:216)\n\tat org.openqa.selenium.remote.service.DriverCommandExecutor.execute(DriverCommandExecutor.java:174)\n\tat org.openqa.selenium.remote.RemoteWebDriver.execute(RemoteWebDriver.java:544)\n\tat org.openqa.selenium.remote.RemoteWebElement.execute(RemoteWebElement.java:223)\n\tat org.openqa.selenium.remote.RemoteWebElement.click(RemoteWebElement.java:76)\n\tat java.base/jdk.internal.reflect.DirectMethodHandleAccessor.invoke(DirectMethodHandleAccessor.java:103)\n\tat java.base/java.lang.reflect.Method.invoke(Method.java:580)\n\tat org.openqa.selenium.support.pagefactory.internal.LocatingElementHandler.invoke(LocatingElementHandler.java:51)\n\tat jdk.proxy2/jdk.proxy2.$Proxy40.click(Unknown Source)\n\tat com.coffeecart.ui.component.CupComponent.clickOnCupBody(CupComponent.java:91)\n\tat com.coffeecart.ui.page.MenuPage.lambda$clickDrink$3(MenuPage.java:96)\n\tat java.base/java.util.Optional.ifPresent(Optional.java:178)\n\tat com.coffeecart.ui.page.MenuPage.clickDrink(MenuPage.java:96)\n\tat com.coffeecart.ui.VerificationOfPopUpCartFunctioningTest.cartManipulationTest(VerificationOfPopUpCartFunctioningTest.java:29)\n\tat java.base/jdk.internal.reflect.DirectMethodHandleAccessor.invoke(DirectMethodHandleAccessor.java:103)\n\tat java.base/java.lang.reflect.Method.invoke(Method.java:580)\n\tat org.testng.internal.invokers.MethodInvocationHelper.invokeMethod(MethodInvocationHelper.java:141)\n\tat org.testng.internal.invokers.TestInvoker.invokeMethod(TestInvoker.java:686)\n\tat org.testng.internal.invokers.TestInvoker.invokeTestMethod(TestInvoker.java:230)\n\tat org.testng.internal.invokers.MethodRunner.runInSequence(MethodRunner.java:63)\n\tat org.testng.internal.invokers.TestInvoker$MethodInvocationAgent.invoke(TestInvoker.java:992)\n\tat org.testng.internal.invokers.TestInvoker.invokeTestMethods(TestInvoker.java:203)\n\tat org.testng.internal.invokers.TestMethodWorker.invokeTestMethods(TestMethodWorker.java:154)\n\tat org.testng.internal.invokers.TestMethodWorker.run(TestMethodWorker.java:134)\n\tat java.base/java.util.ArrayList.forEach(ArrayList.java:1596)\n\tat org.testng.TestRunner.privateRun(TestRunner.java:739)\n\tat org.testng.TestRunner.run(TestRunner.java:614)\n\tat org.testng.SuiteRunner.runTest(SuiteRunner.java:421)\n\tat org.testng.SuiteRunner.runSequentially(SuiteRunner.java:413)\n\tat org.testng.SuiteRunner.privateRun(SuiteRunner.java:373)\n\tat org.testng.SuiteRunner.run(SuiteRunner.java:312)\n\tat org.testng.SuiteRunnerWorker.runSuite(SuiteRunnerWorker.java:52)\n\tat org.testng.SuiteRunnerWorker.run(SuiteRunnerWorker.java:95)\n\tat org.testng.TestNG.runSuitesSequentially(TestNG.java:1274)\n\tat org.testng.TestNG.runSuitesLocally(TestNG.java:1208)\n\tat org.testng.TestNG.runSuites(TestNG.java:1112)\n\tat org.testng.TestNG.run(TestNG.java:1079)\n\tat org.apache.maven.surefire.testng.TestNGExecutor.run(TestNGExecutor.java:308)\n\tat org.apache.maven.surefire.testng.TestNGXmlTestSuite.execute(TestNGXmlTestSuite.java:71)\n\tat org.apache.maven.surefire.testng.TestNGProvider.invoke(TestNGProvider.java:113)\n\tat org.apache.maven.surefire.booter.ForkedBooter.runSuitesInProcess(ForkedBooter.java:385)\n\tat org.apache.maven.surefire.booter.ForkedBooter.execute(ForkedBooter.java:162)\n\tat org.apache.maven.surefire.booter.ForkedBooter.run(ForkedBooter.java:507)\n\tat org.apache.maven.surefire.booter.ForkedBooter.main(ForkedBooter.java:495)\n","flaky":false,"newFailed":false,"newBroken":false,"newPassed":false,"retriesCount":0,"retriesStatusChange":false,"beforeStages":[{"name":"beforeClass","time":{"start":1750683054108,"stop":1750683054544,"duration":436},"description":"","status":"passed","steps":[{"name":"init ChromeDriver","time":{"start":1750683054108,"stop":1750683054385,"duration":277},"status":"passed","steps":[],"attachments":[],"parameters":[],"shouldDisplayMessage":false,"stepsCount":0,"attachmentsCount":0,"hasContent":false,"attachmentStep":false}],"attachments":[],"parameters":[],"shouldDisplayMessage":false,"stepsCount":1,"attachmentsCount":0,"hasContent":true,"attachmentStep":false}],"testStage":{"description":"Test verification of pop-up cart functioning (buttons +/-)","status":"broken","statusMessage":"element click intercepted: Element <div data-v-400a88f7=\"\" class=\"cup-body\" aria-label=\"Americano\" data-test=\"Americano\" data-cy=\"Americano\">...</div> is not clickable at point (659, 423). Other element would receive the click: <button data-v-a68519c8=\"\" data-test=\"checkout\" class=\"pay\" type=\"button\" aria-label=\"Proceed to checkout\">...</button>\n  (Session info: chrome=137.0.7151.103)\nBuild info: version: '4.33.0', revision: '2c6aaad03a'\nSystem info: os.name: 'Linux', os.arch: 'amd64', os.version: '6.11.0-1015-azure', java.version: '21.0.7'\nDriver info: org.openqa.selenium.chrome.ChromeDriver\nCommand: [df342433d4050111622564148f224afe, clickElement {id=f.DCC4CCFE90850B7FD940E3F23AB8FF5F.d.F94F6651F845799C77AA2597BFBF81CE.e.71}]\nCapabilities {acceptInsecureCerts: false, browserName: chrome, browserVersion: 137.0.7151.103, chrome: {chromedriverVersion: 137.0.7151.119 (e0ac9d12dff..., userDataDir: /tmp/.org.chromium.Chromium...}, fedcm:accounts: true, goog:chromeOptions: {debuggerAddress: localhost:35047}, networkConnectionEnabled: false, pageLoadStrategy: normal, platformName: linux, proxy: Proxy(), se:cdp: ws://localhost:35047/devtoo..., se:cdpVersion: 137.0.7151.103, setWindowRect: true, strictFileInteractability: false, timeouts: {implicit: 0, pageLoad: 300000, script: 30000}, unhandledPromptBehavior: dismiss and notify, webauthn:extension:credBlob: true, webauthn:extension:largeBlob: true, webauthn:extension:minPinLength: true, webauthn:extension:prf: true, webauthn:virtualAuthenticators: true}\nElement: [[[[[[ChromeDriver: chrome on linux (df342433d4050111622564148f224afe)] -> xpath: //*[@id='app']/div[2]/ul/li]] -> xpath: .//div[contains(@class, 'cup')]]] -> xpath: .//div[contains(@class, 'cup-body')]]\nSession ID: df342433d4050111622564148f224afe","statusTrace":"org.openqa.selenium.ElementClickInterceptedException: element click intercepted: Element <div data-v-400a88f7=\"\" class=\"cup-body\" aria-label=\"Americano\" data-test=\"Americano\" data-cy=\"Americano\">...</div> is not clickable at point (659, 423). Other element would receive the click: <button data-v-a68519c8=\"\" data-test=\"checkout\" class=\"pay\" type=\"button\" aria-label=\"Proceed to checkout\">...</button>\n  (Session info: chrome=137.0.7151.103)\nBuild info: version: '4.33.0', revision: '2c6aaad03a'\nSystem info: os.name: 'Linux', os.arch: 'amd64', os.version: '6.11.0-1015-azure', java.version: '21.0.7'\nDriver info: org.openqa.selenium.chrome.ChromeDriver\nCommand: [df342433d4050111622564148f224afe, clickElement {id=f.DCC4CCFE90850B7FD940E3F23AB8FF5F.d.F94F6651F845799C77AA2597BFBF81CE.e.71}]\nCapabilities {acceptInsecureCerts: false, browserName: chrome, browserVersion: 137.0.7151.103, chrome: {chromedriverVersion: 137.0.7151.119 (e0ac9d12dff..., userDataDir: /tmp/.org.chromium.Chromium...}, fedcm:accounts: true, goog:chromeOptions: {debuggerAddress: localhost:35047}, networkConnectionEnabled: false, pageLoadStrategy: normal, platformName: linux, proxy: Proxy(), se:cdp: ws://localhost:35047/devtoo..., se:cdpVersion: 137.0.7151.103, setWindowRect: true, strictFileInteractability: false, timeouts: {implicit: 0, pageLoad: 300000, script: 30000}, unhandledPromptBehavior: dismiss and notify, webauthn:extension:credBlob: true, webauthn:extension:largeBlob: true, webauthn:extension:minPinLength: true, webauthn:extension:prf: true, webauthn:virtualAuthenticators: true}\nElement: [[[[[[ChromeDriver: chrome on linux (df342433d4050111622564148f224afe)] -> xpath: //*[@id='app']/div[2]/ul/li]] -> xpath: .//div[contains(@class, 'cup')]]] -> xpath: .//div[contains(@class, 'cup-body')]]\nSession ID: df342433d4050111622564148f224afe\n\tat java.base/jdk.internal.reflect.DirectConstructorHandleAccessor.newInstance(DirectConstructorHandleAccessor.java:62)\n\tat java.base/java.lang.reflect.Constructor.newInstanceWithCaller(Constructor.java:502)\n\tat java.base/java.lang.reflect.Constructor.newInstance(Constructor.java:486)\n\tat org.openqa.selenium.remote.ErrorCodec.decode(ErrorCodec.java:167)\n\tat org.openqa.selenium.remote.codec.w3c.W3CHttpResponseCodec.decode(W3CHttpResponseCodec.java:138)\n\tat org.openqa.selenium.remote.codec.w3c.W3CHttpResponseCodec.decode(W3CHttpResponseCodec.java:50)\n\tat org.openqa.selenium.remote.HttpCommandExecutor.execute(HttpCommandExecutor.java:215)\n\tat org.openqa.selenium.remote.service.DriverCommandExecutor.invokeExecute(DriverCommandExecutor.java:216)\n\tat org.openqa.selenium.remote.service.DriverCommandExecutor.execute(DriverCommandExecutor.java:174)\n\tat org.openqa.selenium.remote.RemoteWebDriver.execute(RemoteWebDriver.java:544)\n\tat org.openqa.selenium.remote.RemoteWebElement.execute(RemoteWebElement.java:223)\n\tat org.openqa.selenium.remote.RemoteWebElement.click(RemoteWebElement.java:76)\n\tat java.base/jdk.internal.reflect.DirectMethodHandleAccessor.invoke(DirectMethodHandleAccessor.java:103)\n\tat java.base/java.lang.reflect.Method.invoke(Method.java:580)\n\tat org.openqa.selenium.support.pagefactory.internal.LocatingElementHandler.invoke(LocatingElementHandler.java:51)\n\tat jdk.proxy2/jdk.proxy2.$Proxy40.click(Unknown Source)\n\tat com.coffeecart.ui.component.CupComponent.clickOnCupBody(CupComponent.java:91)\n\tat com.coffeecart.ui.page.MenuPage.lambda$clickDrink$3(MenuPage.java:96)\n\tat java.base/java.util.Optional.ifPresent(Optional.java:178)\n\tat com.coffeecart.ui.page.MenuPage.clickDrink(MenuPage.java:96)\n\tat com.coffeecart.ui.VerificationOfPopUpCartFunctioningTest.cartManipulationTest(VerificationOfPopUpCartFunctioningTest.java:29)\n\tat java.base/jdk.internal.reflect.DirectMethodHandleAccessor.invoke(DirectMethodHandleAccessor.java:103)\n\tat java.base/java.lang.reflect.Method.invoke(Method.java:580)\n\tat org.testng.internal.invokers.MethodInvocationHelper.invokeMethod(MethodInvocationHelper.java:141)\n\tat org.testng.internal.invokers.TestInvoker.invokeMethod(TestInvoker.java:686)\n\tat org.testng.internal.invokers.TestInvoker.invokeTestMethod(TestInvoker.java:230)\n\tat org.testng.internal.invokers.MethodRunner.runInSequence(MethodRunner.java:63)\n\tat org.testng.internal.invokers.TestInvoker$MethodInvocationAgent.invoke(TestInvoker.java:992)\n\tat org.testng.internal.invokers.TestInvoker.invokeTestMethods(TestInvoker.java:203)\n\tat org.testng.internal.invokers.TestMethodWorker.invokeTestMethods(TestMethodWorker.java:154)\n\tat org.testng.internal.invokers.TestMethodWorker.run(TestMethodWorker.java:134)\n\tat java.base/java.util.ArrayList.forEach(ArrayList.java:1596)\n\tat org.testng.TestRunner.privateRun(TestRunner.java:739)\n\tat org.testng.TestRunner.run(TestRunner.java:614)\n\tat org.testng.SuiteRunner.runTest(SuiteRunner.java:421)\n\tat org.testng.SuiteRunner.runSequentially(SuiteRunner.java:413)\n\tat org.testng.SuiteRunner.privateRun(SuiteRunner.java:373)\n\tat org.testng.SuiteRunner.run(SuiteRunner.java:312)\n\tat org.testng.SuiteRunnerWorker.runSuite(SuiteRunnerWorker.java:52)\n\tat org.testng.SuiteRunnerWorker.run(SuiteRunnerWorker.java:95)\n\tat org.testng.TestNG.runSuitesSequentially(TestNG.java:1274)\n\tat org.testng.TestNG.runSuitesLocally(TestNG.java:1208)\n\tat org.testng.TestNG.runSuites(TestNG.java:1112)\n\tat org.testng.TestNG.run(TestNG.java:1079)\n\tat org.apache.maven.surefire.testng.TestNGExecutor.run(TestNGExecutor.java:308)\n\tat org.apache.maven.surefire.testng.TestNGXmlTestSuite.execute(TestNGXmlTestSuite.java:71)\n\tat org.apache.maven.surefire.testng.TestNGProvider.invoke(TestNGProvider.java:113)\n\tat org.apache.maven.surefire.booter.ForkedBooter.runSuitesInProcess(ForkedBooter.java:385)\n\tat org.apache.maven.surefire.booter.ForkedBooter.execute(ForkedBooter.java:162)\n\tat org.apache.maven.surefire.booter.ForkedBooter.run(ForkedBooter.java:507)\n\tat org.apache.maven.surefire.booter.ForkedBooter.main(ForkedBooter.java:495)\n","steps":[{"name":"Click on cup with title: Americano","time":{"start":1750683058508,"stop":1750683059674,"duration":1166},"status":"broken","statusMessage":"element click intercepted: Element <div data-v-400a88f7=\"\" class=\"cup-body\" aria-label=\"Americano\" data-test=\"Americano\" data-cy=\"Americano\">...</div> is not clickable at point (659, 423). Other element would receive the click: <button data-v-a68519c8=\"\" data-test=\"checkout\" class=\"pay\" type=\"button\" aria-label=\"Proceed to checkout\">...</button>\n  (Session info: chrome=137.0.7151.103)\nBuild info: version: '4.33.0', revision: '2c6aaad03a'\nSystem info: os.name: 'Linux', os.arch: 'amd64', os.version: '6.11.0-1015-azure', java.version: '21.0.7'\nDriver info: org.openqa.selenium.chrome.ChromeDriver\nCommand: [df342433d4050111622564148f224afe, clickElement {id=f.DCC4CCFE90850B7FD940E3F23AB8FF5F.d.F94F6651F845799C77AA2597BFBF81CE.e.71}]\nCapabilities {acceptInsecureCerts: false, browserName: chrome, browserVersion: 137.0.7151.103, chrome: {chromedriverVersion: 137.0.7151.119 (e0ac9d12dff..., userDataDir: /tmp/.org.chromium.Chromium...}, fedcm:accounts: true, goog:chromeOptions: {debuggerAddress: localhost:35047}, networkConnectionEnabled: false, pageLoadStrategy: normal, platformName: linux, proxy: Proxy(), se:cdp: ws://localhost:35047/devtoo..., se:cdpVersion: 137.0.7151.103, setWindowRect: true, strictFileInteractability: false, timeouts: {implicit: 0, pageLoad: 300000, script: 30000}, unhandledPromptBehavior: dismiss and notify, webauthn:extension:credBlob: true, webauthn:extension:largeBlob: true, webauthn:extension:minPinLength: true, webauthn:extension:prf: true, webauthn:virtualAuthenticators: true}\nElement: [[[[[[ChromeDriver: chrome on linux (df342433d4050111622564148f224afe)] -> xpath: //*[@id='app']/div[2]/ul/li]] -> xpath: .//div[contains(@class, 'cup')]]] -> xpath: .//div[contains(@class, 'cup-body')]]\nSession ID: df342433d4050111622564148f224afe","statusTrace":"org.openqa.selenium.ElementClickInterceptedException: element click intercepted: Element <div data-v-400a88f7=\"\" class=\"cup-body\" aria-label=\"Americano\" data-test=\"Americano\" data-cy=\"Americano\">...</div> is not clickable at point (659, 423). Other element would receive the click: <button data-v-a68519c8=\"\" data-test=\"checkout\" class=\"pay\" type=\"button\" aria-label=\"Proceed to checkout\">...</button>\n  (Session info: chrome=137.0.7151.103)\nBuild info: version: '4.33.0', revision: '2c6aaad03a'\nSystem info: os.name: 'Linux', os.arch: 'amd64', os.version: '6.11.0-1015-azure', java.version: '21.0.7'\nDriver info: org.openqa.selenium.chrome.ChromeDriver\nCommand: [df342433d4050111622564148f224afe, clickElement {id=f.DCC4CCFE90850B7FD940E3F23AB8FF5F.d.F94F6651F845799C77AA2597BFBF81CE.e.71}]\nCapabilities {acceptInsecureCerts: false, browserName: chrome, browserVersion: 137.0.7151.103, chrome: {chromedriverVersion: 137.0.7151.119 (e0ac9d12dff..., userDataDir: /tmp/.org.chromium.Chromium...}, fedcm:accounts: true, goog:chromeOptions: {debuggerAddress: localhost:35047}, networkConnectionEnabled: false, pageLoadStrategy: normal, platformName: linux, proxy: Proxy(), se:cdp: ws://localhost:35047/devtoo..., se:cdpVersion: 137.0.7151.103, setWindowRect: true, strictFileInteractability: false, timeouts: {implicit: 0, pageLoad: 300000, script: 30000}, unhandledPromptBehavior: dismiss and notify, webauthn:extension:credBlob: true, webauthn:extension:largeBlob: true, webauthn:extension:minPinLength: true, webauthn:extension:prf: true, webauthn:virtualAuthenticators: true}\nElement: [[[[[[ChromeDriver: chrome on linux (df342433d4050111622564148f224afe)] -> xpath: //*[@id='app']/div[2]/ul/li]] -> xpath: .//div[contains(@class, 'cup')]]] -> xpath: .//div[contains(@class, 'cup-body')]]\nSession ID: df342433d4050111622564148f224afe\n\tat java.base/jdk.internal.reflect.DirectConstructorHandleAccessor.newInstance(DirectConstructorHandleAccessor.java:62)\n\tat java.base/java.lang.reflect.Constructor.newInstanceWithCaller(Constructor.java:502)\n\tat java.base/java.lang.reflect.Constructor.newInstance(Constructor.java:486)\n\tat org.openqa.selenium.remote.ErrorCodec.decode(ErrorCodec.java:167)\n\tat org.openqa.selenium.remote.codec.w3c.W3CHttpResponseCodec.decode(W3CHttpResponseCodec.java:138)\n\tat org.openqa.selenium.remote.codec.w3c.W3CHttpResponseCodec.decode(W3CHttpResponseCodec.java:50)\n\tat org.openqa.selenium.remote.HttpCommandExecutor.execute(HttpCommandExecutor.java:215)\n\tat org.openqa.selenium.remote.service.DriverCommandExecutor.invokeExecute(DriverCommandExecutor.java:216)\n\tat org.openqa.selenium.remote.service.DriverCommandExecutor.execute(DriverCommandExecutor.java:174)\n\tat org.openqa.selenium.remote.RemoteWebDriver.execute(RemoteWebDriver.java:544)\n\tat org.openqa.selenium.remote.RemoteWebElement.execute(RemoteWebElement.java:223)\n\tat org.openqa.selenium.remote.RemoteWebElement.click(RemoteWebElement.java:76)\n\tat java.base/jdk.internal.reflect.DirectMethodHandleAccessor.invoke(DirectMethodHandleAccessor.java:103)\n\tat java.base/java.lang.reflect.Method.invoke(Method.java:580)\n\tat org.openqa.selenium.support.pagefactory.internal.LocatingElementHandler.invoke(LocatingElementHandler.java:51)\n\tat jdk.proxy2/jdk.proxy2.$Proxy40.click(Unknown Source)\n\tat com.coffeecart.ui.component.CupComponent.clickOnCupBody(CupComponent.java:91)\n\tat com.coffeecart.ui.page.MenuPage.lambda$clickDrink$3(MenuPage.java:96)\n\tat java.base/java.util.Optional.ifPresent(Optional.java:178)\n\tat com.coffeecart.ui.page.MenuPage.clickDrink(MenuPage.java:96)\n\tat com.coffeecart.ui.VerificationOfPopUpCartFunctioningTest.cartManipulationTest(VerificationOfPopUpCartFunctioningTest.java:29)\n\tat java.base/jdk.internal.reflect.DirectMethodHandleAccessor.invoke(DirectMethodHandleAccessor.java:103)\n\tat java.base/java.lang.reflect.Method.invoke(Method.java:580)\n\tat org.testng.internal.invokers.MethodInvocationHelper.invokeMethod(MethodInvocationHelper.java:141)\n\tat org.testng.internal.invokers.TestInvoker.invokeMethod(TestInvoker.java:686)\n\tat org.testng.internal.invokers.TestInvoker.invokeTestMethod(TestInvoker.java:230)\n\tat org.testng.internal.invokers.MethodRunner.runInSequence(MethodRunner.java:63)\n\tat org.testng.internal.invokers.TestInvoker$MethodInvocationAgent.invoke(TestInvoker.java:992)\n\tat org.testng.internal.invokers.TestInvoker.invokeTestMethods(TestInvoker.java:203)\n\tat org.testng.internal.invokers.TestMethodWorker.invokeTestMethods(TestMethodWorker.java:154)\n\tat org.testng.internal.invokers.TestMethodWorker.run(TestMethodWorker.java:134)\n\tat java.base/java.util.ArrayList.forEach(ArrayList.java:1596)\n\tat org.testng.TestRunner.privateRun(TestRunner.java:739)\n\tat org.testng.TestRunner.run(TestRunner.java:614)\n\tat org.testng.SuiteRunner.runTest(SuiteRunner.java:421)\n\tat org.testng.SuiteRunner.runSequentially(SuiteRunner.java:413)\n\tat org.testng.SuiteRunner.privateRun(SuiteRunner.java:373)\n\tat org.testng.SuiteRunner.run(SuiteRunner.java:312)\n\tat org.testng.SuiteRunnerWorker.runSuite(SuiteRunnerWorker.java:52)\n\tat org.testng.SuiteRunnerWorker.run(SuiteRunnerWorker.java:95)\n\tat org.testng.TestNG.runSuitesSequentially(TestNG.java:1274)\n\tat org.testng.TestNG.runSuitesLocally(TestNG.java:1208)\n\tat org.testng.TestNG.runSuites(TestNG.java:1112)\n\tat org.testng.TestNG.run(TestNG.java:1079)\n\tat org.apache.maven.surefire.testng.TestNGExecutor.run(TestNGExecutor.java:308)\n\tat org.apache.maven.surefire.testng.TestNGXmlTestSuite.execute(TestNGXmlTestSuite.java:71)\n\tat org.apache.maven.surefire.testng.TestNGProvider.invoke(TestNGProvider.java:113)\n\tat org.apache.maven.surefire.booter.ForkedBooter.runSuitesInProcess(ForkedBooter.java:385)\n\tat org.apache.maven.surefire.booter.ForkedBooter.execute(ForkedBooter.java:162)\n\tat org.apache.maven.surefire.booter.ForkedBooter.run(ForkedBooter.java:507)\n\tat org.apache.maven.surefire.booter.ForkedBooter.main(ForkedBooter.java:495)\n","steps":[{"name":"Click on Cup body","time":{"start":1750683058569,"stop":1750683059674,"duration":1105},"status":"broken","statusMessage":"element click intercepted: Element <div data-v-400a88f7=\"\" class=\"cup-body\" aria-label=\"Americano\" data-test=\"Americano\" data-cy=\"Americano\">...</div> is not clickable at point (659, 423). Other element would receive the click: <button data-v-a68519c8=\"\" data-test=\"checkout\" class=\"pay\" type=\"button\" aria-label=\"Proceed to checkout\">...</button>\n  (Session info: chrome=137.0.7151.103)\nBuild info: version: '4.33.0', revision: '2c6aaad03a'\nSystem info: os.name: 'Linux', os.arch: 'amd64', os.version: '6.11.0-1015-azure', java.version: '21.0.7'\nDriver info: org.openqa.selenium.chrome.ChromeDriver\nCommand: [df342433d4050111622564148f224afe, clickElement {id=f.DCC4CCFE90850B7FD940E3F23AB8FF5F.d.F94F6651F845799C77AA2597BFBF81CE.e.71}]\nCapabilities {acceptInsecureCerts: false, browserName: chrome, browserVersion: 137.0.7151.103, chrome: {chromedriverVersion: 137.0.7151.119 (e0ac9d12dff..., userDataDir: /tmp/.org.chromium.Chromium...}, fedcm:accounts: true, goog:chromeOptions: {debuggerAddress: localhost:35047}, networkConnectionEnabled: false, pageLoadStrategy: normal, platformName: linux, proxy: Proxy(), se:cdp: ws://localhost:35047/devtoo..., se:cdpVersion: 137.0.7151.103, setWindowRect: true, strictFileInteractability: false, timeouts: {implicit: 0, pageLoad: 300000, script: 30000}, unhandledPromptBehavior: dismiss and notify, webauthn:extension:credBlob: true, webauthn:extension:largeBlob: true, webauthn:extension:minPinLength: true, webauthn:extension:prf: true, webauthn:virtualAuthenticators: true}\nElement: [[[[[[ChromeDriver: chrome on linux (df342433d4050111622564148f224afe)] -> xpath: //*[@id='app']/div[2]/ul/li]] -> xpath: .//div[contains(@class, 'cup')]]] -> xpath: .//div[contains(@class, 'cup-body')]]\nSession ID: df342433d4050111622564148f224afe","statusTrace":"org.openqa.selenium.ElementClickInterceptedException: element click intercepted: Element <div data-v-400a88f7=\"\" class=\"cup-body\" aria-label=\"Americano\" data-test=\"Americano\" data-cy=\"Americano\">...</div> is not clickable at point (659, 423). Other element would receive the click: <button data-v-a68519c8=\"\" data-test=\"checkout\" class=\"pay\" type=\"button\" aria-label=\"Proceed to checkout\">...</button>\n  (Session info: chrome=137.0.7151.103)\nBuild info: version: '4.33.0', revision: '2c6aaad03a'\nSystem info: os.name: 'Linux', os.arch: 'amd64', os.version: '6.11.0-1015-azure', java.version: '21.0.7'\nDriver info: org.openqa.selenium.chrome.ChromeDriver\nCommand: [df342433d4050111622564148f224afe, clickElement {id=f.DCC4CCFE90850B7FD940E3F23AB8FF5F.d.F94F6651F845799C77AA2597BFBF81CE.e.71}]\nCapabilities {acceptInsecureCerts: false, browserName: chrome, browserVersion: 137.0.7151.103, chrome: {chromedriverVersion: 137.0.7151.119 (e0ac9d12dff..., userDataDir: /tmp/.org.chromium.Chromium...}, fedcm:accounts: true, goog:chromeOptions: {debuggerAddress: localhost:35047}, networkConnectionEnabled: false, pageLoadStrategy: normal, platformName: linux, proxy: Proxy(), se:cdp: ws://localhost:35047/devtoo..., se:cdpVersion: 137.0.7151.103, setWindowRect: true, strictFileInteractability: false, timeouts: {implicit: 0, pageLoad: 300000, script: 30000}, unhandledPromptBehavior: dismiss and notify, webauthn:extension:credBlob: true, webauthn:extension:largeBlob: true, webauthn:extension:minPinLength: true, webauthn:extension:prf: true, webauthn:virtualAuthenticators: true}\nElement: [[[[[[ChromeDriver: chrome on linux (df342433d4050111622564148f224afe)] -> xpath: //*[@id='app']/div[2]/ul/li]] -> xpath: .//div[contains(@class, 'cup')]]] -> xpath: .//div[contains(@class, 'cup-body')]]\nSession ID: df342433d4050111622564148f224afe\n\tat java.base/jdk.internal.reflect.DirectConstructorHandleAccessor.newInstance(DirectConstructorHandleAccessor.java:62)\n\tat java.base/java.lang.reflect.Constructor.newInstanceWithCaller(Constructor.java:502)\n\tat java.base/java.lang.reflect.Constructor.newInstance(Constructor.java:486)\n\tat org.openqa.selenium.remote.ErrorCodec.decode(ErrorCodec.java:167)\n\tat org.openqa.selenium.remote.codec.w3c.W3CHttpResponseCodec.decode(W3CHttpResponseCodec.java:138)\n\tat org.openqa.selenium.remote.codec.w3c.W3CHttpResponseCodec.decode(W3CHttpResponseCodec.java:50)\n\tat org.openqa.selenium.remote.HttpCommandExecutor.execute(HttpCommandExecutor.java:215)\n\tat org.openqa.selenium.remote.service.DriverCommandExecutor.invokeExecute(DriverCommandExecutor.java:216)\n\tat org.openqa.selenium.remote.service.DriverCommandExecutor.execute(DriverCommandExecutor.java:174)\n\tat org.openqa.selenium.remote.RemoteWebDriver.execute(RemoteWebDriver.java:544)\n\tat org.openqa.selenium.remote.RemoteWebElement.execute(RemoteWebElement.java:223)\n\tat org.openqa.selenium.remote.RemoteWebElement.click(RemoteWebElement.java:76)\n\tat java.base/jdk.internal.reflect.DirectMethodHandleAccessor.invoke(DirectMethodHandleAccessor.java:103)\n\tat java.base/java.lang.reflect.Method.invoke(Method.java:580)\n\tat org.openqa.selenium.support.pagefactory.internal.LocatingElementHandler.invoke(LocatingElementHandler.java:51)\n\tat jdk.proxy2/jdk.proxy2.$Proxy40.click(Unknown Source)\n\tat com.coffeecart.ui.component.CupComponent.clickOnCupBody(CupComponent.java:91)\n\tat com.coffeecart.ui.page.MenuPage.lambda$clickDrink$3(MenuPage.java:96)\n\tat java.base/java.util.Optional.ifPresent(Optional.java:178)\n\tat com.coffeecart.ui.page.MenuPage.clickDrink(MenuPage.java:96)\n\tat com.coffeecart.ui.VerificationOfPopUpCartFunctioningTest.cartManipulationTest(VerificationOfPopUpCartFunctioningTest.java:29)\n\tat java.base/jdk.internal.reflect.DirectMethodHandleAccessor.invoke(DirectMethodHandleAccessor.java:103)\n\tat java.base/java.lang.reflect.Method.invoke(Method.java:580)\n\tat org.testng.internal.invokers.MethodInvocationHelper.invokeMethod(MethodInvocationHelper.java:141)\n\tat org.testng.internal.invokers.TestInvoker.invokeMethod(TestInvoker.java:686)\n\tat org.testng.internal.invokers.TestInvoker.invokeTestMethod(TestInvoker.java:230)\n\tat org.testng.internal.invokers.MethodRunner.runInSequence(MethodRunner.java:63)\n\tat org.testng.internal.invokers.TestInvoker$MethodInvocationAgent.invoke(TestInvoker.java:992)\n\tat org.testng.internal.invokers.TestInvoker.invokeTestMethods(TestInvoker.java:203)\n\tat org.testng.internal.invokers.TestMethodWorker.invokeTestMethods(TestMethodWorker.java:154)\n\tat org.testng.internal.invokers.TestMethodWorker.run(TestMethodWorker.java:134)\n\tat java.base/java.util.ArrayList.forEach(ArrayList.java:1596)\n\tat org.testng.TestRunner.privateRun(TestRunner.java:739)\n\tat org.testng.TestRunner.run(TestRunner.java:614)\n\tat org.testng.SuiteRunner.runTest(SuiteRunner.java:421)\n\tat org.testng.SuiteRunner.runSequentially(SuiteRunner.java:413)\n\tat org.testng.SuiteRunner.privateRun(SuiteRunner.java:373)\n\tat org.testng.SuiteRunner.run(SuiteRunner.java:312)\n\tat org.testng.SuiteRunnerWorker.runSuite(SuiteRunnerWorker.java:52)\n\tat org.testng.SuiteRunnerWorker.run(SuiteRunnerWorker.java:95)\n\tat org.testng.TestNG.runSuitesSequentially(TestNG.java:1274)\n\tat org.testng.TestNG.runSuitesLocally(TestNG.java:1208)\n\tat org.testng.TestNG.runSuites(TestNG.java:1112)\n\tat org.testng.TestNG.run(TestNG.java:1079)\n\tat org.apache.maven.surefire.testng.TestNGExecutor.run(TestNGExecutor.java:308)\n\tat org.apache.maven.surefire.testng.TestNGXmlTestSuite.execute(TestNGXmlTestSuite.java:71)\n\tat org.apache.maven.surefire.testng.TestNGProvider.invoke(TestNGProvider.java:113)\n\tat org.apache.maven.surefire.booter.ForkedBooter.runSuitesInProcess(ForkedBooter.java:385)\n\tat org.apache.maven.surefire.booter.ForkedBooter.execute(ForkedBooter.java:162)\n\tat org.apache.maven.surefire.booter.ForkedBooter.run(ForkedBooter.java:507)\n\tat org.apache.maven.surefire.booter.ForkedBooter.main(ForkedBooter.java:495)\n","steps":[],"attachments":[],"parameters":[],"shouldDisplayMessage":true,"stepsCount":0,"attachmentsCount":0,"hasContent":true,"attachmentStep":false}],"attachments":[],"parameters":[{"name":"drinkName","value":"Americano"}],"shouldDisplayMessage":false,"stepsCount":1,"attachmentsCount":0,"hasContent":true,"attachmentStep":false}],"attachments":[],"parameters":[],"shouldDisplayMessage":false,"stepsCount":2,"attachmentsCount":0,"hasContent":true,"attachmentStep":false},"afterStages":[{"name":"afterClass","time":{"start":1750683061441,"stop":1750683061543,"duration":102},"description":"","status":"passed","steps":[],"attachments":[{"uid":"1fd04da8c701c69f","name":"Image name = PICTURE Test Name = RegularTests","source":"1fd04da8c701c69f.png","type":"image/png","size":46121}],"parameters":[],"shouldDisplayMessage":false,"stepsCount":0,"attachmentsCount":1,"hasContent":true,"attachmentStep":false}],"labels":[{"name":"package","value":"com.coffeecart.ui.VerificationOfPopUpCartFunctioningTest"},{"name":"testClass","value":"com.coffeecart.ui.VerificationOfPopUpCartFunctioningTest"},{"name":"testMethod","value":"cartManipulationTest"},{"name":"parentSuite","value":"AllTests"},{"name":"suite","value":"RegularTests"},{"name":"subSuite","value":"com.coffeecart.ui.VerificationOfPopUpCartFunctioningTest"},{"name":"host","value":"fv-az2211-197"},{"name":"thread","value":"2499@fv-az2211-197.main(1)"},{"name":"framework","value":"testng"},{"name":"language","value":"java"},{"name":"owner","value":"Khrystyna Martynova"},{"name":"story","value":"Cart pop-up behavior when interacting with any drink from the menu"},{"name":"epic","value":"Cart pop-up Functionality"},{"name":"feature","value":"Pop-up Cart Behavior"},{"name":"severity","value":"normal"},{"name":"resultFormat","value":"allure2"}],"parameters":[{"name":"arg0","value":"Americano"}],"links":[{"name":"Coffee Cart","url":"https://coffee-cart.app/","type":"custom"},{"name":"14","url":"https://github.com/UA-1378-TAQC/coffeecart.taqc/issues/14","type":"issue"}],"hidden":false,"retry":false,"extra":{"severity":"normal","owner":"Khrystyna Martynova","retries":[],"categories":[{"name":"Test defects","matchedStatuses":[],"flaky":false}],"history":{"statistic":{"failed":0,"broken":3,"skipped":0,"passed":0,"unknown":0,"total":3},"items":[{"uid":"3cb1753cde102bc0","reportUrl":"https://UA-1378-TAQC.github.io/coffeecart.taqc/102//#testresult/3cb1753cde102bc0","status":"broken","statusDetails":"element click intercepted: Element <div data-v-400a88f7=\"\" class=\"cup-body\" aria-label=\"Americano\" data-test=\"Americano\" data-cy=\"Americano\">...</div> is not clickable at point (659, 423). Other element would receive the click: <button data-v-a68519c8=\"\" data-test=\"checkout\" class=\"pay\" type=\"button\" aria-label=\"Proceed to checkout\">...</button>\n  (Session info: chrome=137.0.7151.103)\nBuild info: version: '4.30.0', revision: '509c7f17cc*'\nSystem info: os.name: 'Linux', os.arch: 'amd64', os.version: '6.11.0-1015-azure', java.version: '21.0.7'\nDriver info: org.openqa.selenium.chrome.ChromeDriver\nCommand: [55aecaff878528bffac04ffe8e3f48f8, clickElement {id=f.EA518E7FB981AFFFBDD1D198A5ECC2AC.d.F2266ED4366740D1E1528EF800D4FE57.e.71}]\nCapabilities {acceptInsecureCerts: false, browserName: chrome, browserVersion: 137.0.7151.103, chrome: {chromedriverVersion: 137.0.7151.119 (e0ac9d12dff..., userDataDir: /tmp/.org.chromium.Chromium...}, fedcm:accounts: true, goog:chromeOptions: {debuggerAddress: localhost:35699}, networkConnectionEnabled: false, pageLoadStrategy: normal, platformName: linux, proxy: Proxy(), se:cdp: ws://localhost:35699/devtoo..., se:cdpVersion: 137.0.7151.103, setWindowRect: true, strictFileInteractability: false, timeouts: {implicit: 0, pageLoad: 300000, script: 30000}, unhandledPromptBehavior: dismiss and notify, webauthn:extension:credBlob: true, webauthn:extension:largeBlob: true, webauthn:extension:minPinLength: true, webauthn:extension:prf: true, webauthn:virtualAuthenticators: true}\nElement: [[[[[[ChromeDriver: chrome on linux (55aecaff878528bffac04ffe8e3f48f8)] -> xpath: //*[@id='app']/div[2]/ul/li]] -> xpath: .//div[contains(@class, 'cup')]]] -> xpath: .//div[contains(@class, 'cup-body')]]\nSession ID: 55aecaff878528bffac04ffe8e3f48f8","time":{"start":1750682559424,"stop":1750682560597,"duration":1173}},{"uid":"dfd8821b40635b6","reportUrl":"https://UA-1378-TAQC.github.io/coffeecart.taqc/101//#testresult/dfd8821b40635b6","status":"broken","statusDetails":"element click intercepted: Element <div data-v-400a88f7=\"\" class=\"cup-body\" aria-label=\"Americano\" data-test=\"Americano\" data-cy=\"Americano\">...</div> is not clickable at point (659, 423). Other element would receive the click: <button data-v-a68519c8=\"\" data-test=\"checkout\" class=\"pay\" type=\"button\" aria-label=\"Proceed to checkout\">...</button>\n  (Session info: chrome=137.0.7151.103)\nBuild info: version: '4.30.0', revision: '509c7f17cc*'\nSystem info: os.name: 'Linux', os.arch: 'amd64', os.version: '6.11.0-1015-azure', java.version: '21.0.7'\nDriver info: org.openqa.selenium.chrome.ChromeDriver\nCommand: [eaf138f2d3302e034a48b5a3bb4e8d52, clickElement {id=f.B1CA5C0DCB0994D9CF1166C6FFE0A5E7.d.F13F8B5FF630A701B4DF209CBE6AD1A6.e.71}]\nCapabilities {acceptInsecureCerts: false, browserName: chrome, browserVersion: 137.0.7151.103, chrome: {chromedriverVersion: 137.0.7151.119 (e0ac9d12dff..., userDataDir: /tmp/.org.chromium.Chromium...}, fedcm:accounts: true, goog:chromeOptions: {debuggerAddress: localhost:39031}, networkConnectionEnabled: false, pageLoadStrategy: normal, platformName: linux, proxy: Proxy(), se:cdp: ws://localhost:39031/devtoo..., se:cdpVersion: 137.0.7151.103, setWindowRect: true, strictFileInteractability: false, timeouts: {implicit: 0, pageLoad: 300000, script: 30000}, unhandledPromptBehavior: dismiss and notify, webauthn:extension:credBlob: true, webauthn:extension:largeBlob: true, webauthn:extension:minPinLength: true, webauthn:extension:prf: true, webauthn:virtualAuthenticators: true}\nElement: [[[[[[ChromeDriver: chrome on linux (eaf138f2d3302e034a48b5a3bb4e8d52)] -> xpath: //*[@id='app']/div[2]/ul/li]] -> xpath: .//div[contains(@class, 'cup')]]] -> xpath: .//div[contains(@class, 'cup-body')]]\nSession ID: eaf138f2d3302e034a48b5a3bb4e8d52","time":{"start":1750681305457,"stop":1750681306623,"duration":1166}}]},"tags":[]},"source":"f0eb27aa263f91c5.json","parameterValues":["Americano"]}