{"uid":"30c831a15a3a75db","name":"VerifyEmail2","fullName":"com.coffeecart.ui.TestName.VerifyEmail2","historyId":"bfc2a3929220f39905b7af63f8a908e7","time":{"start":1746790902991,"stop":1746790904480,"duration":1489},"status":"broken","statusMessage":"element not interactable\n  (Session info: chrome=136.0.7103.59)\nBuild info: version: '4.30.0', revision: '509c7f17cc*'\nSystem info: os.name: 'Linux', os.arch: 'amd64', os.version: '6.11.0-1013-azure', java.version: '21.0.7'\nDriver info: org.openqa.selenium.chrome.ChromeDriver\nCommand: [d1f7f6d65a8b52f5d90ded0017551964, clickElement {id=f.39827FBBCB3469B5544381E6566D53C5.d.16E859F90238E6C2B50469F476C08DD3.e.91}]\nCapabilities {acceptInsecureCerts: false, browserName: chrome, browserVersion: 136.0.7103.59, chrome: {chromedriverVersion: 136.0.7103.92 (cb81a4cc5087..., userDataDir: /tmp/chrome-data-1746790819}, fedcm:accounts: true, goog:chromeOptions: {debuggerAddress: localhost:43085}, networkConnectionEnabled: false, pageLoadStrategy: normal, platformName: linux, proxy: Proxy(), se:cdp: ws://localhost:43085/devtoo..., se:cdpVersion: 136.0.7103.59, setWindowRect: true, strictFileInteractability: false, timeouts: {implicit: 0, pageLoad: 300000, script: 30000}, unhandledPromptBehavior: dismiss and notify, webauthn:extension:credBlob: true, webauthn:extension:largeBlob: true, webauthn:extension:minPinLength: true, webauthn:extension:prf: true, webauthn:virtualAuthenticators: true}\nElement: [[[[[[ChromeDriver: chrome on linux (d1f7f6d65a8b52f5d90ded0017551964)] -> xpath: //button[@class='pay']]] -> xpath: //div[@class='modal']]] -> xpath: .//section/button]\nSession ID: d1f7f6d65a8b52f5d90ded0017551964","statusTrace":"org.openqa.selenium.ElementNotInteractableException: element not interactable\n  (Session info: chrome=136.0.7103.59)\nBuild info: version: '4.30.0', revision: '509c7f17cc*'\nSystem info: os.name: 'Linux', os.arch: 'amd64', os.version: '6.11.0-1013-azure', java.version: '21.0.7'\nDriver info: org.openqa.selenium.chrome.ChromeDriver\nCommand: [d1f7f6d65a8b52f5d90ded0017551964, clickElement {id=f.39827FBBCB3469B5544381E6566D53C5.d.16E859F90238E6C2B50469F476C08DD3.e.91}]\nCapabilities {acceptInsecureCerts: false, browserName: chrome, browserVersion: 136.0.7103.59, chrome: {chromedriverVersion: 136.0.7103.92 (cb81a4cc5087..., userDataDir: /tmp/chrome-data-1746790819}, fedcm:accounts: true, goog:chromeOptions: {debuggerAddress: localhost:43085}, networkConnectionEnabled: false, pageLoadStrategy: normal, platformName: linux, proxy: Proxy(), se:cdp: ws://localhost:43085/devtoo..., se:cdpVersion: 136.0.7103.59, setWindowRect: true, strictFileInteractability: false, timeouts: {implicit: 0, pageLoad: 300000, script: 30000}, unhandledPromptBehavior: dismiss and notify, webauthn:extension:credBlob: true, webauthn:extension:largeBlob: true, webauthn:extension:minPinLength: true, webauthn:extension:prf: true, webauthn:virtualAuthenticators: true}\nElement: [[[[[[ChromeDriver: chrome on linux (d1f7f6d65a8b52f5d90ded0017551964)] -> xpath: //button[@class='pay']]] -> xpath: //div[@class='modal']]] -> xpath: .//section/button]\nSession ID: d1f7f6d65a8b52f5d90ded0017551964\n\tat java.base/jdk.internal.reflect.DirectConstructorHandleAccessor.newInstance(DirectConstructorHandleAccessor.java:62)\n\tat java.base/java.lang.reflect.Constructor.newInstanceWithCaller(Constructor.java:502)\n\tat java.base/java.lang.reflect.Constructor.newInstance(Constructor.java:486)\n\tat org.openqa.selenium.remote.ErrorCodec.decode(ErrorCodec.java:167)\n\tat org.openqa.selenium.remote.codec.w3c.W3CHttpResponseCodec.decode(W3CHttpResponseCodec.java:138)\n\tat org.openqa.selenium.remote.codec.w3c.W3CHttpResponseCodec.decode(W3CHttpResponseCodec.java:50)\n\tat org.openqa.selenium.remote.HttpCommandExecutor.execute(HttpCommandExecutor.java:215)\n\tat org.openqa.selenium.remote.service.DriverCommandExecutor.invokeExecute(DriverCommandExecutor.java:216)\n\tat org.openqa.selenium.remote.service.DriverCommandExecutor.execute(DriverCommandExecutor.java:174)\n\tat org.openqa.selenium.remote.RemoteWebDriver.execute(RemoteWebDriver.java:545)\n\tat org.openqa.selenium.remote.RemoteWebElement.execute(RemoteWebElement.java:223)\n\tat org.openqa.selenium.remote.RemoteWebElement.click(RemoteWebElement.java:76)\n\tat java.base/jdk.internal.reflect.DirectMethodHandleAccessor.invoke(DirectMethodHandleAccessor.java:103)\n\tat java.base/java.lang.reflect.Method.invoke(Method.java:580)\n\tat org.openqa.selenium.support.pagefactory.internal.LocatingElementHandler.invoke(LocatingElementHandler.java:51)\n\tat jdk.proxy2/jdk.proxy2.$Proxy27.click(Unknown Source)\n\tat com.coffeecart.ui.modal.PaymentDetailModal.closeModalWindowOnCartPage(PaymentDetailModal.java:120)\n\tat com.coffeecart.ui.TestName.VerifyEmail2(TestName.java:19)\n\tat java.base/jdk.internal.reflect.DirectMethodHandleAccessor.invoke(DirectMethodHandleAccessor.java:103)\n\tat java.base/java.lang.reflect.Method.invoke(Method.java:580)\n\tat org.testng.internal.invokers.MethodInvocationHelper.invokeMethod(MethodInvocationHelper.java:141)\n\tat org.testng.internal.invokers.TestInvoker.invokeMethod(TestInvoker.java:686)\n\tat org.testng.internal.invokers.TestInvoker.invokeTestMethod(TestInvoker.java:230)\n\tat org.testng.internal.invokers.MethodRunner.runInSequence(MethodRunner.java:63)\n\tat org.testng.internal.invokers.TestInvoker$MethodInvocationAgent.invoke(TestInvoker.java:992)\n\tat org.testng.internal.invokers.TestInvoker.invokeTestMethods(TestInvoker.java:203)\n\tat org.testng.internal.invokers.TestMethodWorker.invokeTestMethods(TestMethodWorker.java:154)\n\tat org.testng.internal.invokers.TestMethodWorker.run(TestMethodWorker.java:134)\n\tat java.base/java.util.ArrayList.forEach(ArrayList.java:1596)\n\tat org.testng.TestRunner.privateRun(TestRunner.java:739)\n\tat org.testng.TestRunner.run(TestRunner.java:614)\n\tat org.testng.SuiteRunner.runTest(SuiteRunner.java:421)\n\tat org.testng.SuiteRunner.runSequentially(SuiteRunner.java:413)\n\tat org.testng.SuiteRunner.privateRun(SuiteRunner.java:373)\n\tat org.testng.SuiteRunner.run(SuiteRunner.java:312)\n\tat org.testng.SuiteRunnerWorker.runSuite(SuiteRunnerWorker.java:52)\n\tat org.testng.SuiteRunnerWorker.run(SuiteRunnerWorker.java:95)\n\tat org.testng.TestNG.runSuitesSequentially(TestNG.java:1274)\n\tat org.testng.TestNG.runSuitesLocally(TestNG.java:1208)\n\tat org.testng.TestNG.runSuites(TestNG.java:1112)\n\tat org.testng.TestNG.run(TestNG.java:1079)\n\tat org.apache.maven.surefire.testng.TestNGExecutor.run(TestNGExecutor.java:155)\n\tat org.apache.maven.surefire.testng.TestNGDirectoryTestSuite.executeMulti(TestNGDirectoryTestSuite.java:169)\n\tat org.apache.maven.surefire.testng.TestNGDirectoryTestSuite.execute(TestNGDirectoryTestSuite.java:88)\n\tat org.apache.maven.surefire.testng.TestNGProvider.invoke(TestNGProvider.java:137)\n\tat org.apache.maven.surefire.booter.ForkedBooter.runSuitesInProcess(ForkedBooter.java:385)\n\tat org.apache.maven.surefire.booter.ForkedBooter.execute(ForkedBooter.java:162)\n\tat org.apache.maven.surefire.booter.ForkedBooter.run(ForkedBooter.java:507)\n\tat org.apache.maven.surefire.booter.ForkedBooter.main(ForkedBooter.java:495)\n","flaky":false,"newFailed":false,"newBroken":false,"newPassed":false,"retriesCount":0,"retriesStatusChange":false,"beforeStages":[{"name":"beforeClass","time":{"start":1746790901581,"stop":1746790902096,"duration":515},"description":"","status":"passed","steps":[{"name":"init ChromeDriver","time":{"start":1746790901581,"stop":1746790901924,"duration":343},"status":"passed","steps":[],"attachments":[],"parameters":[],"shouldDisplayMessage":false,"stepsCount":0,"attachmentsCount":0,"hasContent":false,"attachmentStep":false}],"attachments":[],"parameters":[],"shouldDisplayMessage":false,"stepsCount":1,"attachmentsCount":0,"hasContent":true,"attachmentStep":false}],"testStage":{"status":"broken","statusMessage":"element not interactable\n  (Session info: chrome=136.0.7103.59)\nBuild info: version: '4.30.0', revision: '509c7f17cc*'\nSystem info: os.name: 'Linux', os.arch: 'amd64', os.version: '6.11.0-1013-azure', java.version: '21.0.7'\nDriver info: org.openqa.selenium.chrome.ChromeDriver\nCommand: [d1f7f6d65a8b52f5d90ded0017551964, clickElement {id=f.39827FBBCB3469B5544381E6566D53C5.d.16E859F90238E6C2B50469F476C08DD3.e.91}]\nCapabilities {acceptInsecureCerts: false, browserName: chrome, browserVersion: 136.0.7103.59, chrome: {chromedriverVersion: 136.0.7103.92 (cb81a4cc5087..., userDataDir: /tmp/chrome-data-1746790819}, fedcm:accounts: true, goog:chromeOptions: {debuggerAddress: localhost:43085}, networkConnectionEnabled: false, pageLoadStrategy: normal, platformName: linux, proxy: Proxy(), se:cdp: ws://localhost:43085/devtoo..., se:cdpVersion: 136.0.7103.59, setWindowRect: true, strictFileInteractability: false, timeouts: {implicit: 0, pageLoad: 300000, script: 30000}, unhandledPromptBehavior: dismiss and notify, webauthn:extension:credBlob: true, webauthn:extension:largeBlob: true, webauthn:extension:minPinLength: true, webauthn:extension:prf: true, webauthn:virtualAuthenticators: true}\nElement: [[[[[[ChromeDriver: chrome on linux (d1f7f6d65a8b52f5d90ded0017551964)] -> xpath: //button[@class='pay']]] -> xpath: //div[@class='modal']]] -> xpath: .//section/button]\nSession ID: d1f7f6d65a8b52f5d90ded0017551964","statusTrace":"org.openqa.selenium.ElementNotInteractableException: element not interactable\n  (Session info: chrome=136.0.7103.59)\nBuild info: version: '4.30.0', revision: '509c7f17cc*'\nSystem info: os.name: 'Linux', os.arch: 'amd64', os.version: '6.11.0-1013-azure', java.version: '21.0.7'\nDriver info: org.openqa.selenium.chrome.ChromeDriver\nCommand: [d1f7f6d65a8b52f5d90ded0017551964, clickElement {id=f.39827FBBCB3469B5544381E6566D53C5.d.16E859F90238E6C2B50469F476C08DD3.e.91}]\nCapabilities {acceptInsecureCerts: false, browserName: chrome, browserVersion: 136.0.7103.59, chrome: {chromedriverVersion: 136.0.7103.92 (cb81a4cc5087..., userDataDir: /tmp/chrome-data-1746790819}, fedcm:accounts: true, goog:chromeOptions: {debuggerAddress: localhost:43085}, networkConnectionEnabled: false, pageLoadStrategy: normal, platformName: linux, proxy: Proxy(), se:cdp: ws://localhost:43085/devtoo..., se:cdpVersion: 136.0.7103.59, setWindowRect: true, strictFileInteractability: false, timeouts: {implicit: 0, pageLoad: 300000, script: 30000}, unhandledPromptBehavior: dismiss and notify, webauthn:extension:credBlob: true, webauthn:extension:largeBlob: true, webauthn:extension:minPinLength: true, webauthn:extension:prf: true, webauthn:virtualAuthenticators: true}\nElement: [[[[[[ChromeDriver: chrome on linux (d1f7f6d65a8b52f5d90ded0017551964)] -> xpath: //button[@class='pay']]] -> xpath: //div[@class='modal']]] -> xpath: .//section/button]\nSession ID: d1f7f6d65a8b52f5d90ded0017551964\n\tat java.base/jdk.internal.reflect.DirectConstructorHandleAccessor.newInstance(DirectConstructorHandleAccessor.java:62)\n\tat java.base/java.lang.reflect.Constructor.newInstanceWithCaller(Constructor.java:502)\n\tat java.base/java.lang.reflect.Constructor.newInstance(Constructor.java:486)\n\tat org.openqa.selenium.remote.ErrorCodec.decode(ErrorCodec.java:167)\n\tat org.openqa.selenium.remote.codec.w3c.W3CHttpResponseCodec.decode(W3CHttpResponseCodec.java:138)\n\tat org.openqa.selenium.remote.codec.w3c.W3CHttpResponseCodec.decode(W3CHttpResponseCodec.java:50)\n\tat org.openqa.selenium.remote.HttpCommandExecutor.execute(HttpCommandExecutor.java:215)\n\tat org.openqa.selenium.remote.service.DriverCommandExecutor.invokeExecute(DriverCommandExecutor.java:216)\n\tat org.openqa.selenium.remote.service.DriverCommandExecutor.execute(DriverCommandExecutor.java:174)\n\tat org.openqa.selenium.remote.RemoteWebDriver.execute(RemoteWebDriver.java:545)\n\tat org.openqa.selenium.remote.RemoteWebElement.execute(RemoteWebElement.java:223)\n\tat org.openqa.selenium.remote.RemoteWebElement.click(RemoteWebElement.java:76)\n\tat java.base/jdk.internal.reflect.DirectMethodHandleAccessor.invoke(DirectMethodHandleAccessor.java:103)\n\tat java.base/java.lang.reflect.Method.invoke(Method.java:580)\n\tat org.openqa.selenium.support.pagefactory.internal.LocatingElementHandler.invoke(LocatingElementHandler.java:51)\n\tat jdk.proxy2/jdk.proxy2.$Proxy27.click(Unknown Source)\n\tat com.coffeecart.ui.modal.PaymentDetailModal.closeModalWindowOnCartPage(PaymentDetailModal.java:120)\n\tat com.coffeecart.ui.TestName.VerifyEmail2(TestName.java:19)\n\tat java.base/jdk.internal.reflect.DirectMethodHandleAccessor.invoke(DirectMethodHandleAccessor.java:103)\n\tat java.base/java.lang.reflect.Method.invoke(Method.java:580)\n\tat org.testng.internal.invokers.MethodInvocationHelper.invokeMethod(MethodInvocationHelper.java:141)\n\tat org.testng.internal.invokers.TestInvoker.invokeMethod(TestInvoker.java:686)\n\tat org.testng.internal.invokers.TestInvoker.invokeTestMethod(TestInvoker.java:230)\n\tat org.testng.internal.invokers.MethodRunner.runInSequence(MethodRunner.java:63)\n\tat org.testng.internal.invokers.TestInvoker$MethodInvocationAgent.invoke(TestInvoker.java:992)\n\tat org.testng.internal.invokers.TestInvoker.invokeTestMethods(TestInvoker.java:203)\n\tat org.testng.internal.invokers.TestMethodWorker.invokeTestMethods(TestMethodWorker.java:154)\n\tat org.testng.internal.invokers.TestMethodWorker.run(TestMethodWorker.java:134)\n\tat java.base/java.util.ArrayList.forEach(ArrayList.java:1596)\n\tat org.testng.TestRunner.privateRun(TestRunner.java:739)\n\tat org.testng.TestRunner.run(TestRunner.java:614)\n\tat org.testng.SuiteRunner.runTest(SuiteRunner.java:421)\n\tat org.testng.SuiteRunner.runSequentially(SuiteRunner.java:413)\n\tat org.testng.SuiteRunner.privateRun(SuiteRunner.java:373)\n\tat org.testng.SuiteRunner.run(SuiteRunner.java:312)\n\tat org.testng.SuiteRunnerWorker.runSuite(SuiteRunnerWorker.java:52)\n\tat org.testng.SuiteRunnerWorker.run(SuiteRunnerWorker.java:95)\n\tat org.testng.TestNG.runSuitesSequentially(TestNG.java:1274)\n\tat org.testng.TestNG.runSuitesLocally(TestNG.java:1208)\n\tat org.testng.TestNG.runSuites(TestNG.java:1112)\n\tat org.testng.TestNG.run(TestNG.java:1079)\n\tat org.apache.maven.surefire.testng.TestNGExecutor.run(TestNGExecutor.java:155)\n\tat org.apache.maven.surefire.testng.TestNGDirectoryTestSuite.executeMulti(TestNGDirectoryTestSuite.java:169)\n\tat org.apache.maven.surefire.testng.TestNGDirectoryTestSuite.execute(TestNGDirectoryTestSuite.java:88)\n\tat org.apache.maven.surefire.testng.TestNGProvider.invoke(TestNGProvider.java:137)\n\tat org.apache.maven.surefire.booter.ForkedBooter.runSuitesInProcess(ForkedBooter.java:385)\n\tat org.apache.maven.surefire.booter.ForkedBooter.execute(ForkedBooter.java:162)\n\tat org.apache.maven.surefire.booter.ForkedBooter.run(ForkedBooter.java:507)\n\tat org.apache.maven.surefire.booter.ForkedBooter.main(ForkedBooter.java:495)\n","steps":[{"name":"Click on cup with title: Cappuccino","time":{"start":1746790903053,"stop":1746790903170,"duration":117},"status":"passed","steps":[{"name":"Click on Cup body","time":{"start":1746790903085,"stop":1746790903170,"duration":85},"status":"passed","steps":[],"attachments":[],"parameters":[],"shouldDisplayMessage":false,"stepsCount":0,"attachmentsCount":0,"hasContent":false,"attachmentStep":false}],"attachments":[],"parameters":[{"name":"drinkName","value":"Cappuccino"}],"shouldDisplayMessage":false,"stepsCount":1,"attachmentsCount":0,"hasContent":true,"attachmentStep":false},{"name":"Click 'Total' button","time":{"start":1746790903170,"stop":1746790903223,"duration":53},"status":"passed","steps":[],"attachments":[],"parameters":[],"shouldDisplayMessage":false,"stepsCount":0,"attachmentsCount":0,"hasContent":false,"attachmentStep":false},{"name":"Set Name Input @#viktoriia!","time":{"start":1746790903223,"stop":1746790903285,"duration":62},"status":"passed","steps":[],"attachments":[],"parameters":[{"name":"name","value":"@#viktoriia!"}],"shouldDisplayMessage":false,"stepsCount":0,"attachmentsCount":0,"hasContent":true,"attachmentStep":false},{"name":"Set Email Input viktoriia11@gmail.com","time":{"start":1746790903285,"stop":1746790903361,"duration":76},"status":"passed","steps":[],"attachments":[],"parameters":[{"name":"email","value":"viktoriia11@gmail.com"}],"shouldDisplayMessage":false,"stepsCount":0,"attachmentsCount":0,"hasContent":true,"attachmentStep":false},{"name":"Submit button click with invalid values","time":{"start":1746790903362,"stop":1746790903415,"duration":53},"status":"passed","steps":[],"attachments":[],"parameters":[],"shouldDisplayMessage":false,"stepsCount":0,"attachmentsCount":0,"hasContent":false,"attachmentStep":false},{"name":"Close modal window","time":{"start":1746790903415,"stop":1746790904480,"duration":1065},"status":"broken","statusMessage":"element not interactable\n  (Session info: chrome=136.0.7103.59)\nBuild info: version: '4.30.0', revision: '509c7f17cc*'\nSystem info: os.name: 'Linux', os.arch: 'amd64', os.version: '6.11.0-1013-azure', java.version: '21.0.7'\nDriver info: org.openqa.selenium.chrome.ChromeDriver\nCommand: [d1f7f6d65a8b52f5d90ded0017551964, clickElement {id=f.39827FBBCB3469B5544381E6566D53C5.d.16E859F90238E6C2B50469F476C08DD3.e.91}]\nCapabilities {acceptInsecureCerts: false, browserName: chrome, browserVersion: 136.0.7103.59, chrome: {chromedriverVersion: 136.0.7103.92 (cb81a4cc5087..., userDataDir: /tmp/chrome-data-1746790819}, fedcm:accounts: true, goog:chromeOptions: {debuggerAddress: localhost:43085}, networkConnectionEnabled: false, pageLoadStrategy: normal, platformName: linux, proxy: Proxy(), se:cdp: ws://localhost:43085/devtoo..., se:cdpVersion: 136.0.7103.59, setWindowRect: true, strictFileInteractability: false, timeouts: {implicit: 0, pageLoad: 300000, script: 30000}, unhandledPromptBehavior: dismiss and notify, webauthn:extension:credBlob: true, webauthn:extension:largeBlob: true, webauthn:extension:minPinLength: true, webauthn:extension:prf: true, webauthn:virtualAuthenticators: true}\nElement: [[[[[[ChromeDriver: chrome on linux (d1f7f6d65a8b52f5d90ded0017551964)] -> xpath: //button[@class='pay']]] -> xpath: //div[@class='modal']]] -> xpath: .//section/button]\nSession ID: d1f7f6d65a8b52f5d90ded0017551964","statusTrace":"org.openqa.selenium.ElementNotInteractableException: element not interactable\n  (Session info: chrome=136.0.7103.59)\nBuild info: version: '4.30.0', revision: '509c7f17cc*'\nSystem info: os.name: 'Linux', os.arch: 'amd64', os.version: '6.11.0-1013-azure', java.version: '21.0.7'\nDriver info: org.openqa.selenium.chrome.ChromeDriver\nCommand: [d1f7f6d65a8b52f5d90ded0017551964, clickElement {id=f.39827FBBCB3469B5544381E6566D53C5.d.16E859F90238E6C2B50469F476C08DD3.e.91}]\nCapabilities {acceptInsecureCerts: false, browserName: chrome, browserVersion: 136.0.7103.59, chrome: {chromedriverVersion: 136.0.7103.92 (cb81a4cc5087..., userDataDir: /tmp/chrome-data-1746790819}, fedcm:accounts: true, goog:chromeOptions: {debuggerAddress: localhost:43085}, networkConnectionEnabled: false, pageLoadStrategy: normal, platformName: linux, proxy: Proxy(), se:cdp: ws://localhost:43085/devtoo..., se:cdpVersion: 136.0.7103.59, setWindowRect: true, strictFileInteractability: false, timeouts: {implicit: 0, pageLoad: 300000, script: 30000}, unhandledPromptBehavior: dismiss and notify, webauthn:extension:credBlob: true, webauthn:extension:largeBlob: true, webauthn:extension:minPinLength: true, webauthn:extension:prf: true, webauthn:virtualAuthenticators: true}\nElement: [[[[[[ChromeDriver: chrome on linux (d1f7f6d65a8b52f5d90ded0017551964)] -> xpath: //button[@class='pay']]] -> xpath: //div[@class='modal']]] -> xpath: .//section/button]\nSession ID: d1f7f6d65a8b52f5d90ded0017551964\n\tat java.base/jdk.internal.reflect.DirectConstructorHandleAccessor.newInstance(DirectConstructorHandleAccessor.java:62)\n\tat java.base/java.lang.reflect.Constructor.newInstanceWithCaller(Constructor.java:502)\n\tat java.base/java.lang.reflect.Constructor.newInstance(Constructor.java:486)\n\tat org.openqa.selenium.remote.ErrorCodec.decode(ErrorCodec.java:167)\n\tat org.openqa.selenium.remote.codec.w3c.W3CHttpResponseCodec.decode(W3CHttpResponseCodec.java:138)\n\tat org.openqa.selenium.remote.codec.w3c.W3CHttpResponseCodec.decode(W3CHttpResponseCodec.java:50)\n\tat org.openqa.selenium.remote.HttpCommandExecutor.execute(HttpCommandExecutor.java:215)\n\tat org.openqa.selenium.remote.service.DriverCommandExecutor.invokeExecute(DriverCommandExecutor.java:216)\n\tat org.openqa.selenium.remote.service.DriverCommandExecutor.execute(DriverCommandExecutor.java:174)\n\tat org.openqa.selenium.remote.RemoteWebDriver.execute(RemoteWebDriver.java:545)\n\tat org.openqa.selenium.remote.RemoteWebElement.execute(RemoteWebElement.java:223)\n\tat org.openqa.selenium.remote.RemoteWebElement.click(RemoteWebElement.java:76)\n\tat java.base/jdk.internal.reflect.DirectMethodHandleAccessor.invoke(DirectMethodHandleAccessor.java:103)\n\tat java.base/java.lang.reflect.Method.invoke(Method.java:580)\n\tat org.openqa.selenium.support.pagefactory.internal.LocatingElementHandler.invoke(LocatingElementHandler.java:51)\n\tat jdk.proxy2/jdk.proxy2.$Proxy27.click(Unknown Source)\n\tat com.coffeecart.ui.modal.PaymentDetailModal.closeModalWindowOnCartPage(PaymentDetailModal.java:120)\n\tat com.coffeecart.ui.TestName.VerifyEmail2(TestName.java:19)\n\tat java.base/jdk.internal.reflect.DirectMethodHandleAccessor.invoke(DirectMethodHandleAccessor.java:103)\n\tat java.base/java.lang.reflect.Method.invoke(Method.java:580)\n\tat org.testng.internal.invokers.MethodInvocationHelper.invokeMethod(MethodInvocationHelper.java:141)\n\tat org.testng.internal.invokers.TestInvoker.invokeMethod(TestInvoker.java:686)\n\tat org.testng.internal.invokers.TestInvoker.invokeTestMethod(TestInvoker.java:230)\n\tat org.testng.internal.invokers.MethodRunner.runInSequence(MethodRunner.java:63)\n\tat org.testng.internal.invokers.TestInvoker$MethodInvocationAgent.invoke(TestInvoker.java:992)\n\tat org.testng.internal.invokers.TestInvoker.invokeTestMethods(TestInvoker.java:203)\n\tat org.testng.internal.invokers.TestMethodWorker.invokeTestMethods(TestMethodWorker.java:154)\n\tat org.testng.internal.invokers.TestMethodWorker.run(TestMethodWorker.java:134)\n\tat java.base/java.util.ArrayList.forEach(ArrayList.java:1596)\n\tat org.testng.TestRunner.privateRun(TestRunner.java:739)\n\tat org.testng.TestRunner.run(TestRunner.java:614)\n\tat org.testng.SuiteRunner.runTest(SuiteRunner.java:421)\n\tat org.testng.SuiteRunner.runSequentially(SuiteRunner.java:413)\n\tat org.testng.SuiteRunner.privateRun(SuiteRunner.java:373)\n\tat org.testng.SuiteRunner.run(SuiteRunner.java:312)\n\tat org.testng.SuiteRunnerWorker.runSuite(SuiteRunnerWorker.java:52)\n\tat org.testng.SuiteRunnerWorker.run(SuiteRunnerWorker.java:95)\n\tat org.testng.TestNG.runSuitesSequentially(TestNG.java:1274)\n\tat org.testng.TestNG.runSuitesLocally(TestNG.java:1208)\n\tat org.testng.TestNG.runSuites(TestNG.java:1112)\n\tat org.testng.TestNG.run(TestNG.java:1079)\n\tat org.apache.maven.surefire.testng.TestNGExecutor.run(TestNGExecutor.java:155)\n\tat org.apache.maven.surefire.testng.TestNGDirectoryTestSuite.executeMulti(TestNGDirectoryTestSuite.java:169)\n\tat org.apache.maven.surefire.testng.TestNGDirectoryTestSuite.execute(TestNGDirectoryTestSuite.java:88)\n\tat org.apache.maven.surefire.testng.TestNGProvider.invoke(TestNGProvider.java:137)\n\tat org.apache.maven.surefire.booter.ForkedBooter.runSuitesInProcess(ForkedBooter.java:385)\n\tat org.apache.maven.surefire.booter.ForkedBooter.execute(ForkedBooter.java:162)\n\tat org.apache.maven.surefire.booter.ForkedBooter.run(ForkedBooter.java:507)\n\tat org.apache.maven.surefire.booter.ForkedBooter.main(ForkedBooter.java:495)\n","steps":[],"attachments":[],"parameters":[],"shouldDisplayMessage":true,"stepsCount":0,"attachmentsCount":0,"hasContent":true,"attachmentStep":false}],"attachments":[],"parameters":[],"shouldDisplayMessage":false,"stepsCount":7,"attachmentsCount":0,"hasContent":true,"attachmentStep":false},"afterStages":[{"name":"resetDriver","time":{"start":1746790904482,"stop":1746790904548,"duration":66},"description":"","status":"passed","steps":[],"attachments":[],"parameters":[],"shouldDisplayMessage":false,"stepsCount":0,"attachmentsCount":0,"hasContent":false,"attachmentStep":false},{"name":"afterClass","time":{"start":1746790904549,"stop":1746790904615,"duration":66},"description":"","status":"passed","steps":[],"attachments":[],"parameters":[],"shouldDisplayMessage":false,"stepsCount":0,"attachmentsCount":0,"hasContent":false,"attachmentStep":false}],"labels":[{"name":"package","value":"com.coffeecart.ui.TestName"},{"name":"testClass","value":"com.coffeecart.ui.TestName"},{"name":"testMethod","value":"VerifyEmail2"},{"name":"parentSuite","value":"Surefire suite"},{"name":"suite","value":"Surefire test"},{"name":"subSuite","value":"com.coffeecart.ui.TestName"},{"name":"host","value":"fv-az1671-721"},{"name":"thread","value":"2491@fv-az1671-721.main(1)"},{"name":"framework","value":"testng"},{"name":"language","value":"java"},{"name":"resultFormat","value":"allure2"}],"parameters":[],"links":[],"hidden":false,"retry":false,"extra":{"severity":"normal","retries":[],"categories":[{"name":"Test defects","matchedStatuses":[],"flaky":false}],"history":{"statistic":{"failed":0,"broken":6,"skipped":0,"passed":0,"unknown":0,"total":6},"items":[{"uid":"57add087ce5e3775","reportUrl":"https://UA-1378-TAQC.github.io/coffeecart.taqc/6//#testresult/57add087ce5e3775","status":"broken","statusDetails":"element not interactable\n  (Session info: chrome=136.0.7103.59)\nBuild info: version: '4.30.0', revision: '509c7f17cc*'\nSystem info: os.name: 'Linux', os.arch: 'amd64', os.version: '6.11.0-1013-azure', java.version: '21.0.7'\nDriver info: org.openqa.selenium.chrome.ChromeDriver\nCommand: [793270e7f76948bc4995589a5b8cf934, clickElement {id=f.9490F4FA9CFE7913CBEFC7A31512ADEB.d.2490320676A4FEA3A5F601B6C0659CF1.e.91}]\nCapabilities {acceptInsecureCerts: false, browserName: chrome, browserVersion: 136.0.7103.59, chrome: {chromedriverVersion: 136.0.7103.92 (cb81a4cc5087..., userDataDir: /tmp/chrome-data-1746790604}, fedcm:accounts: true, goog:chromeOptions: {debuggerAddress: localhost:36921}, networkConnectionEnabled: false, pageLoadStrategy: normal, platformName: linux, proxy: Proxy(), se:cdp: ws://localhost:36921/devtoo..., se:cdpVersion: 136.0.7103.59, setWindowRect: true, strictFileInteractability: false, timeouts: {implicit: 0, pageLoad: 300000, script: 30000}, unhandledPromptBehavior: dismiss and notify, webauthn:extension:credBlob: true, webauthn:extension:largeBlob: true, webauthn:extension:minPinLength: true, webauthn:extension:prf: true, webauthn:virtualAuthenticators: true}\nElement: [[[[[[ChromeDriver: chrome on linux (793270e7f76948bc4995589a5b8cf934)] -> xpath: //button[@class='pay']]] -> xpath: //div[@class='modal']]] -> xpath: .//section/button]\nSession ID: 793270e7f76948bc4995589a5b8cf934","time":{"start":1746790702041,"stop":1746790703519,"duration":1478}},{"uid":"ff26f50757249b48","reportUrl":"https://UA-1378-TAQC.github.io/coffeecart.taqc/5//#testresult/ff26f50757249b48","status":"broken","statusDetails":"element not interactable\n  (Session info: chrome=136.0.7103.59)\nBuild info: version: '4.30.0', revision: '509c7f17cc*'\nSystem info: os.name: 'Linux', os.arch: 'amd64', os.version: '6.11.0-1013-azure', java.version: '21.0.7'\nDriver info: org.openqa.selenium.chrome.ChromeDriver\nCommand: [0ef5d8e889ef1427c386c21c4c98054c, clickElement {id=f.E409783A8EE8BAEEA5224B16671B87E9.d.D8FF89A7F309D902236C5A78B6F6340F.e.90}]\nCapabilities {acceptInsecureCerts: false, browserName: chrome, browserVersion: 136.0.7103.59, chrome: {chromedriverVersion: 136.0.7103.92 (cb81a4cc5087..., userDataDir: /tmp/chrome-data-1746790533}, fedcm:accounts: true, goog:chromeOptions: {debuggerAddress: localhost:36657}, networkConnectionEnabled: false, pageLoadStrategy: normal, platformName: linux, proxy: Proxy(), se:cdp: ws://localhost:36657/devtoo..., se:cdpVersion: 136.0.7103.59, setWindowRect: true, strictFileInteractability: false, timeouts: {implicit: 0, pageLoad: 300000, script: 30000}, unhandledPromptBehavior: dismiss and notify, webauthn:extension:credBlob: true, webauthn:extension:largeBlob: true, webauthn:extension:minPinLength: true, webauthn:extension:prf: true, webauthn:virtualAuthenticators: true}\nElement: [[[[[[ChromeDriver: chrome on linux (0ef5d8e889ef1427c386c21c4c98054c)] -> xpath: //button[@class='pay']]] -> xpath: //div[@class='modal']]] -> xpath: .//section/button]\nSession ID: 0ef5d8e889ef1427c386c21c4c98054c","time":{"start":1746790611335,"stop":1746790612788,"duration":1453}},{"uid":"3fdf40a90877c4cf","reportUrl":"https://UA-1378-TAQC.github.io/coffeecart.taqc/4//#testresult/3fdf40a90877c4cf","status":"broken","statusDetails":"element not interactable\n  (Session info: chrome=136.0.7103.59)\nBuild info: version: '4.30.0', revision: '509c7f17cc*'\nSystem info: os.name: 'Linux', os.arch: 'amd64', os.version: '6.11.0-1013-azure', java.version: '21.0.7'\nDriver info: org.openqa.selenium.chrome.ChromeDriver\nCommand: [cb03967e710395731d2b36bb99e3b7b6, clickElement {id=f.6FE486AF00DD79A6117CB6B9CD75B65F.d.B4976AB5E0B34DED9DFDC9CDDBAE5D81.e.85}]\nCapabilities {acceptInsecureCerts: false, browserName: chrome, browserVersion: 136.0.7103.59, chrome: {chromedriverVersion: 136.0.7103.92 (cb81a4cc5087..., userDataDir: /tmp/chrome-data-1746790433}, fedcm:accounts: true, goog:chromeOptions: {debuggerAddress: localhost:46199}, networkConnectionEnabled: false, pageLoadStrategy: normal, platformName: linux, proxy: Proxy(), se:cdp: ws://localhost:46199/devtoo..., se:cdpVersion: 136.0.7103.59, setWindowRect: true, strictFileInteractability: false, timeouts: {implicit: 0, pageLoad: 300000, script: 30000}, unhandledPromptBehavior: dismiss and notify, webauthn:extension:credBlob: true, webauthn:extension:largeBlob: true, webauthn:extension:minPinLength: true, webauthn:extension:prf: true, webauthn:virtualAuthenticators: true}\nElement: [[[[[[ChromeDriver: chrome on linux (cb03967e710395731d2b36bb99e3b7b6)] -> xpath: //button[@class='pay']]] -> xpath: //div[@class='modal']]] -> xpath: .//section/button]\nSession ID: cb03967e710395731d2b36bb99e3b7b6","time":{"start":1746790521129,"stop":1746790522586,"duration":1457}},{"uid":"fbc9ccf550626d95","reportUrl":"https://UA-1378-TAQC.github.io/coffeecart.taqc/3//#testresult/fbc9ccf550626d95","status":"broken","statusDetails":"element not interactable\n  (Session info: chrome=136.0.7103.59)\nBuild info: version: '4.30.0', revision: '509c7f17cc*'\nSystem info: os.name: 'Linux', os.arch: 'amd64', os.version: '6.11.0-1013-azure', java.version: '21.0.7'\nDriver info: org.openqa.selenium.chrome.ChromeDriver\nCommand: [12e871ba4d2e3fcddc588659d3dc42f4, clickElement {id=f.82A4E6D0D4228BE5FC23891DD6E056A9.d.BC12F4CEBEE88C7A934C73D4CCC3FA93.e.87}]\nCapabilities {acceptInsecureCerts: false, browserName: chrome, browserVersion: 136.0.7103.59, chrome: {chromedriverVersion: 136.0.7103.92 (cb81a4cc5087..., userDataDir: /tmp/chrome-data-1746790323}, fedcm:accounts: true, goog:chromeOptions: {debuggerAddress: localhost:38243}, networkConnectionEnabled: false, pageLoadStrategy: normal, platformName: linux, proxy: Proxy(), se:cdp: ws://localhost:38243/devtoo..., se:cdpVersion: 136.0.7103.59, setWindowRect: true, strictFileInteractability: false, timeouts: {implicit: 0, pageLoad: 300000, script: 30000}, unhandledPromptBehavior: dismiss and notify, webauthn:extension:credBlob: true, webauthn:extension:largeBlob: true, webauthn:extension:minPinLength: true, webauthn:extension:prf: true, webauthn:virtualAuthenticators: true}\nElement: [[[[[[ChromeDriver: chrome on linux (12e871ba4d2e3fcddc588659d3dc42f4)] -> xpath: //button[@class='pay']]] -> xpath: //div[@class='modal']]] -> xpath: .//section/button]\nSession ID: 12e871ba4d2e3fcddc588659d3dc42f4","time":{"start":1746790403046,"stop":1746790404578,"duration":1532}},{"uid":"b5b06d94144c959f","reportUrl":"https://UA-1378-TAQC.github.io/coffeecart.taqc/2//#testresult/b5b06d94144c959f","status":"broken","statusDetails":"element not interactable\n  (Session info: chrome=136.0.7103.59)\nBuild info: version: '4.30.0', revision: '509c7f17cc*'\nSystem info: os.name: 'Linux', os.arch: 'amd64', os.version: '6.11.0-1013-azure', java.version: '21.0.7'\nDriver info: org.openqa.selenium.chrome.ChromeDriver\nCommand: [117a48bbce113afaa81381d39761893e, clickElement {id=f.F0656511FD1E3454865716AE3AAF50BC.d.4D7483961228C9E65635BA5F08559CB9.e.91}]\nCapabilities {acceptInsecureCerts: false, browserName: chrome, browserVersion: 136.0.7103.59, chrome: {chromedriverVersion: 136.0.7103.92 (cb81a4cc5087..., userDataDir: /tmp/chrome-data-1746789589}, fedcm:accounts: true, goog:chromeOptions: {debuggerAddress: localhost:35387}, networkConnectionEnabled: false, pageLoadStrategy: normal, platformName: linux, proxy: Proxy(), se:cdp: ws://localhost:35387/devtoo..., se:cdpVersion: 136.0.7103.59, setWindowRect: true, strictFileInteractability: false, timeouts: {implicit: 0, pageLoad: 300000, script: 30000}, unhandledPromptBehavior: dismiss and notify, webauthn:extension:credBlob: true, webauthn:extension:largeBlob: true, webauthn:extension:minPinLength: true, webauthn:extension:prf: true, webauthn:virtualAuthenticators: true}\nElement: [[[[[[ChromeDriver: chrome on linux (117a48bbce113afaa81381d39761893e)] -> xpath: //button[@class='pay']]] -> xpath: //div[@class='modal']]] -> xpath: .//section/button]\nSession ID: 117a48bbce113afaa81381d39761893e","time":{"start":1746789676991,"stop":1746789678523,"duration":1532}}]},"tags":[]},"source":"30c831a15a3a75db.json","parameterValues":[]}