{"uid":"c272b7350d18bbd5","name":"testSuccessfulPaymentClearPrice","fullName":"com.coffeecart.ui.TestSuccessfulPaymentClearCart.testSuccessfulPaymentClearPrice","historyId":"ce5fdcd40e5967e20be6c4b9048ff4cf","time":{"start":1750682615134,"stop":1750682616371,"duration":1237},"description":"Verify successful payment clear the cart","descriptionHtml":"<p>Verify successful payment clear the cart</p>\n","status":"broken","statusMessage":"element click intercepted: Element <div data-v-400a88f7=\"\" class=\"cup-body\" aria-label=\"Cafe Breve\" data-test=\"Cafe_Breve\" data-cy=\"Cafe-Breve\">...</div> is not clickable at point (659, 350). Other element would receive the click: <div data-v-a68519c8=\"\" class=\"pay-container\">...</div>\n  (Session info: chrome=137.0.7151.103)\nBuild info: version: '4.30.0', revision: '509c7f17cc*'\nSystem info: os.name: 'Linux', os.arch: 'amd64', os.version: '6.11.0-1015-azure', java.version: '21.0.7'\nDriver info: org.openqa.selenium.chrome.ChromeDriver\nCommand: [cafe8faaf8be9d92ae6c5acc8ce9afae, clickElement {id=f.6945F0F0BDD646091C9CB3EF29EB6A61.d.33D12028050472C79EF75FF89421496B.e.367}]\nCapabilities {acceptInsecureCerts: false, browserName: chrome, browserVersion: 137.0.7151.103, chrome: {chromedriverVersion: 137.0.7151.119 (e0ac9d12dff..., userDataDir: /tmp/.org.chromium.Chromium...}, fedcm:accounts: true, goog:chromeOptions: {debuggerAddress: localhost:41481}, networkConnectionEnabled: false, pageLoadStrategy: normal, platformName: linux, proxy: Proxy(), se:cdp: ws://localhost:41481/devtoo..., se:cdpVersion: 137.0.7151.103, setWindowRect: true, strictFileInteractability: false, timeouts: {implicit: 0, pageLoad: 300000, script: 30000}, unhandledPromptBehavior: dismiss and notify, webauthn:extension:credBlob: true, webauthn:extension:largeBlob: true, webauthn:extension:minPinLength: true, webauthn:extension:prf: true, webauthn:virtualAuthenticators: true}\nElement: [[[[[[ChromeDriver: chrome on linux (cafe8faaf8be9d92ae6c5acc8ce9afae)] -> xpath: //*[@id='app']/div[2]/ul/li]] -> xpath: .//div[contains(@class, 'cup')]]] -> xpath: .//div[contains(@class, 'cup-body')]]\nSession ID: cafe8faaf8be9d92ae6c5acc8ce9afae","statusTrace":"org.openqa.selenium.ElementClickInterceptedException: element click intercepted: Element <div data-v-400a88f7=\"\" class=\"cup-body\" aria-label=\"Cafe Breve\" data-test=\"Cafe_Breve\" data-cy=\"Cafe-Breve\">...</div> is not clickable at point (659, 350). Other element would receive the click: <div data-v-a68519c8=\"\" class=\"pay-container\">...</div>\n  (Session info: chrome=137.0.7151.103)\nBuild info: version: '4.30.0', revision: '509c7f17cc*'\nSystem info: os.name: 'Linux', os.arch: 'amd64', os.version: '6.11.0-1015-azure', java.version: '21.0.7'\nDriver info: org.openqa.selenium.chrome.ChromeDriver\nCommand: [cafe8faaf8be9d92ae6c5acc8ce9afae, clickElement {id=f.6945F0F0BDD646091C9CB3EF29EB6A61.d.33D12028050472C79EF75FF89421496B.e.367}]\nCapabilities {acceptInsecureCerts: false, browserName: chrome, browserVersion: 137.0.7151.103, chrome: {chromedriverVersion: 137.0.7151.119 (e0ac9d12dff..., userDataDir: /tmp/.org.chromium.Chromium...}, fedcm:accounts: true, goog:chromeOptions: {debuggerAddress: localhost:41481}, networkConnectionEnabled: false, pageLoadStrategy: normal, platformName: linux, proxy: Proxy(), se:cdp: ws://localhost:41481/devtoo..., se:cdpVersion: 137.0.7151.103, setWindowRect: true, strictFileInteractability: false, timeouts: {implicit: 0, pageLoad: 300000, script: 30000}, unhandledPromptBehavior: dismiss and notify, webauthn:extension:credBlob: true, webauthn:extension:largeBlob: true, webauthn:extension:minPinLength: true, webauthn:extension:prf: true, webauthn:virtualAuthenticators: true}\nElement: [[[[[[ChromeDriver: chrome on linux (cafe8faaf8be9d92ae6c5acc8ce9afae)] -> xpath: //*[@id='app']/div[2]/ul/li]] -> xpath: .//div[contains(@class, 'cup')]]] -> xpath: .//div[contains(@class, 'cup-body')]]\nSession ID: cafe8faaf8be9d92ae6c5acc8ce9afae\n\tat java.base/jdk.internal.reflect.DirectConstructorHandleAccessor.newInstance(DirectConstructorHandleAccessor.java:62)\n\tat java.base/java.lang.reflect.Constructor.newInstanceWithCaller(Constructor.java:502)\n\tat java.base/java.lang.reflect.Constructor.newInstance(Constructor.java:486)\n\tat org.openqa.selenium.remote.ErrorCodec.decode(ErrorCodec.java:167)\n\tat org.openqa.selenium.remote.codec.w3c.W3CHttpResponseCodec.decode(W3CHttpResponseCodec.java:138)\n\tat org.openqa.selenium.remote.codec.w3c.W3CHttpResponseCodec.decode(W3CHttpResponseCodec.java:50)\n\tat org.openqa.selenium.remote.HttpCommandExecutor.execute(HttpCommandExecutor.java:215)\n\tat org.openqa.selenium.remote.service.DriverCommandExecutor.invokeExecute(DriverCommandExecutor.java:216)\n\tat org.openqa.selenium.remote.service.DriverCommandExecutor.execute(DriverCommandExecutor.java:174)\n\tat org.openqa.selenium.remote.RemoteWebDriver.execute(RemoteWebDriver.java:545)\n\tat org.openqa.selenium.remote.RemoteWebElement.execute(RemoteWebElement.java:223)\n\tat org.openqa.selenium.remote.RemoteWebElement.click(RemoteWebElement.java:76)\n\tat java.base/jdk.internal.reflect.DirectMethodHandleAccessor.invoke(DirectMethodHandleAccessor.java:103)\n\tat java.base/java.lang.reflect.Method.invoke(Method.java:580)\n\tat org.openqa.selenium.support.pagefactory.internal.LocatingElementHandler.invoke(LocatingElementHandler.java:51)\n\tat jdk.proxy2/jdk.proxy2.$Proxy40.click(Unknown Source)\n\tat com.coffeecart.ui.component.CupComponent.clickOnCupBody(CupComponent.java:91)\n\tat com.coffeecart.ui.page.MenuPage.lambda$clickDrink$3(MenuPage.java:96)\n\tat java.base/java.util.Optional.ifPresent(Optional.java:178)\n\tat com.coffeecart.ui.page.MenuPage.clickDrink(MenuPage.java:96)\n\tat com.coffeecart.ui.TestSuccessfulPaymentClearCart.testSuccessfulPaymentClearPrice(TestSuccessfulPaymentClearCart.java:36)\n\tat java.base/jdk.internal.reflect.DirectMethodHandleAccessor.invoke(DirectMethodHandleAccessor.java:103)\n\tat java.base/java.lang.reflect.Method.invoke(Method.java:580)\n\tat org.testng.internal.invokers.MethodInvocationHelper.invokeMethod(MethodInvocationHelper.java:141)\n\tat org.testng.internal.invokers.TestInvoker.invokeMethod(TestInvoker.java:686)\n\tat org.testng.internal.invokers.TestInvoker.invokeTestMethod(TestInvoker.java:230)\n\tat org.testng.internal.invokers.MethodRunner.runInSequence(MethodRunner.java:63)\n\tat org.testng.internal.invokers.TestInvoker$MethodInvocationAgent.invoke(TestInvoker.java:992)\n\tat org.testng.internal.invokers.TestInvoker.invokeTestMethods(TestInvoker.java:203)\n\tat org.testng.internal.invokers.TestMethodWorker.invokeTestMethods(TestMethodWorker.java:154)\n\tat org.testng.internal.invokers.TestMethodWorker.run(TestMethodWorker.java:134)\n\tat java.base/java.util.ArrayList.forEach(ArrayList.java:1596)\n\tat org.testng.TestRunner.privateRun(TestRunner.java:739)\n\tat org.testng.TestRunner.run(TestRunner.java:614)\n\tat org.testng.SuiteRunner.runTest(SuiteRunner.java:421)\n\tat org.testng.SuiteRunner.runSequentially(SuiteRunner.java:413)\n\tat org.testng.SuiteRunner.privateRun(SuiteRunner.java:373)\n\tat org.testng.SuiteRunner.run(SuiteRunner.java:312)\n\tat org.testng.SuiteRunnerWorker.runSuite(SuiteRunnerWorker.java:52)\n\tat org.testng.SuiteRunnerWorker.run(SuiteRunnerWorker.java:95)\n\tat org.testng.TestNG.runSuitesSequentially(TestNG.java:1274)\n\tat org.testng.TestNG.runSuitesLocally(TestNG.java:1208)\n\tat org.testng.TestNG.runSuites(TestNG.java:1112)\n\tat org.testng.TestNG.run(TestNG.java:1079)\n\tat org.apache.maven.surefire.testng.TestNGExecutor.run(TestNGExecutor.java:308)\n\tat org.apache.maven.surefire.testng.TestNGXmlTestSuite.execute(TestNGXmlTestSuite.java:71)\n\tat org.apache.maven.surefire.testng.TestNGProvider.invoke(TestNGProvider.java:113)\n\tat org.apache.maven.surefire.booter.ForkedBooter.runSuitesInProcess(ForkedBooter.java:385)\n\tat org.apache.maven.surefire.booter.ForkedBooter.execute(ForkedBooter.java:162)\n\tat org.apache.maven.surefire.booter.ForkedBooter.run(ForkedBooter.java:507)\n\tat org.apache.maven.surefire.booter.ForkedBooter.main(ForkedBooter.java:495)\n","flaky":false,"newFailed":false,"newBroken":false,"newPassed":false,"retriesCount":0,"retriesStatusChange":false,"beforeStages":[{"name":"beforeClass","time":{"start":1750682588277,"stop":1750682588686,"duration":409},"description":"","status":"passed","steps":[{"name":"init ChromeDriver","time":{"start":1750682588277,"stop":1750682588545,"duration":268},"status":"passed","steps":[],"attachments":[],"parameters":[],"shouldDisplayMessage":false,"stepsCount":0,"attachmentsCount":0,"hasContent":false,"attachmentStep":false}],"attachments":[],"parameters":[],"shouldDisplayMessage":false,"stepsCount":1,"attachmentsCount":0,"hasContent":true,"attachmentStep":false}],"testStage":{"description":"Verify successful payment clear the cart","status":"broken","statusMessage":"element click intercepted: Element <div data-v-400a88f7=\"\" class=\"cup-body\" aria-label=\"Cafe Breve\" data-test=\"Cafe_Breve\" data-cy=\"Cafe-Breve\">...</div> is not clickable at point (659, 350). Other element would receive the click: <div data-v-a68519c8=\"\" class=\"pay-container\">...</div>\n  (Session info: chrome=137.0.7151.103)\nBuild info: version: '4.30.0', revision: '509c7f17cc*'\nSystem info: os.name: 'Linux', os.arch: 'amd64', os.version: '6.11.0-1015-azure', java.version: '21.0.7'\nDriver info: org.openqa.selenium.chrome.ChromeDriver\nCommand: [cafe8faaf8be9d92ae6c5acc8ce9afae, clickElement {id=f.6945F0F0BDD646091C9CB3EF29EB6A61.d.33D12028050472C79EF75FF89421496B.e.367}]\nCapabilities {acceptInsecureCerts: false, browserName: chrome, browserVersion: 137.0.7151.103, chrome: {chromedriverVersion: 137.0.7151.119 (e0ac9d12dff..., userDataDir: /tmp/.org.chromium.Chromium...}, fedcm:accounts: true, goog:chromeOptions: {debuggerAddress: localhost:41481}, networkConnectionEnabled: false, pageLoadStrategy: normal, platformName: linux, proxy: Proxy(), se:cdp: ws://localhost:41481/devtoo..., se:cdpVersion: 137.0.7151.103, setWindowRect: true, strictFileInteractability: false, timeouts: {implicit: 0, pageLoad: 300000, script: 30000}, unhandledPromptBehavior: dismiss and notify, webauthn:extension:credBlob: true, webauthn:extension:largeBlob: true, webauthn:extension:minPinLength: true, webauthn:extension:prf: true, webauthn:virtualAuthenticators: true}\nElement: [[[[[[ChromeDriver: chrome on linux (cafe8faaf8be9d92ae6c5acc8ce9afae)] -> xpath: //*[@id='app']/div[2]/ul/li]] -> xpath: .//div[contains(@class, 'cup')]]] -> xpath: .//div[contains(@class, 'cup-body')]]\nSession ID: cafe8faaf8be9d92ae6c5acc8ce9afae","statusTrace":"org.openqa.selenium.ElementClickInterceptedException: element click intercepted: Element <div data-v-400a88f7=\"\" class=\"cup-body\" aria-label=\"Cafe Breve\" data-test=\"Cafe_Breve\" data-cy=\"Cafe-Breve\">...</div> is not clickable at point (659, 350). Other element would receive the click: <div data-v-a68519c8=\"\" class=\"pay-container\">...</div>\n  (Session info: chrome=137.0.7151.103)\nBuild info: version: '4.30.0', revision: '509c7f17cc*'\nSystem info: os.name: 'Linux', os.arch: 'amd64', os.version: '6.11.0-1015-azure', java.version: '21.0.7'\nDriver info: org.openqa.selenium.chrome.ChromeDriver\nCommand: [cafe8faaf8be9d92ae6c5acc8ce9afae, clickElement {id=f.6945F0F0BDD646091C9CB3EF29EB6A61.d.33D12028050472C79EF75FF89421496B.e.367}]\nCapabilities {acceptInsecureCerts: false, browserName: chrome, browserVersion: 137.0.7151.103, chrome: {chromedriverVersion: 137.0.7151.119 (e0ac9d12dff..., userDataDir: /tmp/.org.chromium.Chromium...}, fedcm:accounts: true, goog:chromeOptions: {debuggerAddress: localhost:41481}, networkConnectionEnabled: false, pageLoadStrategy: normal, platformName: linux, proxy: Proxy(), se:cdp: ws://localhost:41481/devtoo..., se:cdpVersion: 137.0.7151.103, setWindowRect: true, strictFileInteractability: false, timeouts: {implicit: 0, pageLoad: 300000, script: 30000}, unhandledPromptBehavior: dismiss and notify, webauthn:extension:credBlob: true, webauthn:extension:largeBlob: true, webauthn:extension:minPinLength: true, webauthn:extension:prf: true, webauthn:virtualAuthenticators: true}\nElement: [[[[[[ChromeDriver: chrome on linux (cafe8faaf8be9d92ae6c5acc8ce9afae)] -> xpath: //*[@id='app']/div[2]/ul/li]] -> xpath: .//div[contains(@class, 'cup')]]] -> xpath: .//div[contains(@class, 'cup-body')]]\nSession ID: cafe8faaf8be9d92ae6c5acc8ce9afae\n\tat java.base/jdk.internal.reflect.DirectConstructorHandleAccessor.newInstance(DirectConstructorHandleAccessor.java:62)\n\tat java.base/java.lang.reflect.Constructor.newInstanceWithCaller(Constructor.java:502)\n\tat java.base/java.lang.reflect.Constructor.newInstance(Constructor.java:486)\n\tat org.openqa.selenium.remote.ErrorCodec.decode(ErrorCodec.java:167)\n\tat org.openqa.selenium.remote.codec.w3c.W3CHttpResponseCodec.decode(W3CHttpResponseCodec.java:138)\n\tat org.openqa.selenium.remote.codec.w3c.W3CHttpResponseCodec.decode(W3CHttpResponseCodec.java:50)\n\tat org.openqa.selenium.remote.HttpCommandExecutor.execute(HttpCommandExecutor.java:215)\n\tat org.openqa.selenium.remote.service.DriverCommandExecutor.invokeExecute(DriverCommandExecutor.java:216)\n\tat org.openqa.selenium.remote.service.DriverCommandExecutor.execute(DriverCommandExecutor.java:174)\n\tat org.openqa.selenium.remote.RemoteWebDriver.execute(RemoteWebDriver.java:545)\n\tat org.openqa.selenium.remote.RemoteWebElement.execute(RemoteWebElement.java:223)\n\tat org.openqa.selenium.remote.RemoteWebElement.click(RemoteWebElement.java:76)\n\tat java.base/jdk.internal.reflect.DirectMethodHandleAccessor.invoke(DirectMethodHandleAccessor.java:103)\n\tat java.base/java.lang.reflect.Method.invoke(Method.java:580)\n\tat org.openqa.selenium.support.pagefactory.internal.LocatingElementHandler.invoke(LocatingElementHandler.java:51)\n\tat jdk.proxy2/jdk.proxy2.$Proxy40.click(Unknown Source)\n\tat com.coffeecart.ui.component.CupComponent.clickOnCupBody(CupComponent.java:91)\n\tat com.coffeecart.ui.page.MenuPage.lambda$clickDrink$3(MenuPage.java:96)\n\tat java.base/java.util.Optional.ifPresent(Optional.java:178)\n\tat com.coffeecart.ui.page.MenuPage.clickDrink(MenuPage.java:96)\n\tat com.coffeecart.ui.TestSuccessfulPaymentClearCart.testSuccessfulPaymentClearPrice(TestSuccessfulPaymentClearCart.java:36)\n\tat java.base/jdk.internal.reflect.DirectMethodHandleAccessor.invoke(DirectMethodHandleAccessor.java:103)\n\tat java.base/java.lang.reflect.Method.invoke(Method.java:580)\n\tat org.testng.internal.invokers.MethodInvocationHelper.invokeMethod(MethodInvocationHelper.java:141)\n\tat org.testng.internal.invokers.TestInvoker.invokeMethod(TestInvoker.java:686)\n\tat org.testng.internal.invokers.TestInvoker.invokeTestMethod(TestInvoker.java:230)\n\tat org.testng.internal.invokers.MethodRunner.runInSequence(MethodRunner.java:63)\n\tat org.testng.internal.invokers.TestInvoker$MethodInvocationAgent.invoke(TestInvoker.java:992)\n\tat org.testng.internal.invokers.TestInvoker.invokeTestMethods(TestInvoker.java:203)\n\tat org.testng.internal.invokers.TestMethodWorker.invokeTestMethods(TestMethodWorker.java:154)\n\tat org.testng.internal.invokers.TestMethodWorker.run(TestMethodWorker.java:134)\n\tat java.base/java.util.ArrayList.forEach(ArrayList.java:1596)\n\tat org.testng.TestRunner.privateRun(TestRunner.java:739)\n\tat org.testng.TestRunner.run(TestRunner.java:614)\n\tat org.testng.SuiteRunner.runTest(SuiteRunner.java:421)\n\tat org.testng.SuiteRunner.runSequentially(SuiteRunner.java:413)\n\tat org.testng.SuiteRunner.privateRun(SuiteRunner.java:373)\n\tat org.testng.SuiteRunner.run(SuiteRunner.java:312)\n\tat org.testng.SuiteRunnerWorker.runSuite(SuiteRunnerWorker.java:52)\n\tat org.testng.SuiteRunnerWorker.run(SuiteRunnerWorker.java:95)\n\tat org.testng.TestNG.runSuitesSequentially(TestNG.java:1274)\n\tat org.testng.TestNG.runSuitesLocally(TestNG.java:1208)\n\tat org.testng.TestNG.runSuites(TestNG.java:1112)\n\tat org.testng.TestNG.run(TestNG.java:1079)\n\tat org.apache.maven.surefire.testng.TestNGExecutor.run(TestNGExecutor.java:308)\n\tat org.apache.maven.surefire.testng.TestNGXmlTestSuite.execute(TestNGXmlTestSuite.java:71)\n\tat org.apache.maven.surefire.testng.TestNGProvider.invoke(TestNGProvider.java:113)\n\tat org.apache.maven.surefire.booter.ForkedBooter.runSuitesInProcess(ForkedBooter.java:385)\n\tat org.apache.maven.surefire.booter.ForkedBooter.execute(ForkedBooter.java:162)\n\tat org.apache.maven.surefire.booter.ForkedBooter.run(ForkedBooter.java:507)\n\tat org.apache.maven.surefire.booter.ForkedBooter.main(ForkedBooter.java:495)\n","steps":[{"name":"Click on cup with title: Cafe Breve","time":{"start":1750682615144,"stop":1750682616371,"duration":1227},"status":"broken","statusMessage":"element click intercepted: Element <div data-v-400a88f7=\"\" class=\"cup-body\" aria-label=\"Cafe Breve\" data-test=\"Cafe_Breve\" data-cy=\"Cafe-Breve\">...</div> is not clickable at point (659, 350). Other element would receive the click: <div data-v-a68519c8=\"\" class=\"pay-container\">...</div>\n  (Session info: chrome=137.0.7151.103)\nBuild info: version: '4.30.0', revision: '509c7f17cc*'\nSystem info: os.name: 'Linux', os.arch: 'amd64', os.version: '6.11.0-1015-azure', java.version: '21.0.7'\nDriver info: org.openqa.selenium.chrome.ChromeDriver\nCommand: [cafe8faaf8be9d92ae6c5acc8ce9afae, clickElement {id=f.6945F0F0BDD646091C9CB3EF29EB6A61.d.33D12028050472C79EF75FF89421496B.e.367}]\nCapabilities {acceptInsecureCerts: false, browserName: chrome, browserVersion: 137.0.7151.103, chrome: {chromedriverVersion: 137.0.7151.119 (e0ac9d12dff..., userDataDir: /tmp/.org.chromium.Chromium...}, fedcm:accounts: true, goog:chromeOptions: {debuggerAddress: localhost:41481}, networkConnectionEnabled: false, pageLoadStrategy: normal, platformName: linux, proxy: Proxy(), se:cdp: ws://localhost:41481/devtoo..., se:cdpVersion: 137.0.7151.103, setWindowRect: true, strictFileInteractability: false, timeouts: {implicit: 0, pageLoad: 300000, script: 30000}, unhandledPromptBehavior: dismiss and notify, webauthn:extension:credBlob: true, webauthn:extension:largeBlob: true, webauthn:extension:minPinLength: true, webauthn:extension:prf: true, webauthn:virtualAuthenticators: true}\nElement: [[[[[[ChromeDriver: chrome on linux (cafe8faaf8be9d92ae6c5acc8ce9afae)] -> xpath: //*[@id='app']/div[2]/ul/li]] -> xpath: .//div[contains(@class, 'cup')]]] -> xpath: .//div[contains(@class, 'cup-body')]]\nSession ID: cafe8faaf8be9d92ae6c5acc8ce9afae","statusTrace":"org.openqa.selenium.ElementClickInterceptedException: element click intercepted: Element <div data-v-400a88f7=\"\" class=\"cup-body\" aria-label=\"Cafe Breve\" data-test=\"Cafe_Breve\" data-cy=\"Cafe-Breve\">...</div> is not clickable at point (659, 350). Other element would receive the click: <div data-v-a68519c8=\"\" class=\"pay-container\">...</div>\n  (Session info: chrome=137.0.7151.103)\nBuild info: version: '4.30.0', revision: '509c7f17cc*'\nSystem info: os.name: 'Linux', os.arch: 'amd64', os.version: '6.11.0-1015-azure', java.version: '21.0.7'\nDriver info: org.openqa.selenium.chrome.ChromeDriver\nCommand: [cafe8faaf8be9d92ae6c5acc8ce9afae, clickElement {id=f.6945F0F0BDD646091C9CB3EF29EB6A61.d.33D12028050472C79EF75FF89421496B.e.367}]\nCapabilities {acceptInsecureCerts: false, browserName: chrome, browserVersion: 137.0.7151.103, chrome: {chromedriverVersion: 137.0.7151.119 (e0ac9d12dff..., userDataDir: /tmp/.org.chromium.Chromium...}, fedcm:accounts: true, goog:chromeOptions: {debuggerAddress: localhost:41481}, networkConnectionEnabled: false, pageLoadStrategy: normal, platformName: linux, proxy: Proxy(), se:cdp: ws://localhost:41481/devtoo..., se:cdpVersion: 137.0.7151.103, setWindowRect: true, strictFileInteractability: false, timeouts: {implicit: 0, pageLoad: 300000, script: 30000}, unhandledPromptBehavior: dismiss and notify, webauthn:extension:credBlob: true, webauthn:extension:largeBlob: true, webauthn:extension:minPinLength: true, webauthn:extension:prf: true, webauthn:virtualAuthenticators: true}\nElement: [[[[[[ChromeDriver: chrome on linux (cafe8faaf8be9d92ae6c5acc8ce9afae)] -> xpath: //*[@id='app']/div[2]/ul/li]] -> xpath: .//div[contains(@class, 'cup')]]] -> xpath: .//div[contains(@class, 'cup-body')]]\nSession ID: cafe8faaf8be9d92ae6c5acc8ce9afae\n\tat java.base/jdk.internal.reflect.DirectConstructorHandleAccessor.newInstance(DirectConstructorHandleAccessor.java:62)\n\tat java.base/java.lang.reflect.Constructor.newInstanceWithCaller(Constructor.java:502)\n\tat java.base/java.lang.reflect.Constructor.newInstance(Constructor.java:486)\n\tat org.openqa.selenium.remote.ErrorCodec.decode(ErrorCodec.java:167)\n\tat org.openqa.selenium.remote.codec.w3c.W3CHttpResponseCodec.decode(W3CHttpResponseCodec.java:138)\n\tat org.openqa.selenium.remote.codec.w3c.W3CHttpResponseCodec.decode(W3CHttpResponseCodec.java:50)\n\tat org.openqa.selenium.remote.HttpCommandExecutor.execute(HttpCommandExecutor.java:215)\n\tat org.openqa.selenium.remote.service.DriverCommandExecutor.invokeExecute(DriverCommandExecutor.java:216)\n\tat org.openqa.selenium.remote.service.DriverCommandExecutor.execute(DriverCommandExecutor.java:174)\n\tat org.openqa.selenium.remote.RemoteWebDriver.execute(RemoteWebDriver.java:545)\n\tat org.openqa.selenium.remote.RemoteWebElement.execute(RemoteWebElement.java:223)\n\tat org.openqa.selenium.remote.RemoteWebElement.click(RemoteWebElement.java:76)\n\tat java.base/jdk.internal.reflect.DirectMethodHandleAccessor.invoke(DirectMethodHandleAccessor.java:103)\n\tat java.base/java.lang.reflect.Method.invoke(Method.java:580)\n\tat org.openqa.selenium.support.pagefactory.internal.LocatingElementHandler.invoke(LocatingElementHandler.java:51)\n\tat jdk.proxy2/jdk.proxy2.$Proxy40.click(Unknown Source)\n\tat com.coffeecart.ui.component.CupComponent.clickOnCupBody(CupComponent.java:91)\n\tat com.coffeecart.ui.page.MenuPage.lambda$clickDrink$3(MenuPage.java:96)\n\tat java.base/java.util.Optional.ifPresent(Optional.java:178)\n\tat com.coffeecart.ui.page.MenuPage.clickDrink(MenuPage.java:96)\n\tat com.coffeecart.ui.TestSuccessfulPaymentClearCart.testSuccessfulPaymentClearPrice(TestSuccessfulPaymentClearCart.java:36)\n\tat java.base/jdk.internal.reflect.DirectMethodHandleAccessor.invoke(DirectMethodHandleAccessor.java:103)\n\tat java.base/java.lang.reflect.Method.invoke(Method.java:580)\n\tat org.testng.internal.invokers.MethodInvocationHelper.invokeMethod(MethodInvocationHelper.java:141)\n\tat org.testng.internal.invokers.TestInvoker.invokeMethod(TestInvoker.java:686)\n\tat org.testng.internal.invokers.TestInvoker.invokeTestMethod(TestInvoker.java:230)\n\tat org.testng.internal.invokers.MethodRunner.runInSequence(MethodRunner.java:63)\n\tat org.testng.internal.invokers.TestInvoker$MethodInvocationAgent.invoke(TestInvoker.java:992)\n\tat org.testng.internal.invokers.TestInvoker.invokeTestMethods(TestInvoker.java:203)\n\tat org.testng.internal.invokers.TestMethodWorker.invokeTestMethods(TestMethodWorker.java:154)\n\tat org.testng.internal.invokers.TestMethodWorker.run(TestMethodWorker.java:134)\n\tat java.base/java.util.ArrayList.forEach(ArrayList.java:1596)\n\tat org.testng.TestRunner.privateRun(TestRunner.java:739)\n\tat org.testng.TestRunner.run(TestRunner.java:614)\n\tat org.testng.SuiteRunner.runTest(SuiteRunner.java:421)\n\tat org.testng.SuiteRunner.runSequentially(SuiteRunner.java:413)\n\tat org.testng.SuiteRunner.privateRun(SuiteRunner.java:373)\n\tat org.testng.SuiteRunner.run(SuiteRunner.java:312)\n\tat org.testng.SuiteRunnerWorker.runSuite(SuiteRunnerWorker.java:52)\n\tat org.testng.SuiteRunnerWorker.run(SuiteRunnerWorker.java:95)\n\tat org.testng.TestNG.runSuitesSequentially(TestNG.java:1274)\n\tat org.testng.TestNG.runSuitesLocally(TestNG.java:1208)\n\tat org.testng.TestNG.runSuites(TestNG.java:1112)\n\tat org.testng.TestNG.run(TestNG.java:1079)\n\tat org.apache.maven.surefire.testng.TestNGExecutor.run(TestNGExecutor.java:308)\n\tat org.apache.maven.surefire.testng.TestNGXmlTestSuite.execute(TestNGXmlTestSuite.java:71)\n\tat org.apache.maven.surefire.testng.TestNGProvider.invoke(TestNGProvider.java:113)\n\tat org.apache.maven.surefire.booter.ForkedBooter.runSuitesInProcess(ForkedBooter.java:385)\n\tat org.apache.maven.surefire.booter.ForkedBooter.execute(ForkedBooter.java:162)\n\tat org.apache.maven.surefire.booter.ForkedBooter.run(ForkedBooter.java:507)\n\tat org.apache.maven.surefire.booter.ForkedBooter.main(ForkedBooter.java:495)\n","steps":[{"name":"Click on Cup body","time":{"start":1750682615241,"stop":1750682616371,"duration":1130},"status":"broken","statusMessage":"element click intercepted: Element <div data-v-400a88f7=\"\" class=\"cup-body\" aria-label=\"Cafe Breve\" data-test=\"Cafe_Breve\" data-cy=\"Cafe-Breve\">...</div> is not clickable at point (659, 350). Other element would receive the click: <div data-v-a68519c8=\"\" class=\"pay-container\">...</div>\n  (Session info: chrome=137.0.7151.103)\nBuild info: version: '4.30.0', revision: '509c7f17cc*'\nSystem info: os.name: 'Linux', os.arch: 'amd64', os.version: '6.11.0-1015-azure', java.version: '21.0.7'\nDriver info: org.openqa.selenium.chrome.ChromeDriver\nCommand: [cafe8faaf8be9d92ae6c5acc8ce9afae, clickElement {id=f.6945F0F0BDD646091C9CB3EF29EB6A61.d.33D12028050472C79EF75FF89421496B.e.367}]\nCapabilities {acceptInsecureCerts: false, browserName: chrome, browserVersion: 137.0.7151.103, chrome: {chromedriverVersion: 137.0.7151.119 (e0ac9d12dff..., userDataDir: /tmp/.org.chromium.Chromium...}, fedcm:accounts: true, goog:chromeOptions: {debuggerAddress: localhost:41481}, networkConnectionEnabled: false, pageLoadStrategy: normal, platformName: linux, proxy: Proxy(), se:cdp: ws://localhost:41481/devtoo..., se:cdpVersion: 137.0.7151.103, setWindowRect: true, strictFileInteractability: false, timeouts: {implicit: 0, pageLoad: 300000, script: 30000}, unhandledPromptBehavior: dismiss and notify, webauthn:extension:credBlob: true, webauthn:extension:largeBlob: true, webauthn:extension:minPinLength: true, webauthn:extension:prf: true, webauthn:virtualAuthenticators: true}\nElement: [[[[[[ChromeDriver: chrome on linux (cafe8faaf8be9d92ae6c5acc8ce9afae)] -> xpath: //*[@id='app']/div[2]/ul/li]] -> xpath: .//div[contains(@class, 'cup')]]] -> xpath: .//div[contains(@class, 'cup-body')]]\nSession ID: cafe8faaf8be9d92ae6c5acc8ce9afae","statusTrace":"org.openqa.selenium.ElementClickInterceptedException: element click intercepted: Element <div data-v-400a88f7=\"\" class=\"cup-body\" aria-label=\"Cafe Breve\" data-test=\"Cafe_Breve\" data-cy=\"Cafe-Breve\">...</div> is not clickable at point (659, 350). Other element would receive the click: <div data-v-a68519c8=\"\" class=\"pay-container\">...</div>\n  (Session info: chrome=137.0.7151.103)\nBuild info: version: '4.30.0', revision: '509c7f17cc*'\nSystem info: os.name: 'Linux', os.arch: 'amd64', os.version: '6.11.0-1015-azure', java.version: '21.0.7'\nDriver info: org.openqa.selenium.chrome.ChromeDriver\nCommand: [cafe8faaf8be9d92ae6c5acc8ce9afae, clickElement {id=f.6945F0F0BDD646091C9CB3EF29EB6A61.d.33D12028050472C79EF75FF89421496B.e.367}]\nCapabilities {acceptInsecureCerts: false, browserName: chrome, browserVersion: 137.0.7151.103, chrome: {chromedriverVersion: 137.0.7151.119 (e0ac9d12dff..., userDataDir: /tmp/.org.chromium.Chromium...}, fedcm:accounts: true, goog:chromeOptions: {debuggerAddress: localhost:41481}, networkConnectionEnabled: false, pageLoadStrategy: normal, platformName: linux, proxy: Proxy(), se:cdp: ws://localhost:41481/devtoo..., se:cdpVersion: 137.0.7151.103, setWindowRect: true, strictFileInteractability: false, timeouts: {implicit: 0, pageLoad: 300000, script: 30000}, unhandledPromptBehavior: dismiss and notify, webauthn:extension:credBlob: true, webauthn:extension:largeBlob: true, webauthn:extension:minPinLength: true, webauthn:extension:prf: true, webauthn:virtualAuthenticators: true}\nElement: [[[[[[ChromeDriver: chrome on linux (cafe8faaf8be9d92ae6c5acc8ce9afae)] -> xpath: //*[@id='app']/div[2]/ul/li]] -> xpath: .//div[contains(@class, 'cup')]]] -> xpath: .//div[contains(@class, 'cup-body')]]\nSession ID: cafe8faaf8be9d92ae6c5acc8ce9afae\n\tat java.base/jdk.internal.reflect.DirectConstructorHandleAccessor.newInstance(DirectConstructorHandleAccessor.java:62)\n\tat java.base/java.lang.reflect.Constructor.newInstanceWithCaller(Constructor.java:502)\n\tat java.base/java.lang.reflect.Constructor.newInstance(Constructor.java:486)\n\tat org.openqa.selenium.remote.ErrorCodec.decode(ErrorCodec.java:167)\n\tat org.openqa.selenium.remote.codec.w3c.W3CHttpResponseCodec.decode(W3CHttpResponseCodec.java:138)\n\tat org.openqa.selenium.remote.codec.w3c.W3CHttpResponseCodec.decode(W3CHttpResponseCodec.java:50)\n\tat org.openqa.selenium.remote.HttpCommandExecutor.execute(HttpCommandExecutor.java:215)\n\tat org.openqa.selenium.remote.service.DriverCommandExecutor.invokeExecute(DriverCommandExecutor.java:216)\n\tat org.openqa.selenium.remote.service.DriverCommandExecutor.execute(DriverCommandExecutor.java:174)\n\tat org.openqa.selenium.remote.RemoteWebDriver.execute(RemoteWebDriver.java:545)\n\tat org.openqa.selenium.remote.RemoteWebElement.execute(RemoteWebElement.java:223)\n\tat org.openqa.selenium.remote.RemoteWebElement.click(RemoteWebElement.java:76)\n\tat java.base/jdk.internal.reflect.DirectMethodHandleAccessor.invoke(DirectMethodHandleAccessor.java:103)\n\tat java.base/java.lang.reflect.Method.invoke(Method.java:580)\n\tat org.openqa.selenium.support.pagefactory.internal.LocatingElementHandler.invoke(LocatingElementHandler.java:51)\n\tat jdk.proxy2/jdk.proxy2.$Proxy40.click(Unknown Source)\n\tat com.coffeecart.ui.component.CupComponent.clickOnCupBody(CupComponent.java:91)\n\tat com.coffeecart.ui.page.MenuPage.lambda$clickDrink$3(MenuPage.java:96)\n\tat java.base/java.util.Optional.ifPresent(Optional.java:178)\n\tat com.coffeecart.ui.page.MenuPage.clickDrink(MenuPage.java:96)\n\tat com.coffeecart.ui.TestSuccessfulPaymentClearCart.testSuccessfulPaymentClearPrice(TestSuccessfulPaymentClearCart.java:36)\n\tat java.base/jdk.internal.reflect.DirectMethodHandleAccessor.invoke(DirectMethodHandleAccessor.java:103)\n\tat java.base/java.lang.reflect.Method.invoke(Method.java:580)\n\tat org.testng.internal.invokers.MethodInvocationHelper.invokeMethod(MethodInvocationHelper.java:141)\n\tat org.testng.internal.invokers.TestInvoker.invokeMethod(TestInvoker.java:686)\n\tat org.testng.internal.invokers.TestInvoker.invokeTestMethod(TestInvoker.java:230)\n\tat org.testng.internal.invokers.MethodRunner.runInSequence(MethodRunner.java:63)\n\tat org.testng.internal.invokers.TestInvoker$MethodInvocationAgent.invoke(TestInvoker.java:992)\n\tat org.testng.internal.invokers.TestInvoker.invokeTestMethods(TestInvoker.java:203)\n\tat org.testng.internal.invokers.TestMethodWorker.invokeTestMethods(TestMethodWorker.java:154)\n\tat org.testng.internal.invokers.TestMethodWorker.run(TestMethodWorker.java:134)\n\tat java.base/java.util.ArrayList.forEach(ArrayList.java:1596)\n\tat org.testng.TestRunner.privateRun(TestRunner.java:739)\n\tat org.testng.TestRunner.run(TestRunner.java:614)\n\tat org.testng.SuiteRunner.runTest(SuiteRunner.java:421)\n\tat org.testng.SuiteRunner.runSequentially(SuiteRunner.java:413)\n\tat org.testng.SuiteRunner.privateRun(SuiteRunner.java:373)\n\tat org.testng.SuiteRunner.run(SuiteRunner.java:312)\n\tat org.testng.SuiteRunnerWorker.runSuite(SuiteRunnerWorker.java:52)\n\tat org.testng.SuiteRunnerWorker.run(SuiteRunnerWorker.java:95)\n\tat org.testng.TestNG.runSuitesSequentially(TestNG.java:1274)\n\tat org.testng.TestNG.runSuitesLocally(TestNG.java:1208)\n\tat org.testng.TestNG.runSuites(TestNG.java:1112)\n\tat org.testng.TestNG.run(TestNG.java:1079)\n\tat org.apache.maven.surefire.testng.TestNGExecutor.run(TestNGExecutor.java:308)\n\tat org.apache.maven.surefire.testng.TestNGXmlTestSuite.execute(TestNGXmlTestSuite.java:71)\n\tat org.apache.maven.surefire.testng.TestNGProvider.invoke(TestNGProvider.java:113)\n\tat org.apache.maven.surefire.booter.ForkedBooter.runSuitesInProcess(ForkedBooter.java:385)\n\tat org.apache.maven.surefire.booter.ForkedBooter.execute(ForkedBooter.java:162)\n\tat org.apache.maven.surefire.booter.ForkedBooter.run(ForkedBooter.java:507)\n\tat org.apache.maven.surefire.booter.ForkedBooter.main(ForkedBooter.java:495)\n","steps":[],"attachments":[],"parameters":[],"shouldDisplayMessage":true,"stepsCount":0,"attachmentsCount":0,"hasContent":true,"attachmentStep":false}],"attachments":[],"parameters":[{"name":"drinkName","value":"Cafe Breve"}],"shouldDisplayMessage":false,"stepsCount":1,"attachmentsCount":0,"hasContent":true,"attachmentStep":false}],"attachments":[],"parameters":[],"shouldDisplayMessage":false,"stepsCount":2,"attachmentsCount":0,"hasContent":true,"attachmentStep":false},"afterStages":[{"name":"resetDriver","time":{"start":1750682616372,"stop":1750682616423,"duration":51},"description":"","status":"passed","steps":[],"attachments":[],"parameters":[],"shouldDisplayMessage":false,"stepsCount":0,"attachmentsCount":0,"hasContent":false,"attachmentStep":false},{"name":"afterClass","time":{"start":1750682616424,"stop":1750682616544,"duration":120},"description":"","status":"passed","steps":[],"attachments":[{"uid":"a4e8677aabda4342","name":"Image name = PICTURE Test Name = RegularTests","source":"a4e8677aabda4342.png","type":"image/png","size":29367}],"parameters":[],"shouldDisplayMessage":false,"stepsCount":0,"attachmentsCount":1,"hasContent":true,"attachmentStep":false}],"labels":[{"name":"package","value":"com.coffeecart.ui.TestSuccessfulPaymentClearCart"},{"name":"testClass","value":"com.coffeecart.ui.TestSuccessfulPaymentClearCart"},{"name":"testMethod","value":"testSuccessfulPaymentClearPrice"},{"name":"parentSuite","value":"AllTests"},{"name":"suite","value":"RegularTests"},{"name":"subSuite","value":"com.coffeecart.ui.TestSuccessfulPaymentClearCart"},{"name":"host","value":"fv-az802-629"},{"name":"thread","value":"2496@fv-az802-629.main(1)"},{"name":"framework","value":"testng"},{"name":"language","value":"java"},{"name":"owner","value":"Nazar Tarasiuk"},{"name":"feature","value":"Cart Validation"},{"name":"resultFormat","value":"allure2"}],"parameters":[{"name":"arg0","value":"Cafe Breve"}],"links":[{"name":"28","url":"https://github.com/UA-1378-TAQC/coffeecart.taqc/issues/28","type":"issue"}],"hidden":false,"retry":false,"extra":{"severity":"normal","owner":"Nazar Tarasiuk","retries":[],"categories":[{"name":"Test defects","matchedStatuses":[],"flaky":false}],"history":{"statistic":{"failed":0,"broken":2,"skipped":0,"passed":0,"unknown":0,"total":2},"items":[{"uid":"4d6bfb7f6ae1b08c","reportUrl":"https://UA-1378-TAQC.github.io/coffeecart.taqc/101//#testresult/4d6bfb7f6ae1b08c","status":"broken","statusDetails":"element click intercepted: Element <div data-v-400a88f7=\"\" class=\"cup-body\" aria-label=\"Cafe Breve\" data-test=\"Cafe_Breve\" data-cy=\"Cafe-Breve\">...</div> is not clickable at point (659, 350). Other element would receive the click: <div data-v-a68519c8=\"\" class=\"pay-container\">...</div>\n  (Session info: chrome=137.0.7151.103)\nBuild info: version: '4.30.0', revision: '509c7f17cc*'\nSystem info: os.name: 'Linux', os.arch: 'amd64', os.version: '6.11.0-1015-azure', java.version: '21.0.7'\nDriver info: org.openqa.selenium.chrome.ChromeDriver\nCommand: [de4b116e350a3e37e250541e49db35cd, clickElement {id=f.28BD00D0AC3F883549D8BD98F3C2357F.d.A85221EC5D1636D36ED6E60E11428D78.e.370}]\nCapabilities {acceptInsecureCerts: false, browserName: chrome, browserVersion: 137.0.7151.103, chrome: {chromedriverVersion: 137.0.7151.119 (e0ac9d12dff..., userDataDir: /tmp/.org.chromium.Chromium...}, fedcm:accounts: true, goog:chromeOptions: {debuggerAddress: localhost:33891}, networkConnectionEnabled: false, pageLoadStrategy: normal, platformName: linux, proxy: Proxy(), se:cdp: ws://localhost:33891/devtoo..., se:cdpVersion: 137.0.7151.103, setWindowRect: true, strictFileInteractability: false, timeouts: {implicit: 0, pageLoad: 300000, script: 30000}, unhandledPromptBehavior: dismiss and notify, webauthn:extension:credBlob: true, webauthn:extension:largeBlob: true, webauthn:extension:minPinLength: true, webauthn:extension:prf: true, webauthn:virtualAuthenticators: true}\nElement: [[[[[[ChromeDriver: chrome on linux (de4b116e350a3e37e250541e49db35cd)] -> xpath: //*[@id='app']/div[2]/ul/li]] -> xpath: .//div[contains(@class, 'cup')]]] -> xpath: .//div[contains(@class, 'cup-body')]]\nSession ID: de4b116e350a3e37e250541e49db35cd","time":{"start":1750681360022,"stop":1750681361237,"duration":1215}}]},"tags":[]},"source":"c272b7350d18bbd5.json","parameterValues":["Cafe Breve"]}