{"uid":"e2d8bcf514e7cf88","name":"luckyDayPopUpAppearsTest","fullName":"com.coffeecart.ui.LuckyDayPopUpAppears.luckyDayPopUpAppearsTest","historyId":"830464d6a86cb858f8f40bfbe2aaa08d","time":{"start":1750503082787,"stop":1750503084376,"duration":1589},"description":"This test verifies that after selecting three drinks, the Lucky Day  pop-up is displayed.","descriptionHtml":"<p>This test verifies that after selecting three drinks, the Lucky Day  pop-up is displayed.</p>\n","status":"broken","statusMessage":"element click intercepted: Element <div data-v-400a88f7=\"\" class=\"cup-body\" aria-label=\"Americano\" data-test=\"Americano\" data-cy=\"Americano\">...</div> is not clickable at point (659, 423). Other element would receive the click: <button data-v-a68519c8=\"\" data-test=\"checkout\" class=\"pay\" type=\"button\" aria-label=\"Proceed to checkout\">...</button>\n  (Session info: chrome=137.0.7151.103)\nBuild info: version: '4.30.0', revision: '509c7f17cc*'\nSystem info: os.name: 'Linux', os.arch: 'amd64', os.version: '6.11.0-1015-azure', java.version: '21.0.7'\nDriver info: org.openqa.selenium.chrome.ChromeDriver\nCommand: [25e31b955a41acb7dba44c37c35683d0, clickElement {id=f.EAE738A1B89C974B41ADED17CB17949B.d.C46FD32D6E0C17B8D393957A12DACB80.e.35}]\nCapabilities {acceptInsecureCerts: false, browserName: chrome, browserVersion: 137.0.7151.103, chrome: {chromedriverVersion: 137.0.7151.119 (e0ac9d12dff..., userDataDir: /tmp/.org.chromium.Chromium...}, fedcm:accounts: true, goog:chromeOptions: {debuggerAddress: localhost:42939}, networkConnectionEnabled: false, pageLoadStrategy: normal, platformName: linux, proxy: Proxy(), se:cdp: ws://localhost:42939/devtoo..., se:cdpVersion: 137.0.7151.103, setWindowRect: true, strictFileInteractability: false, timeouts: {implicit: 0, pageLoad: 300000, script: 30000}, unhandledPromptBehavior: dismiss and notify, webauthn:extension:credBlob: true, webauthn:extension:largeBlob: true, webauthn:extension:minPinLength: true, webauthn:extension:prf: true, webauthn:virtualAuthenticators: true}\nElement: [[[[[[ChromeDriver: chrome on linux (25e31b955a41acb7dba44c37c35683d0)] -> xpath: //*[@id='app']/div[2]/ul/li]] -> xpath: .//div[contains(@class, 'cup')]]] -> xpath: .//div[contains(@class, 'cup-body')]]\nSession ID: 25e31b955a41acb7dba44c37c35683d0","statusTrace":"org.openqa.selenium.ElementClickInterceptedException: element click intercepted: Element <div data-v-400a88f7=\"\" class=\"cup-body\" aria-label=\"Americano\" data-test=\"Americano\" data-cy=\"Americano\">...</div> is not clickable at point (659, 423). Other element would receive the click: <button data-v-a68519c8=\"\" data-test=\"checkout\" class=\"pay\" type=\"button\" aria-label=\"Proceed to checkout\">...</button>\n  (Session info: chrome=137.0.7151.103)\nBuild info: version: '4.30.0', revision: '509c7f17cc*'\nSystem info: os.name: 'Linux', os.arch: 'amd64', os.version: '6.11.0-1015-azure', java.version: '21.0.7'\nDriver info: org.openqa.selenium.chrome.ChromeDriver\nCommand: [25e31b955a41acb7dba44c37c35683d0, clickElement {id=f.EAE738A1B89C974B41ADED17CB17949B.d.C46FD32D6E0C17B8D393957A12DACB80.e.35}]\nCapabilities {acceptInsecureCerts: false, browserName: chrome, browserVersion: 137.0.7151.103, chrome: {chromedriverVersion: 137.0.7151.119 (e0ac9d12dff..., userDataDir: /tmp/.org.chromium.Chromium...}, fedcm:accounts: true, goog:chromeOptions: {debuggerAddress: localhost:42939}, networkConnectionEnabled: false, pageLoadStrategy: normal, platformName: linux, proxy: Proxy(), se:cdp: ws://localhost:42939/devtoo..., se:cdpVersion: 137.0.7151.103, setWindowRect: true, strictFileInteractability: false, timeouts: {implicit: 0, pageLoad: 300000, script: 30000}, unhandledPromptBehavior: dismiss and notify, webauthn:extension:credBlob: true, webauthn:extension:largeBlob: true, webauthn:extension:minPinLength: true, webauthn:extension:prf: true, webauthn:virtualAuthenticators: true}\nElement: [[[[[[ChromeDriver: chrome on linux (25e31b955a41acb7dba44c37c35683d0)] -> xpath: //*[@id='app']/div[2]/ul/li]] -> xpath: .//div[contains(@class, 'cup')]]] -> xpath: .//div[contains(@class, 'cup-body')]]\nSession ID: 25e31b955a41acb7dba44c37c35683d0\n\tat java.base/jdk.internal.reflect.DirectConstructorHandleAccessor.newInstance(DirectConstructorHandleAccessor.java:62)\n\tat java.base/java.lang.reflect.Constructor.newInstanceWithCaller(Constructor.java:502)\n\tat java.base/java.lang.reflect.Constructor.newInstance(Constructor.java:486)\n\tat org.openqa.selenium.remote.ErrorCodec.decode(ErrorCodec.java:167)\n\tat org.openqa.selenium.remote.codec.w3c.W3CHttpResponseCodec.decode(W3CHttpResponseCodec.java:138)\n\tat org.openqa.selenium.remote.codec.w3c.W3CHttpResponseCodec.decode(W3CHttpResponseCodec.java:50)\n\tat org.openqa.selenium.remote.HttpCommandExecutor.execute(HttpCommandExecutor.java:215)\n\tat org.openqa.selenium.remote.service.DriverCommandExecutor.invokeExecute(DriverCommandExecutor.java:216)\n\tat org.openqa.selenium.remote.service.DriverCommandExecutor.execute(DriverCommandExecutor.java:174)\n\tat org.openqa.selenium.remote.RemoteWebDriver.execute(RemoteWebDriver.java:545)\n\tat org.openqa.selenium.remote.RemoteWebElement.execute(RemoteWebElement.java:223)\n\tat org.openqa.selenium.remote.RemoteWebElement.click(RemoteWebElement.java:76)\n\tat java.base/jdk.internal.reflect.DirectMethodHandleAccessor.invoke(DirectMethodHandleAccessor.java:103)\n\tat java.base/java.lang.reflect.Method.invoke(Method.java:580)\n\tat org.openqa.selenium.support.pagefactory.internal.LocatingElementHandler.invoke(LocatingElementHandler.java:51)\n\tat jdk.proxy2/jdk.proxy2.$Proxy35.click(Unknown Source)\n\tat com.coffeecart.ui.component.CupComponent.clickOnCupBody(CupComponent.java:91)\n\tat com.coffeecart.ui.page.MenuPage.lambda$clickDrink$3(MenuPage.java:96)\n\tat java.base/java.util.Optional.ifPresent(Optional.java:178)\n\tat com.coffeecart.ui.page.MenuPage.clickDrink(MenuPage.java:96)\n\tat com.coffeecart.ui.LuckyDayPopUpAppears.luckyDayPopUpAppearsTest(LuckyDayPopUpAppears.java:40)\n\tat java.base/jdk.internal.reflect.DirectMethodHandleAccessor.invoke(DirectMethodHandleAccessor.java:103)\n\tat java.base/java.lang.reflect.Method.invoke(Method.java:580)\n\tat org.testng.internal.invokers.MethodInvocationHelper.invokeMethod(MethodInvocationHelper.java:141)\n\tat org.testng.internal.invokers.TestInvoker.invokeMethod(TestInvoker.java:686)\n\tat org.testng.internal.invokers.TestInvoker.invokeTestMethod(TestInvoker.java:230)\n\tat org.testng.internal.invokers.MethodRunner.runInSequence(MethodRunner.java:63)\n\tat org.testng.internal.invokers.TestInvoker$MethodInvocationAgent.invoke(TestInvoker.java:992)\n\tat org.testng.internal.invokers.TestInvoker.invokeTestMethods(TestInvoker.java:203)\n\tat org.testng.internal.invokers.TestMethodWorker.invokeTestMethods(TestMethodWorker.java:154)\n\tat org.testng.internal.invokers.TestMethodWorker.run(TestMethodWorker.java:134)\n\tat java.base/java.util.ArrayList.forEach(ArrayList.java:1596)\n\tat org.testng.TestRunner.privateRun(TestRunner.java:739)\n\tat org.testng.TestRunner.run(TestRunner.java:614)\n\tat org.testng.SuiteRunner.runTest(SuiteRunner.java:421)\n\tat org.testng.SuiteRunner.runSequentially(SuiteRunner.java:413)\n\tat org.testng.SuiteRunner.privateRun(SuiteRunner.java:373)\n\tat org.testng.SuiteRunner.run(SuiteRunner.java:312)\n\tat org.testng.SuiteRunnerWorker.runSuite(SuiteRunnerWorker.java:52)\n\tat org.testng.SuiteRunnerWorker.run(SuiteRunnerWorker.java:95)\n\tat org.testng.TestNG.runSuitesSequentially(TestNG.java:1274)\n\tat org.testng.TestNG.runSuitesLocally(TestNG.java:1208)\n\tat org.testng.TestNG.runSuites(TestNG.java:1112)\n\tat org.testng.TestNG.run(TestNG.java:1079)\n\tat org.apache.maven.surefire.testng.TestNGExecutor.run(TestNGExecutor.java:308)\n\tat org.apache.maven.surefire.testng.TestNGXmlTestSuite.execute(TestNGXmlTestSuite.java:71)\n\tat org.apache.maven.surefire.testng.TestNGProvider.invoke(TestNGProvider.java:113)\n\tat org.apache.maven.surefire.booter.ForkedBooter.runSuitesInProcess(ForkedBooter.java:385)\n\tat org.apache.maven.surefire.booter.ForkedBooter.execute(ForkedBooter.java:162)\n\tat org.apache.maven.surefire.booter.ForkedBooter.run(ForkedBooter.java:507)\n\tat org.apache.maven.surefire.booter.ForkedBooter.main(ForkedBooter.java:495)\n","flaky":false,"newFailed":false,"newBroken":false,"newPassed":false,"retriesCount":0,"retriesStatusChange":false,"beforeStages":[{"name":"beforeClass","time":{"start":1750503082250,"stop":1750503082778,"duration":528},"description":"","status":"passed","steps":[{"name":"init ChromeDriver","time":{"start":1750503082250,"stop":1750503082528,"duration":278},"status":"passed","steps":[],"attachments":[],"parameters":[],"shouldDisplayMessage":false,"stepsCount":0,"attachmentsCount":0,"hasContent":false,"attachmentStep":false}],"attachments":[],"parameters":[],"shouldDisplayMessage":false,"stepsCount":1,"attachmentsCount":0,"hasContent":true,"attachmentStep":false}],"testStage":{"description":"This test verifies that after selecting three drinks, the Lucky Day  pop-up is displayed.","status":"broken","statusMessage":"element click intercepted: Element <div data-v-400a88f7=\"\" class=\"cup-body\" aria-label=\"Americano\" data-test=\"Americano\" data-cy=\"Americano\">...</div> is not clickable at point (659, 423). Other element would receive the click: <button data-v-a68519c8=\"\" data-test=\"checkout\" class=\"pay\" type=\"button\" aria-label=\"Proceed to checkout\">...</button>\n  (Session info: chrome=137.0.7151.103)\nBuild info: version: '4.30.0', revision: '509c7f17cc*'\nSystem info: os.name: 'Linux', os.arch: 'amd64', os.version: '6.11.0-1015-azure', java.version: '21.0.7'\nDriver info: org.openqa.selenium.chrome.ChromeDriver\nCommand: [25e31b955a41acb7dba44c37c35683d0, clickElement {id=f.EAE738A1B89C974B41ADED17CB17949B.d.C46FD32D6E0C17B8D393957A12DACB80.e.35}]\nCapabilities {acceptInsecureCerts: false, browserName: chrome, browserVersion: 137.0.7151.103, chrome: {chromedriverVersion: 137.0.7151.119 (e0ac9d12dff..., userDataDir: /tmp/.org.chromium.Chromium...}, fedcm:accounts: true, goog:chromeOptions: {debuggerAddress: localhost:42939}, networkConnectionEnabled: false, pageLoadStrategy: normal, platformName: linux, proxy: Proxy(), se:cdp: ws://localhost:42939/devtoo..., se:cdpVersion: 137.0.7151.103, setWindowRect: true, strictFileInteractability: false, timeouts: {implicit: 0, pageLoad: 300000, script: 30000}, unhandledPromptBehavior: dismiss and notify, webauthn:extension:credBlob: true, webauthn:extension:largeBlob: true, webauthn:extension:minPinLength: true, webauthn:extension:prf: true, webauthn:virtualAuthenticators: true}\nElement: [[[[[[ChromeDriver: chrome on linux (25e31b955a41acb7dba44c37c35683d0)] -> xpath: //*[@id='app']/div[2]/ul/li]] -> xpath: .//div[contains(@class, 'cup')]]] -> xpath: .//div[contains(@class, 'cup-body')]]\nSession ID: 25e31b955a41acb7dba44c37c35683d0","statusTrace":"org.openqa.selenium.ElementClickInterceptedException: element click intercepted: Element <div data-v-400a88f7=\"\" class=\"cup-body\" aria-label=\"Americano\" data-test=\"Americano\" data-cy=\"Americano\">...</div> is not clickable at point (659, 423). Other element would receive the click: <button data-v-a68519c8=\"\" data-test=\"checkout\" class=\"pay\" type=\"button\" aria-label=\"Proceed to checkout\">...</button>\n  (Session info: chrome=137.0.7151.103)\nBuild info: version: '4.30.0', revision: '509c7f17cc*'\nSystem info: os.name: 'Linux', os.arch: 'amd64', os.version: '6.11.0-1015-azure', java.version: '21.0.7'\nDriver info: org.openqa.selenium.chrome.ChromeDriver\nCommand: [25e31b955a41acb7dba44c37c35683d0, clickElement {id=f.EAE738A1B89C974B41ADED17CB17949B.d.C46FD32D6E0C17B8D393957A12DACB80.e.35}]\nCapabilities {acceptInsecureCerts: false, browserName: chrome, browserVersion: 137.0.7151.103, chrome: {chromedriverVersion: 137.0.7151.119 (e0ac9d12dff..., userDataDir: /tmp/.org.chromium.Chromium...}, fedcm:accounts: true, goog:chromeOptions: {debuggerAddress: localhost:42939}, networkConnectionEnabled: false, pageLoadStrategy: normal, platformName: linux, proxy: Proxy(), se:cdp: ws://localhost:42939/devtoo..., se:cdpVersion: 137.0.7151.103, setWindowRect: true, strictFileInteractability: false, timeouts: {implicit: 0, pageLoad: 300000, script: 30000}, unhandledPromptBehavior: dismiss and notify, webauthn:extension:credBlob: true, webauthn:extension:largeBlob: true, webauthn:extension:minPinLength: true, webauthn:extension:prf: true, webauthn:virtualAuthenticators: true}\nElement: [[[[[[ChromeDriver: chrome on linux (25e31b955a41acb7dba44c37c35683d0)] -> xpath: //*[@id='app']/div[2]/ul/li]] -> xpath: .//div[contains(@class, 'cup')]]] -> xpath: .//div[contains(@class, 'cup-body')]]\nSession ID: 25e31b955a41acb7dba44c37c35683d0\n\tat java.base/jdk.internal.reflect.DirectConstructorHandleAccessor.newInstance(DirectConstructorHandleAccessor.java:62)\n\tat java.base/java.lang.reflect.Constructor.newInstanceWithCaller(Constructor.java:502)\n\tat java.base/java.lang.reflect.Constructor.newInstance(Constructor.java:486)\n\tat org.openqa.selenium.remote.ErrorCodec.decode(ErrorCodec.java:167)\n\tat org.openqa.selenium.remote.codec.w3c.W3CHttpResponseCodec.decode(W3CHttpResponseCodec.java:138)\n\tat org.openqa.selenium.remote.codec.w3c.W3CHttpResponseCodec.decode(W3CHttpResponseCodec.java:50)\n\tat org.openqa.selenium.remote.HttpCommandExecutor.execute(HttpCommandExecutor.java:215)\n\tat org.openqa.selenium.remote.service.DriverCommandExecutor.invokeExecute(DriverCommandExecutor.java:216)\n\tat org.openqa.selenium.remote.service.DriverCommandExecutor.execute(DriverCommandExecutor.java:174)\n\tat org.openqa.selenium.remote.RemoteWebDriver.execute(RemoteWebDriver.java:545)\n\tat org.openqa.selenium.remote.RemoteWebElement.execute(RemoteWebElement.java:223)\n\tat org.openqa.selenium.remote.RemoteWebElement.click(RemoteWebElement.java:76)\n\tat java.base/jdk.internal.reflect.DirectMethodHandleAccessor.invoke(DirectMethodHandleAccessor.java:103)\n\tat java.base/java.lang.reflect.Method.invoke(Method.java:580)\n\tat org.openqa.selenium.support.pagefactory.internal.LocatingElementHandler.invoke(LocatingElementHandler.java:51)\n\tat jdk.proxy2/jdk.proxy2.$Proxy35.click(Unknown Source)\n\tat com.coffeecart.ui.component.CupComponent.clickOnCupBody(CupComponent.java:91)\n\tat com.coffeecart.ui.page.MenuPage.lambda$clickDrink$3(MenuPage.java:96)\n\tat java.base/java.util.Optional.ifPresent(Optional.java:178)\n\tat com.coffeecart.ui.page.MenuPage.clickDrink(MenuPage.java:96)\n\tat com.coffeecart.ui.LuckyDayPopUpAppears.luckyDayPopUpAppearsTest(LuckyDayPopUpAppears.java:40)\n\tat java.base/jdk.internal.reflect.DirectMethodHandleAccessor.invoke(DirectMethodHandleAccessor.java:103)\n\tat java.base/java.lang.reflect.Method.invoke(Method.java:580)\n\tat org.testng.internal.invokers.MethodInvocationHelper.invokeMethod(MethodInvocationHelper.java:141)\n\tat org.testng.internal.invokers.TestInvoker.invokeMethod(TestInvoker.java:686)\n\tat org.testng.internal.invokers.TestInvoker.invokeTestMethod(TestInvoker.java:230)\n\tat org.testng.internal.invokers.MethodRunner.runInSequence(MethodRunner.java:63)\n\tat org.testng.internal.invokers.TestInvoker$MethodInvocationAgent.invoke(TestInvoker.java:992)\n\tat org.testng.internal.invokers.TestInvoker.invokeTestMethods(TestInvoker.java:203)\n\tat org.testng.internal.invokers.TestMethodWorker.invokeTestMethods(TestMethodWorker.java:154)\n\tat org.testng.internal.invokers.TestMethodWorker.run(TestMethodWorker.java:134)\n\tat java.base/java.util.ArrayList.forEach(ArrayList.java:1596)\n\tat org.testng.TestRunner.privateRun(TestRunner.java:739)\n\tat org.testng.TestRunner.run(TestRunner.java:614)\n\tat org.testng.SuiteRunner.runTest(SuiteRunner.java:421)\n\tat org.testng.SuiteRunner.runSequentially(SuiteRunner.java:413)\n\tat org.testng.SuiteRunner.privateRun(SuiteRunner.java:373)\n\tat org.testng.SuiteRunner.run(SuiteRunner.java:312)\n\tat org.testng.SuiteRunnerWorker.runSuite(SuiteRunnerWorker.java:52)\n\tat org.testng.SuiteRunnerWorker.run(SuiteRunnerWorker.java:95)\n\tat org.testng.TestNG.runSuitesSequentially(TestNG.java:1274)\n\tat org.testng.TestNG.runSuitesLocally(TestNG.java:1208)\n\tat org.testng.TestNG.runSuites(TestNG.java:1112)\n\tat org.testng.TestNG.run(TestNG.java:1079)\n\tat org.apache.maven.surefire.testng.TestNGExecutor.run(TestNGExecutor.java:308)\n\tat org.apache.maven.surefire.testng.TestNGXmlTestSuite.execute(TestNGXmlTestSuite.java:71)\n\tat org.apache.maven.surefire.testng.TestNGProvider.invoke(TestNGProvider.java:113)\n\tat org.apache.maven.surefire.booter.ForkedBooter.runSuitesInProcess(ForkedBooter.java:385)\n\tat org.apache.maven.surefire.booter.ForkedBooter.execute(ForkedBooter.java:162)\n\tat org.apache.maven.surefire.booter.ForkedBooter.run(ForkedBooter.java:507)\n\tat org.apache.maven.surefire.booter.ForkedBooter.main(ForkedBooter.java:495)\n","steps":[{"name":"Click on cup with title: Espresso","time":{"start":1750503082813,"stop":1750503082998,"duration":185},"status":"passed","steps":[{"name":"Click on Cup body","time":{"start":1750503082836,"stop":1750503082998,"duration":162},"status":"passed","steps":[],"attachments":[],"parameters":[],"shouldDisplayMessage":false,"stepsCount":0,"attachmentsCount":0,"hasContent":false,"attachmentStep":false}],"attachments":[],"parameters":[{"name":"drinkName","value":"Espresso"}],"shouldDisplayMessage":false,"stepsCount":1,"attachmentsCount":0,"hasContent":true,"attachmentStep":false},{"name":"Click on cup with title: Mocha","time":{"start":1750503082999,"stop":1750503083173,"duration":174},"status":"passed","steps":[{"name":"Click on Cup body","time":{"start":1750503083074,"stop":1750503083173,"duration":99},"status":"passed","steps":[],"attachments":[],"parameters":[],"shouldDisplayMessage":false,"stepsCount":0,"attachmentsCount":0,"hasContent":false,"attachmentStep":false}],"attachments":[],"parameters":[{"name":"drinkName","value":"Mocha"}],"shouldDisplayMessage":false,"stepsCount":1,"attachmentsCount":0,"hasContent":true,"attachmentStep":false},{"name":"Click on cup with title: Americano","time":{"start":1750503083173,"stop":1750503084375,"duration":1202},"status":"broken","statusMessage":"element click intercepted: Element <div data-v-400a88f7=\"\" class=\"cup-body\" aria-label=\"Americano\" data-test=\"Americano\" data-cy=\"Americano\">...</div> is not clickable at point (659, 423). Other element would receive the click: <button data-v-a68519c8=\"\" data-test=\"checkout\" class=\"pay\" type=\"button\" aria-label=\"Proceed to checkout\">...</button>\n  (Session info: chrome=137.0.7151.103)\nBuild info: version: '4.30.0', revision: '509c7f17cc*'\nSystem info: os.name: 'Linux', os.arch: 'amd64', os.version: '6.11.0-1015-azure', java.version: '21.0.7'\nDriver info: org.openqa.selenium.chrome.ChromeDriver\nCommand: [25e31b955a41acb7dba44c37c35683d0, clickElement {id=f.EAE738A1B89C974B41ADED17CB17949B.d.C46FD32D6E0C17B8D393957A12DACB80.e.35}]\nCapabilities {acceptInsecureCerts: false, browserName: chrome, browserVersion: 137.0.7151.103, chrome: {chromedriverVersion: 137.0.7151.119 (e0ac9d12dff..., userDataDir: /tmp/.org.chromium.Chromium...}, fedcm:accounts: true, goog:chromeOptions: {debuggerAddress: localhost:42939}, networkConnectionEnabled: false, pageLoadStrategy: normal, platformName: linux, proxy: Proxy(), se:cdp: ws://localhost:42939/devtoo..., se:cdpVersion: 137.0.7151.103, setWindowRect: true, strictFileInteractability: false, timeouts: {implicit: 0, pageLoad: 300000, script: 30000}, unhandledPromptBehavior: dismiss and notify, webauthn:extension:credBlob: true, webauthn:extension:largeBlob: true, webauthn:extension:minPinLength: true, webauthn:extension:prf: true, webauthn:virtualAuthenticators: true}\nElement: [[[[[[ChromeDriver: chrome on linux (25e31b955a41acb7dba44c37c35683d0)] -> xpath: //*[@id='app']/div[2]/ul/li]] -> xpath: .//div[contains(@class, 'cup')]]] -> xpath: .//div[contains(@class, 'cup-body')]]\nSession ID: 25e31b955a41acb7dba44c37c35683d0","statusTrace":"org.openqa.selenium.ElementClickInterceptedException: element click intercepted: Element <div data-v-400a88f7=\"\" class=\"cup-body\" aria-label=\"Americano\" data-test=\"Americano\" data-cy=\"Americano\">...</div> is not clickable at point (659, 423). Other element would receive the click: <button data-v-a68519c8=\"\" data-test=\"checkout\" class=\"pay\" type=\"button\" aria-label=\"Proceed to checkout\">...</button>\n  (Session info: chrome=137.0.7151.103)\nBuild info: version: '4.30.0', revision: '509c7f17cc*'\nSystem info: os.name: 'Linux', os.arch: 'amd64', os.version: '6.11.0-1015-azure', java.version: '21.0.7'\nDriver info: org.openqa.selenium.chrome.ChromeDriver\nCommand: [25e31b955a41acb7dba44c37c35683d0, clickElement {id=f.EAE738A1B89C974B41ADED17CB17949B.d.C46FD32D6E0C17B8D393957A12DACB80.e.35}]\nCapabilities {acceptInsecureCerts: false, browserName: chrome, browserVersion: 137.0.7151.103, chrome: {chromedriverVersion: 137.0.7151.119 (e0ac9d12dff..., userDataDir: /tmp/.org.chromium.Chromium...}, fedcm:accounts: true, goog:chromeOptions: {debuggerAddress: localhost:42939}, networkConnectionEnabled: false, pageLoadStrategy: normal, platformName: linux, proxy: Proxy(), se:cdp: ws://localhost:42939/devtoo..., se:cdpVersion: 137.0.7151.103, setWindowRect: true, strictFileInteractability: false, timeouts: {implicit: 0, pageLoad: 300000, script: 30000}, unhandledPromptBehavior: dismiss and notify, webauthn:extension:credBlob: true, webauthn:extension:largeBlob: true, webauthn:extension:minPinLength: true, webauthn:extension:prf: true, webauthn:virtualAuthenticators: true}\nElement: [[[[[[ChromeDriver: chrome on linux (25e31b955a41acb7dba44c37c35683d0)] -> xpath: //*[@id='app']/div[2]/ul/li]] -> xpath: .//div[contains(@class, 'cup')]]] -> xpath: .//div[contains(@class, 'cup-body')]]\nSession ID: 25e31b955a41acb7dba44c37c35683d0\n\tat java.base/jdk.internal.reflect.DirectConstructorHandleAccessor.newInstance(DirectConstructorHandleAccessor.java:62)\n\tat java.base/java.lang.reflect.Constructor.newInstanceWithCaller(Constructor.java:502)\n\tat java.base/java.lang.reflect.Constructor.newInstance(Constructor.java:486)\n\tat org.openqa.selenium.remote.ErrorCodec.decode(ErrorCodec.java:167)\n\tat org.openqa.selenium.remote.codec.w3c.W3CHttpResponseCodec.decode(W3CHttpResponseCodec.java:138)\n\tat org.openqa.selenium.remote.codec.w3c.W3CHttpResponseCodec.decode(W3CHttpResponseCodec.java:50)\n\tat org.openqa.selenium.remote.HttpCommandExecutor.execute(HttpCommandExecutor.java:215)\n\tat org.openqa.selenium.remote.service.DriverCommandExecutor.invokeExecute(DriverCommandExecutor.java:216)\n\tat org.openqa.selenium.remote.service.DriverCommandExecutor.execute(DriverCommandExecutor.java:174)\n\tat org.openqa.selenium.remote.RemoteWebDriver.execute(RemoteWebDriver.java:545)\n\tat org.openqa.selenium.remote.RemoteWebElement.execute(RemoteWebElement.java:223)\n\tat org.openqa.selenium.remote.RemoteWebElement.click(RemoteWebElement.java:76)\n\tat java.base/jdk.internal.reflect.DirectMethodHandleAccessor.invoke(DirectMethodHandleAccessor.java:103)\n\tat java.base/java.lang.reflect.Method.invoke(Method.java:580)\n\tat org.openqa.selenium.support.pagefactory.internal.LocatingElementHandler.invoke(LocatingElementHandler.java:51)\n\tat jdk.proxy2/jdk.proxy2.$Proxy35.click(Unknown Source)\n\tat com.coffeecart.ui.component.CupComponent.clickOnCupBody(CupComponent.java:91)\n\tat com.coffeecart.ui.page.MenuPage.lambda$clickDrink$3(MenuPage.java:96)\n\tat java.base/java.util.Optional.ifPresent(Optional.java:178)\n\tat com.coffeecart.ui.page.MenuPage.clickDrink(MenuPage.java:96)\n\tat com.coffeecart.ui.LuckyDayPopUpAppears.luckyDayPopUpAppearsTest(LuckyDayPopUpAppears.java:40)\n\tat java.base/jdk.internal.reflect.DirectMethodHandleAccessor.invoke(DirectMethodHandleAccessor.java:103)\n\tat java.base/java.lang.reflect.Method.invoke(Method.java:580)\n\tat org.testng.internal.invokers.MethodInvocationHelper.invokeMethod(MethodInvocationHelper.java:141)\n\tat org.testng.internal.invokers.TestInvoker.invokeMethod(TestInvoker.java:686)\n\tat org.testng.internal.invokers.TestInvoker.invokeTestMethod(TestInvoker.java:230)\n\tat org.testng.internal.invokers.MethodRunner.runInSequence(MethodRunner.java:63)\n\tat org.testng.internal.invokers.TestInvoker$MethodInvocationAgent.invoke(TestInvoker.java:992)\n\tat org.testng.internal.invokers.TestInvoker.invokeTestMethods(TestInvoker.java:203)\n\tat org.testng.internal.invokers.TestMethodWorker.invokeTestMethods(TestMethodWorker.java:154)\n\tat org.testng.internal.invokers.TestMethodWorker.run(TestMethodWorker.java:134)\n\tat java.base/java.util.ArrayList.forEach(ArrayList.java:1596)\n\tat org.testng.TestRunner.privateRun(TestRunner.java:739)\n\tat org.testng.TestRunner.run(TestRunner.java:614)\n\tat org.testng.SuiteRunner.runTest(SuiteRunner.java:421)\n\tat org.testng.SuiteRunner.runSequentially(SuiteRunner.java:413)\n\tat org.testng.SuiteRunner.privateRun(SuiteRunner.java:373)\n\tat org.testng.SuiteRunner.run(SuiteRunner.java:312)\n\tat org.testng.SuiteRunnerWorker.runSuite(SuiteRunnerWorker.java:52)\n\tat org.testng.SuiteRunnerWorker.run(SuiteRunnerWorker.java:95)\n\tat org.testng.TestNG.runSuitesSequentially(TestNG.java:1274)\n\tat org.testng.TestNG.runSuitesLocally(TestNG.java:1208)\n\tat org.testng.TestNG.runSuites(TestNG.java:1112)\n\tat org.testng.TestNG.run(TestNG.java:1079)\n\tat org.apache.maven.surefire.testng.TestNGExecutor.run(TestNGExecutor.java:308)\n\tat org.apache.maven.surefire.testng.TestNGXmlTestSuite.execute(TestNGXmlTestSuite.java:71)\n\tat org.apache.maven.surefire.testng.TestNGProvider.invoke(TestNGProvider.java:113)\n\tat org.apache.maven.surefire.booter.ForkedBooter.runSuitesInProcess(ForkedBooter.java:385)\n\tat org.apache.maven.surefire.booter.ForkedBooter.execute(ForkedBooter.java:162)\n\tat org.apache.maven.surefire.booter.ForkedBooter.run(ForkedBooter.java:507)\n\tat org.apache.maven.surefire.booter.ForkedBooter.main(ForkedBooter.java:495)\n","steps":[{"name":"Click on Cup body","time":{"start":1750503083252,"stop":1750503084375,"duration":1123},"status":"broken","statusMessage":"element click intercepted: Element <div data-v-400a88f7=\"\" class=\"cup-body\" aria-label=\"Americano\" data-test=\"Americano\" data-cy=\"Americano\">...</div> is not clickable at point (659, 423). Other element would receive the click: <button data-v-a68519c8=\"\" data-test=\"checkout\" class=\"pay\" type=\"button\" aria-label=\"Proceed to checkout\">...</button>\n  (Session info: chrome=137.0.7151.103)\nBuild info: version: '4.30.0', revision: '509c7f17cc*'\nSystem info: os.name: 'Linux', os.arch: 'amd64', os.version: '6.11.0-1015-azure', java.version: '21.0.7'\nDriver info: org.openqa.selenium.chrome.ChromeDriver\nCommand: [25e31b955a41acb7dba44c37c35683d0, clickElement {id=f.EAE738A1B89C974B41ADED17CB17949B.d.C46FD32D6E0C17B8D393957A12DACB80.e.35}]\nCapabilities {acceptInsecureCerts: false, browserName: chrome, browserVersion: 137.0.7151.103, chrome: {chromedriverVersion: 137.0.7151.119 (e0ac9d12dff..., userDataDir: /tmp/.org.chromium.Chromium...}, fedcm:accounts: true, goog:chromeOptions: {debuggerAddress: localhost:42939}, networkConnectionEnabled: false, pageLoadStrategy: normal, platformName: linux, proxy: Proxy(), se:cdp: ws://localhost:42939/devtoo..., se:cdpVersion: 137.0.7151.103, setWindowRect: true, strictFileInteractability: false, timeouts: {implicit: 0, pageLoad: 300000, script: 30000}, unhandledPromptBehavior: dismiss and notify, webauthn:extension:credBlob: true, webauthn:extension:largeBlob: true, webauthn:extension:minPinLength: true, webauthn:extension:prf: true, webauthn:virtualAuthenticators: true}\nElement: [[[[[[ChromeDriver: chrome on linux (25e31b955a41acb7dba44c37c35683d0)] -> xpath: //*[@id='app']/div[2]/ul/li]] -> xpath: .//div[contains(@class, 'cup')]]] -> xpath: .//div[contains(@class, 'cup-body')]]\nSession ID: 25e31b955a41acb7dba44c37c35683d0","statusTrace":"org.openqa.selenium.ElementClickInterceptedException: element click intercepted: Element <div data-v-400a88f7=\"\" class=\"cup-body\" aria-label=\"Americano\" data-test=\"Americano\" data-cy=\"Americano\">...</div> is not clickable at point (659, 423). Other element would receive the click: <button data-v-a68519c8=\"\" data-test=\"checkout\" class=\"pay\" type=\"button\" aria-label=\"Proceed to checkout\">...</button>\n  (Session info: chrome=137.0.7151.103)\nBuild info: version: '4.30.0', revision: '509c7f17cc*'\nSystem info: os.name: 'Linux', os.arch: 'amd64', os.version: '6.11.0-1015-azure', java.version: '21.0.7'\nDriver info: org.openqa.selenium.chrome.ChromeDriver\nCommand: [25e31b955a41acb7dba44c37c35683d0, clickElement {id=f.EAE738A1B89C974B41ADED17CB17949B.d.C46FD32D6E0C17B8D393957A12DACB80.e.35}]\nCapabilities {acceptInsecureCerts: false, browserName: chrome, browserVersion: 137.0.7151.103, chrome: {chromedriverVersion: 137.0.7151.119 (e0ac9d12dff..., userDataDir: /tmp/.org.chromium.Chromium...}, fedcm:accounts: true, goog:chromeOptions: {debuggerAddress: localhost:42939}, networkConnectionEnabled: false, pageLoadStrategy: normal, platformName: linux, proxy: Proxy(), se:cdp: ws://localhost:42939/devtoo..., se:cdpVersion: 137.0.7151.103, setWindowRect: true, strictFileInteractability: false, timeouts: {implicit: 0, pageLoad: 300000, script: 30000}, unhandledPromptBehavior: dismiss and notify, webauthn:extension:credBlob: true, webauthn:extension:largeBlob: true, webauthn:extension:minPinLength: true, webauthn:extension:prf: true, webauthn:virtualAuthenticators: true}\nElement: [[[[[[ChromeDriver: chrome on linux (25e31b955a41acb7dba44c37c35683d0)] -> xpath: //*[@id='app']/div[2]/ul/li]] -> xpath: .//div[contains(@class, 'cup')]]] -> xpath: .//div[contains(@class, 'cup-body')]]\nSession ID: 25e31b955a41acb7dba44c37c35683d0\n\tat java.base/jdk.internal.reflect.DirectConstructorHandleAccessor.newInstance(DirectConstructorHandleAccessor.java:62)\n\tat java.base/java.lang.reflect.Constructor.newInstanceWithCaller(Constructor.java:502)\n\tat java.base/java.lang.reflect.Constructor.newInstance(Constructor.java:486)\n\tat org.openqa.selenium.remote.ErrorCodec.decode(ErrorCodec.java:167)\n\tat org.openqa.selenium.remote.codec.w3c.W3CHttpResponseCodec.decode(W3CHttpResponseCodec.java:138)\n\tat org.openqa.selenium.remote.codec.w3c.W3CHttpResponseCodec.decode(W3CHttpResponseCodec.java:50)\n\tat org.openqa.selenium.remote.HttpCommandExecutor.execute(HttpCommandExecutor.java:215)\n\tat org.openqa.selenium.remote.service.DriverCommandExecutor.invokeExecute(DriverCommandExecutor.java:216)\n\tat org.openqa.selenium.remote.service.DriverCommandExecutor.execute(DriverCommandExecutor.java:174)\n\tat org.openqa.selenium.remote.RemoteWebDriver.execute(RemoteWebDriver.java:545)\n\tat org.openqa.selenium.remote.RemoteWebElement.execute(RemoteWebElement.java:223)\n\tat org.openqa.selenium.remote.RemoteWebElement.click(RemoteWebElement.java:76)\n\tat java.base/jdk.internal.reflect.DirectMethodHandleAccessor.invoke(DirectMethodHandleAccessor.java:103)\n\tat java.base/java.lang.reflect.Method.invoke(Method.java:580)\n\tat org.openqa.selenium.support.pagefactory.internal.LocatingElementHandler.invoke(LocatingElementHandler.java:51)\n\tat jdk.proxy2/jdk.proxy2.$Proxy35.click(Unknown Source)\n\tat com.coffeecart.ui.component.CupComponent.clickOnCupBody(CupComponent.java:91)\n\tat com.coffeecart.ui.page.MenuPage.lambda$clickDrink$3(MenuPage.java:96)\n\tat java.base/java.util.Optional.ifPresent(Optional.java:178)\n\tat com.coffeecart.ui.page.MenuPage.clickDrink(MenuPage.java:96)\n\tat com.coffeecart.ui.LuckyDayPopUpAppears.luckyDayPopUpAppearsTest(LuckyDayPopUpAppears.java:40)\n\tat java.base/jdk.internal.reflect.DirectMethodHandleAccessor.invoke(DirectMethodHandleAccessor.java:103)\n\tat java.base/java.lang.reflect.Method.invoke(Method.java:580)\n\tat org.testng.internal.invokers.MethodInvocationHelper.invokeMethod(MethodInvocationHelper.java:141)\n\tat org.testng.internal.invokers.TestInvoker.invokeMethod(TestInvoker.java:686)\n\tat org.testng.internal.invokers.TestInvoker.invokeTestMethod(TestInvoker.java:230)\n\tat org.testng.internal.invokers.MethodRunner.runInSequence(MethodRunner.java:63)\n\tat org.testng.internal.invokers.TestInvoker$MethodInvocationAgent.invoke(TestInvoker.java:992)\n\tat org.testng.internal.invokers.TestInvoker.invokeTestMethods(TestInvoker.java:203)\n\tat org.testng.internal.invokers.TestMethodWorker.invokeTestMethods(TestMethodWorker.java:154)\n\tat org.testng.internal.invokers.TestMethodWorker.run(TestMethodWorker.java:134)\n\tat java.base/java.util.ArrayList.forEach(ArrayList.java:1596)\n\tat org.testng.TestRunner.privateRun(TestRunner.java:739)\n\tat org.testng.TestRunner.run(TestRunner.java:614)\n\tat org.testng.SuiteRunner.runTest(SuiteRunner.java:421)\n\tat org.testng.SuiteRunner.runSequentially(SuiteRunner.java:413)\n\tat org.testng.SuiteRunner.privateRun(SuiteRunner.java:373)\n\tat org.testng.SuiteRunner.run(SuiteRunner.java:312)\n\tat org.testng.SuiteRunnerWorker.runSuite(SuiteRunnerWorker.java:52)\n\tat org.testng.SuiteRunnerWorker.run(SuiteRunnerWorker.java:95)\n\tat org.testng.TestNG.runSuitesSequentially(TestNG.java:1274)\n\tat org.testng.TestNG.runSuitesLocally(TestNG.java:1208)\n\tat org.testng.TestNG.runSuites(TestNG.java:1112)\n\tat org.testng.TestNG.run(TestNG.java:1079)\n\tat org.apache.maven.surefire.testng.TestNGExecutor.run(TestNGExecutor.java:308)\n\tat org.apache.maven.surefire.testng.TestNGXmlTestSuite.execute(TestNGXmlTestSuite.java:71)\n\tat org.apache.maven.surefire.testng.TestNGProvider.invoke(TestNGProvider.java:113)\n\tat org.apache.maven.surefire.booter.ForkedBooter.runSuitesInProcess(ForkedBooter.java:385)\n\tat org.apache.maven.surefire.booter.ForkedBooter.execute(ForkedBooter.java:162)\n\tat org.apache.maven.surefire.booter.ForkedBooter.run(ForkedBooter.java:507)\n\tat org.apache.maven.surefire.booter.ForkedBooter.main(ForkedBooter.java:495)\n","steps":[],"attachments":[],"parameters":[],"shouldDisplayMessage":true,"stepsCount":0,"attachmentsCount":0,"hasContent":true,"attachmentStep":false}],"attachments":[],"parameters":[{"name":"drinkName","value":"Americano"}],"shouldDisplayMessage":false,"stepsCount":1,"attachmentsCount":0,"hasContent":true,"attachmentStep":false}],"attachments":[],"parameters":[],"shouldDisplayMessage":false,"stepsCount":6,"attachmentsCount":0,"hasContent":true,"attachmentStep":false},"afterStages":[{"name":"afterClass","time":{"start":1750503093375,"stop":1750503093489,"duration":114},"description":"","status":"passed","steps":[],"attachments":[{"uid":"ce1ac8201deb8b9d","name":"Image name = PICTURE Test Name = RegularTests","source":"ce1ac8201deb8b9d.png","type":"image/png","size":47109}],"parameters":[],"shouldDisplayMessage":false,"stepsCount":0,"attachmentsCount":1,"hasContent":true,"attachmentStep":false}],"labels":[{"name":"package","value":"com.coffeecart.ui.LuckyDayPopUpAppears"},{"name":"testClass","value":"com.coffeecart.ui.LuckyDayPopUpAppears"},{"name":"testMethod","value":"luckyDayPopUpAppearsTest"},{"name":"parentSuite","value":"AllTests"},{"name":"suite","value":"RegularTests"},{"name":"subSuite","value":"com.coffeecart.ui.LuckyDayPopUpAppears"},{"name":"host","value":"fv-az1042-450"},{"name":"thread","value":"2442@fv-az1042-450.main(1)"},{"name":"framework","value":"testng"},{"name":"language","value":"java"},{"name":"owner","value":"Khrystyna Martynova"},{"name":"story","value":"User can sees Lucky Day popup after choosing 3 drinks"},{"name":"feature","value":"Lucky Day pop-up"},{"name":"epic","value":"Promotions after choosing 3 drinks"},{"name":"severity","value":"normal"},{"name":"resultFormat","value":"allure2"}],"parameters":[{"name":"arg0","value":"[ESPRESSO, MOCHA, AMERICANO]"}],"links":[{"name":"Coffee Cart","url":"https://coffee-cart.app/","type":"custom"},{"name":"2","url":"https://github.com/UA-1378-TAQC/coffeecart.taqc/issues/2","type":"issue"}],"hidden":false,"retry":false,"extra":{"severity":"normal","owner":"Khrystyna Martynova","retries":[],"categories":[{"name":"Test defects","matchedStatuses":[],"flaky":false}],"history":{"statistic":{"failed":0,"broken":11,"skipped":0,"passed":0,"unknown":0,"total":11},"items":[{"uid":"e38f53ff1a480648","reportUrl":"https://UA-1378-TAQC.github.io/coffeecart.taqc/90//#testresult/e38f53ff1a480648","status":"broken","statusDetails":"element click intercepted: Element <div data-v-400a88f7=\"\" class=\"cup-body\" aria-label=\"Americano\" data-test=\"Americano\" data-cy=\"Americano\">...</div> is not clickable at point (659, 423). Other element would receive the click: <button data-v-a68519c8=\"\" data-test=\"checkout\" class=\"pay\" type=\"button\" aria-label=\"Proceed to checkout\">...</button>\n  (Session info: chrome=137.0.7151.103)\nBuild info: version: '4.30.0', revision: '509c7f17cc*'\nSystem info: os.name: 'Linux', os.arch: 'amd64', os.version: '6.11.0-1015-azure', java.version: '21.0.7'\nDriver info: org.openqa.selenium.chrome.ChromeDriver\nCommand: [e14d19d7aac3a62a5e5a5fa244b52ee2, clickElement {id=f.67E40B73A7B7F2919C4E43A0A0B86582.d.F37A379162BC75925343C33626B4C7F7.e.35}]\nCapabilities {acceptInsecureCerts: false, browserName: chrome, browserVersion: 137.0.7151.103, chrome: {chromedriverVersion: 137.0.7151.119 (e0ac9d12dff..., userDataDir: /tmp/.org.chromium.Chromium...}, fedcm:accounts: true, goog:chromeOptions: {debuggerAddress: localhost:42027}, networkConnectionEnabled: false, pageLoadStrategy: normal, platformName: linux, proxy: Proxy(), se:cdp: ws://localhost:42027/devtoo..., se:cdpVersion: 137.0.7151.103, setWindowRect: true, strictFileInteractability: false, timeouts: {implicit: 0, pageLoad: 300000, script: 30000}, unhandledPromptBehavior: dismiss and notify, webauthn:extension:credBlob: true, webauthn:extension:largeBlob: true, webauthn:extension:minPinLength: true, webauthn:extension:prf: true, webauthn:virtualAuthenticators: true}\nElement: [[[[[[ChromeDriver: chrome on linux (e14d19d7aac3a62a5e5a5fa244b52ee2)] -> xpath: //*[@id='app']/div[2]/ul/li]] -> xpath: .//div[contains(@class, 'cup')]]] -> xpath: .//div[contains(@class, 'cup-body')]]\nSession ID: e14d19d7aac3a62a5e5a5fa244b52ee2","time":{"start":1750420199298,"stop":1750420200806,"duration":1508}},{"uid":"9a9d6c6b1a9057fe","reportUrl":"https://UA-1378-TAQC.github.io/coffeecart.taqc/89//#testresult/9a9d6c6b1a9057fe","status":"broken","statusDetails":"element click intercepted: Element <div data-v-400a88f7=\"\" class=\"cup-body\" aria-label=\"Americano\" data-test=\"Americano\" data-cy=\"Americano\">...</div> is not clickable at point (659, 423). Other element would receive the click: <button data-v-a68519c8=\"\" data-test=\"checkout\" class=\"pay\" type=\"button\" aria-label=\"Proceed to checkout\">...</button>\n  (Session info: chrome=137.0.7151.103)\nBuild info: version: '4.30.0', revision: '509c7f17cc*'\nSystem info: os.name: 'Linux', os.arch: 'amd64', os.version: '6.11.0-1015-azure', java.version: '21.0.7'\nDriver info: org.openqa.selenium.chrome.ChromeDriver\nCommand: [d9f5c569c54cb316f94601a7fc93c012, clickElement {id=f.2FACC77FD7AC13588336F8CF14F97EAF.d.D6B947BA66FADD092AAD9124F74FB9D5.e.35}]\nCapabilities {acceptInsecureCerts: false, browserName: chrome, browserVersion: 137.0.7151.103, chrome: {chromedriverVersion: 137.0.7151.119 (e0ac9d12dff..., userDataDir: /tmp/.org.chromium.Chromium...}, fedcm:accounts: true, goog:chromeOptions: {debuggerAddress: localhost:36787}, networkConnectionEnabled: false, pageLoadStrategy: normal, platformName: linux, proxy: Proxy(), se:cdp: ws://localhost:36787/devtoo..., se:cdpVersion: 137.0.7151.103, setWindowRect: true, strictFileInteractability: false, timeouts: {implicit: 0, pageLoad: 300000, script: 30000}, unhandledPromptBehavior: dismiss and notify, webauthn:extension:credBlob: true, webauthn:extension:largeBlob: true, webauthn:extension:minPinLength: true, webauthn:extension:prf: true, webauthn:virtualAuthenticators: true}\nElement: [[[[[[ChromeDriver: chrome on linux (d9f5c569c54cb316f94601a7fc93c012)] -> xpath: //*[@id='app']/div[2]/ul/li]] -> xpath: .//div[contains(@class, 'cup')]]] -> xpath: .//div[contains(@class, 'cup-body')]]\nSession ID: d9f5c569c54cb316f94601a7fc93c012","time":{"start":1750412836857,"stop":1750412838364,"duration":1507}},{"uid":"be7d4c2509521b03","reportUrl":"https://UA-1378-TAQC.github.io/coffeecart.taqc/88//#testresult/be7d4c2509521b03","status":"broken","statusDetails":"element click intercepted: Element <div data-v-400a88f7=\"\" class=\"cup-body\" aria-label=\"Americano\" data-test=\"Americano\" data-cy=\"Americano\">...</div> is not clickable at point (659, 423). Other element would receive the click: <button data-v-a68519c8=\"\" data-test=\"checkout\" class=\"pay\" type=\"button\" aria-label=\"Proceed to checkout\">...</button>\n  (Session info: chrome=137.0.7151.103)\nBuild info: version: '4.30.0', revision: '509c7f17cc*'\nSystem info: os.name: 'Linux', os.arch: 'amd64', os.version: '6.11.0-1015-azure', java.version: '21.0.7'\nDriver info: org.openqa.selenium.chrome.ChromeDriver\nCommand: [ca411dd37c5e280994c3b7ce381df539, clickElement {id=f.CB88DDB7B6B2E0C248C0409714B52700.d.20173D9F750479AC4621E59DA948BBED.e.35}]\nCapabilities {acceptInsecureCerts: false, browserName: chrome, browserVersion: 137.0.7151.103, chrome: {chromedriverVersion: 137.0.7151.119 (e0ac9d12dff..., userDataDir: /tmp/.org.chromium.Chromium...}, fedcm:accounts: true, goog:chromeOptions: {debuggerAddress: localhost:43529}, networkConnectionEnabled: false, pageLoadStrategy: normal, platformName: linux, proxy: Proxy(), se:cdp: ws://localhost:43529/devtoo..., se:cdpVersion: 137.0.7151.103, setWindowRect: true, strictFileInteractability: false, timeouts: {implicit: 0, pageLoad: 300000, script: 30000}, unhandledPromptBehavior: dismiss and notify, webauthn:extension:credBlob: true, webauthn:extension:largeBlob: true, webauthn:extension:minPinLength: true, webauthn:extension:prf: true, webauthn:virtualAuthenticators: true}\nElement: [[[[[[ChromeDriver: chrome on linux (ca411dd37c5e280994c3b7ce381df539)] -> xpath: //*[@id='app']/div[2]/ul/li]] -> xpath: .//div[contains(@class, 'cup')]]] -> xpath: .//div[contains(@class, 'cup-body')]]\nSession ID: ca411dd37c5e280994c3b7ce381df539","time":{"start":1750412762727,"stop":1750412764252,"duration":1525}},{"uid":"2ccea728b7ea6374","reportUrl":"https://UA-1378-TAQC.github.io/coffeecart.taqc/87//#testresult/2ccea728b7ea6374","status":"broken","statusDetails":"element click intercepted: Element <div data-v-400a88f7=\"\" class=\"cup-body\" aria-label=\"Americano\" data-test=\"Americano\" data-cy=\"Americano\">...</div> is not clickable at point (659, 423). Other element would receive the click: <button data-v-a68519c8=\"\" data-test=\"checkout\" class=\"pay\" type=\"button\" aria-label=\"Proceed to checkout\">...</button>\n  (Session info: chrome=137.0.7151.103)\nBuild info: version: '4.30.0', revision: '509c7f17cc*'\nSystem info: os.name: 'Linux', os.arch: 'amd64', os.version: '6.11.0-1015-azure', java.version: '21.0.7'\nDriver info: org.openqa.selenium.chrome.ChromeDriver\nCommand: [73de74eb09df531c6e872467b02b82ae, clickElement {id=f.44EDC96E5D4E7D57930CE616984B5F00.d.E07DBB0498442BC76AAAA209EEA25E72.e.35}]\nCapabilities {acceptInsecureCerts: false, browserName: chrome, browserVersion: 137.0.7151.103, chrome: {chromedriverVersion: 137.0.7151.119 (e0ac9d12dff..., userDataDir: /tmp/.org.chromium.Chromium...}, fedcm:accounts: true, goog:chromeOptions: {debuggerAddress: localhost:44775}, networkConnectionEnabled: false, pageLoadStrategy: normal, platformName: linux, proxy: Proxy(), se:cdp: ws://localhost:44775/devtoo..., se:cdpVersion: 137.0.7151.103, setWindowRect: true, strictFileInteractability: false, timeouts: {implicit: 0, pageLoad: 300000, script: 30000}, unhandledPromptBehavior: dismiss and notify, webauthn:extension:credBlob: true, webauthn:extension:largeBlob: true, webauthn:extension:minPinLength: true, webauthn:extension:prf: true, webauthn:virtualAuthenticators: true}\nElement: [[[[[[ChromeDriver: chrome on linux (73de74eb09df531c6e872467b02b82ae)] -> xpath: //*[@id='app']/div[2]/ul/li]] -> xpath: .//div[contains(@class, 'cup')]]] -> xpath: .//div[contains(@class, 'cup-body')]]\nSession ID: 73de74eb09df531c6e872467b02b82ae","time":{"start":1750412638397,"stop":1750412639887,"duration":1490}},{"uid":"83f13105852190f3","reportUrl":"https://UA-1378-TAQC.github.io/coffeecart.taqc/86//#testresult/83f13105852190f3","status":"broken","statusDetails":"element click intercepted: Element <div data-v-400a88f7=\"\" class=\"cup-body\" aria-label=\"Americano\" data-test=\"Americano\" data-cy=\"Americano\">...</div> is not clickable at point (659, 423). Other element would receive the click: <button data-v-a68519c8=\"\" data-test=\"checkout\" class=\"pay\" type=\"button\" aria-label=\"Proceed to checkout\">...</button>\n  (Session info: chrome=137.0.7151.103)\nBuild info: version: '4.30.0', revision: '509c7f17cc*'\nSystem info: os.name: 'Linux', os.arch: 'amd64', os.version: '6.11.0-1015-azure', java.version: '21.0.7'\nDriver info: org.openqa.selenium.chrome.ChromeDriver\nCommand: [80f850086b3f629718a2609e5c8a2dbe, clickElement {id=f.6851477081F1475D4CF17214952195B2.d.502EA7C579E0E637AFEBE59E0A1785B3.e.35}]\nCapabilities {acceptInsecureCerts: false, browserName: chrome, browserVersion: 137.0.7151.103, chrome: {chromedriverVersion: 137.0.7151.119 (e0ac9d12dff..., userDataDir: /tmp/.org.chromium.Chromium...}, fedcm:accounts: true, goog:chromeOptions: {debuggerAddress: localhost:37607}, networkConnectionEnabled: false, pageLoadStrategy: normal, platformName: linux, proxy: Proxy(), se:cdp: ws://localhost:37607/devtoo..., se:cdpVersion: 137.0.7151.103, setWindowRect: true, strictFileInteractability: false, timeouts: {implicit: 0, pageLoad: 300000, script: 30000}, unhandledPromptBehavior: dismiss and notify, webauthn:extension:credBlob: true, webauthn:extension:largeBlob: true, webauthn:extension:minPinLength: true, webauthn:extension:prf: true, webauthn:virtualAuthenticators: true}\nElement: [[[[[[ChromeDriver: chrome on linux (80f850086b3f629718a2609e5c8a2dbe)] -> xpath: //*[@id='app']/div[2]/ul/li]] -> xpath: .//div[contains(@class, 'cup')]]] -> xpath: .//div[contains(@class, 'cup-body')]]\nSession ID: 80f850086b3f629718a2609e5c8a2dbe","time":{"start":1750327042299,"stop":1750327043850,"duration":1551}},{"uid":"b46738d7d6d0e72b","reportUrl":"https://UA-1378-TAQC.github.io/coffeecart.taqc/85//#testresult/b46738d7d6d0e72b","status":"broken","statusDetails":"element click intercepted: Element <div data-v-400a88f7=\"\" class=\"cup-body\" aria-label=\"Americano\" data-test=\"Americano\" data-cy=\"Americano\">...</div> is not clickable at point (659, 423). Other element would receive the click: <button data-v-a68519c8=\"\" data-test=\"checkout\" class=\"pay\" type=\"button\" aria-label=\"Proceed to checkout\">...</button>\n  (Session info: chrome=137.0.7151.103)\nBuild info: version: '4.30.0', revision: '509c7f17cc*'\nSystem info: os.name: 'Linux', os.arch: 'amd64', os.version: '6.11.0-1015-azure', java.version: '21.0.7'\nDriver info: org.openqa.selenium.chrome.ChromeDriver\nCommand: [4bcdbd2748c85e4558497220964aaefc, clickElement {id=f.A73EB75F46AAB580B725C50FF3EF026A.d.8D156C698CE1385830EFD99566E7A7DC.e.35}]\nCapabilities {acceptInsecureCerts: false, browserName: chrome, browserVersion: 137.0.7151.103, chrome: {chromedriverVersion: 137.0.7151.119 (e0ac9d12dff..., userDataDir: /tmp/.org.chromium.Chromium...}, fedcm:accounts: true, goog:chromeOptions: {debuggerAddress: localhost:42709}, networkConnectionEnabled: false, pageLoadStrategy: normal, platformName: linux, proxy: Proxy(), se:cdp: ws://localhost:42709/devtoo..., se:cdpVersion: 137.0.7151.103, setWindowRect: true, strictFileInteractability: false, timeouts: {implicit: 0, pageLoad: 300000, script: 30000}, unhandledPromptBehavior: dismiss and notify, webauthn:extension:credBlob: true, webauthn:extension:largeBlob: true, webauthn:extension:minPinLength: true, webauthn:extension:prf: true, webauthn:virtualAuthenticators: true}\nElement: [[[[[[ChromeDriver: chrome on linux (4bcdbd2748c85e4558497220964aaefc)] -> xpath: //*[@id='app']/div[2]/ul/li]] -> xpath: .//div[contains(@class, 'cup')]]] -> xpath: .//div[contains(@class, 'cup-body')]]\nSession ID: 4bcdbd2748c85e4558497220964aaefc","time":{"start":1750249346568,"stop":1750249348110,"duration":1542}},{"uid":"16f7ac4715c7e879","reportUrl":"https://UA-1378-TAQC.github.io/coffeecart.taqc/84//#testresult/16f7ac4715c7e879","status":"broken","statusDetails":"element click intercepted: Element <div data-v-400a88f7=\"\" class=\"cup-body\" aria-label=\"Americano\" data-test=\"Americano\" data-cy=\"Americano\">...</div> is not clickable at point (659, 423). Other element would receive the click: <button data-v-a68519c8=\"\" data-test=\"checkout\" class=\"pay\" type=\"button\" aria-label=\"Proceed to checkout\">...</button>\n  (Session info: chrome=137.0.7151.68)\nBuild info: version: '4.30.0', revision: '509c7f17cc*'\nSystem info: os.name: 'Linux', os.arch: 'amd64', os.version: '6.11.0-1015-azure', java.version: '21.0.7'\nDriver info: org.openqa.selenium.chrome.ChromeDriver\nCommand: [347d34dc2cd435bf24d1ad171cc2a738, clickElement {id=f.C0CCBEF7D9094804292F5F5C015B9EFE.d.55BD643B38CF7B86E93ABD10ECDDFA4E.e.35}]\nCapabilities {acceptInsecureCerts: false, browserName: chrome, browserVersion: 137.0.7151.68, chrome: {chromedriverVersion: 137.0.7151.119 (e0ac9d12dff..., userDataDir: /tmp/.org.chromium.Chromium...}, fedcm:accounts: true, goog:chromeOptions: {debuggerAddress: localhost:33181}, networkConnectionEnabled: false, pageLoadStrategy: normal, platformName: linux, proxy: Proxy(), se:cdp: ws://localhost:33181/devtoo..., se:cdpVersion: 137.0.7151.68, setWindowRect: true, strictFileInteractability: false, timeouts: {implicit: 0, pageLoad: 300000, script: 30000}, unhandledPromptBehavior: dismiss and notify, webauthn:extension:credBlob: true, webauthn:extension:largeBlob: true, webauthn:extension:minPinLength: true, webauthn:extension:prf: true, webauthn:virtualAuthenticators: true}\nElement: [[[[[[ChromeDriver: chrome on linux (347d34dc2cd435bf24d1ad171cc2a738)] -> xpath: //*[@id='app']/div[2]/ul/li]] -> xpath: .//div[contains(@class, 'cup')]]] -> xpath: .//div[contains(@class, 'cup-body')]]\nSession ID: 347d34dc2cd435bf24d1ad171cc2a738","time":{"start":1750249220015,"stop":1750249221544,"duration":1529}},{"uid":"227896a274056a1","reportUrl":"https://UA-1378-TAQC.github.io/coffeecart.taqc/83//#testresult/227896a274056a1","status":"broken","statusDetails":"element click intercepted: Element <div data-v-400a88f7=\"\" class=\"cup-body\" aria-label=\"Americano\" data-test=\"Americano\" data-cy=\"Americano\">...</div> is not clickable at point (659, 423). Other element would receive the click: <button data-v-a68519c8=\"\" data-test=\"checkout\" class=\"pay\" type=\"button\" aria-label=\"Proceed to checkout\">...</button>\n  (Session info: chrome=137.0.7151.68)\nBuild info: version: '4.30.0', revision: '509c7f17cc*'\nSystem info: os.name: 'Linux', os.arch: 'amd64', os.version: '6.11.0-1015-azure', java.version: '21.0.7'\nDriver info: org.openqa.selenium.chrome.ChromeDriver\nCommand: [2b90e80747248faa0a4b3b6f2a2189d1, clickElement {id=f.CEAAF64033954C241D90EFBB21EAF197.d.2F41331DD5CE213C683C6F30200BBDC0.e.35}]\nCapabilities {acceptInsecureCerts: false, browserName: chrome, browserVersion: 137.0.7151.68, chrome: {chromedriverVersion: 137.0.7151.119 (e0ac9d12dff..., userDataDir: /tmp/.org.chromium.Chromium...}, fedcm:accounts: true, goog:chromeOptions: {debuggerAddress: localhost:44309}, networkConnectionEnabled: false, pageLoadStrategy: normal, platformName: linux, proxy: Proxy(), se:cdp: ws://localhost:44309/devtoo..., se:cdpVersion: 137.0.7151.68, setWindowRect: true, strictFileInteractability: false, timeouts: {implicit: 0, pageLoad: 300000, script: 30000}, unhandledPromptBehavior: dismiss and notify, webauthn:extension:credBlob: true, webauthn:extension:largeBlob: true, webauthn:extension:minPinLength: true, webauthn:extension:prf: true, webauthn:virtualAuthenticators: true}\nElement: [[[[[[ChromeDriver: chrome on linux (2b90e80747248faa0a4b3b6f2a2189d1)] -> xpath: //*[@id='app']/div[2]/ul/li]] -> xpath: .//div[contains(@class, 'cup')]]] -> xpath: .//div[contains(@class, 'cup-body')]]\nSession ID: 2b90e80747248faa0a4b3b6f2a2189d1","time":{"start":1750248342930,"stop":1750248344420,"duration":1490}},{"uid":"efe5e4199487defe","reportUrl":"https://UA-1378-TAQC.github.io/coffeecart.taqc/81//#testresult/efe5e4199487defe","status":"broken","statusDetails":"element click intercepted: Element <div data-v-400a88f7=\"\" class=\"cup-body\" aria-label=\"Americano\" data-test=\"Americano\" data-cy=\"Americano\">...</div> is not clickable at point (659, 423). Other element would receive the click: <button data-v-a68519c8=\"\" data-test=\"checkout\" class=\"pay\" type=\"button\" aria-label=\"Proceed to checkout\">...</button>\n  (Session info: chrome=137.0.7151.68)\nBuild info: version: '4.30.0', revision: '509c7f17cc*'\nSystem info: os.name: 'Linux', os.arch: 'amd64', os.version: '6.11.0-1015-azure', java.version: '21.0.7'\nDriver info: org.openqa.selenium.chrome.ChromeDriver\nCommand: [f36b6d0a45299ee761aec301cee0d1d9, clickElement {id=f.CE096E0BE913D186A9B363327B66C75E.d.B7DF147F595C5AC826BA2CA491D8B709.e.34}]\nCapabilities {acceptInsecureCerts: false, browserName: chrome, browserVersion: 137.0.7151.68, chrome: {chromedriverVersion: 137.0.7151.70 (dfa4dc56b2ab..., userDataDir: /tmp/.org.chromium.Chromium...}, fedcm:accounts: true, goog:chromeOptions: {debuggerAddress: localhost:39347}, networkConnectionEnabled: false, pageLoadStrategy: normal, platformName: linux, proxy: Proxy(), se:cdp: ws://localhost:39347/devtoo..., se:cdpVersion: 137.0.7151.68, setWindowRect: true, strictFileInteractability: false, timeouts: {implicit: 0, pageLoad: 300000, script: 30000}, unhandledPromptBehavior: dismiss and notify, webauthn:extension:credBlob: true, webauthn:extension:largeBlob: true, webauthn:extension:minPinLength: true, webauthn:extension:prf: true, webauthn:virtualAuthenticators: true}\nElement: [[[[[[ChromeDriver: chrome on linux (f36b6d0a45299ee761aec301cee0d1d9)] -> xpath: //*[@id='app']/div[2]/ul/li]] -> xpath: .//div[contains(@class, 'cup')]]] -> xpath: .//div[contains(@class, 'cup-body')]]\nSession ID: f36b6d0a45299ee761aec301cee0d1d9","time":{"start":1749849496265,"stop":1749849497797,"duration":1532}},{"uid":"7b8bbcaaf0291905","reportUrl":"https://UA-1378-TAQC.github.io/coffeecart.taqc/79//#testresult/7b8bbcaaf0291905","status":"broken","statusDetails":"element click intercepted: Element <div data-v-400a88f7=\"\" class=\"cup-body\" aria-label=\"Americano\" data-test=\"Americano\" data-cy=\"Americano\">...</div> is not clickable at point (659, 423). Other element would receive the click: <button data-v-a68519c8=\"\" data-test=\"checkout\" class=\"pay\" type=\"button\" aria-label=\"Proceed to checkout\">...</button>\n  (Session info: chrome=137.0.7151.68)\nBuild info: version: '4.30.0', revision: '509c7f17cc*'\nSystem info: os.name: 'Linux', os.arch: 'amd64', os.version: '6.11.0-1015-azure', java.version: '21.0.7'\nDriver info: org.openqa.selenium.chrome.ChromeDriver\nCommand: [353cd8689a6b365da1f2b4cf5d138ddd, clickElement {id=f.6D76DBAB61F0D988B735F1390F45695A.d.762AA3F484FDDA860808963294BAA676.e.35}]\nCapabilities {acceptInsecureCerts: false, browserName: chrome, browserVersion: 137.0.7151.68, chrome: {chromedriverVersion: 137.0.7151.70 (dfa4dc56b2ab..., userDataDir: /tmp/chrome-data-1749833114}, fedcm:accounts: true, goog:chromeOptions: {debuggerAddress: localhost:43113}, networkConnectionEnabled: false, pageLoadStrategy: normal, platformName: linux, proxy: Proxy(), se:cdp: ws://localhost:43113/devtoo..., se:cdpVersion: 137.0.7151.68, setWindowRect: true, strictFileInteractability: false, timeouts: {implicit: 0, pageLoad: 300000, script: 30000}, unhandledPromptBehavior: dismiss and notify, webauthn:extension:credBlob: true, webauthn:extension:largeBlob: true, webauthn:extension:minPinLength: true, webauthn:extension:prf: true, webauthn:virtualAuthenticators: true}\nElement: [[[[[[ChromeDriver: chrome on linux (353cd8689a6b365da1f2b4cf5d138ddd)] -> xpath: //*[@id='app']/div[2]/ul/li]] -> xpath: .//div[contains(@class, 'cup')]]] -> xpath: .//div[contains(@class, 'cup-body')]]\nSession ID: 353cd8689a6b365da1f2b4cf5d138ddd","time":{"start":1749833143203,"stop":1749833144776,"duration":1573}}]},"tags":[]},"source":"e2d8bcf514e7cf88.json","parameterValues":["[ESPRESSO, MOCHA, AMERICANO]"]}