{"uid":"516f1a27f5dc2126","name":"testPlusButtonForDiscountedMocha","fullName":"com.coffeecart.ui.TestDiscountedMochaButton.testPlusButtonForDiscountedMocha","historyId":"dbb60e58dbe2a9c56e9f81e39ccab706","time":{"start":1749811745456,"stop":1749811748164,"duration":2708},"description":"Verify '+' button is disabled for '(Discounted) Mocha' in the Cart Page","descriptionHtml":"<p>Verify '+' button is disabled for '(Discounted) Mocha' in the Cart Page</p>\n","status":"failed","statusMessage":"Mocha quantity should remain 1 but was 2 after clicking '+' button expected [1] but found [2]","statusTrace":"java.lang.AssertionError: Mocha quantity should remain 1 but was 2 after clicking '+' button expected [1] but found [2]\n\tat org.testng.Assert.fail(Assert.java:111)\n\tat org.testng.Assert.failNotEquals(Assert.java:1578)\n\tat org.testng.Assert.assertEqualsImpl(Assert.java:150)\n\tat org.testng.Assert.assertEquals(Assert.java:132)\n\tat org.testng.Assert.assertEquals(Assert.java:1419)\n\tat org.testng.Assert.assertEquals(Assert.java:1383)\n\tat com.coffeecart.ui.TestDiscountedMochaButton.testPlusButtonForDiscountedMocha(TestDiscountedMochaButton.java:44)\n\tat java.base/jdk.internal.reflect.DirectMethodHandleAccessor.invoke(DirectMethodHandleAccessor.java:103)\n\tat java.base/java.lang.reflect.Method.invoke(Method.java:580)\n\tat org.testng.internal.invokers.MethodInvocationHelper.invokeMethod(MethodInvocationHelper.java:141)\n\tat org.testng.internal.invokers.TestInvoker.invokeMethod(TestInvoker.java:686)\n\tat org.testng.internal.invokers.TestInvoker.invokeTestMethod(TestInvoker.java:230)\n\tat org.testng.internal.invokers.MethodRunner.runInSequence(MethodRunner.java:63)\n\tat org.testng.internal.invokers.TestInvoker$MethodInvocationAgent.invoke(TestInvoker.java:992)\n\tat org.testng.internal.invokers.TestInvoker.invokeTestMethods(TestInvoker.java:203)\n\tat org.testng.internal.invokers.TestMethodWorker.invokeTestMethods(TestMethodWorker.java:154)\n\tat org.testng.internal.invokers.TestMethodWorker.run(TestMethodWorker.java:134)\n\tat java.base/java.util.ArrayList.forEach(ArrayList.java:1596)\n\tat org.testng.TestRunner.privateRun(TestRunner.java:739)\n\tat org.testng.TestRunner.run(TestRunner.java:614)\n\tat org.testng.SuiteRunner.runTest(SuiteRunner.java:421)\n\tat org.testng.SuiteRunner.runSequentially(SuiteRunner.java:413)\n\tat org.testng.SuiteRunner.privateRun(SuiteRunner.java:373)\n\tat org.testng.SuiteRunner.run(SuiteRunner.java:312)\n\tat org.testng.SuiteRunnerWorker.runSuite(SuiteRunnerWorker.java:52)\n\tat org.testng.SuiteRunnerWorker.run(SuiteRunnerWorker.java:95)\n\tat org.testng.TestNG.runSuitesSequentially(TestNG.java:1274)\n\tat org.testng.TestNG.runSuitesLocally(TestNG.java:1208)\n\tat org.testng.TestNG.runSuites(TestNG.java:1112)\n\tat org.testng.TestNG.run(TestNG.java:1079)\n\tat org.apache.maven.surefire.testng.TestNGExecutor.run(TestNGExecutor.java:155)\n\tat org.apache.maven.surefire.testng.TestNGDirectoryTestSuite.executeMulti(TestNGDirectoryTestSuite.java:169)\n\tat org.apache.maven.surefire.testng.TestNGDirectoryTestSuite.execute(TestNGDirectoryTestSuite.java:88)\n\tat org.apache.maven.surefire.testng.TestNGProvider.invoke(TestNGProvider.java:137)\n\tat org.apache.maven.surefire.booter.ForkedBooter.runSuitesInProcess(ForkedBooter.java:385)\n\tat org.apache.maven.surefire.booter.ForkedBooter.execute(ForkedBooter.java:162)\n\tat org.apache.maven.surefire.booter.ForkedBooter.run(ForkedBooter.java:507)\n\tat org.apache.maven.surefire.booter.ForkedBooter.main(ForkedBooter.java:495)\n","flaky":false,"newFailed":false,"newBroken":false,"newPassed":false,"retriesCount":0,"retriesStatusChange":false,"beforeStages":[{"name":"beforeClass","time":{"start":1749811745013,"stop":1749811745454,"duration":441},"description":"","status":"passed","steps":[{"name":"init ChromeDriver","time":{"start":1749811745013,"stop":1749811745336,"duration":323},"status":"passed","steps":[],"attachments":[],"parameters":[],"shouldDisplayMessage":false,"stepsCount":0,"attachmentsCount":0,"hasContent":false,"attachmentStep":false}],"attachments":[],"parameters":[],"shouldDisplayMessage":false,"stepsCount":1,"attachmentsCount":0,"hasContent":true,"attachmentStep":false}],"testStage":{"description":"Verify '+' button is disabled for '(Discounted) Mocha' in the Cart Page","status":"failed","statusMessage":"Mocha quantity should remain 1 but was 2 after clicking '+' button expected [1] but found [2]","statusTrace":"java.lang.AssertionError: Mocha quantity should remain 1 but was 2 after clicking '+' button expected [1] but found [2]\n\tat org.testng.Assert.fail(Assert.java:111)\n\tat org.testng.Assert.failNotEquals(Assert.java:1578)\n\tat org.testng.Assert.assertEqualsImpl(Assert.java:150)\n\tat org.testng.Assert.assertEquals(Assert.java:132)\n\tat org.testng.Assert.assertEquals(Assert.java:1419)\n\tat org.testng.Assert.assertEquals(Assert.java:1383)\n\tat com.coffeecart.ui.TestDiscountedMochaButton.testPlusButtonForDiscountedMocha(TestDiscountedMochaButton.java:44)\n\tat java.base/jdk.internal.reflect.DirectMethodHandleAccessor.invoke(DirectMethodHandleAccessor.java:103)\n\tat java.base/java.lang.reflect.Method.invoke(Method.java:580)\n\tat org.testng.internal.invokers.MethodInvocationHelper.invokeMethod(MethodInvocationHelper.java:141)\n\tat org.testng.internal.invokers.TestInvoker.invokeMethod(TestInvoker.java:686)\n\tat org.testng.internal.invokers.TestInvoker.invokeTestMethod(TestInvoker.java:230)\n\tat org.testng.internal.invokers.MethodRunner.runInSequence(MethodRunner.java:63)\n\tat org.testng.internal.invokers.TestInvoker$MethodInvocationAgent.invoke(TestInvoker.java:992)\n\tat org.testng.internal.invokers.TestInvoker.invokeTestMethods(TestInvoker.java:203)\n\tat org.testng.internal.invokers.TestMethodWorker.invokeTestMethods(TestMethodWorker.java:154)\n\tat org.testng.internal.invokers.TestMethodWorker.run(TestMethodWorker.java:134)\n\tat java.base/java.util.ArrayList.forEach(ArrayList.java:1596)\n\tat org.testng.TestRunner.privateRun(TestRunner.java:739)\n\tat org.testng.TestRunner.run(TestRunner.java:614)\n\tat org.testng.SuiteRunner.runTest(SuiteRunner.java:421)\n\tat org.testng.SuiteRunner.runSequentially(SuiteRunner.java:413)\n\tat org.testng.SuiteRunner.privateRun(SuiteRunner.java:373)\n\tat org.testng.SuiteRunner.run(SuiteRunner.java:312)\n\tat org.testng.SuiteRunnerWorker.runSuite(SuiteRunnerWorker.java:52)\n\tat org.testng.SuiteRunnerWorker.run(SuiteRunnerWorker.java:95)\n\tat org.testng.TestNG.runSuitesSequentially(TestNG.java:1274)\n\tat org.testng.TestNG.runSuitesLocally(TestNG.java:1208)\n\tat org.testng.TestNG.runSuites(TestNG.java:1112)\n\tat org.testng.TestNG.run(TestNG.java:1079)\n\tat org.apache.maven.surefire.testng.TestNGExecutor.run(TestNGExecutor.java:155)\n\tat org.apache.maven.surefire.testng.TestNGDirectoryTestSuite.executeMulti(TestNGDirectoryTestSuite.java:169)\n\tat org.apache.maven.surefire.testng.TestNGDirectoryTestSuite.execute(TestNGDirectoryTestSuite.java:88)\n\tat org.apache.maven.surefire.testng.TestNGProvider.invoke(TestNGProvider.java:137)\n\tat org.apache.maven.surefire.booter.ForkedBooter.runSuitesInProcess(ForkedBooter.java:385)\n\tat org.apache.maven.surefire.booter.ForkedBooter.execute(ForkedBooter.java:162)\n\tat org.apache.maven.surefire.booter.ForkedBooter.run(ForkedBooter.java:507)\n\tat org.apache.maven.surefire.booter.ForkedBooter.main(ForkedBooter.java:495)\n","steps":[{"name":"Click on cup with title: Espresso","time":{"start":1749811745475,"stop":1749811745596,"duration":121},"status":"passed","steps":[{"name":"Click on Cup body","time":{"start":1749811745494,"stop":1749811745596,"duration":102},"status":"passed","steps":[],"attachments":[],"parameters":[],"shouldDisplayMessage":false,"stepsCount":0,"attachmentsCount":0,"hasContent":false,"attachmentStep":false}],"attachments":[],"parameters":[{"name":"drinkName","value":"Espresso"}],"shouldDisplayMessage":false,"stepsCount":1,"attachmentsCount":0,"hasContent":true,"attachmentStep":false},{"name":"Click on cup with title: Espresso Macchiato","time":{"start":1749811745596,"stop":1749811745712,"duration":116},"status":"passed","steps":[{"name":"Click on Cup body","time":{"start":1749811745626,"stop":1749811745712,"duration":86},"status":"passed","steps":[],"attachments":[],"parameters":[],"shouldDisplayMessage":false,"stepsCount":0,"attachmentsCount":0,"hasContent":false,"attachmentStep":false}],"attachments":[],"parameters":[{"name":"drinkName","value":"Espresso Macchiato"}],"shouldDisplayMessage":false,"stepsCount":1,"attachmentsCount":0,"hasContent":true,"attachmentStep":false},{"name":"Click on cup with title: Cappuccino","time":{"start":1749811745712,"stop":1749811746850,"duration":1138},"status":"passed","steps":[{"name":"Click on Cup body","time":{"start":1749811745744,"stop":1749811746850,"duration":1106},"status":"passed","steps":[],"attachments":[],"parameters":[],"shouldDisplayMessage":false,"stepsCount":0,"attachmentsCount":0,"hasContent":false,"attachmentStep":false}],"attachments":[],"parameters":[{"name":"drinkName","value":"Cappuccino"}],"shouldDisplayMessage":false,"stepsCount":1,"attachmentsCount":0,"hasContent":true,"attachmentStep":false},{"name":"Click «Yes, of course!»","time":{"start":1749811746863,"stop":1749811747937,"duration":1074},"status":"passed","steps":[{"name":"Click on the element","time":{"start":1749811746876,"stop":1749811746905,"duration":29},"status":"passed","steps":[],"attachments":[],"parameters":[{"name":"element","value":"[[[[ChromeDriver: chrome on linux (3f91d97917102673782015e4d5f05478)] -> xpath: //div[@class='promo']]] -> xpath: .//button[contains(@class,'yes')]]"}],"shouldDisplayMessage":false,"stepsCount":0,"attachmentsCount":0,"hasContent":true,"attachmentStep":false}],"attachments":[],"parameters":[],"shouldDisplayMessage":false,"stepsCount":1,"attachmentsCount":0,"hasContent":true,"attachmentStep":false},{"name":"Navigate to the Cart Page","time":{"start":1749811747937,"stop":1749811748039,"duration":102},"status":"passed","steps":[{"name":"Click on Cart page","time":{"start":1749811747937,"stop":1749811748039,"duration":102},"status":"passed","steps":[],"attachments":[],"parameters":[],"shouldDisplayMessage":false,"stepsCount":0,"attachmentsCount":0,"hasContent":false,"attachmentStep":false}],"attachments":[],"parameters":[],"shouldDisplayMessage":false,"stepsCount":1,"attachmentsCount":0,"hasContent":true,"attachmentStep":false},{"name":"Click add button of cart list item once","time":{"start":1749811748075,"stop":1749811748154,"duration":79},"status":"passed","steps":[{"name":"Click add button of cart list item n times","time":{"start":1749811748075,"stop":1749811748154,"duration":79},"status":"passed","steps":[],"attachments":[],"parameters":[{"name":"times","value":"1"}],"shouldDisplayMessage":false,"stepsCount":0,"attachmentsCount":0,"hasContent":true,"attachmentStep":false}],"attachments":[],"parameters":[],"shouldDisplayMessage":false,"stepsCount":1,"attachmentsCount":0,"hasContent":true,"attachmentStep":false}],"attachments":[],"parameters":[],"shouldDisplayMessage":true,"stepsCount":12,"attachmentsCount":0,"hasContent":true,"attachmentStep":false},"afterStages":[{"name":"afterClass","time":{"start":1749811748165,"stop":1749811748271,"duration":106},"description":"","status":"passed","steps":[],"attachments":[{"uid":"47a94f3e30ccf36a","name":"Image name = PICTURE Test Name = Surefire test","source":"47a94f3e30ccf36a.png","type":"image/png","size":31224}],"parameters":[],"shouldDisplayMessage":false,"stepsCount":0,"attachmentsCount":1,"hasContent":true,"attachmentStep":false}],"labels":[{"name":"package","value":"com.coffeecart.ui.TestDiscountedMochaButton"},{"name":"testClass","value":"com.coffeecart.ui.TestDiscountedMochaButton"},{"name":"testMethod","value":"testPlusButtonForDiscountedMocha"},{"name":"parentSuite","value":"Surefire suite"},{"name":"suite","value":"Surefire test"},{"name":"subSuite","value":"com.coffeecart.ui.TestDiscountedMochaButton"},{"name":"host","value":"fv-az2236-669"},{"name":"thread","value":"2417@fv-az2236-669.main(1)"},{"name":"framework","value":"testng"},{"name":"language","value":"java"},{"name":"feature","value":"Is Plus Button Disabled for Discounted Mocha"},{"name":"owner","value":"Roman Kmet"},{"name":"resultFormat","value":"allure2"}],"parameters":[],"links":[{"name":"19","url":"https://github.com/UA-1378-TAQC/coffeecart.taqc/issues/19","type":"issue"}],"hidden":false,"retry":false,"extra":{"severity":"normal","owner":"Roman Kmet","retries":[],"categories":[{"name":"Product defects","matchedStatuses":[],"flaky":false}],"history":{"statistic":{"failed":5,"broken":0,"skipped":0,"passed":0,"unknown":0,"total":5},"items":[{"uid":"1b52450da885bb8d","reportUrl":"https://UA-1378-TAQC.github.io/coffeecart.taqc/71//#testresult/1b52450da885bb8d","status":"failed","statusDetails":"Mocha quantity should remain 1 but was 2 after clicking '+' button expected [1] but found [2]","time":{"start":1749809367218,"stop":1749809369932,"duration":2714}},{"uid":"cfa712fc77eab4cd","reportUrl":"https://UA-1378-TAQC.github.io/coffeecart.taqc/60//#testresult/cfa712fc77eab4cd","status":"failed","statusDetails":"Mocha quantity should remain 1 but was 2 after clicking '+' button expected [1] but found [2]","time":{"start":1749123743001,"stop":1749123745708,"duration":2707}},{"uid":"307de72aff8fa543","reportUrl":"https://UA-1378-TAQC.github.io/coffeecart.taqc/58//#testresult/307de72aff8fa543","status":"failed","statusDetails":"Mocha quantity should remain 1 but was 2 after clicking '+' button expected [1] but found [2]","time":{"start":1749123115506,"stop":1749123118252,"duration":2746}},{"uid":"1e331d485aafe902","reportUrl":"https://UA-1378-TAQC.github.io/coffeecart.taqc/57//#testresult/1e331d485aafe902","status":"failed","statusDetails":"Mocha quantity should remain 1 but was 2 after clicking '+' button expected [1] but found [2]","time":{"start":1749123002534,"stop":1749123005317,"duration":2783}}]},"tags":[]},"source":"516f1a27f5dc2126.json","parameterValues":[]}