{"uid":"cb0cf9890702bd52","name":"verifyDiscountedMochaRemovalViaRemoveButtonOnCartPage","fullName":"com.coffeecart.ui.CartPageDiscountedMochaRemovalTest.verifyDiscountedMochaRemovalViaRemoveButtonOnCartPage","historyId":"b7c67ab8dcacec4ce93241fa192c3570","time":{"start":1750248337590,"stop":1750248341668,"duration":4078},"description":"Verify that the Discounted Mocha item in the Cart Page disappears after removing the other coffee cups via the 'x' button","descriptionHtml":"<p>Verify that the Discounted Mocha item in the Cart Page disappears after removing the other coffee cups via the 'x' button</p>\n","status":"failed","statusMessage":"The following asserts failed:\n\tDiscounted Mocha should not be present in cart after removing other items expected [null] but found [com.coffeecart.ui.component.FullItemComponent@1e592ef2],\n\tTotal button should not be displayed when cart is empty expected [false] but found [true],\n\tEmpty cart message should be displayed  expected [true] but found [false],\n\tCart counter should be '0' but was '1' expected [0] but found [1]","statusTrace":"java.lang.AssertionError: The following asserts failed:\n\tDiscounted Mocha should not be present in cart after removing other items expected [null] but found [com.coffeecart.ui.component.FullItemComponent@1e592ef2],\n\tTotal button should not be displayed when cart is empty expected [false] but found [true],\n\tEmpty cart message should be displayed  expected [true] but found [false],\n\tCart counter should be '0' but was '1' expected [0] but found [1]\n\tat org.testng.asserts.SoftAssert.assertAll(SoftAssert.java:46)\n\tat org.testng.asserts.SoftAssert.assertAll(SoftAssert.java:30)\n\tat com.coffeecart.ui.CartPageDiscountedMochaRemovalTest.verifyDiscountedMochaRemovalViaRemoveButtonOnCartPage(CartPageDiscountedMochaRemovalTest.java:66)\n\tat java.base/jdk.internal.reflect.DirectMethodHandleAccessor.invoke(DirectMethodHandleAccessor.java:103)\n\tat java.base/java.lang.reflect.Method.invoke(Method.java:580)\n\tat org.testng.internal.invokers.MethodInvocationHelper.invokeMethod(MethodInvocationHelper.java:141)\n\tat org.testng.internal.invokers.TestInvoker.invokeMethod(TestInvoker.java:686)\n\tat org.testng.internal.invokers.TestInvoker.invokeTestMethod(TestInvoker.java:230)\n\tat org.testng.internal.invokers.MethodRunner.runInSequence(MethodRunner.java:63)\n\tat org.testng.internal.invokers.TestInvoker$MethodInvocationAgent.invoke(TestInvoker.java:992)\n\tat org.testng.internal.invokers.TestInvoker.invokeTestMethods(TestInvoker.java:203)\n\tat org.testng.internal.invokers.TestMethodWorker.invokeTestMethods(TestMethodWorker.java:154)\n\tat org.testng.internal.invokers.TestMethodWorker.run(TestMethodWorker.java:134)\n\tat java.base/java.util.ArrayList.forEach(ArrayList.java:1596)\n\tat org.testng.TestRunner.privateRun(TestRunner.java:739)\n\tat org.testng.TestRunner.run(TestRunner.java:614)\n\tat org.testng.SuiteRunner.runTest(SuiteRunner.java:421)\n\tat org.testng.SuiteRunner.runSequentially(SuiteRunner.java:413)\n\tat org.testng.SuiteRunner.privateRun(SuiteRunner.java:373)\n\tat org.testng.SuiteRunner.run(SuiteRunner.java:312)\n\tat org.testng.SuiteRunnerWorker.runSuite(SuiteRunnerWorker.java:52)\n\tat org.testng.SuiteRunnerWorker.run(SuiteRunnerWorker.java:95)\n\tat org.testng.TestNG.runSuitesSequentially(TestNG.java:1274)\n\tat org.testng.TestNG.runSuitesLocally(TestNG.java:1208)\n\tat org.testng.TestNG.runSuites(TestNG.java:1112)\n\tat org.testng.TestNG.run(TestNG.java:1079)\n\tat org.apache.maven.surefire.testng.TestNGExecutor.run(TestNGExecutor.java:308)\n\tat org.apache.maven.surefire.testng.TestNGXmlTestSuite.execute(TestNGXmlTestSuite.java:71)\n\tat org.apache.maven.surefire.testng.TestNGProvider.invoke(TestNGProvider.java:113)\n\tat org.apache.maven.surefire.booter.ForkedBooter.runSuitesInProcess(ForkedBooter.java:385)\n\tat org.apache.maven.surefire.booter.ForkedBooter.execute(ForkedBooter.java:162)\n\tat org.apache.maven.surefire.booter.ForkedBooter.run(ForkedBooter.java:507)\n\tat org.apache.maven.surefire.booter.ForkedBooter.main(ForkedBooter.java:495)\n","flaky":false,"newFailed":false,"newBroken":false,"newPassed":false,"retriesCount":0,"retriesStatusChange":false,"beforeStages":[{"name":"beforeClass","time":{"start":1750248337079,"stop":1750248337548,"duration":469},"description":"","status":"passed","steps":[],"attachments":[],"parameters":[],"shouldDisplayMessage":false,"stepsCount":0,"attachmentsCount":0,"hasContent":false,"attachmentStep":false}],"testStage":{"description":"Verify that the Discounted Mocha item in the Cart Page disappears after removing the other coffee cups via the 'x' button","status":"failed","statusMessage":"The following asserts failed:\n\tDiscounted Mocha should not be present in cart after removing other items expected [null] but found [com.coffeecart.ui.component.FullItemComponent@1e592ef2],\n\tTotal button should not be displayed when cart is empty expected [false] but found [true],\n\tEmpty cart message should be displayed  expected [true] but found [false],\n\tCart counter should be '0' but was '1' expected [0] but found [1]","statusTrace":"java.lang.AssertionError: The following asserts failed:\n\tDiscounted Mocha should not be present in cart after removing other items expected [null] but found [com.coffeecart.ui.component.FullItemComponent@1e592ef2],\n\tTotal button should not be displayed when cart is empty expected [false] but found [true],\n\tEmpty cart message should be displayed  expected [true] but found [false],\n\tCart counter should be '0' but was '1' expected [0] but found [1]\n\tat org.testng.asserts.SoftAssert.assertAll(SoftAssert.java:46)\n\tat org.testng.asserts.SoftAssert.assertAll(SoftAssert.java:30)\n\tat com.coffeecart.ui.CartPageDiscountedMochaRemovalTest.verifyDiscountedMochaRemovalViaRemoveButtonOnCartPage(CartPageDiscountedMochaRemovalTest.java:66)\n\tat java.base/jdk.internal.reflect.DirectMethodHandleAccessor.invoke(DirectMethodHandleAccessor.java:103)\n\tat java.base/java.lang.reflect.Method.invoke(Method.java:580)\n\tat org.testng.internal.invokers.MethodInvocationHelper.invokeMethod(MethodInvocationHelper.java:141)\n\tat org.testng.internal.invokers.TestInvoker.invokeMethod(TestInvoker.java:686)\n\tat org.testng.internal.invokers.TestInvoker.invokeTestMethod(TestInvoker.java:230)\n\tat org.testng.internal.invokers.MethodRunner.runInSequence(MethodRunner.java:63)\n\tat org.testng.internal.invokers.TestInvoker$MethodInvocationAgent.invoke(TestInvoker.java:992)\n\tat org.testng.internal.invokers.TestInvoker.invokeTestMethods(TestInvoker.java:203)\n\tat org.testng.internal.invokers.TestMethodWorker.invokeTestMethods(TestMethodWorker.java:154)\n\tat org.testng.internal.invokers.TestMethodWorker.run(TestMethodWorker.java:134)\n\tat java.base/java.util.ArrayList.forEach(ArrayList.java:1596)\n\tat org.testng.TestRunner.privateRun(TestRunner.java:739)\n\tat org.testng.TestRunner.run(TestRunner.java:614)\n\tat org.testng.SuiteRunner.runTest(SuiteRunner.java:421)\n\tat org.testng.SuiteRunner.runSequentially(SuiteRunner.java:413)\n\tat org.testng.SuiteRunner.privateRun(SuiteRunner.java:373)\n\tat org.testng.SuiteRunner.run(SuiteRunner.java:312)\n\tat org.testng.SuiteRunnerWorker.runSuite(SuiteRunnerWorker.java:52)\n\tat org.testng.SuiteRunnerWorker.run(SuiteRunnerWorker.java:95)\n\tat org.testng.TestNG.runSuitesSequentially(TestNG.java:1274)\n\tat org.testng.TestNG.runSuitesLocally(TestNG.java:1208)\n\tat org.testng.TestNG.runSuites(TestNG.java:1112)\n\tat org.testng.TestNG.run(TestNG.java:1079)\n\tat org.apache.maven.surefire.testng.TestNGExecutor.run(TestNGExecutor.java:308)\n\tat org.apache.maven.surefire.testng.TestNGXmlTestSuite.execute(TestNGXmlTestSuite.java:71)\n\tat org.apache.maven.surefire.testng.TestNGProvider.invoke(TestNGProvider.java:113)\n\tat org.apache.maven.surefire.booter.ForkedBooter.runSuitesInProcess(ForkedBooter.java:385)\n\tat org.apache.maven.surefire.booter.ForkedBooter.execute(ForkedBooter.java:162)\n\tat org.apache.maven.surefire.booter.ForkedBooter.run(ForkedBooter.java:507)\n\tat org.apache.maven.surefire.booter.ForkedBooter.main(ForkedBooter.java:495)\n","steps":[{"name":"Click on cup with title: Espresso","time":{"start":1750248337720,"stop":1750248337898,"duration":178},"status":"passed","steps":[{"name":"Click on Cup body","time":{"start":1750248337751,"stop":1750248337898,"duration":147},"status":"passed","steps":[],"attachments":[],"parameters":[],"shouldDisplayMessage":false,"stepsCount":0,"attachmentsCount":0,"hasContent":false,"attachmentStep":false}],"attachments":[],"parameters":[{"name":"drinkName","value":"Espresso"}],"shouldDisplayMessage":false,"stepsCount":1,"attachmentsCount":0,"hasContent":true,"attachmentStep":false},{"name":"Click on cup with title: Espresso","time":{"start":1750248337898,"stop":1750248338029,"duration":131},"status":"passed","steps":[{"name":"Click on Cup body","time":{"start":1750248337915,"stop":1750248338029,"duration":114},"status":"passed","steps":[],"attachments":[],"parameters":[],"shouldDisplayMessage":false,"stepsCount":0,"attachmentsCount":0,"hasContent":false,"attachmentStep":false}],"attachments":[],"parameters":[{"name":"drinkName","value":"Espresso"}],"shouldDisplayMessage":false,"stepsCount":1,"attachmentsCount":0,"hasContent":true,"attachmentStep":false},{"name":"Click on cup with title: Espresso","time":{"start":1750248338030,"stop":1750248339160,"duration":1130},"status":"passed","steps":[{"name":"Click on Cup body","time":{"start":1750248338043,"stop":1750248339160,"duration":1117},"status":"passed","steps":[],"attachments":[],"parameters":[],"shouldDisplayMessage":false,"stepsCount":0,"attachmentsCount":0,"hasContent":false,"attachmentStep":false}],"attachments":[],"parameters":[{"name":"drinkName","value":"Espresso"}],"shouldDisplayMessage":false,"stepsCount":1,"attachmentsCount":0,"hasContent":true,"attachmentStep":false},{"name":"Click «Yes, of course!»","time":{"start":1750248339181,"stop":1750248340283,"duration":1102},"status":"passed","steps":[{"name":"Click on the element","time":{"start":1750248339199,"stop":1750248339240,"duration":41},"status":"passed","steps":[],"attachments":[],"parameters":[{"name":"element","value":"[[[[ChromeDriver: chrome on linux (14e7b4d3d33a83e4e49a38803aa2292e)] -> xpath: //div[@class='promo']]] -> xpath: .//button[contains(@class,'yes')]]"}],"shouldDisplayMessage":false,"stepsCount":0,"attachmentsCount":0,"hasContent":true,"attachmentStep":false}],"attachments":[],"parameters":[],"shouldDisplayMessage":false,"stepsCount":1,"attachmentsCount":0,"hasContent":true,"attachmentStep":false},{"name":"Navigate to the Cart Page","time":{"start":1750248340314,"stop":1750248340434,"duration":120},"status":"passed","steps":[{"name":"Click on Cart page","time":{"start":1750248340314,"stop":1750248340434,"duration":120},"status":"passed","steps":[],"attachments":[],"parameters":[],"shouldDisplayMessage":false,"stepsCount":0,"attachmentsCount":0,"hasContent":false,"attachmentStep":false}],"attachments":[],"parameters":[],"shouldDisplayMessage":false,"stepsCount":1,"attachmentsCount":0,"hasContent":true,"attachmentStep":false},{"name":"Click delete button of cart list item ","time":{"start":1750248340500,"stop":1750248340582,"duration":82},"status":"passed","steps":[],"attachments":[],"parameters":[],"shouldDisplayMessage":false,"stepsCount":0,"attachmentsCount":0,"hasContent":false,"attachmentStep":false}],"attachments":[],"parameters":[],"shouldDisplayMessage":true,"stepsCount":11,"attachmentsCount":0,"hasContent":true,"attachmentStep":false},"afterStages":[{"name":"afterClass","time":{"start":1750248341766,"stop":1750248341896,"duration":130},"description":"","status":"passed","steps":[],"attachments":[{"uid":"a55c59bf4319d755","name":"Image name = PICTURE Test Name = RegularTests","source":"a55c59bf4319d755.png","type":"image/png","size":16362}],"parameters":[],"shouldDisplayMessage":false,"stepsCount":0,"attachmentsCount":1,"hasContent":true,"attachmentStep":false}],"labels":[{"name":"package","value":"com.coffeecart.ui.CartPageDiscountedMochaRemovalTest"},{"name":"testClass","value":"com.coffeecart.ui.CartPageDiscountedMochaRemovalTest"},{"name":"testMethod","value":"verifyDiscountedMochaRemovalViaRemoveButtonOnCartPage"},{"name":"parentSuite","value":"AllTests"},{"name":"suite","value":"RegularTests"},{"name":"subSuite","value":"com.coffeecart.ui.CartPageDiscountedMochaRemovalTest"},{"name":"host","value":"fv-az2249-217"},{"name":"thread","value":"2421@fv-az2249-217.main(1)"},{"name":"framework","value":"testng"},{"name":"language","value":"java"},{"name":"owner","value":"Nataliia Hrusha"},{"name":"feature","value":"Discounted Mocha Removal"},{"name":"resultFormat","value":"allure2"}],"parameters":[],"links":[{"name":"31","url":"https://github.com/UA-1378-TAQC/coffeecart.taqc/issues/31","type":"issue"}],"hidden":false,"retry":false,"extra":{"severity":"normal","owner":"Nataliia Hrusha","retries":[],"categories":[{"name":"Product defects","matchedStatuses":[],"flaky":false}],"history":{"statistic":{"failed":3,"broken":0,"skipped":0,"passed":0,"unknown":0,"total":3},"items":[{"uid":"beac08d2038afe01","reportUrl":"https://UA-1378-TAQC.github.io/coffeecart.taqc/81//#testresult/beac08d2038afe01","status":"failed","statusDetails":"The following asserts failed:\n\tDiscounted Mocha should not be present in cart after removing other items expected [null] but found [com.coffeecart.ui.component.FullItemComponent@117069f2],\n\tTotal button should not be displayed when cart is empty expected [false] but found [true],\n\tEmpty cart message should be displayed  expected [true] but found [false],\n\tCart counter should be '0' but was '1' expected [0] but found [1]","time":{"start":1749849490409,"stop":1749849494859,"duration":4450}},{"uid":"4fb6acd7cb802976","reportUrl":"https://UA-1378-TAQC.github.io/coffeecart.taqc/79//#testresult/4fb6acd7cb802976","status":"failed","statusDetails":"The following asserts failed:\n\tDiscounted Mocha should not be present in cart after removing other items expected [null] but found [com.coffeecart.ui.component.FullItemComponent@3e0e0ba7],\n\tTotal button should not be displayed when cart is empty expected [false] but found [true],\n\tEmpty cart message should be displayed  expected [true] but found [false],\n\tCart counter should be '0' but was '1' expected [0] but found [1]","time":{"start":1749833137251,"stop":1749833141608,"duration":4357}}]},"tags":[]},"source":"cb0cf9890702bd52.json","parameterValues":[]}