{"uid":"4a54ac5a59f69a38","name":"verifyDiscountedMochaRemovalViaRemoveButtonOnCartPage","fullName":"com.coffeecart.ui.CartPageDiscountedMochaRemovalTest.verifyDiscountedMochaRemovalViaRemoveButtonOnCartPage","historyId":"b7c67ab8dcacec4ce93241fa192c3570","time":{"start":1749813168764,"stop":1749813173223,"duration":4459},"description":"Verify that the Discounted Mocha item in the Cart Page disappears after removing the other coffee cups via the 'x' button","descriptionHtml":"<p>Verify that the Discounted Mocha item in the Cart Page disappears after removing the other coffee cups via the 'x' button</p>\n","status":"failed","statusMessage":"The following asserts failed:\n\tDiscounted Mocha should not be present in cart after removing other items expected [null] but found [com.coffeecart.ui.component.FullItemComponent@78aa1753],\n\tTotal button should not be displayed when cart is empty expected [false] but found [true],\n\tEmpty cart message should be displayed  expected [true] but found [false],\n\tCart counter should be '0' but was '1' expected [0] but found [1]","statusTrace":"java.lang.AssertionError: The following asserts failed:\n\tDiscounted Mocha should not be present in cart after removing other items expected [null] but found [com.coffeecart.ui.component.FullItemComponent@78aa1753],\n\tTotal button should not be displayed when cart is empty expected [false] but found [true],\n\tEmpty cart message should be displayed  expected [true] but found [false],\n\tCart counter should be '0' but was '1' expected [0] but found [1]\n\tat org.testng.asserts.SoftAssert.assertAll(SoftAssert.java:46)\n\tat org.testng.asserts.SoftAssert.assertAll(SoftAssert.java:30)\n\tat com.coffeecart.ui.CartPageDiscountedMochaRemovalTest.verifyDiscountedMochaRemovalViaRemoveButtonOnCartPage(CartPageDiscountedMochaRemovalTest.java:66)\n\tat java.base/jdk.internal.reflect.DirectMethodHandleAccessor.invoke(DirectMethodHandleAccessor.java:103)\n\tat java.base/java.lang.reflect.Method.invoke(Method.java:580)\n\tat org.testng.internal.invokers.MethodInvocationHelper.invokeMethod(MethodInvocationHelper.java:141)\n\tat org.testng.internal.invokers.TestInvoker.invokeMethod(TestInvoker.java:686)\n\tat org.testng.internal.invokers.TestInvoker.invokeTestMethod(TestInvoker.java:230)\n\tat org.testng.internal.invokers.MethodRunner.runInSequence(MethodRunner.java:63)\n\tat org.testng.internal.invokers.TestInvoker$MethodInvocationAgent.invoke(TestInvoker.java:992)\n\tat org.testng.internal.invokers.TestInvoker.invokeTestMethods(TestInvoker.java:203)\n\tat org.testng.internal.invokers.TestMethodWorker.invokeTestMethods(TestMethodWorker.java:154)\n\tat org.testng.internal.invokers.TestMethodWorker.run(TestMethodWorker.java:134)\n\tat java.base/java.util.ArrayList.forEach(ArrayList.java:1596)\n\tat org.testng.TestRunner.privateRun(TestRunner.java:739)\n\tat org.testng.TestRunner.run(TestRunner.java:614)\n\tat org.testng.SuiteRunner.runTest(SuiteRunner.java:421)\n\tat org.testng.SuiteRunner.runSequentially(SuiteRunner.java:413)\n\tat org.testng.SuiteRunner.privateRun(SuiteRunner.java:373)\n\tat org.testng.SuiteRunner.run(SuiteRunner.java:312)\n\tat org.testng.SuiteRunnerWorker.runSuite(SuiteRunnerWorker.java:52)\n\tat org.testng.SuiteRunnerWorker.run(SuiteRunnerWorker.java:95)\n\tat org.testng.TestNG.runSuitesSequentially(TestNG.java:1274)\n\tat org.testng.TestNG.runSuitesLocally(TestNG.java:1208)\n\tat org.testng.TestNG.runSuites(TestNG.java:1112)\n\tat org.testng.TestNG.run(TestNG.java:1079)\n\tat org.apache.maven.surefire.testng.TestNGExecutor.run(TestNGExecutor.java:155)\n\tat org.apache.maven.surefire.testng.TestNGDirectoryTestSuite.executeMulti(TestNGDirectoryTestSuite.java:169)\n\tat org.apache.maven.surefire.testng.TestNGDirectoryTestSuite.execute(TestNGDirectoryTestSuite.java:88)\n\tat org.apache.maven.surefire.testng.TestNGProvider.invoke(TestNGProvider.java:137)\n\tat org.apache.maven.surefire.booter.ForkedBooter.runSuitesInProcess(ForkedBooter.java:385)\n\tat org.apache.maven.surefire.booter.ForkedBooter.execute(ForkedBooter.java:162)\n\tat org.apache.maven.surefire.booter.ForkedBooter.run(ForkedBooter.java:507)\n\tat org.apache.maven.surefire.booter.ForkedBooter.main(ForkedBooter.java:495)\n","flaky":false,"newFailed":false,"newBroken":false,"newPassed":false,"retriesCount":0,"retriesStatusChange":false,"beforeStages":[{"name":"beforeClass","time":{"start":1749813168031,"stop":1749813168716,"duration":685},"description":"","status":"passed","steps":[],"attachments":[],"parameters":[],"shouldDisplayMessage":false,"stepsCount":0,"attachmentsCount":0,"hasContent":false,"attachmentStep":false}],"testStage":{"description":"Verify that the Discounted Mocha item in the Cart Page disappears after removing the other coffee cups via the 'x' button","status":"failed","statusMessage":"The following asserts failed:\n\tDiscounted Mocha should not be present in cart after removing other items expected [null] but found [com.coffeecart.ui.component.FullItemComponent@78aa1753],\n\tTotal button should not be displayed when cart is empty expected [false] but found [true],\n\tEmpty cart message should be displayed  expected [true] but found [false],\n\tCart counter should be '0' but was '1' expected [0] but found [1]","statusTrace":"java.lang.AssertionError: The following asserts failed:\n\tDiscounted Mocha should not be present in cart after removing other items expected [null] but found [com.coffeecart.ui.component.FullItemComponent@78aa1753],\n\tTotal button should not be displayed when cart is empty expected [false] but found [true],\n\tEmpty cart message should be displayed  expected [true] but found [false],\n\tCart counter should be '0' but was '1' expected [0] but found [1]\n\tat org.testng.asserts.SoftAssert.assertAll(SoftAssert.java:46)\n\tat org.testng.asserts.SoftAssert.assertAll(SoftAssert.java:30)\n\tat com.coffeecart.ui.CartPageDiscountedMochaRemovalTest.verifyDiscountedMochaRemovalViaRemoveButtonOnCartPage(CartPageDiscountedMochaRemovalTest.java:66)\n\tat java.base/jdk.internal.reflect.DirectMethodHandleAccessor.invoke(DirectMethodHandleAccessor.java:103)\n\tat java.base/java.lang.reflect.Method.invoke(Method.java:580)\n\tat org.testng.internal.invokers.MethodInvocationHelper.invokeMethod(MethodInvocationHelper.java:141)\n\tat org.testng.internal.invokers.TestInvoker.invokeMethod(TestInvoker.java:686)\n\tat org.testng.internal.invokers.TestInvoker.invokeTestMethod(TestInvoker.java:230)\n\tat org.testng.internal.invokers.MethodRunner.runInSequence(MethodRunner.java:63)\n\tat org.testng.internal.invokers.TestInvoker$MethodInvocationAgent.invoke(TestInvoker.java:992)\n\tat org.testng.internal.invokers.TestInvoker.invokeTestMethods(TestInvoker.java:203)\n\tat org.testng.internal.invokers.TestMethodWorker.invokeTestMethods(TestMethodWorker.java:154)\n\tat org.testng.internal.invokers.TestMethodWorker.run(TestMethodWorker.java:134)\n\tat java.base/java.util.ArrayList.forEach(ArrayList.java:1596)\n\tat org.testng.TestRunner.privateRun(TestRunner.java:739)\n\tat org.testng.TestRunner.run(TestRunner.java:614)\n\tat org.testng.SuiteRunner.runTest(SuiteRunner.java:421)\n\tat org.testng.SuiteRunner.runSequentially(SuiteRunner.java:413)\n\tat org.testng.SuiteRunner.privateRun(SuiteRunner.java:373)\n\tat org.testng.SuiteRunner.run(SuiteRunner.java:312)\n\tat org.testng.SuiteRunnerWorker.runSuite(SuiteRunnerWorker.java:52)\n\tat org.testng.SuiteRunnerWorker.run(SuiteRunnerWorker.java:95)\n\tat org.testng.TestNG.runSuitesSequentially(TestNG.java:1274)\n\tat org.testng.TestNG.runSuitesLocally(TestNG.java:1208)\n\tat org.testng.TestNG.runSuites(TestNG.java:1112)\n\tat org.testng.TestNG.run(TestNG.java:1079)\n\tat org.apache.maven.surefire.testng.TestNGExecutor.run(TestNGExecutor.java:155)\n\tat org.apache.maven.surefire.testng.TestNGDirectoryTestSuite.executeMulti(TestNGDirectoryTestSuite.java:169)\n\tat org.apache.maven.surefire.testng.TestNGDirectoryTestSuite.execute(TestNGDirectoryTestSuite.java:88)\n\tat org.apache.maven.surefire.testng.TestNGProvider.invoke(TestNGProvider.java:137)\n\tat org.apache.maven.surefire.booter.ForkedBooter.runSuitesInProcess(ForkedBooter.java:385)\n\tat org.apache.maven.surefire.booter.ForkedBooter.execute(ForkedBooter.java:162)\n\tat org.apache.maven.surefire.booter.ForkedBooter.run(ForkedBooter.java:507)\n\tat org.apache.maven.surefire.booter.ForkedBooter.main(ForkedBooter.java:495)\n","steps":[{"name":"Click on cup with title: Espresso","time":{"start":1749813168888,"stop":1749813169234,"duration":346},"status":"passed","steps":[{"name":"Click on Cup body","time":{"start":1749813168923,"stop":1749813169234,"duration":311},"status":"passed","steps":[],"attachments":[],"parameters":[],"shouldDisplayMessage":false,"stepsCount":0,"attachmentsCount":0,"hasContent":false,"attachmentStep":false}],"attachments":[],"parameters":[{"name":"drinkName","value":"Espresso"}],"shouldDisplayMessage":false,"stepsCount":1,"attachmentsCount":0,"hasContent":true,"attachmentStep":false},{"name":"Click on cup with title: Espresso","time":{"start":1749813169234,"stop":1749813169395,"duration":161},"status":"passed","steps":[{"name":"Click on Cup body","time":{"start":1749813169248,"stop":1749813169395,"duration":147},"status":"passed","steps":[],"attachments":[],"parameters":[],"shouldDisplayMessage":false,"stepsCount":0,"attachmentsCount":0,"hasContent":false,"attachmentStep":false}],"attachments":[],"parameters":[{"name":"drinkName","value":"Espresso"}],"shouldDisplayMessage":false,"stepsCount":1,"attachmentsCount":0,"hasContent":true,"attachmentStep":false},{"name":"Click on cup with title: Espresso","time":{"start":1749813169395,"stop":1749813170544,"duration":1149},"status":"passed","steps":[{"name":"Click on Cup body","time":{"start":1749813169409,"stop":1749813170544,"duration":1135},"status":"passed","steps":[],"attachments":[],"parameters":[],"shouldDisplayMessage":false,"stepsCount":0,"attachmentsCount":0,"hasContent":false,"attachmentStep":false}],"attachments":[],"parameters":[{"name":"drinkName","value":"Espresso"}],"shouldDisplayMessage":false,"stepsCount":1,"attachmentsCount":0,"hasContent":true,"attachmentStep":false},{"name":"Click «Yes, of course!»","time":{"start":1749813170567,"stop":1749813171697,"duration":1130},"status":"passed","steps":[{"name":"Click on the element","time":{"start":1749813170589,"stop":1749813170648,"duration":59},"status":"passed","steps":[],"attachments":[],"parameters":[{"name":"element","value":"[[[[ChromeDriver: chrome on linux (e3e2d21db8cee4734b4dcb25d504d2ef)] -> xpath: //div[@class='promo']]] -> xpath: .//button[contains(@class,'yes')]]"}],"shouldDisplayMessage":false,"stepsCount":0,"attachmentsCount":0,"hasContent":true,"attachmentStep":false}],"attachments":[],"parameters":[],"shouldDisplayMessage":false,"stepsCount":1,"attachmentsCount":0,"hasContent":true,"attachmentStep":false},{"name":"Navigate to the Cart Page","time":{"start":1749813171816,"stop":1749813171942,"duration":126},"status":"passed","steps":[{"name":"Click on Cart page","time":{"start":1749813171816,"stop":1749813171942,"duration":126},"status":"passed","steps":[],"attachments":[],"parameters":[],"shouldDisplayMessage":false,"stepsCount":0,"attachmentsCount":0,"hasContent":false,"attachmentStep":false}],"attachments":[],"parameters":[],"shouldDisplayMessage":false,"stepsCount":1,"attachmentsCount":0,"hasContent":true,"attachmentStep":false},{"name":"Click delete button of cart list item ","time":{"start":1749813172019,"stop":1749813172107,"duration":88},"status":"passed","steps":[],"attachments":[],"parameters":[],"shouldDisplayMessage":false,"stepsCount":0,"attachmentsCount":0,"hasContent":false,"attachmentStep":false}],"attachments":[],"parameters":[],"shouldDisplayMessage":true,"stepsCount":11,"attachmentsCount":0,"hasContent":true,"attachmentStep":false},"afterStages":[{"name":"afterClass","time":{"start":1749813173307,"stop":1749813173553,"duration":246},"description":"","status":"passed","steps":[],"attachments":[{"uid":"6c66f462c24b1c49","name":"Image name = PICTURE Test Name = Surefire test","source":"6c66f462c24b1c49.png","type":"image/png","size":16362}],"parameters":[],"shouldDisplayMessage":false,"stepsCount":0,"attachmentsCount":1,"hasContent":true,"attachmentStep":false}],"labels":[{"name":"package","value":"com.coffeecart.ui.CartPageDiscountedMochaRemovalTest"},{"name":"testClass","value":"com.coffeecart.ui.CartPageDiscountedMochaRemovalTest"},{"name":"testMethod","value":"verifyDiscountedMochaRemovalViaRemoveButtonOnCartPage"},{"name":"parentSuite","value":"Surefire suite"},{"name":"suite","value":"Surefire test"},{"name":"subSuite","value":"com.coffeecart.ui.CartPageDiscountedMochaRemovalTest"},{"name":"host","value":"fv-az1911-403"},{"name":"thread","value":"2547@fv-az1911-403.main(1)"},{"name":"framework","value":"testng"},{"name":"language","value":"java"},{"name":"owner","value":"Nataliia Hrusha"},{"name":"feature","value":"Discounted Mocha Removal"},{"name":"resultFormat","value":"allure2"}],"parameters":[],"links":[{"name":"31","url":"https://github.com/UA-1378-TAQC/coffeecart.taqc/issues/31","type":"issue"}],"hidden":false,"retry":false,"extra":{"severity":"normal","owner":"Nataliia Hrusha","retries":[],"categories":[{"name":"Product defects","matchedStatuses":[],"flaky":false}],"history":{"statistic":{"failed":14,"broken":0,"skipped":0,"passed":0,"unknown":0,"total":14},"items":[{"uid":"5b4610f35e5fd1b8","reportUrl":"https://UA-1378-TAQC.github.io/coffeecart.taqc/73//#testresult/5b4610f35e5fd1b8","status":"failed","statusDetails":"The following asserts failed:\n\tDiscounted Mocha should not be present in cart after removing other items expected [null] but found [com.coffeecart.ui.component.FullItemComponent@34cfdd84],\n\tTotal button should not be displayed when cart is empty expected [false] but found [true],\n\tEmpty cart message should be displayed  expected [true] but found [false],\n\tCart counter should be '0' but was '1' expected [0] but found [1]","time":{"start":1749812093882,"stop":1749812098049,"duration":4167}},{"uid":"6ab180ff7b2873e2","reportUrl":"https://UA-1378-TAQC.github.io/coffeecart.taqc/72//#testresult/6ab180ff7b2873e2","status":"failed","statusDetails":"The following asserts failed:\n\tDiscounted Mocha should not be present in cart after removing other items expected [null] but found [com.coffeecart.ui.component.FullItemComponent@4c1b4e07],\n\tTotal button should not be displayed when cart is empty expected [false] but found [true],\n\tEmpty cart message should be displayed  expected [true] but found [false],\n\tCart counter should be '0' but was '1' expected [0] but found [1]","time":{"start":1749811654927,"stop":1749811658988,"duration":4061}},{"uid":"76f6aa158c1b7af0","reportUrl":"https://UA-1378-TAQC.github.io/coffeecart.taqc/71//#testresult/76f6aa158c1b7af0","status":"failed","statusDetails":"The following asserts failed:\n\tDiscounted Mocha should not be present in cart after removing other items expected [null] but found [com.coffeecart.ui.component.FullItemComponent@486dd616],\n\tTotal button should not be displayed when cart is empty expected [false] but found [true],\n\tEmpty cart message should be displayed  expected [true] but found [false],\n\tCart counter should be '0' but was '1' expected [0] but found [1]","time":{"start":1749809271393,"stop":1749809276233,"duration":4840}},{"uid":"80f2a2e77ca68b00","reportUrl":"https://UA-1378-TAQC.github.io/coffeecart.taqc/60//#testresult/80f2a2e77ca68b00","status":"failed","statusDetails":"The following asserts failed:\n\tDiscounted Mocha should not be present in cart after removing other items expected [null] but found [com.coffeecart.ui.component.FullItemComponent@1621264e],\n\tTotal button should not be displayed when cart is empty expected [false] but found [true],\n\tEmpty cart message should be displayed  expected [true] but found [false],\n\tCart counter should be '0' but was '1' expected [0] but found [1]","time":{"start":1749123686371,"stop":1749123690189,"duration":3818}},{"uid":"fe6c9c18d52bc269","reportUrl":"https://UA-1378-TAQC.github.io/coffeecart.taqc/58//#testresult/fe6c9c18d52bc269","status":"failed","statusDetails":"The following asserts failed:\n\tDiscounted Mocha should not be present in cart after removing other items expected [null] but found [com.coffeecart.ui.component.FullItemComponent@7ddd5715],\n\tTotal button should not be displayed when cart is empty expected [false] but found [true],\n\tEmpty cart message should be displayed  expected [true] but found [false],\n\tCart counter should be '0' but was '1' expected [0] but found [1]","time":{"start":1749123058397,"stop":1749123062250,"duration":3853}},{"uid":"85e8ccc87ccaea83","reportUrl":"https://UA-1378-TAQC.github.io/coffeecart.taqc/57//#testresult/85e8ccc87ccaea83","status":"failed","statusDetails":"The following asserts failed:\n\tDiscounted Mocha should not be present in cart after removing other items expected [null] but found [com.coffeecart.ui.component.FullItemComponent@7197b96c],\n\tTotal button should not be displayed when cart is empty expected [false] but found [true],\n\tEmpty cart message should be displayed  expected [true] but found [false],\n\tCart counter should be '0' but was '1' expected [0] but found [1]","time":{"start":1749122944734,"stop":1749122948622,"duration":3888}},{"uid":"5f31fd4b94d8e73c","reportUrl":"https://UA-1378-TAQC.github.io/coffeecart.taqc/49//#testresult/5f31fd4b94d8e73c","status":"failed","statusDetails":"The following asserts failed:\n\tDiscounted Mocha should not be present in cart after removing other items expected [null] but found [com.coffeecart.ui.component.FullItemComponent@735666c4],\n\tTotal button should not be displayed when cart is empty expected [false] but found [true],\n\tEmpty cart message should be displayed  expected [true] but found [false],\n\tCart counter should be '0' but was '1' expected [0] but found [1]","time":{"start":1747126977261,"stop":1747126981050,"duration":3789}},{"uid":"1e54a0ff38ee337e","reportUrl":"https://UA-1378-TAQC.github.io/coffeecart.taqc/48//#testresult/1e54a0ff38ee337e","status":"failed","statusDetails":"The following asserts failed:\n\tDiscounted Mocha should not be present in cart after removing other items expected [null] but found [com.coffeecart.ui.component.FullItemComponent@37cac511],\n\tTotal button should not be displayed when cart is empty expected [false] but found [true],\n\tEmpty cart message should be displayed  expected [true] but found [false],\n\tCart counter should be '0' but was '1' expected [0] but found [1]","time":{"start":1747126461681,"stop":1747126465430,"duration":3749}},{"uid":"f31cd5e80187cdac","reportUrl":"https://UA-1378-TAQC.github.io/coffeecart.taqc/46//#testresult/f31cd5e80187cdac","status":"failed","statusDetails":"The following asserts failed:\n\tDiscounted Mocha should not be present in cart after removing other items expected [null] but found [com.coffeecart.ui.component.FullItemComponent@2ad404c0],\n\tTotal button should not be displayed when cart is empty expected [false] but found [true],\n\tEmpty cart message should be displayed  expected [true] but found [false],\n\tCart counter should be '0' but was '1' expected [0] but found [1]","time":{"start":1747125612785,"stop":1747125616582,"duration":3797}},{"uid":"e18b126469235ea2","reportUrl":"https://UA-1378-TAQC.github.io/coffeecart.taqc/43//#testresult/e18b126469235ea2","status":"failed","statusDetails":"The following asserts failed:\n\tDiscounted Mocha should not be present in cart after removing other items expected [null] but found [com.coffeecart.ui.component.FullItemComponent@77648a90],\n\tTotal button should not be displayed when cart is empty expected [false] but found [true],\n\tEmpty cart message should be displayed  expected [true] but found [false],\n\tCart counter should be '0' but was '1' expected [0] but found [1]","time":{"start":1747124739444,"stop":1747124743240,"duration":3796}},{"uid":"e06ca849359d8bb1","reportUrl":"https://UA-1378-TAQC.github.io/coffeecart.taqc/41//#testresult/e06ca849359d8bb1","status":"failed","statusDetails":"The following asserts failed:\n\tDiscounted Mocha should not be present in cart after removing other items expected [null] but found [com.coffeecart.ui.component.FullItemComponent@5d351930],\n\tTotal button should not be displayed when cart is empty expected [false] but found [true],\n\tEmpty cart message should be displayed  expected [true] but found [false],\n\tCart counter should be '0' but was '1' expected [0] but found [1]","time":{"start":1747124537617,"stop":1747124541387,"duration":3770}},{"uid":"44d89f70370fba5b","reportUrl":"https://UA-1378-TAQC.github.io/coffeecart.taqc/39//#testresult/44d89f70370fba5b","status":"failed","statusDetails":"The following asserts failed:\n\tDiscounted Mocha should not be present in cart after removing other items expected [null] but found [com.coffeecart.ui.component.FullItemComponent@64922e2f],\n\tTotal button should not be displayed when cart is empty expected [false] but found [true],\n\tEmpty cart message should be displayed  expected [true] but found [false],\n\tCart counter should be '0' but was '1' expected [0] but found [1]","time":{"start":1747124023010,"stop":1747124026816,"duration":3806}},{"uid":"7c47908bb694a44f","reportUrl":"https://UA-1378-TAQC.github.io/coffeecart.taqc/24//#testresult/7c47908bb694a44f","status":"failed","statusDetails":"The following asserts failed:\n\tDiscounted Mocha should not be present in cart after removing other items expected [null] but found [com.coffeecart.ui.component.FullItemComponent@6d4eabb7],\n\tTotal button should not be displayed when cart is empty expected [false] but found [true],\n\tEmpty cart message should be displayed  expected [true] but found [false],\n\tCart counter should be '0' but was '1' expected [0] but found [1]","time":{"start":1746793304663,"stop":1746793308580,"duration":3917}}]},"tags":[]},"source":"4a54ac5a59f69a38.json","parameterValues":[]}