{"uid":"9d0ccfcfe2946b56","name":"verifyPaymentModalClosing","fullName":"com.coffeecart.ui.PaymentModalClosingOnMenuPageTest.verifyPaymentModalClosing","historyId":"70e033bc82bea30d3629590658944d67","time":{"start":1750420246403,"stop":1750420247405,"duration":1002},"description":"Verify that the Payment Details Modal retains pre-filled values after closing via the 'X' icon on the MenuPage","descriptionHtml":"<p>Verify that the Payment Details Modal retains pre-filled values after closing via the 'X' icon on the MenuPage</p>\n","status":"failed","statusMessage":"The following asserts failed:\n\tName field should be empty after navigation expected [] but found [null],\n\tEmail field should be empty after navigation expected [] but found [null]","statusTrace":"java.lang.AssertionError: The following asserts failed:\n\tName field should be empty after navigation expected [] but found [null],\n\tEmail field should be empty after navigation expected [] but found [null]\n\tat org.testng.asserts.SoftAssert.assertAll(SoftAssert.java:46)\n\tat org.testng.asserts.SoftAssert.assertAll(SoftAssert.java:30)\n\tat com.coffeecart.ui.PaymentModalClosingOnMenuPageTest.verifyPaymentModalClosing(PaymentModalClosingOnMenuPageTest.java:53)\n\tat java.base/jdk.internal.reflect.DirectMethodHandleAccessor.invoke(DirectMethodHandleAccessor.java:103)\n\tat java.base/java.lang.reflect.Method.invoke(Method.java:580)\n\tat org.testng.internal.invokers.MethodInvocationHelper.invokeMethod(MethodInvocationHelper.java:141)\n\tat org.testng.internal.invokers.TestInvoker.invokeMethod(TestInvoker.java:686)\n\tat org.testng.internal.invokers.TestInvoker.invokeTestMethod(TestInvoker.java:230)\n\tat org.testng.internal.invokers.MethodRunner.runInSequence(MethodRunner.java:63)\n\tat org.testng.internal.invokers.TestInvoker$MethodInvocationAgent.invoke(TestInvoker.java:992)\n\tat org.testng.internal.invokers.TestInvoker.invokeTestMethods(TestInvoker.java:203)\n\tat org.testng.internal.invokers.TestMethodWorker.invokeTestMethods(TestMethodWorker.java:154)\n\tat org.testng.internal.invokers.TestMethodWorker.run(TestMethodWorker.java:134)\n\tat java.base/java.util.ArrayList.forEach(ArrayList.java:1596)\n\tat org.testng.TestRunner.privateRun(TestRunner.java:739)\n\tat org.testng.TestRunner.run(TestRunner.java:614)\n\tat org.testng.SuiteRunner.runTest(SuiteRunner.java:421)\n\tat org.testng.SuiteRunner.runSequentially(SuiteRunner.java:413)\n\tat org.testng.SuiteRunner.privateRun(SuiteRunner.java:373)\n\tat org.testng.SuiteRunner.run(SuiteRunner.java:312)\n\tat org.testng.SuiteRunnerWorker.runSuite(SuiteRunnerWorker.java:52)\n\tat org.testng.SuiteRunnerWorker.run(SuiteRunnerWorker.java:95)\n\tat org.testng.TestNG.runSuitesSequentially(TestNG.java:1274)\n\tat org.testng.TestNG.runSuitesLocally(TestNG.java:1208)\n\tat org.testng.TestNG.runSuites(TestNG.java:1112)\n\tat org.testng.TestNG.run(TestNG.java:1079)\n\tat org.apache.maven.surefire.testng.TestNGExecutor.run(TestNGExecutor.java:308)\n\tat org.apache.maven.surefire.testng.TestNGXmlTestSuite.execute(TestNGXmlTestSuite.java:71)\n\tat org.apache.maven.surefire.testng.TestNGProvider.invoke(TestNGProvider.java:113)\n\tat org.apache.maven.surefire.booter.ForkedBooter.runSuitesInProcess(ForkedBooter.java:385)\n\tat org.apache.maven.surefire.booter.ForkedBooter.execute(ForkedBooter.java:162)\n\tat org.apache.maven.surefire.booter.ForkedBooter.run(ForkedBooter.java:507)\n\tat org.apache.maven.surefire.booter.ForkedBooter.main(ForkedBooter.java:495)\n","flaky":false,"newFailed":false,"newBroken":false,"newPassed":false,"retriesCount":0,"retriesStatusChange":false,"beforeStages":[{"name":"beforeClass","time":{"start":1750420245959,"stop":1750420246401,"duration":442},"description":"","status":"passed","steps":[{"name":"init ChromeDriver","time":{"start":1750420245959,"stop":1750420246242,"duration":283},"status":"passed","steps":[],"attachments":[],"parameters":[],"shouldDisplayMessage":false,"stepsCount":0,"attachmentsCount":0,"hasContent":false,"attachmentStep":false}],"attachments":[],"parameters":[],"shouldDisplayMessage":false,"stepsCount":1,"attachmentsCount":0,"hasContent":true,"attachmentStep":false}],"testStage":{"description":"Verify that the Payment Details Modal retains pre-filled values after closing via the 'X' icon on the MenuPage","status":"failed","statusMessage":"The following asserts failed:\n\tName field should be empty after navigation expected [] but found [null],\n\tEmail field should be empty after navigation expected [] but found [null]","statusTrace":"java.lang.AssertionError: The following asserts failed:\n\tName field should be empty after navigation expected [] but found [null],\n\tEmail field should be empty after navigation expected [] but found [null]\n\tat org.testng.asserts.SoftAssert.assertAll(SoftAssert.java:46)\n\tat org.testng.asserts.SoftAssert.assertAll(SoftAssert.java:30)\n\tat com.coffeecart.ui.PaymentModalClosingOnMenuPageTest.verifyPaymentModalClosing(PaymentModalClosingOnMenuPageTest.java:53)\n\tat java.base/jdk.internal.reflect.DirectMethodHandleAccessor.invoke(DirectMethodHandleAccessor.java:103)\n\tat java.base/java.lang.reflect.Method.invoke(Method.java:580)\n\tat org.testng.internal.invokers.MethodInvocationHelper.invokeMethod(MethodInvocationHelper.java:141)\n\tat org.testng.internal.invokers.TestInvoker.invokeMethod(TestInvoker.java:686)\n\tat org.testng.internal.invokers.TestInvoker.invokeTestMethod(TestInvoker.java:230)\n\tat org.testng.internal.invokers.MethodRunner.runInSequence(MethodRunner.java:63)\n\tat org.testng.internal.invokers.TestInvoker$MethodInvocationAgent.invoke(TestInvoker.java:992)\n\tat org.testng.internal.invokers.TestInvoker.invokeTestMethods(TestInvoker.java:203)\n\tat org.testng.internal.invokers.TestMethodWorker.invokeTestMethods(TestMethodWorker.java:154)\n\tat org.testng.internal.invokers.TestMethodWorker.run(TestMethodWorker.java:134)\n\tat java.base/java.util.ArrayList.forEach(ArrayList.java:1596)\n\tat org.testng.TestRunner.privateRun(TestRunner.java:739)\n\tat org.testng.TestRunner.run(TestRunner.java:614)\n\tat org.testng.SuiteRunner.runTest(SuiteRunner.java:421)\n\tat org.testng.SuiteRunner.runSequentially(SuiteRunner.java:413)\n\tat org.testng.SuiteRunner.privateRun(SuiteRunner.java:373)\n\tat org.testng.SuiteRunner.run(SuiteRunner.java:312)\n\tat org.testng.SuiteRunnerWorker.runSuite(SuiteRunnerWorker.java:52)\n\tat org.testng.SuiteRunnerWorker.run(SuiteRunnerWorker.java:95)\n\tat org.testng.TestNG.runSuitesSequentially(TestNG.java:1274)\n\tat org.testng.TestNG.runSuitesLocally(TestNG.java:1208)\n\tat org.testng.TestNG.runSuites(TestNG.java:1112)\n\tat org.testng.TestNG.run(TestNG.java:1079)\n\tat org.apache.maven.surefire.testng.TestNGExecutor.run(TestNGExecutor.java:308)\n\tat org.apache.maven.surefire.testng.TestNGXmlTestSuite.execute(TestNGXmlTestSuite.java:71)\n\tat org.apache.maven.surefire.testng.TestNGProvider.invoke(TestNGProvider.java:113)\n\tat org.apache.maven.surefire.booter.ForkedBooter.runSuitesInProcess(ForkedBooter.java:385)\n\tat org.apache.maven.surefire.booter.ForkedBooter.execute(ForkedBooter.java:162)\n\tat org.apache.maven.surefire.booter.ForkedBooter.run(ForkedBooter.java:507)\n\tat org.apache.maven.surefire.booter.ForkedBooter.main(ForkedBooter.java:495)\n","steps":[{"name":"Click on cup with title: Espresso","time":{"start":1750420246414,"stop":1750420246542,"duration":128},"status":"passed","steps":[{"name":"Click on Cup body","time":{"start":1750420246434,"stop":1750420246542,"duration":108},"status":"passed","steps":[],"attachments":[],"parameters":[],"shouldDisplayMessage":false,"stepsCount":0,"attachmentsCount":0,"hasContent":false,"attachmentStep":false}],"attachments":[],"parameters":[{"name":"drinkName","value":"Espresso"}],"shouldDisplayMessage":false,"stepsCount":1,"attachmentsCount":0,"hasContent":true,"attachmentStep":false},{"name":"Click 'Total' button","time":{"start":1750420246542,"stop":1750420246627,"duration":85},"status":"passed","steps":[],"attachments":[],"parameters":[],"shouldDisplayMessage":false,"stepsCount":0,"attachmentsCount":0,"hasContent":false,"attachmentStep":false},{"name":"Set Name Input test","time":{"start":1750420246628,"stop":1750420246700,"duration":72},"status":"passed","steps":[],"attachments":[],"parameters":[{"name":"name","value":"test"}],"shouldDisplayMessage":false,"stepsCount":0,"attachmentsCount":0,"hasContent":true,"attachmentStep":false},{"name":"Set Email Input test@test.com","time":{"start":1750420246700,"stop":1750420246783,"duration":83},"status":"passed","steps":[],"attachments":[],"parameters":[{"name":"email","value":"test@test.com"}],"shouldDisplayMessage":false,"stepsCount":0,"attachmentsCount":0,"hasContent":true,"attachmentStep":false},{"name":"Mark the check box","time":{"start":1750420246783,"stop":1750420246870,"duration":87},"status":"passed","steps":[],"attachments":[],"parameters":[],"shouldDisplayMessage":false,"stepsCount":0,"attachmentsCount":0,"hasContent":false,"attachmentStep":false},{"name":"Close modal window","time":{"start":1750420246870,"stop":1750420246938,"duration":68},"status":"passed","steps":[],"attachments":[],"parameters":[],"shouldDisplayMessage":false,"stepsCount":0,"attachmentsCount":0,"hasContent":false,"attachmentStep":false},{"name":"Click 'Total' button","time":{"start":1750420246938,"stop":1750420247006,"duration":68},"status":"passed","steps":[],"attachments":[],"parameters":[],"shouldDisplayMessage":false,"stepsCount":0,"attachmentsCount":0,"hasContent":false,"attachmentStep":false},{"name":"Close modal window","time":{"start":1750420247112,"stop":1750420247174,"duration":62},"status":"passed","steps":[],"attachments":[],"parameters":[],"shouldDisplayMessage":false,"stepsCount":0,"attachmentsCount":0,"hasContent":false,"attachmentStep":false},{"name":"Navigate to the Cart Page","time":{"start":1750420247174,"stop":1750420247280,"duration":106},"status":"passed","steps":[{"name":"Click on Cart page","time":{"start":1750420247174,"stop":1750420247280,"duration":106},"status":"passed","steps":[],"attachments":[],"parameters":[],"shouldDisplayMessage":false,"stepsCount":0,"attachmentsCount":0,"hasContent":false,"attachmentStep":false}],"attachments":[],"parameters":[],"shouldDisplayMessage":false,"stepsCount":1,"attachmentsCount":0,"hasContent":true,"attachmentStep":false},{"name":"Click on the Total button","time":{"start":1750420247280,"stop":1750420247348,"duration":68},"status":"passed","steps":[],"attachments":[],"parameters":[],"shouldDisplayMessage":false,"stepsCount":0,"attachmentsCount":0,"hasContent":false,"attachmentStep":false}],"attachments":[],"parameters":[],"shouldDisplayMessage":true,"stepsCount":12,"attachmentsCount":0,"hasContent":true,"attachmentStep":false},"afterStages":[{"name":"afterClass","time":{"start":1750420247406,"stop":1750420247556,"duration":150},"description":"","status":"passed","steps":[],"attachments":[{"uid":"660d834cd14d84d8","name":"Image name = PICTURE Test Name = RegularTests","source":"660d834cd14d84d8.png","type":"image/png","size":27475}],"parameters":[],"shouldDisplayMessage":false,"stepsCount":0,"attachmentsCount":1,"hasContent":true,"attachmentStep":false}],"labels":[{"name":"package","value":"com.coffeecart.ui.PaymentModalClosingOnMenuPageTest"},{"name":"testClass","value":"com.coffeecart.ui.PaymentModalClosingOnMenuPageTest"},{"name":"testMethod","value":"verifyPaymentModalClosing"},{"name":"parentSuite","value":"AllTests"},{"name":"suite","value":"RegularTests"},{"name":"subSuite","value":"com.coffeecart.ui.PaymentModalClosingOnMenuPageTest"},{"name":"host","value":"fv-az1755-648"},{"name":"thread","value":"2436@fv-az1755-648.main(1)"},{"name":"framework","value":"testng"},{"name":"language","value":"java"},{"name":"feature","value":"Closing Payment Details Modal"},{"name":"owner","value":"Nataliia Hrusha"},{"name":"resultFormat","value":"allure2"}],"parameters":[],"links":[{"name":"171","url":"https://github.com/UA-1378-TAQC/coffeecart.taqc/issues/171","type":"issue"}],"hidden":false,"retry":false,"extra":{"severity":"normal","owner":"Nataliia Hrusha","retries":[],"categories":[{"name":"Product defects","matchedStatuses":[],"flaky":false}],"history":{"statistic":{"failed":10,"broken":0,"skipped":0,"passed":0,"unknown":0,"total":10},"items":[{"uid":"8dea65a47a739e2f","reportUrl":"https://UA-1378-TAQC.github.io/coffeecart.taqc/89//#testresult/8dea65a47a739e2f","status":"failed","statusDetails":"The following asserts failed:\n\tName field should be empty after navigation expected [] but found [null],\n\tEmail field should be empty after navigation expected [] but found [null]","time":{"start":1750412883436,"stop":1750412884419,"duration":983}},{"uid":"d9985e2def70f8da","reportUrl":"https://UA-1378-TAQC.github.io/coffeecart.taqc/88//#testresult/d9985e2def70f8da","status":"failed","statusDetails":"The following asserts failed:\n\tName field should be empty after navigation expected [] but found [null],\n\tEmail field should be empty after navigation expected [] but found [null]","time":{"start":1750412809899,"stop":1750412810852,"duration":953}},{"uid":"2836d62f98852d2f","reportUrl":"https://UA-1378-TAQC.github.io/coffeecart.taqc/87//#testresult/2836d62f98852d2f","status":"failed","statusDetails":"The following asserts failed:\n\tName field should be empty after navigation expected [] but found [null],\n\tEmail field should be empty after navigation expected [] but found [null]","time":{"start":1750412684751,"stop":1750412685719,"duration":968}},{"uid":"570eba9ca9f89790","reportUrl":"https://UA-1378-TAQC.github.io/coffeecart.taqc/86//#testresult/570eba9ca9f89790","status":"failed","statusDetails":"The following asserts failed:\n\tName field should be empty after navigation expected [] but found [null],\n\tEmail field should be empty after navigation expected [] but found [null]","time":{"start":1750327089336,"stop":1750327090349,"duration":1013}},{"uid":"40ce9c8484f1ee40","reportUrl":"https://UA-1378-TAQC.github.io/coffeecart.taqc/85//#testresult/40ce9c8484f1ee40","status":"failed","statusDetails":"The following asserts failed:\n\tName field should be empty after navigation expected [] but found [null],\n\tEmail field should be empty after navigation expected [] but found [null]","time":{"start":1750249394359,"stop":1750249395352,"duration":993}},{"uid":"96f9b565f6961f63","reportUrl":"https://UA-1378-TAQC.github.io/coffeecart.taqc/84//#testresult/96f9b565f6961f63","status":"failed","statusDetails":"The following asserts failed:\n\tName field should be empty after navigation expected [] but found [null],\n\tEmail field should be empty after navigation expected [] but found [null]","time":{"start":1750249267740,"stop":1750249268743,"duration":1003}},{"uid":"79171fbfd2b0fd91","reportUrl":"https://UA-1378-TAQC.github.io/coffeecart.taqc/83//#testresult/79171fbfd2b0fd91","status":"failed","statusDetails":"The following asserts failed:\n\tName field should be empty after navigation expected [] but found [null],\n\tEmail field should be empty after navigation expected [] but found [null]","time":{"start":1750248389749,"stop":1750248390724,"duration":975}},{"uid":"551f0fefa35811c5","reportUrl":"https://UA-1378-TAQC.github.io/coffeecart.taqc/81//#testresult/551f0fefa35811c5","status":"failed","statusDetails":"The following asserts failed:\n\tName field should be empty after navigation expected [] but found [null],\n\tEmail field should be empty after navigation expected [] but found [null]","time":{"start":1749849544508,"stop":1749849545570,"duration":1062}},{"uid":"a8a7549018f4753e","reportUrl":"https://UA-1378-TAQC.github.io/coffeecart.taqc/79//#testresult/a8a7549018f4753e","status":"failed","statusDetails":"The following asserts failed:\n\tName field should be empty after navigation expected [] but found [null],\n\tEmail field should be empty after navigation expected [] but found [null]","time":{"start":1749833192044,"stop":1749833193089,"duration":1045}}]},"tags":[]},"source":"9d0ccfcfe2946b56.json","parameterValues":[]}