{"uid":"7c47908bb694a44f","name":"verifyDiscountedMochaRemovalViaRemoveButtonOnCartPage","fullName":"com.coffeecart.ui.CartPageDiscountedMochaRemovalTest.verifyDiscountedMochaRemovalViaRemoveButtonOnCartPage","historyId":"b7c67ab8dcacec4ce93241fa192c3570","time":{"start":1746793304663,"stop":1746793308580,"duration":3917},"description":"Verify that the Discounted Mocha item in the Cart Page disappears after removing the other coffee cups via the 'x' button","descriptionHtml":"<p>Verify that the Discounted Mocha item in the Cart Page disappears after removing the other coffee cups via the 'x' button</p>\n","status":"failed","statusMessage":"The following asserts failed:\n\tDiscounted Mocha should not be present in cart after removing other items expected [null] but found [com.coffeecart.ui.component.FullItemComponent@6d4eabb7],\n\tTotal button should not be displayed when cart is empty expected [false] but found [true],\n\tEmpty cart message should be displayed  expected [true] but found [false],\n\tCart counter should be '0' but was '1' expected [0] but found [1]","statusTrace":"java.lang.AssertionError: The following asserts failed:\n\tDiscounted Mocha should not be present in cart after removing other items expected [null] but found [com.coffeecart.ui.component.FullItemComponent@6d4eabb7],\n\tTotal button should not be displayed when cart is empty expected [false] but found [true],\n\tEmpty cart message should be displayed  expected [true] but found [false],\n\tCart counter should be '0' but was '1' expected [0] but found [1]\n\tat org.testng.asserts.SoftAssert.assertAll(SoftAssert.java:46)\n\tat org.testng.asserts.SoftAssert.assertAll(SoftAssert.java:30)\n\tat com.coffeecart.ui.CartPageDiscountedMochaRemovalTest.verifyDiscountedMochaRemovalViaRemoveButtonOnCartPage(CartPageDiscountedMochaRemovalTest.java:66)\n\tat java.base/jdk.internal.reflect.DirectMethodHandleAccessor.invoke(DirectMethodHandleAccessor.java:103)\n\tat java.base/java.lang.reflect.Method.invoke(Method.java:580)\n\tat org.testng.internal.invokers.MethodInvocationHelper.invokeMethod(MethodInvocationHelper.java:141)\n\tat org.testng.internal.invokers.TestInvoker.invokeMethod(TestInvoker.java:686)\n\tat org.testng.internal.invokers.TestInvoker.invokeTestMethod(TestInvoker.java:230)\n\tat org.testng.internal.invokers.MethodRunner.runInSequence(MethodRunner.java:63)\n\tat org.testng.internal.invokers.TestInvoker$MethodInvocationAgent.invoke(TestInvoker.java:992)\n\tat org.testng.internal.invokers.TestInvoker.invokeTestMethods(TestInvoker.java:203)\n\tat org.testng.internal.invokers.TestMethodWorker.invokeTestMethods(TestMethodWorker.java:154)\n\tat org.testng.internal.invokers.TestMethodWorker.run(TestMethodWorker.java:134)\n\tat java.base/java.util.ArrayList.forEach(ArrayList.java:1596)\n\tat org.testng.TestRunner.privateRun(TestRunner.java:739)\n\tat org.testng.TestRunner.run(TestRunner.java:614)\n\tat org.testng.SuiteRunner.runTest(SuiteRunner.java:421)\n\tat org.testng.SuiteRunner.runSequentially(SuiteRunner.java:413)\n\tat org.testng.SuiteRunner.privateRun(SuiteRunner.java:373)\n\tat org.testng.SuiteRunner.run(SuiteRunner.java:312)\n\tat org.testng.SuiteRunnerWorker.runSuite(SuiteRunnerWorker.java:52)\n\tat org.testng.SuiteRunnerWorker.run(SuiteRunnerWorker.java:95)\n\tat org.testng.TestNG.runSuitesSequentially(TestNG.java:1274)\n\tat org.testng.TestNG.runSuitesLocally(TestNG.java:1208)\n\tat org.testng.TestNG.runSuites(TestNG.java:1112)\n\tat org.testng.TestNG.run(TestNG.java:1079)\n\tat org.apache.maven.surefire.testng.TestNGExecutor.run(TestNGExecutor.java:155)\n\tat org.apache.maven.surefire.testng.TestNGDirectoryTestSuite.executeMulti(TestNGDirectoryTestSuite.java:169)\n\tat org.apache.maven.surefire.testng.TestNGDirectoryTestSuite.execute(TestNGDirectoryTestSuite.java:88)\n\tat org.apache.maven.surefire.testng.TestNGProvider.invoke(TestNGProvider.java:137)\n\tat org.apache.maven.surefire.booter.ForkedBooter.runSuitesInProcess(ForkedBooter.java:385)\n\tat org.apache.maven.surefire.booter.ForkedBooter.execute(ForkedBooter.java:162)\n\tat org.apache.maven.surefire.booter.ForkedBooter.run(ForkedBooter.java:507)\n\tat org.apache.maven.surefire.booter.ForkedBooter.main(ForkedBooter.java:495)\n","flaky":false,"newFailed":false,"newBroken":false,"newPassed":false,"retriesCount":0,"retriesStatusChange":false,"beforeStages":[{"name":"beforeClass","time":{"start":1746793304159,"stop":1746793304661,"duration":502},"description":"","status":"passed","steps":[{"name":"init ChromeDriver","time":{"start":1746793304159,"stop":1746793304488,"duration":329},"status":"passed","steps":[],"attachments":[],"parameters":[],"shouldDisplayMessage":false,"stepsCount":0,"attachmentsCount":0,"hasContent":false,"attachmentStep":false}],"attachments":[],"parameters":[],"shouldDisplayMessage":false,"stepsCount":1,"attachmentsCount":0,"hasContent":true,"attachmentStep":false}],"testStage":{"description":"Verify that the Discounted Mocha item in the Cart Page disappears after removing the other coffee cups via the 'x' button","status":"failed","statusMessage":"The following asserts failed:\n\tDiscounted Mocha should not be present in cart after removing other items expected [null] but found [com.coffeecart.ui.component.FullItemComponent@6d4eabb7],\n\tTotal button should not be displayed when cart is empty expected [false] but found [true],\n\tEmpty cart message should be displayed  expected [true] but found [false],\n\tCart counter should be '0' but was '1' expected [0] but found [1]","statusTrace":"java.lang.AssertionError: The following asserts failed:\n\tDiscounted Mocha should not be present in cart after removing other items expected [null] but found [com.coffeecart.ui.component.FullItemComponent@6d4eabb7],\n\tTotal button should not be displayed when cart is empty expected [false] but found [true],\n\tEmpty cart message should be displayed  expected [true] but found [false],\n\tCart counter should be '0' but was '1' expected [0] but found [1]\n\tat org.testng.asserts.SoftAssert.assertAll(SoftAssert.java:46)\n\tat org.testng.asserts.SoftAssert.assertAll(SoftAssert.java:30)\n\tat com.coffeecart.ui.CartPageDiscountedMochaRemovalTest.verifyDiscountedMochaRemovalViaRemoveButtonOnCartPage(CartPageDiscountedMochaRemovalTest.java:66)\n\tat java.base/jdk.internal.reflect.DirectMethodHandleAccessor.invoke(DirectMethodHandleAccessor.java:103)\n\tat java.base/java.lang.reflect.Method.invoke(Method.java:580)\n\tat org.testng.internal.invokers.MethodInvocationHelper.invokeMethod(MethodInvocationHelper.java:141)\n\tat org.testng.internal.invokers.TestInvoker.invokeMethod(TestInvoker.java:686)\n\tat org.testng.internal.invokers.TestInvoker.invokeTestMethod(TestInvoker.java:230)\n\tat org.testng.internal.invokers.MethodRunner.runInSequence(MethodRunner.java:63)\n\tat org.testng.internal.invokers.TestInvoker$MethodInvocationAgent.invoke(TestInvoker.java:992)\n\tat org.testng.internal.invokers.TestInvoker.invokeTestMethods(TestInvoker.java:203)\n\tat org.testng.internal.invokers.TestMethodWorker.invokeTestMethods(TestMethodWorker.java:154)\n\tat org.testng.internal.invokers.TestMethodWorker.run(TestMethodWorker.java:134)\n\tat java.base/java.util.ArrayList.forEach(ArrayList.java:1596)\n\tat org.testng.TestRunner.privateRun(TestRunner.java:739)\n\tat org.testng.TestRunner.run(TestRunner.java:614)\n\tat org.testng.SuiteRunner.runTest(SuiteRunner.java:421)\n\tat org.testng.SuiteRunner.runSequentially(SuiteRunner.java:413)\n\tat org.testng.SuiteRunner.privateRun(SuiteRunner.java:373)\n\tat org.testng.SuiteRunner.run(SuiteRunner.java:312)\n\tat org.testng.SuiteRunnerWorker.runSuite(SuiteRunnerWorker.java:52)\n\tat org.testng.SuiteRunnerWorker.run(SuiteRunnerWorker.java:95)\n\tat org.testng.TestNG.runSuitesSequentially(TestNG.java:1274)\n\tat org.testng.TestNG.runSuitesLocally(TestNG.java:1208)\n\tat org.testng.TestNG.runSuites(TestNG.java:1112)\n\tat org.testng.TestNG.run(TestNG.java:1079)\n\tat org.apache.maven.surefire.testng.TestNGExecutor.run(TestNGExecutor.java:155)\n\tat org.apache.maven.surefire.testng.TestNGDirectoryTestSuite.executeMulti(TestNGDirectoryTestSuite.java:169)\n\tat org.apache.maven.surefire.testng.TestNGDirectoryTestSuite.execute(TestNGDirectoryTestSuite.java:88)\n\tat org.apache.maven.surefire.testng.TestNGProvider.invoke(TestNGProvider.java:137)\n\tat org.apache.maven.surefire.booter.ForkedBooter.runSuitesInProcess(ForkedBooter.java:385)\n\tat org.apache.maven.surefire.booter.ForkedBooter.execute(ForkedBooter.java:162)\n\tat org.apache.maven.surefire.booter.ForkedBooter.run(ForkedBooter.java:507)\n\tat org.apache.maven.surefire.booter.ForkedBooter.main(ForkedBooter.java:495)\n","steps":[{"name":"Click on cup with title: Espresso","time":{"start":1746793304731,"stop":1746793304872,"duration":141},"status":"passed","steps":[{"name":"Click on Cup body","time":{"start":1746793304753,"stop":1746793304872,"duration":119},"status":"passed","steps":[],"attachments":[],"parameters":[],"shouldDisplayMessage":false,"stepsCount":0,"attachmentsCount":0,"hasContent":false,"attachmentStep":false}],"attachments":[],"parameters":[{"name":"drinkName","value":"Espresso"}],"shouldDisplayMessage":false,"stepsCount":1,"attachmentsCount":0,"hasContent":true,"attachmentStep":false},{"name":"Click on cup with title: Espresso","time":{"start":1746793304872,"stop":1746793304991,"duration":119},"status":"passed","steps":[{"name":"Click on Cup body","time":{"start":1746793304885,"stop":1746793304991,"duration":106},"status":"passed","steps":[],"attachments":[],"parameters":[],"shouldDisplayMessage":false,"stepsCount":0,"attachmentsCount":0,"hasContent":false,"attachmentStep":false}],"attachments":[],"parameters":[{"name":"drinkName","value":"Espresso"}],"shouldDisplayMessage":false,"stepsCount":1,"attachmentsCount":0,"hasContent":true,"attachmentStep":false},{"name":"Click on cup with title: Espresso","time":{"start":1746793304991,"stop":1746793306125,"duration":1134},"status":"passed","steps":[{"name":"Click on Cup body","time":{"start":1746793305002,"stop":1746793306125,"duration":1123},"status":"passed","steps":[],"attachments":[],"parameters":[],"shouldDisplayMessage":false,"stepsCount":0,"attachmentsCount":0,"hasContent":false,"attachmentStep":false}],"attachments":[],"parameters":[{"name":"drinkName","value":"Espresso"}],"shouldDisplayMessage":false,"stepsCount":1,"attachmentsCount":0,"hasContent":true,"attachmentStep":false},{"name":"Click «Yes, of course!»","time":{"start":1746793306140,"stop":1746793307230,"duration":1090},"status":"passed","steps":[{"name":"Click on the element","time":{"start":1746793306153,"stop":1746793306186,"duration":33},"status":"passed","steps":[],"attachments":[],"parameters":[{"name":"element","value":"[[[[ChromeDriver: chrome on linux (d802548e2de432c92b106036efc4b0f1)] -> xpath: //div[@class='promo']]] -> xpath: .//button[contains(@class,'yes')]]"}],"shouldDisplayMessage":false,"stepsCount":0,"attachmentsCount":0,"hasContent":true,"attachmentStep":false}],"attachments":[],"parameters":[],"shouldDisplayMessage":false,"stepsCount":1,"attachmentsCount":0,"hasContent":true,"attachmentStep":false},{"name":"Navigate to the Cart Page","time":{"start":1746793307256,"stop":1746793307356,"duration":100},"status":"passed","steps":[{"name":"Click on Cart page","time":{"start":1746793307256,"stop":1746793307356,"duration":100},"status":"passed","steps":[],"attachments":[],"parameters":[],"shouldDisplayMessage":false,"stepsCount":0,"attachmentsCount":0,"hasContent":false,"attachmentStep":false}],"attachments":[],"parameters":[],"shouldDisplayMessage":false,"stepsCount":1,"attachmentsCount":0,"hasContent":true,"attachmentStep":false},{"name":"Click delete button of cart list item ","time":{"start":1746793307417,"stop":1746793307497,"duration":80},"status":"passed","steps":[],"attachments":[],"parameters":[],"shouldDisplayMessage":false,"stepsCount":0,"attachmentsCount":0,"hasContent":false,"attachmentStep":false}],"attachments":[],"parameters":[],"shouldDisplayMessage":true,"stepsCount":11,"attachmentsCount":0,"hasContent":true,"attachmentStep":false},"afterStages":[{"name":"afterClass","time":{"start":1746793308581,"stop":1746793308726,"duration":145},"description":"","status":"passed","steps":[],"attachments":[{"uid":"1f914d531ac79be0","name":"Image name = PICTURE Test Name = Surefire test","source":"1f914d531ac79be0.png","type":"image/png","size":21121}],"parameters":[],"shouldDisplayMessage":false,"stepsCount":0,"attachmentsCount":1,"hasContent":true,"attachmentStep":false}],"labels":[{"name":"package","value":"com.coffeecart.ui.CartPageDiscountedMochaRemovalTest"},{"name":"testClass","value":"com.coffeecart.ui.CartPageDiscountedMochaRemovalTest"},{"name":"testMethod","value":"verifyDiscountedMochaRemovalViaRemoveButtonOnCartPage"},{"name":"parentSuite","value":"Surefire suite"},{"name":"suite","value":"Surefire test"},{"name":"subSuite","value":"com.coffeecart.ui.CartPageDiscountedMochaRemovalTest"},{"name":"host","value":"fv-az790-714"},{"name":"thread","value":"2397@fv-az790-714.main(1)"},{"name":"framework","value":"testng"},{"name":"language","value":"java"},{"name":"owner","value":"Nataliia Hrusha"},{"name":"feature","value":"Discounted Mocha Removal"},{"name":"resultFormat","value":"allure2"}],"parameters":[],"links":[{"name":"31","url":"https://github.com/UA-1378-TAQC/coffeecart.taqc/issues/31","type":"issue"}],"hidden":false,"retry":false,"extra":{"severity":"normal","owner":"Nataliia Hrusha","retries":[],"categories":[{"name":"Product defects","matchedStatuses":[],"flaky":false}],"tags":[]},"source":"7c47908bb694a44f.json","parameterValues":[]}