{"uid":"161db4fd6824aabd","name":"verifyDiscountedMochaRemovalViaRemoveButtonOnCartPage","fullName":"com.coffeecart.ui.CartPageDiscountedMochaRemovalTest.verifyDiscountedMochaRemovalViaRemoveButtonOnCartPage","historyId":"b7c67ab8dcacec4ce93241fa192c3570","time":{"start":1750757100499,"stop":1750757104314,"duration":3815},"description":"Verify that the Discounted Mocha item in the Cart Page disappears after removing the other coffee cups via the 'x' button","descriptionHtml":"<p>Verify that the Discounted Mocha item in the Cart Page disappears after removing the other coffee cups via the 'x' button</p>\n","status":"failed","statusMessage":"The following asserts failed:\n\tDiscounted Mocha should not be present in cart after removing other items expected [null] but found [com.coffeecart.ui.component.FullItemComponent@39ba2234],\n\tTotal button should not be displayed when cart is empty expected [false] but found [true],\n\tEmpty cart message should be displayed  expected [true] but found [false],\n\tCart counter should be '0' but was '1' expected [0] but found [1]","statusTrace":"java.lang.AssertionError: The following asserts failed:\n\tDiscounted Mocha should not be present in cart after removing other items expected [null] but found [com.coffeecart.ui.component.FullItemComponent@39ba2234],\n\tTotal button should not be displayed when cart is empty expected [false] but found [true],\n\tEmpty cart message should be displayed  expected [true] but found [false],\n\tCart counter should be '0' but was '1' expected [0] but found [1]\n\tat org.testng.asserts.SoftAssert.assertAll(SoftAssert.java:46)\n\tat org.testng.asserts.SoftAssert.assertAll(SoftAssert.java:30)\n\tat com.coffeecart.ui.CartPageDiscountedMochaRemovalTest.verifyDiscountedMochaRemovalViaRemoveButtonOnCartPage(CartPageDiscountedMochaRemovalTest.java:66)\n\tat java.base/jdk.internal.reflect.DirectMethodHandleAccessor.invoke(DirectMethodHandleAccessor.java:103)\n\tat java.base/java.lang.reflect.Method.invoke(Method.java:580)\n\tat org.testng.internal.invokers.MethodInvocationHelper.invokeMethod(MethodInvocationHelper.java:141)\n\tat org.testng.internal.invokers.TestInvoker.invokeMethod(TestInvoker.java:686)\n\tat org.testng.internal.invokers.TestInvoker.invokeTestMethod(TestInvoker.java:230)\n\tat org.testng.internal.invokers.MethodRunner.runInSequence(MethodRunner.java:63)\n\tat org.testng.internal.invokers.TestInvoker$MethodInvocationAgent.invoke(TestInvoker.java:992)\n\tat org.testng.internal.invokers.TestInvoker.invokeTestMethods(TestInvoker.java:203)\n\tat org.testng.internal.invokers.TestMethodWorker.invokeTestMethods(TestMethodWorker.java:154)\n\tat org.testng.internal.invokers.TestMethodWorker.run(TestMethodWorker.java:134)\n\tat java.base/java.util.ArrayList.forEach(ArrayList.java:1596)\n\tat org.testng.TestRunner.privateRun(TestRunner.java:739)\n\tat org.testng.TestRunner.run(TestRunner.java:614)\n\tat org.testng.SuiteRunner.runTest(SuiteRunner.java:421)\n\tat org.testng.SuiteRunner.runSequentially(SuiteRunner.java:413)\n\tat org.testng.SuiteRunner.privateRun(SuiteRunner.java:373)\n\tat org.testng.SuiteRunner.run(SuiteRunner.java:312)\n\tat org.testng.SuiteRunnerWorker.runSuite(SuiteRunnerWorker.java:52)\n\tat org.testng.SuiteRunnerWorker.run(SuiteRunnerWorker.java:95)\n\tat org.testng.TestNG.runSuitesSequentially(TestNG.java:1274)\n\tat org.testng.TestNG.runSuitesLocally(TestNG.java:1208)\n\tat org.testng.TestNG.runSuites(TestNG.java:1112)\n\tat org.testng.TestNG.run(TestNG.java:1079)\n\tat org.apache.maven.surefire.testng.TestNGExecutor.run(TestNGExecutor.java:308)\n\tat org.apache.maven.surefire.testng.TestNGXmlTestSuite.execute(TestNGXmlTestSuite.java:71)\n\tat org.apache.maven.surefire.testng.TestNGProvider.invoke(TestNGProvider.java:113)\n\tat org.apache.maven.surefire.booter.ForkedBooter.runSuitesInProcess(ForkedBooter.java:385)\n\tat org.apache.maven.surefire.booter.ForkedBooter.execute(ForkedBooter.java:162)\n\tat org.apache.maven.surefire.booter.ForkedBooter.run(ForkedBooter.java:507)\n\tat org.apache.maven.surefire.booter.ForkedBooter.main(ForkedBooter.java:495)\n","flaky":false,"newFailed":false,"newBroken":false,"newPassed":false,"retriesCount":0,"retriesStatusChange":false,"beforeStages":[{"name":"beforeClass","time":{"start":1750757099964,"stop":1750757100496,"duration":532},"description":"","status":"passed","steps":[{"name":"init ChromeDriver","time":{"start":1750757099964,"stop":1750757100243,"duration":279},"status":"passed","steps":[],"attachments":[],"parameters":[],"shouldDisplayMessage":false,"stepsCount":0,"attachmentsCount":0,"hasContent":false,"attachmentStep":false}],"attachments":[],"parameters":[],"shouldDisplayMessage":false,"stepsCount":1,"attachmentsCount":0,"hasContent":true,"attachmentStep":false}],"testStage":{"description":"Verify that the Discounted Mocha item in the Cart Page disappears after removing the other coffee cups via the 'x' button","status":"failed","statusMessage":"The following asserts failed:\n\tDiscounted Mocha should not be present in cart after removing other items expected [null] but found [com.coffeecart.ui.component.FullItemComponent@39ba2234],\n\tTotal button should not be displayed when cart is empty expected [false] but found [true],\n\tEmpty cart message should be displayed  expected [true] but found [false],\n\tCart counter should be '0' but was '1' expected [0] but found [1]","statusTrace":"java.lang.AssertionError: The following asserts failed:\n\tDiscounted Mocha should not be present in cart after removing other items expected [null] but found [com.coffeecart.ui.component.FullItemComponent@39ba2234],\n\tTotal button should not be displayed when cart is empty expected [false] but found [true],\n\tEmpty cart message should be displayed  expected [true] but found [false],\n\tCart counter should be '0' but was '1' expected [0] but found [1]\n\tat org.testng.asserts.SoftAssert.assertAll(SoftAssert.java:46)\n\tat org.testng.asserts.SoftAssert.assertAll(SoftAssert.java:30)\n\tat com.coffeecart.ui.CartPageDiscountedMochaRemovalTest.verifyDiscountedMochaRemovalViaRemoveButtonOnCartPage(CartPageDiscountedMochaRemovalTest.java:66)\n\tat java.base/jdk.internal.reflect.DirectMethodHandleAccessor.invoke(DirectMethodHandleAccessor.java:103)\n\tat java.base/java.lang.reflect.Method.invoke(Method.java:580)\n\tat org.testng.internal.invokers.MethodInvocationHelper.invokeMethod(MethodInvocationHelper.java:141)\n\tat org.testng.internal.invokers.TestInvoker.invokeMethod(TestInvoker.java:686)\n\tat org.testng.internal.invokers.TestInvoker.invokeTestMethod(TestInvoker.java:230)\n\tat org.testng.internal.invokers.MethodRunner.runInSequence(MethodRunner.java:63)\n\tat org.testng.internal.invokers.TestInvoker$MethodInvocationAgent.invoke(TestInvoker.java:992)\n\tat org.testng.internal.invokers.TestInvoker.invokeTestMethods(TestInvoker.java:203)\n\tat org.testng.internal.invokers.TestMethodWorker.invokeTestMethods(TestMethodWorker.java:154)\n\tat org.testng.internal.invokers.TestMethodWorker.run(TestMethodWorker.java:134)\n\tat java.base/java.util.ArrayList.forEach(ArrayList.java:1596)\n\tat org.testng.TestRunner.privateRun(TestRunner.java:739)\n\tat org.testng.TestRunner.run(TestRunner.java:614)\n\tat org.testng.SuiteRunner.runTest(SuiteRunner.java:421)\n\tat org.testng.SuiteRunner.runSequentially(SuiteRunner.java:413)\n\tat org.testng.SuiteRunner.privateRun(SuiteRunner.java:373)\n\tat org.testng.SuiteRunner.run(SuiteRunner.java:312)\n\tat org.testng.SuiteRunnerWorker.runSuite(SuiteRunnerWorker.java:52)\n\tat org.testng.SuiteRunnerWorker.run(SuiteRunnerWorker.java:95)\n\tat org.testng.TestNG.runSuitesSequentially(TestNG.java:1274)\n\tat org.testng.TestNG.runSuitesLocally(TestNG.java:1208)\n\tat org.testng.TestNG.runSuites(TestNG.java:1112)\n\tat org.testng.TestNG.run(TestNG.java:1079)\n\tat org.apache.maven.surefire.testng.TestNGExecutor.run(TestNGExecutor.java:308)\n\tat org.apache.maven.surefire.testng.TestNGXmlTestSuite.execute(TestNGXmlTestSuite.java:71)\n\tat org.apache.maven.surefire.testng.TestNGProvider.invoke(TestNGProvider.java:113)\n\tat org.apache.maven.surefire.booter.ForkedBooter.runSuitesInProcess(ForkedBooter.java:385)\n\tat org.apache.maven.surefire.booter.ForkedBooter.execute(ForkedBooter.java:162)\n\tat org.apache.maven.surefire.booter.ForkedBooter.run(ForkedBooter.java:507)\n\tat org.apache.maven.surefire.booter.ForkedBooter.main(ForkedBooter.java:495)\n","steps":[{"name":"Click on cup with title: Espresso","time":{"start":1750757100512,"stop":1750757100634,"duration":122},"status":"passed","steps":[{"name":"Click on Cup body","time":{"start":1750757100531,"stop":1750757100634,"duration":103},"status":"passed","steps":[],"attachments":[],"parameters":[],"shouldDisplayMessage":false,"stepsCount":0,"attachmentsCount":0,"hasContent":false,"attachmentStep":false}],"attachments":[],"parameters":[{"name":"drinkName","value":"Espresso"}],"shouldDisplayMessage":false,"stepsCount":1,"attachmentsCount":0,"hasContent":true,"attachmentStep":false},{"name":"Click on cup with title: Espresso","time":{"start":1750757100634,"stop":1750757100742,"duration":108},"status":"passed","steps":[{"name":"Click on Cup body","time":{"start":1750757100645,"stop":1750757100742,"duration":97},"status":"passed","steps":[],"attachments":[],"parameters":[],"shouldDisplayMessage":false,"stepsCount":0,"attachmentsCount":0,"hasContent":false,"attachmentStep":false}],"attachments":[],"parameters":[{"name":"drinkName","value":"Espresso"}],"shouldDisplayMessage":false,"stepsCount":1,"attachmentsCount":0,"hasContent":true,"attachmentStep":false},{"name":"Click on cup with title: Espresso","time":{"start":1750757100743,"stop":1750757101853,"duration":1110},"status":"passed","steps":[{"name":"Click on Cup body","time":{"start":1750757100754,"stop":1750757101853,"duration":1099},"status":"passed","steps":[],"attachments":[],"parameters":[],"shouldDisplayMessage":false,"stepsCount":0,"attachmentsCount":0,"hasContent":false,"attachmentStep":false}],"attachments":[],"parameters":[{"name":"drinkName","value":"Espresso"}],"shouldDisplayMessage":false,"stepsCount":1,"attachmentsCount":0,"hasContent":true,"attachmentStep":false},{"name":"Click «Yes, of course!»","time":{"start":1750757101867,"stop":1750757102952,"duration":1085},"status":"passed","steps":[{"name":"Click on the element","time":{"start":1750757101880,"stop":1750757101918,"duration":38},"status":"passed","steps":[],"attachments":[],"parameters":[{"name":"element","value":"[[[[ChromeDriver: chrome on linux (93b9b4df3ce87d7b289df7d1adf350b1)] -> xpath: //div[@class='promo']]] -> xpath: .//button[contains(@class,'yes')]]"}],"shouldDisplayMessage":false,"stepsCount":0,"attachmentsCount":0,"hasContent":true,"attachmentStep":false}],"attachments":[],"parameters":[],"shouldDisplayMessage":false,"stepsCount":1,"attachmentsCount":0,"hasContent":true,"attachmentStep":false},{"name":"Navigate to the Cart Page","time":{"start":1750757102974,"stop":1750757103083,"duration":109},"status":"passed","steps":[{"name":"Click on Cart page","time":{"start":1750757102974,"stop":1750757103083,"duration":109},"status":"passed","steps":[],"attachments":[],"parameters":[],"shouldDisplayMessage":false,"stepsCount":0,"attachmentsCount":0,"hasContent":false,"attachmentStep":false}],"attachments":[],"parameters":[],"shouldDisplayMessage":false,"stepsCount":1,"attachmentsCount":0,"hasContent":true,"attachmentStep":false},{"name":"Click delete button of cart list item ","time":{"start":1750757103151,"stop":1750757103238,"duration":87},"status":"passed","steps":[],"attachments":[],"parameters":[],"shouldDisplayMessage":false,"stepsCount":0,"attachmentsCount":0,"hasContent":false,"attachmentStep":false}],"attachments":[],"parameters":[],"shouldDisplayMessage":true,"stepsCount":11,"attachmentsCount":0,"hasContent":true,"attachmentStep":false},"afterStages":[{"name":"afterClass","time":{"start":1750757104315,"stop":1750757104422,"duration":107},"description":"","status":"passed","steps":[],"attachments":[{"uid":"a6651e587497364a","name":"Image name = PICTURE Test Name = RegularTests","source":"a6651e587497364a.png","type":"image/png","size":16362}],"parameters":[],"shouldDisplayMessage":false,"stepsCount":0,"attachmentsCount":1,"hasContent":true,"attachmentStep":false}],"labels":[{"name":"package","value":"com.coffeecart.ui.CartPageDiscountedMochaRemovalTest"},{"name":"testClass","value":"com.coffeecart.ui.CartPageDiscountedMochaRemovalTest"},{"name":"testMethod","value":"verifyDiscountedMochaRemovalViaRemoveButtonOnCartPage"},{"name":"parentSuite","value":"AllTests"},{"name":"suite","value":"RegularTests"},{"name":"subSuite","value":"com.coffeecart.ui.CartPageDiscountedMochaRemovalTest"},{"name":"host","value":"fv-az1055-489"},{"name":"thread","value":"2442@fv-az1055-489.main(1)"},{"name":"framework","value":"testng"},{"name":"language","value":"java"},{"name":"owner","value":"Nataliia Hrusha"},{"name":"feature","value":"Discounted Mocha Removal"},{"name":"resultFormat","value":"allure2"}],"parameters":[],"links":[{"name":"31","url":"https://github.com/UA-1378-TAQC/coffeecart.taqc/issues/31","type":"issue"}],"hidden":false,"retry":false,"extra":{"severity":"normal","owner":"Nataliia Hrusha","retries":[],"categories":[{"name":"Product defects","matchedStatuses":[],"flaky":false}],"history":{"statistic":{"failed":5,"broken":0,"skipped":0,"passed":0,"unknown":0,"total":5},"items":[{"uid":"aef9541c65d169f2","reportUrl":"https://UA-1378-TAQC.github.io/coffeecart.taqc/104//#testresult/aef9541c65d169f2","status":"failed","statusDetails":"The following asserts failed:\n\tDiscounted Mocha should not be present in cart after removing other items expected [null] but found [com.coffeecart.ui.component.FullItemComponent@4a270796],\n\tTotal button should not be displayed when cart is empty expected [false] but found [true],\n\tEmpty cart message should be displayed  expected [true] but found [false],\n\tCart counter should be '0' but was '1' expected [0] but found [1]","time":{"start":1750683255628,"stop":1750683259466,"duration":3838}},{"uid":"f1c93a0b6e670f5c","reportUrl":"https://UA-1378-TAQC.github.io/coffeecart.taqc/103//#testresult/f1c93a0b6e670f5c","status":"failed","statusDetails":"The following asserts failed:\n\tDiscounted Mocha should not be present in cart after removing other items expected [null] but found [com.coffeecart.ui.component.FullItemComponent@35929bc7],\n\tTotal button should not be displayed when cart is empty expected [false] but found [true],\n\tEmpty cart message should be displayed  expected [true] but found [false],\n\tCart counter should be '0' but was '1' expected [0] but found [1]","time":{"start":1750683028721,"stop":1750683032501,"duration":3780}},{"uid":"217b19357d68a627","reportUrl":"https://UA-1378-TAQC.github.io/coffeecart.taqc/102//#testresult/217b19357d68a627","status":"failed","statusDetails":"The following asserts failed:\n\tDiscounted Mocha should not be present in cart after removing other items expected [null] but found [com.coffeecart.ui.component.FullItemComponent@22d178d3],\n\tTotal button should not be displayed when cart is empty expected [false] but found [true],\n\tEmpty cart message should be displayed  expected [true] but found [false],\n\tCart counter should be '0' but was '1' expected [0] but found [1]","time":{"start":1750682529109,"stop":1750682532921,"duration":3812}},{"uid":"cb019a81f10baec1","reportUrl":"https://UA-1378-TAQC.github.io/coffeecart.taqc/101//#testresult/cb019a81f10baec1","status":"failed","statusDetails":"The following asserts failed:\n\tDiscounted Mocha should not be present in cart after removing other items expected [null] but found [com.coffeecart.ui.component.FullItemComponent@69bdcfbc],\n\tTotal button should not be displayed when cart is empty expected [false] but found [true],\n\tEmpty cart message should be displayed  expected [true] but found [false],\n\tCart counter should be '0' but was '1' expected [0] but found [1]","time":{"start":1750681273693,"stop":1750681277551,"duration":3858}}]},"tags":[]},"source":"161db4fd6824aabd.json","parameterValues":[]}