{"uid":"95f46d9b0ce5ffa3","name":"Verify cart pop-up functionality for any drink from the menu","fullName":"com.coffeecart.ui.VerificationOfPopUpCartFunctioningTest.cartManipulationTest","historyId":"3b5584e928e435e25c8c56c2592d69d5","time":{"start":1750765532231,"stop":1750765533395,"duration":1164},"description":"Test verification of pop-up cart functioning (buttons +/-)","descriptionHtml":"<p>Test verification of pop-up cart functioning (buttons +/-)</p>\n","status":"broken","statusMessage":"element click intercepted: Element <div data-v-400a88f7=\"\" class=\"cup-body\" aria-label=\"Americano\" data-test=\"Americano\" data-cy=\"Americano\">...</div> is not clickable at point (659, 423). Other element would receive the click: <button data-v-a68519c8=\"\" data-test=\"checkout\" class=\"pay\" type=\"button\" aria-label=\"Proceed to checkout\">...</button>\n  (Session info: chrome=137.0.7151.103)\nBuild info: version: '4.33.0', revision: '2c6aaad03a'\nSystem info: os.name: 'Linux', os.arch: 'amd64', os.version: '6.11.0-1015-azure', java.version: '21.0.7'\nDriver info: org.openqa.selenium.chrome.ChromeDriver\nCommand: [b45a6fcf462363cbf54e49df4ad379a2, clickElement {id=f.A6A2B4FA48D5491B521B3B35725BE4BD.d.04116C362DE4239972E929E39CD8EDD0.e.72}]\nCapabilities {acceptInsecureCerts: false, browserName: chrome, browserVersion: 137.0.7151.103, chrome: {chromedriverVersion: 137.0.7151.119 (e0ac9d12dff..., userDataDir: /tmp/.org.chromium.Chromium...}, fedcm:accounts: true, goog:chromeOptions: {debuggerAddress: localhost:41815}, networkConnectionEnabled: false, pageLoadStrategy: normal, platformName: linux, proxy: Proxy(), se:cdp: ws://localhost:41815/devtoo..., se:cdpVersion: 137.0.7151.103, setWindowRect: true, strictFileInteractability: false, timeouts: {implicit: 0, pageLoad: 300000, script: 30000}, unhandledPromptBehavior: dismiss and notify, webauthn:extension:credBlob: true, webauthn:extension:largeBlob: true, webauthn:extension:minPinLength: true, webauthn:extension:prf: true, webauthn:virtualAuthenticators: true}\nElement: [[[[[[ChromeDriver: chrome on linux (b45a6fcf462363cbf54e49df4ad379a2)] -> xpath: //*[@id='app']/div[2]/ul/li]] -> xpath: .//div[contains(@class, 'cup')]]] -> xpath: .//div[contains(@class, 'cup-body')]]\nSession ID: b45a6fcf462363cbf54e49df4ad379a2","statusTrace":"org.openqa.selenium.ElementClickInterceptedException: element click intercepted: Element <div data-v-400a88f7=\"\" class=\"cup-body\" aria-label=\"Americano\" data-test=\"Americano\" data-cy=\"Americano\">...</div> is not clickable at point (659, 423). Other element would receive the click: <button data-v-a68519c8=\"\" data-test=\"checkout\" class=\"pay\" type=\"button\" aria-label=\"Proceed to checkout\">...</button>\n  (Session info: chrome=137.0.7151.103)\nBuild info: version: '4.33.0', revision: '2c6aaad03a'\nSystem info: os.name: 'Linux', os.arch: 'amd64', os.version: '6.11.0-1015-azure', java.version: '21.0.7'\nDriver info: org.openqa.selenium.chrome.ChromeDriver\nCommand: [b45a6fcf462363cbf54e49df4ad379a2, clickElement {id=f.A6A2B4FA48D5491B521B3B35725BE4BD.d.04116C362DE4239972E929E39CD8EDD0.e.72}]\nCapabilities {acceptInsecureCerts: false, browserName: chrome, browserVersion: 137.0.7151.103, chrome: {chromedriverVersion: 137.0.7151.119 (e0ac9d12dff..., userDataDir: /tmp/.org.chromium.Chromium...}, fedcm:accounts: true, goog:chromeOptions: {debuggerAddress: localhost:41815}, networkConnectionEnabled: false, pageLoadStrategy: normal, platformName: linux, proxy: Proxy(), se:cdp: ws://localhost:41815/devtoo..., se:cdpVersion: 137.0.7151.103, setWindowRect: true, strictFileInteractability: false, timeouts: {implicit: 0, pageLoad: 300000, script: 30000}, unhandledPromptBehavior: dismiss and notify, webauthn:extension:credBlob: true, webauthn:extension:largeBlob: true, webauthn:extension:minPinLength: true, webauthn:extension:prf: true, webauthn:virtualAuthenticators: true}\nElement: [[[[[[ChromeDriver: chrome on linux (b45a6fcf462363cbf54e49df4ad379a2)] -> xpath: //*[@id='app']/div[2]/ul/li]] -> xpath: .//div[contains(@class, 'cup')]]] -> xpath: .//div[contains(@class, 'cup-body')]]\nSession ID: b45a6fcf462363cbf54e49df4ad379a2\n\tat java.base/jdk.internal.reflect.DirectConstructorHandleAccessor.newInstance(DirectConstructorHandleAccessor.java:62)\n\tat java.base/java.lang.reflect.Constructor.newInstanceWithCaller(Constructor.java:502)\n\tat java.base/java.lang.reflect.Constructor.newInstance(Constructor.java:486)\n\tat org.openqa.selenium.remote.ErrorCodec.decode(ErrorCodec.java:167)\n\tat org.openqa.selenium.remote.codec.w3c.W3CHttpResponseCodec.decode(W3CHttpResponseCodec.java:138)\n\tat org.openqa.selenium.remote.codec.w3c.W3CHttpResponseCodec.decode(W3CHttpResponseCodec.java:50)\n\tat org.openqa.selenium.remote.HttpCommandExecutor.execute(HttpCommandExecutor.java:215)\n\tat org.openqa.selenium.remote.service.DriverCommandExecutor.invokeExecute(DriverCommandExecutor.java:216)\n\tat org.openqa.selenium.remote.service.DriverCommandExecutor.execute(DriverCommandExecutor.java:174)\n\tat org.openqa.selenium.remote.RemoteWebDriver.execute(RemoteWebDriver.java:544)\n\tat org.openqa.selenium.remote.RemoteWebElement.execute(RemoteWebElement.java:223)\n\tat org.openqa.selenium.remote.RemoteWebElement.click(RemoteWebElement.java:76)\n\tat java.base/jdk.internal.reflect.DirectMethodHandleAccessor.invoke(DirectMethodHandleAccessor.java:103)\n\tat java.base/java.lang.reflect.Method.invoke(Method.java:580)\n\tat org.openqa.selenium.support.pagefactory.internal.LocatingElementHandler.invoke(LocatingElementHandler.java:51)\n\tat jdk.proxy2/jdk.proxy2.$Proxy40.click(Unknown Source)\n\tat com.coffeecart.ui.component.CupComponent.clickOnCupBody(CupComponent.java:91)\n\tat com.coffeecart.ui.page.MenuPage.lambda$clickDrink$3(MenuPage.java:96)\n\tat java.base/java.util.Optional.ifPresent(Optional.java:178)\n\tat com.coffeecart.ui.page.MenuPage.clickDrink(MenuPage.java:96)\n\tat com.coffeecart.ui.VerificationOfPopUpCartFunctioningTest.cartManipulationTest(VerificationOfPopUpCartFunctioningTest.java:29)\n\tat java.base/jdk.internal.reflect.DirectMethodHandleAccessor.invoke(DirectMethodHandleAccessor.java:103)\n\tat java.base/java.lang.reflect.Method.invoke(Method.java:580)\n\tat org.testng.internal.invokers.MethodInvocationHelper.invokeMethod(MethodInvocationHelper.java:141)\n\tat org.testng.internal.invokers.TestInvoker.invokeMethod(TestInvoker.java:686)\n\tat org.testng.internal.invokers.TestInvoker.invokeTestMethod(TestInvoker.java:230)\n\tat org.testng.internal.invokers.MethodRunner.runInSequence(MethodRunner.java:63)\n\tat org.testng.internal.invokers.TestInvoker$MethodInvocationAgent.invoke(TestInvoker.java:992)\n\tat org.testng.internal.invokers.TestInvoker.invokeTestMethods(TestInvoker.java:203)\n\tat org.testng.internal.invokers.TestMethodWorker.invokeTestMethods(TestMethodWorker.java:154)\n\tat org.testng.internal.invokers.TestMethodWorker.run(TestMethodWorker.java:134)\n\tat java.base/java.util.ArrayList.forEach(ArrayList.java:1596)\n\tat org.testng.TestRunner.privateRun(TestRunner.java:739)\n\tat org.testng.TestRunner.run(TestRunner.java:614)\n\tat org.testng.SuiteRunner.runTest(SuiteRunner.java:421)\n\tat org.testng.SuiteRunner.runSequentially(SuiteRunner.java:413)\n\tat org.testng.SuiteRunner.privateRun(SuiteRunner.java:373)\n\tat org.testng.SuiteRunner.run(SuiteRunner.java:312)\n\tat org.testng.SuiteRunnerWorker.runSuite(SuiteRunnerWorker.java:52)\n\tat org.testng.SuiteRunnerWorker.run(SuiteRunnerWorker.java:95)\n\tat org.testng.TestNG.runSuitesSequentially(TestNG.java:1274)\n\tat org.testng.TestNG.runSuitesLocally(TestNG.java:1208)\n\tat org.testng.TestNG.runSuites(TestNG.java:1112)\n\tat org.testng.TestNG.run(TestNG.java:1079)\n\tat org.apache.maven.surefire.testng.TestNGExecutor.run(TestNGExecutor.java:308)\n\tat org.apache.maven.surefire.testng.TestNGXmlTestSuite.execute(TestNGXmlTestSuite.java:71)\n\tat org.apache.maven.surefire.testng.TestNGProvider.invoke(TestNGProvider.java:113)\n\tat org.apache.maven.surefire.booter.ForkedBooter.runSuitesInProcess(ForkedBooter.java:385)\n\tat org.apache.maven.surefire.booter.ForkedBooter.execute(ForkedBooter.java:162)\n\tat org.apache.maven.surefire.booter.ForkedBooter.run(ForkedBooter.java:507)\n\tat org.apache.maven.surefire.booter.ForkedBooter.main(ForkedBooter.java:495)\n","flaky":false,"newFailed":false,"newBroken":false,"newPassed":false,"retriesCount":0,"retriesStatusChange":false,"beforeStages":[{"name":"beforeClass","time":{"start":1750765527838,"stop":1750765528327,"duration":489},"description":"","status":"passed","steps":[{"name":"init ChromeDriver","time":{"start":1750765527838,"stop":1750765528103,"duration":265},"status":"passed","steps":[],"attachments":[],"parameters":[],"shouldDisplayMessage":false,"stepsCount":0,"attachmentsCount":0,"hasContent":false,"attachmentStep":false}],"attachments":[],"parameters":[],"shouldDisplayMessage":false,"stepsCount":1,"attachmentsCount":0,"hasContent":true,"attachmentStep":false}],"testStage":{"description":"Test verification of pop-up cart functioning (buttons +/-)","status":"broken","statusMessage":"element click intercepted: Element <div data-v-400a88f7=\"\" class=\"cup-body\" aria-label=\"Americano\" data-test=\"Americano\" data-cy=\"Americano\">...</div> is not clickable at point (659, 423). Other element would receive the click: <button data-v-a68519c8=\"\" data-test=\"checkout\" class=\"pay\" type=\"button\" aria-label=\"Proceed to checkout\">...</button>\n  (Session info: chrome=137.0.7151.103)\nBuild info: version: '4.33.0', revision: '2c6aaad03a'\nSystem info: os.name: 'Linux', os.arch: 'amd64', os.version: '6.11.0-1015-azure', java.version: '21.0.7'\nDriver info: org.openqa.selenium.chrome.ChromeDriver\nCommand: [b45a6fcf462363cbf54e49df4ad379a2, clickElement {id=f.A6A2B4FA48D5491B521B3B35725BE4BD.d.04116C362DE4239972E929E39CD8EDD0.e.72}]\nCapabilities {acceptInsecureCerts: false, browserName: chrome, browserVersion: 137.0.7151.103, chrome: {chromedriverVersion: 137.0.7151.119 (e0ac9d12dff..., userDataDir: /tmp/.org.chromium.Chromium...}, fedcm:accounts: true, goog:chromeOptions: {debuggerAddress: localhost:41815}, networkConnectionEnabled: false, pageLoadStrategy: normal, platformName: linux, proxy: Proxy(), se:cdp: ws://localhost:41815/devtoo..., se:cdpVersion: 137.0.7151.103, setWindowRect: true, strictFileInteractability: false, timeouts: {implicit: 0, pageLoad: 300000, script: 30000}, unhandledPromptBehavior: dismiss and notify, webauthn:extension:credBlob: true, webauthn:extension:largeBlob: true, webauthn:extension:minPinLength: true, webauthn:extension:prf: true, webauthn:virtualAuthenticators: true}\nElement: [[[[[[ChromeDriver: chrome on linux (b45a6fcf462363cbf54e49df4ad379a2)] -> xpath: //*[@id='app']/div[2]/ul/li]] -> xpath: .//div[contains(@class, 'cup')]]] -> xpath: .//div[contains(@class, 'cup-body')]]\nSession ID: b45a6fcf462363cbf54e49df4ad379a2","statusTrace":"org.openqa.selenium.ElementClickInterceptedException: element click intercepted: Element <div data-v-400a88f7=\"\" class=\"cup-body\" aria-label=\"Americano\" data-test=\"Americano\" data-cy=\"Americano\">...</div> is not clickable at point (659, 423). Other element would receive the click: <button data-v-a68519c8=\"\" data-test=\"checkout\" class=\"pay\" type=\"button\" aria-label=\"Proceed to checkout\">...</button>\n  (Session info: chrome=137.0.7151.103)\nBuild info: version: '4.33.0', revision: '2c6aaad03a'\nSystem info: os.name: 'Linux', os.arch: 'amd64', os.version: '6.11.0-1015-azure', java.version: '21.0.7'\nDriver info: org.openqa.selenium.chrome.ChromeDriver\nCommand: [b45a6fcf462363cbf54e49df4ad379a2, clickElement {id=f.A6A2B4FA48D5491B521B3B35725BE4BD.d.04116C362DE4239972E929E39CD8EDD0.e.72}]\nCapabilities {acceptInsecureCerts: false, browserName: chrome, browserVersion: 137.0.7151.103, chrome: {chromedriverVersion: 137.0.7151.119 (e0ac9d12dff..., userDataDir: /tmp/.org.chromium.Chromium...}, fedcm:accounts: true, goog:chromeOptions: {debuggerAddress: localhost:41815}, networkConnectionEnabled: false, pageLoadStrategy: normal, platformName: linux, proxy: Proxy(), se:cdp: ws://localhost:41815/devtoo..., se:cdpVersion: 137.0.7151.103, setWindowRect: true, strictFileInteractability: false, timeouts: {implicit: 0, pageLoad: 300000, script: 30000}, unhandledPromptBehavior: dismiss and notify, webauthn:extension:credBlob: true, webauthn:extension:largeBlob: true, webauthn:extension:minPinLength: true, webauthn:extension:prf: true, webauthn:virtualAuthenticators: true}\nElement: [[[[[[ChromeDriver: chrome on linux (b45a6fcf462363cbf54e49df4ad379a2)] -> xpath: //*[@id='app']/div[2]/ul/li]] -> xpath: .//div[contains(@class, 'cup')]]] -> xpath: .//div[contains(@class, 'cup-body')]]\nSession ID: b45a6fcf462363cbf54e49df4ad379a2\n\tat java.base/jdk.internal.reflect.DirectConstructorHandleAccessor.newInstance(DirectConstructorHandleAccessor.java:62)\n\tat java.base/java.lang.reflect.Constructor.newInstanceWithCaller(Constructor.java:502)\n\tat java.base/java.lang.reflect.Constructor.newInstance(Constructor.java:486)\n\tat org.openqa.selenium.remote.ErrorCodec.decode(ErrorCodec.java:167)\n\tat org.openqa.selenium.remote.codec.w3c.W3CHttpResponseCodec.decode(W3CHttpResponseCodec.java:138)\n\tat org.openqa.selenium.remote.codec.w3c.W3CHttpResponseCodec.decode(W3CHttpResponseCodec.java:50)\n\tat org.openqa.selenium.remote.HttpCommandExecutor.execute(HttpCommandExecutor.java:215)\n\tat org.openqa.selenium.remote.service.DriverCommandExecutor.invokeExecute(DriverCommandExecutor.java:216)\n\tat org.openqa.selenium.remote.service.DriverCommandExecutor.execute(DriverCommandExecutor.java:174)\n\tat org.openqa.selenium.remote.RemoteWebDriver.execute(RemoteWebDriver.java:544)\n\tat org.openqa.selenium.remote.RemoteWebElement.execute(RemoteWebElement.java:223)\n\tat org.openqa.selenium.remote.RemoteWebElement.click(RemoteWebElement.java:76)\n\tat java.base/jdk.internal.reflect.DirectMethodHandleAccessor.invoke(DirectMethodHandleAccessor.java:103)\n\tat java.base/java.lang.reflect.Method.invoke(Method.java:580)\n\tat org.openqa.selenium.support.pagefactory.internal.LocatingElementHandler.invoke(LocatingElementHandler.java:51)\n\tat jdk.proxy2/jdk.proxy2.$Proxy40.click(Unknown Source)\n\tat com.coffeecart.ui.component.CupComponent.clickOnCupBody(CupComponent.java:91)\n\tat com.coffeecart.ui.page.MenuPage.lambda$clickDrink$3(MenuPage.java:96)\n\tat java.base/java.util.Optional.ifPresent(Optional.java:178)\n\tat com.coffeecart.ui.page.MenuPage.clickDrink(MenuPage.java:96)\n\tat com.coffeecart.ui.VerificationOfPopUpCartFunctioningTest.cartManipulationTest(VerificationOfPopUpCartFunctioningTest.java:29)\n\tat java.base/jdk.internal.reflect.DirectMethodHandleAccessor.invoke(DirectMethodHandleAccessor.java:103)\n\tat java.base/java.lang.reflect.Method.invoke(Method.java:580)\n\tat org.testng.internal.invokers.MethodInvocationHelper.invokeMethod(MethodInvocationHelper.java:141)\n\tat org.testng.internal.invokers.TestInvoker.invokeMethod(TestInvoker.java:686)\n\tat org.testng.internal.invokers.TestInvoker.invokeTestMethod(TestInvoker.java:230)\n\tat org.testng.internal.invokers.MethodRunner.runInSequence(MethodRunner.java:63)\n\tat org.testng.internal.invokers.TestInvoker$MethodInvocationAgent.invoke(TestInvoker.java:992)\n\tat org.testng.internal.invokers.TestInvoker.invokeTestMethods(TestInvoker.java:203)\n\tat org.testng.internal.invokers.TestMethodWorker.invokeTestMethods(TestMethodWorker.java:154)\n\tat org.testng.internal.invokers.TestMethodWorker.run(TestMethodWorker.java:134)\n\tat java.base/java.util.ArrayList.forEach(ArrayList.java:1596)\n\tat org.testng.TestRunner.privateRun(TestRunner.java:739)\n\tat org.testng.TestRunner.run(TestRunner.java:614)\n\tat org.testng.SuiteRunner.runTest(SuiteRunner.java:421)\n\tat org.testng.SuiteRunner.runSequentially(SuiteRunner.java:413)\n\tat org.testng.SuiteRunner.privateRun(SuiteRunner.java:373)\n\tat org.testng.SuiteRunner.run(SuiteRunner.java:312)\n\tat org.testng.SuiteRunnerWorker.runSuite(SuiteRunnerWorker.java:52)\n\tat org.testng.SuiteRunnerWorker.run(SuiteRunnerWorker.java:95)\n\tat org.testng.TestNG.runSuitesSequentially(TestNG.java:1274)\n\tat org.testng.TestNG.runSuitesLocally(TestNG.java:1208)\n\tat org.testng.TestNG.runSuites(TestNG.java:1112)\n\tat org.testng.TestNG.run(TestNG.java:1079)\n\tat org.apache.maven.surefire.testng.TestNGExecutor.run(TestNGExecutor.java:308)\n\tat org.apache.maven.surefire.testng.TestNGXmlTestSuite.execute(TestNGXmlTestSuite.java:71)\n\tat org.apache.maven.surefire.testng.TestNGProvider.invoke(TestNGProvider.java:113)\n\tat org.apache.maven.surefire.booter.ForkedBooter.runSuitesInProcess(ForkedBooter.java:385)\n\tat org.apache.maven.surefire.booter.ForkedBooter.execute(ForkedBooter.java:162)\n\tat org.apache.maven.surefire.booter.ForkedBooter.run(ForkedBooter.java:507)\n\tat org.apache.maven.surefire.booter.ForkedBooter.main(ForkedBooter.java:495)\n","steps":[{"name":"Click on cup with title: Americano","time":{"start":1750765532237,"stop":1750765533394,"duration":1157},"status":"broken","statusMessage":"element click intercepted: Element <div data-v-400a88f7=\"\" class=\"cup-body\" aria-label=\"Americano\" data-test=\"Americano\" data-cy=\"Americano\">...</div> is not clickable at point (659, 423). Other element would receive the click: <button data-v-a68519c8=\"\" data-test=\"checkout\" class=\"pay\" type=\"button\" aria-label=\"Proceed to checkout\">...</button>\n  (Session info: chrome=137.0.7151.103)\nBuild info: version: '4.33.0', revision: '2c6aaad03a'\nSystem info: os.name: 'Linux', os.arch: 'amd64', os.version: '6.11.0-1015-azure', java.version: '21.0.7'\nDriver info: org.openqa.selenium.chrome.ChromeDriver\nCommand: [b45a6fcf462363cbf54e49df4ad379a2, clickElement {id=f.A6A2B4FA48D5491B521B3B35725BE4BD.d.04116C362DE4239972E929E39CD8EDD0.e.72}]\nCapabilities {acceptInsecureCerts: false, browserName: chrome, browserVersion: 137.0.7151.103, chrome: {chromedriverVersion: 137.0.7151.119 (e0ac9d12dff..., userDataDir: /tmp/.org.chromium.Chromium...}, fedcm:accounts: true, goog:chromeOptions: {debuggerAddress: localhost:41815}, networkConnectionEnabled: false, pageLoadStrategy: normal, platformName: linux, proxy: Proxy(), se:cdp: ws://localhost:41815/devtoo..., se:cdpVersion: 137.0.7151.103, setWindowRect: true, strictFileInteractability: false, timeouts: {implicit: 0, pageLoad: 300000, script: 30000}, unhandledPromptBehavior: dismiss and notify, webauthn:extension:credBlob: true, webauthn:extension:largeBlob: true, webauthn:extension:minPinLength: true, webauthn:extension:prf: true, webauthn:virtualAuthenticators: true}\nElement: [[[[[[ChromeDriver: chrome on linux (b45a6fcf462363cbf54e49df4ad379a2)] -> xpath: //*[@id='app']/div[2]/ul/li]] -> xpath: .//div[contains(@class, 'cup')]]] -> xpath: .//div[contains(@class, 'cup-body')]]\nSession ID: b45a6fcf462363cbf54e49df4ad379a2","statusTrace":"org.openqa.selenium.ElementClickInterceptedException: element click intercepted: Element <div data-v-400a88f7=\"\" class=\"cup-body\" aria-label=\"Americano\" data-test=\"Americano\" data-cy=\"Americano\">...</div> is not clickable at point (659, 423). Other element would receive the click: <button data-v-a68519c8=\"\" data-test=\"checkout\" class=\"pay\" type=\"button\" aria-label=\"Proceed to checkout\">...</button>\n  (Session info: chrome=137.0.7151.103)\nBuild info: version: '4.33.0', revision: '2c6aaad03a'\nSystem info: os.name: 'Linux', os.arch: 'amd64', os.version: '6.11.0-1015-azure', java.version: '21.0.7'\nDriver info: org.openqa.selenium.chrome.ChromeDriver\nCommand: [b45a6fcf462363cbf54e49df4ad379a2, clickElement {id=f.A6A2B4FA48D5491B521B3B35725BE4BD.d.04116C362DE4239972E929E39CD8EDD0.e.72}]\nCapabilities {acceptInsecureCerts: false, browserName: chrome, browserVersion: 137.0.7151.103, chrome: {chromedriverVersion: 137.0.7151.119 (e0ac9d12dff..., userDataDir: /tmp/.org.chromium.Chromium...}, fedcm:accounts: true, goog:chromeOptions: {debuggerAddress: localhost:41815}, networkConnectionEnabled: false, pageLoadStrategy: normal, platformName: linux, proxy: Proxy(), se:cdp: ws://localhost:41815/devtoo..., se:cdpVersion: 137.0.7151.103, setWindowRect: true, strictFileInteractability: false, timeouts: {implicit: 0, pageLoad: 300000, script: 30000}, unhandledPromptBehavior: dismiss and notify, webauthn:extension:credBlob: true, webauthn:extension:largeBlob: true, webauthn:extension:minPinLength: true, webauthn:extension:prf: true, webauthn:virtualAuthenticators: true}\nElement: [[[[[[ChromeDriver: chrome on linux (b45a6fcf462363cbf54e49df4ad379a2)] -> xpath: //*[@id='app']/div[2]/ul/li]] -> xpath: .//div[contains(@class, 'cup')]]] -> xpath: .//div[contains(@class, 'cup-body')]]\nSession ID: b45a6fcf462363cbf54e49df4ad379a2\n\tat java.base/jdk.internal.reflect.DirectConstructorHandleAccessor.newInstance(DirectConstructorHandleAccessor.java:62)\n\tat java.base/java.lang.reflect.Constructor.newInstanceWithCaller(Constructor.java:502)\n\tat java.base/java.lang.reflect.Constructor.newInstance(Constructor.java:486)\n\tat org.openqa.selenium.remote.ErrorCodec.decode(ErrorCodec.java:167)\n\tat org.openqa.selenium.remote.codec.w3c.W3CHttpResponseCodec.decode(W3CHttpResponseCodec.java:138)\n\tat org.openqa.selenium.remote.codec.w3c.W3CHttpResponseCodec.decode(W3CHttpResponseCodec.java:50)\n\tat org.openqa.selenium.remote.HttpCommandExecutor.execute(HttpCommandExecutor.java:215)\n\tat org.openqa.selenium.remote.service.DriverCommandExecutor.invokeExecute(DriverCommandExecutor.java:216)\n\tat org.openqa.selenium.remote.service.DriverCommandExecutor.execute(DriverCommandExecutor.java:174)\n\tat org.openqa.selenium.remote.RemoteWebDriver.execute(RemoteWebDriver.java:544)\n\tat org.openqa.selenium.remote.RemoteWebElement.execute(RemoteWebElement.java:223)\n\tat org.openqa.selenium.remote.RemoteWebElement.click(RemoteWebElement.java:76)\n\tat java.base/jdk.internal.reflect.DirectMethodHandleAccessor.invoke(DirectMethodHandleAccessor.java:103)\n\tat java.base/java.lang.reflect.Method.invoke(Method.java:580)\n\tat org.openqa.selenium.support.pagefactory.internal.LocatingElementHandler.invoke(LocatingElementHandler.java:51)\n\tat jdk.proxy2/jdk.proxy2.$Proxy40.click(Unknown Source)\n\tat com.coffeecart.ui.component.CupComponent.clickOnCupBody(CupComponent.java:91)\n\tat com.coffeecart.ui.page.MenuPage.lambda$clickDrink$3(MenuPage.java:96)\n\tat java.base/java.util.Optional.ifPresent(Optional.java:178)\n\tat com.coffeecart.ui.page.MenuPage.clickDrink(MenuPage.java:96)\n\tat com.coffeecart.ui.VerificationOfPopUpCartFunctioningTest.cartManipulationTest(VerificationOfPopUpCartFunctioningTest.java:29)\n\tat java.base/jdk.internal.reflect.DirectMethodHandleAccessor.invoke(DirectMethodHandleAccessor.java:103)\n\tat java.base/java.lang.reflect.Method.invoke(Method.java:580)\n\tat org.testng.internal.invokers.MethodInvocationHelper.invokeMethod(MethodInvocationHelper.java:141)\n\tat org.testng.internal.invokers.TestInvoker.invokeMethod(TestInvoker.java:686)\n\tat org.testng.internal.invokers.TestInvoker.invokeTestMethod(TestInvoker.java:230)\n\tat org.testng.internal.invokers.MethodRunner.runInSequence(MethodRunner.java:63)\n\tat org.testng.internal.invokers.TestInvoker$MethodInvocationAgent.invoke(TestInvoker.java:992)\n\tat org.testng.internal.invokers.TestInvoker.invokeTestMethods(TestInvoker.java:203)\n\tat org.testng.internal.invokers.TestMethodWorker.invokeTestMethods(TestMethodWorker.java:154)\n\tat org.testng.internal.invokers.TestMethodWorker.run(TestMethodWorker.java:134)\n\tat java.base/java.util.ArrayList.forEach(ArrayList.java:1596)\n\tat org.testng.TestRunner.privateRun(TestRunner.java:739)\n\tat org.testng.TestRunner.run(TestRunner.java:614)\n\tat org.testng.SuiteRunner.runTest(SuiteRunner.java:421)\n\tat org.testng.SuiteRunner.runSequentially(SuiteRunner.java:413)\n\tat org.testng.SuiteRunner.privateRun(SuiteRunner.java:373)\n\tat org.testng.SuiteRunner.run(SuiteRunner.java:312)\n\tat org.testng.SuiteRunnerWorker.runSuite(SuiteRunnerWorker.java:52)\n\tat org.testng.SuiteRunnerWorker.run(SuiteRunnerWorker.java:95)\n\tat org.testng.TestNG.runSuitesSequentially(TestNG.java:1274)\n\tat org.testng.TestNG.runSuitesLocally(TestNG.java:1208)\n\tat org.testng.TestNG.runSuites(TestNG.java:1112)\n\tat org.testng.TestNG.run(TestNG.java:1079)\n\tat org.apache.maven.surefire.testng.TestNGExecutor.run(TestNGExecutor.java:308)\n\tat org.apache.maven.surefire.testng.TestNGXmlTestSuite.execute(TestNGXmlTestSuite.java:71)\n\tat org.apache.maven.surefire.testng.TestNGProvider.invoke(TestNGProvider.java:113)\n\tat org.apache.maven.surefire.booter.ForkedBooter.runSuitesInProcess(ForkedBooter.java:385)\n\tat org.apache.maven.surefire.booter.ForkedBooter.execute(ForkedBooter.java:162)\n\tat org.apache.maven.surefire.booter.ForkedBooter.run(ForkedBooter.java:507)\n\tat org.apache.maven.surefire.booter.ForkedBooter.main(ForkedBooter.java:495)\n","steps":[{"name":"Click on Cup body","time":{"start":1750765532296,"stop":1750765533394,"duration":1098},"status":"broken","statusMessage":"element click intercepted: Element <div data-v-400a88f7=\"\" class=\"cup-body\" aria-label=\"Americano\" data-test=\"Americano\" data-cy=\"Americano\">...</div> is not clickable at point (659, 423). Other element would receive the click: <button data-v-a68519c8=\"\" data-test=\"checkout\" class=\"pay\" type=\"button\" aria-label=\"Proceed to checkout\">...</button>\n  (Session info: chrome=137.0.7151.103)\nBuild info: version: '4.33.0', revision: '2c6aaad03a'\nSystem info: os.name: 'Linux', os.arch: 'amd64', os.version: '6.11.0-1015-azure', java.version: '21.0.7'\nDriver info: org.openqa.selenium.chrome.ChromeDriver\nCommand: [b45a6fcf462363cbf54e49df4ad379a2, clickElement {id=f.A6A2B4FA48D5491B521B3B35725BE4BD.d.04116C362DE4239972E929E39CD8EDD0.e.72}]\nCapabilities {acceptInsecureCerts: false, browserName: chrome, browserVersion: 137.0.7151.103, chrome: {chromedriverVersion: 137.0.7151.119 (e0ac9d12dff..., userDataDir: /tmp/.org.chromium.Chromium...}, fedcm:accounts: true, goog:chromeOptions: {debuggerAddress: localhost:41815}, networkConnectionEnabled: false, pageLoadStrategy: normal, platformName: linux, proxy: Proxy(), se:cdp: ws://localhost:41815/devtoo..., se:cdpVersion: 137.0.7151.103, setWindowRect: true, strictFileInteractability: false, timeouts: {implicit: 0, pageLoad: 300000, script: 30000}, unhandledPromptBehavior: dismiss and notify, webauthn:extension:credBlob: true, webauthn:extension:largeBlob: true, webauthn:extension:minPinLength: true, webauthn:extension:prf: true, webauthn:virtualAuthenticators: true}\nElement: [[[[[[ChromeDriver: chrome on linux (b45a6fcf462363cbf54e49df4ad379a2)] -> xpath: //*[@id='app']/div[2]/ul/li]] -> xpath: .//div[contains(@class, 'cup')]]] -> xpath: .//div[contains(@class, 'cup-body')]]\nSession ID: b45a6fcf462363cbf54e49df4ad379a2","statusTrace":"org.openqa.selenium.ElementClickInterceptedException: element click intercepted: Element <div data-v-400a88f7=\"\" class=\"cup-body\" aria-label=\"Americano\" data-test=\"Americano\" data-cy=\"Americano\">...</div> is not clickable at point (659, 423). Other element would receive the click: <button data-v-a68519c8=\"\" data-test=\"checkout\" class=\"pay\" type=\"button\" aria-label=\"Proceed to checkout\">...</button>\n  (Session info: chrome=137.0.7151.103)\nBuild info: version: '4.33.0', revision: '2c6aaad03a'\nSystem info: os.name: 'Linux', os.arch: 'amd64', os.version: '6.11.0-1015-azure', java.version: '21.0.7'\nDriver info: org.openqa.selenium.chrome.ChromeDriver\nCommand: [b45a6fcf462363cbf54e49df4ad379a2, clickElement {id=f.A6A2B4FA48D5491B521B3B35725BE4BD.d.04116C362DE4239972E929E39CD8EDD0.e.72}]\nCapabilities {acceptInsecureCerts: false, browserName: chrome, browserVersion: 137.0.7151.103, chrome: {chromedriverVersion: 137.0.7151.119 (e0ac9d12dff..., userDataDir: /tmp/.org.chromium.Chromium...}, fedcm:accounts: true, goog:chromeOptions: {debuggerAddress: localhost:41815}, networkConnectionEnabled: false, pageLoadStrategy: normal, platformName: linux, proxy: Proxy(), se:cdp: ws://localhost:41815/devtoo..., se:cdpVersion: 137.0.7151.103, setWindowRect: true, strictFileInteractability: false, timeouts: {implicit: 0, pageLoad: 300000, script: 30000}, unhandledPromptBehavior: dismiss and notify, webauthn:extension:credBlob: true, webauthn:extension:largeBlob: true, webauthn:extension:minPinLength: true, webauthn:extension:prf: true, webauthn:virtualAuthenticators: true}\nElement: [[[[[[ChromeDriver: chrome on linux (b45a6fcf462363cbf54e49df4ad379a2)] -> xpath: //*[@id='app']/div[2]/ul/li]] -> xpath: .//div[contains(@class, 'cup')]]] -> xpath: .//div[contains(@class, 'cup-body')]]\nSession ID: b45a6fcf462363cbf54e49df4ad379a2\n\tat java.base/jdk.internal.reflect.DirectConstructorHandleAccessor.newInstance(DirectConstructorHandleAccessor.java:62)\n\tat java.base/java.lang.reflect.Constructor.newInstanceWithCaller(Constructor.java:502)\n\tat java.base/java.lang.reflect.Constructor.newInstance(Constructor.java:486)\n\tat org.openqa.selenium.remote.ErrorCodec.decode(ErrorCodec.java:167)\n\tat org.openqa.selenium.remote.codec.w3c.W3CHttpResponseCodec.decode(W3CHttpResponseCodec.java:138)\n\tat org.openqa.selenium.remote.codec.w3c.W3CHttpResponseCodec.decode(W3CHttpResponseCodec.java:50)\n\tat org.openqa.selenium.remote.HttpCommandExecutor.execute(HttpCommandExecutor.java:215)\n\tat org.openqa.selenium.remote.service.DriverCommandExecutor.invokeExecute(DriverCommandExecutor.java:216)\n\tat org.openqa.selenium.remote.service.DriverCommandExecutor.execute(DriverCommandExecutor.java:174)\n\tat org.openqa.selenium.remote.RemoteWebDriver.execute(RemoteWebDriver.java:544)\n\tat org.openqa.selenium.remote.RemoteWebElement.execute(RemoteWebElement.java:223)\n\tat org.openqa.selenium.remote.RemoteWebElement.click(RemoteWebElement.java:76)\n\tat java.base/jdk.internal.reflect.DirectMethodHandleAccessor.invoke(DirectMethodHandleAccessor.java:103)\n\tat java.base/java.lang.reflect.Method.invoke(Method.java:580)\n\tat org.openqa.selenium.support.pagefactory.internal.LocatingElementHandler.invoke(LocatingElementHandler.java:51)\n\tat jdk.proxy2/jdk.proxy2.$Proxy40.click(Unknown Source)\n\tat com.coffeecart.ui.component.CupComponent.clickOnCupBody(CupComponent.java:91)\n\tat com.coffeecart.ui.page.MenuPage.lambda$clickDrink$3(MenuPage.java:96)\n\tat java.base/java.util.Optional.ifPresent(Optional.java:178)\n\tat com.coffeecart.ui.page.MenuPage.clickDrink(MenuPage.java:96)\n\tat com.coffeecart.ui.VerificationOfPopUpCartFunctioningTest.cartManipulationTest(VerificationOfPopUpCartFunctioningTest.java:29)\n\tat java.base/jdk.internal.reflect.DirectMethodHandleAccessor.invoke(DirectMethodHandleAccessor.java:103)\n\tat java.base/java.lang.reflect.Method.invoke(Method.java:580)\n\tat org.testng.internal.invokers.MethodInvocationHelper.invokeMethod(MethodInvocationHelper.java:141)\n\tat org.testng.internal.invokers.TestInvoker.invokeMethod(TestInvoker.java:686)\n\tat org.testng.internal.invokers.TestInvoker.invokeTestMethod(TestInvoker.java:230)\n\tat org.testng.internal.invokers.MethodRunner.runInSequence(MethodRunner.java:63)\n\tat org.testng.internal.invokers.TestInvoker$MethodInvocationAgent.invoke(TestInvoker.java:992)\n\tat org.testng.internal.invokers.TestInvoker.invokeTestMethods(TestInvoker.java:203)\n\tat org.testng.internal.invokers.TestMethodWorker.invokeTestMethods(TestMethodWorker.java:154)\n\tat org.testng.internal.invokers.TestMethodWorker.run(TestMethodWorker.java:134)\n\tat java.base/java.util.ArrayList.forEach(ArrayList.java:1596)\n\tat org.testng.TestRunner.privateRun(TestRunner.java:739)\n\tat org.testng.TestRunner.run(TestRunner.java:614)\n\tat org.testng.SuiteRunner.runTest(SuiteRunner.java:421)\n\tat org.testng.SuiteRunner.runSequentially(SuiteRunner.java:413)\n\tat org.testng.SuiteRunner.privateRun(SuiteRunner.java:373)\n\tat org.testng.SuiteRunner.run(SuiteRunner.java:312)\n\tat org.testng.SuiteRunnerWorker.runSuite(SuiteRunnerWorker.java:52)\n\tat org.testng.SuiteRunnerWorker.run(SuiteRunnerWorker.java:95)\n\tat org.testng.TestNG.runSuitesSequentially(TestNG.java:1274)\n\tat org.testng.TestNG.runSuitesLocally(TestNG.java:1208)\n\tat org.testng.TestNG.runSuites(TestNG.java:1112)\n\tat org.testng.TestNG.run(TestNG.java:1079)\n\tat org.apache.maven.surefire.testng.TestNGExecutor.run(TestNGExecutor.java:308)\n\tat org.apache.maven.surefire.testng.TestNGXmlTestSuite.execute(TestNGXmlTestSuite.java:71)\n\tat org.apache.maven.surefire.testng.TestNGProvider.invoke(TestNGProvider.java:113)\n\tat org.apache.maven.surefire.booter.ForkedBooter.runSuitesInProcess(ForkedBooter.java:385)\n\tat org.apache.maven.surefire.booter.ForkedBooter.execute(ForkedBooter.java:162)\n\tat org.apache.maven.surefire.booter.ForkedBooter.run(ForkedBooter.java:507)\n\tat org.apache.maven.surefire.booter.ForkedBooter.main(ForkedBooter.java:495)\n","steps":[],"attachments":[],"parameters":[],"shouldDisplayMessage":true,"stepsCount":0,"attachmentsCount":0,"hasContent":true,"attachmentStep":false}],"attachments":[],"parameters":[{"name":"drinkName","value":"Americano"}],"shouldDisplayMessage":false,"stepsCount":1,"attachmentsCount":0,"hasContent":true,"attachmentStep":false}],"attachments":[],"parameters":[],"shouldDisplayMessage":false,"stepsCount":2,"attachmentsCount":0,"hasContent":true,"attachmentStep":false},"afterStages":[{"name":"afterClass","time":{"start":1750765535110,"stop":1750765535223,"duration":113},"description":"","status":"passed","steps":[],"attachments":[{"uid":"2928780ebd6d0082","name":"Image name = PICTURE Test Name = RegularTests","source":"2928780ebd6d0082.png","type":"image/png","size":46121}],"parameters":[],"shouldDisplayMessage":false,"stepsCount":0,"attachmentsCount":1,"hasContent":true,"attachmentStep":false}],"labels":[{"name":"package","value":"com.coffeecart.ui.VerificationOfPopUpCartFunctioningTest"},{"name":"testClass","value":"com.coffeecart.ui.VerificationOfPopUpCartFunctioningTest"},{"name":"testMethod","value":"cartManipulationTest"},{"name":"parentSuite","value":"AllTests"},{"name":"suite","value":"RegularTests"},{"name":"subSuite","value":"com.coffeecart.ui.VerificationOfPopUpCartFunctioningTest"},{"name":"host","value":"fv-az1267-342"},{"name":"thread","value":"2469@fv-az1267-342.main(1)"},{"name":"framework","value":"testng"},{"name":"language","value":"java"},{"name":"owner","value":"Khrystyna Martynova"},{"name":"story","value":"Cart pop-up behavior when interacting with any drink from the menu"},{"name":"epic","value":"Cart pop-up Functionality"},{"name":"feature","value":"Pop-up Cart Behavior"},{"name":"severity","value":"normal"},{"name":"resultFormat","value":"allure2"}],"parameters":[{"name":"arg0","value":"Americano"}],"links":[{"name":"Coffee Cart","url":"https://coffee-cart.app/","type":"custom"},{"name":"14","url":"https://github.com/UA-1378-TAQC/coffeecart.taqc/issues/14","type":"issue"}],"hidden":false,"retry":false,"extra":{"severity":"normal","owner":"Khrystyna Martynova","retries":[],"categories":[{"name":"Test defects","matchedStatuses":[],"flaky":false}],"history":{"statistic":{"failed":0,"broken":8,"skipped":0,"passed":0,"unknown":0,"total":8},"items":[{"uid":"86ee0c8f049caaa5","reportUrl":"https://UA-1378-TAQC.github.io/coffeecart.taqc/108//#testresult/86ee0c8f049caaa5","status":"broken","statusDetails":"element click intercepted: Element <div data-v-400a88f7=\"\" class=\"cup-body\" aria-label=\"Americano\" data-test=\"Americano\" data-cy=\"Americano\">...</div> is not clickable at point (659, 423). Other element would receive the click: <button data-v-a68519c8=\"\" data-test=\"checkout\" class=\"pay\" type=\"button\" aria-label=\"Proceed to checkout\">...</button>\n  (Session info: chrome=137.0.7151.103)\nBuild info: version: '4.33.0', revision: '2c6aaad03a'\nSystem info: os.name: 'Linux', os.arch: 'amd64', os.version: '6.11.0-1015-azure', java.version: '21.0.7'\nDriver info: org.openqa.selenium.chrome.ChromeDriver\nCommand: [fb56b7bfc0693a51403889c4b9a62b53, clickElement {id=f.F4EC92931451F4F86CDC40D7958A950D.d.C965EA3F623D2C897E330E38FDBBE34F.e.72}]\nCapabilities {acceptInsecureCerts: false, browserName: chrome, browserVersion: 137.0.7151.103, chrome: {chromedriverVersion: 137.0.7151.119 (e0ac9d12dff..., userDataDir: /tmp/.org.chromium.Chromium...}, fedcm:accounts: true, goog:chromeOptions: {debuggerAddress: localhost:44499}, networkConnectionEnabled: false, pageLoadStrategy: normal, platformName: linux, proxy: Proxy(), se:cdp: ws://localhost:44499/devtoo..., se:cdpVersion: 137.0.7151.103, setWindowRect: true, strictFileInteractability: false, timeouts: {implicit: 0, pageLoad: 300000, script: 30000}, unhandledPromptBehavior: dismiss and notify, webauthn:extension:credBlob: true, webauthn:extension:largeBlob: true, webauthn:extension:minPinLength: true, webauthn:extension:prf: true, webauthn:virtualAuthenticators: true}\nElement: [[[[[[ChromeDriver: chrome on linux (fb56b7bfc0693a51403889c4b9a62b53)] -> xpath: //*[@id='app']/div[2]/ul/li]] -> xpath: .//div[contains(@class, 'cup')]]] -> xpath: .//div[contains(@class, 'cup-body')]]\nSession ID: fb56b7bfc0693a51403889c4b9a62b53","time":{"start":1750764599092,"stop":1750764600256,"duration":1164}},{"uid":"e17c2eea477bbd63","reportUrl":"https://UA-1378-TAQC.github.io/coffeecart.taqc/106//#testresult/e17c2eea477bbd63","status":"broken","statusDetails":"element click intercepted: Element <div data-v-400a88f7=\"\" class=\"cup-body\" aria-label=\"Americano\" data-test=\"Americano\" data-cy=\"Americano\">...</div> is not clickable at point (659, 423). Other element would receive the click: <button data-v-a68519c8=\"\" data-test=\"checkout\" class=\"pay\" type=\"button\" aria-label=\"Proceed to checkout\">...</button>\n  (Session info: chrome=137.0.7151.103)\nBuild info: version: '4.33.0', revision: '2c6aaad03a'\nSystem info: os.name: 'Linux', os.arch: 'amd64', os.version: '6.11.0-1015-azure', java.version: '21.0.7'\nDriver info: org.openqa.selenium.chrome.ChromeDriver\nCommand: [7fe6b15a6afe98a49a25762dd7147b8b, clickElement {id=f.E2EAEBE540128F65B6896F398D4707EE.d.C84208C16A57E9ED4103411080B4DC07.e.71}]\nCapabilities {acceptInsecureCerts: false, browserName: chrome, browserVersion: 137.0.7151.103, chrome: {chromedriverVersion: 137.0.7151.119 (e0ac9d12dff..., userDataDir: /tmp/.org.chromium.Chromium...}, fedcm:accounts: true, goog:chromeOptions: {debuggerAddress: localhost:33923}, networkConnectionEnabled: false, pageLoadStrategy: normal, platformName: linux, proxy: Proxy(), se:cdp: ws://localhost:33923/devtoo..., se:cdpVersion: 137.0.7151.103, setWindowRect: true, strictFileInteractability: false, timeouts: {implicit: 0, pageLoad: 300000, script: 30000}, unhandledPromptBehavior: dismiss and notify, webauthn:extension:credBlob: true, webauthn:extension:largeBlob: true, webauthn:extension:minPinLength: true, webauthn:extension:prf: true, webauthn:virtualAuthenticators: true}\nElement: [[[[[[ChromeDriver: chrome on linux (7fe6b15a6afe98a49a25762dd7147b8b)] -> xpath: //*[@id='app']/div[2]/ul/li]] -> xpath: .//div[contains(@class, 'cup')]]] -> xpath: .//div[contains(@class, 'cup-body')]]\nSession ID: 7fe6b15a6afe98a49a25762dd7147b8b","time":{"start":1750757613609,"stop":1750757614783,"duration":1174}},{"uid":"1c0d8f773d0f1507","reportUrl":"https://UA-1378-TAQC.github.io/coffeecart.taqc/105//#testresult/1c0d8f773d0f1507","status":"broken","statusDetails":"element click intercepted: Element <div data-v-400a88f7=\"\" class=\"cup-body\" aria-label=\"Americano\" data-test=\"Americano\" data-cy=\"Americano\">...</div> is not clickable at point (659, 423). Other element would receive the click: <button data-v-a68519c8=\"\" data-test=\"checkout\" class=\"pay\" type=\"button\" aria-label=\"Proceed to checkout\">...</button>\n  (Session info: chrome=137.0.7151.103)\nBuild info: version: '4.33.0', revision: '2c6aaad03a'\nSystem info: os.name: 'Linux', os.arch: 'amd64', os.version: '6.11.0-1015-azure', java.version: '21.0.7'\nDriver info: org.openqa.selenium.chrome.ChromeDriver\nCommand: [513f506788adf490dac23722c0589ac2, clickElement {id=f.9B2919BDEC77DB61A268EB810EE33161.d.10E6E13A4D46616A62C7FDB074F371E9.e.71}]\nCapabilities {acceptInsecureCerts: false, browserName: chrome, browserVersion: 137.0.7151.103, chrome: {chromedriverVersion: 137.0.7151.119 (e0ac9d12dff..., userDataDir: /tmp/.org.chromium.Chromium...}, fedcm:accounts: true, goog:chromeOptions: {debuggerAddress: localhost:33073}, networkConnectionEnabled: false, pageLoadStrategy: normal, platformName: linux, proxy: Proxy(), se:cdp: ws://localhost:33073/devtoo..., se:cdpVersion: 137.0.7151.103, setWindowRect: true, strictFileInteractability: false, timeouts: {implicit: 0, pageLoad: 300000, script: 30000}, unhandledPromptBehavior: dismiss and notify, webauthn:extension:credBlob: true, webauthn:extension:largeBlob: true, webauthn:extension:minPinLength: true, webauthn:extension:prf: true, webauthn:virtualAuthenticators: true}\nElement: [[[[[[ChromeDriver: chrome on linux (513f506788adf490dac23722c0589ac2)] -> xpath: //*[@id='app']/div[2]/ul/li]] -> xpath: .//div[contains(@class, 'cup')]]] -> xpath: .//div[contains(@class, 'cup-body')]]\nSession ID: 513f506788adf490dac23722c0589ac2","time":{"start":1750757130805,"stop":1750757131970,"duration":1165}},{"uid":"81fc1706077709bc","reportUrl":"https://UA-1378-TAQC.github.io/coffeecart.taqc/104//#testresult/81fc1706077709bc","status":"broken","statusDetails":"element click intercepted: Element <div data-v-400a88f7=\"\" class=\"cup-body\" aria-label=\"Americano\" data-test=\"Americano\" data-cy=\"Americano\">...</div> is not clickable at point (659, 423). Other element would receive the click: <button data-v-a68519c8=\"\" data-test=\"checkout\" class=\"pay\" type=\"button\" aria-label=\"Proceed to checkout\">...</button>\n  (Session info: chrome=137.0.7151.103)\nBuild info: version: '4.33.0', revision: '2c6aaad03a'\nSystem info: os.name: 'Linux', os.arch: 'amd64', os.version: '6.11.0-1015-azure', java.version: '21.0.7'\nDriver info: org.openqa.selenium.chrome.ChromeDriver\nCommand: [73e07baca367834cd541dd04c6c9d8f2, clickElement {id=f.25091B166621CC02156B37E8AF2C919D.d.0593E216827413C9EAFE4999B4DEAB9D.e.72}]\nCapabilities {acceptInsecureCerts: false, browserName: chrome, browserVersion: 137.0.7151.103, chrome: {chromedriverVersion: 137.0.7151.119 (e0ac9d12dff..., userDataDir: /tmp/.org.chromium.Chromium...}, fedcm:accounts: true, goog:chromeOptions: {debuggerAddress: localhost:36925}, networkConnectionEnabled: false, pageLoadStrategy: normal, platformName: linux, proxy: Proxy(), se:cdp: ws://localhost:36925/devtoo..., se:cdpVersion: 137.0.7151.103, setWindowRect: true, strictFileInteractability: false, timeouts: {implicit: 0, pageLoad: 300000, script: 30000}, unhandledPromptBehavior: dismiss and notify, webauthn:extension:credBlob: true, webauthn:extension:largeBlob: true, webauthn:extension:minPinLength: true, webauthn:extension:prf: true, webauthn:virtualAuthenticators: true}\nElement: [[[[[[ChromeDriver: chrome on linux (73e07baca367834cd541dd04c6c9d8f2)] -> xpath: //*[@id='app']/div[2]/ul/li]] -> xpath: .//div[contains(@class, 'cup')]]] -> xpath: .//div[contains(@class, 'cup-body')]]\nSession ID: 73e07baca367834cd541dd04c6c9d8f2","time":{"start":1750683286038,"stop":1750683287208,"duration":1170}},{"uid":"f0eb27aa263f91c5","reportUrl":"https://UA-1378-TAQC.github.io/coffeecart.taqc/103//#testresult/f0eb27aa263f91c5","status":"broken","statusDetails":"element click intercepted: Element <div data-v-400a88f7=\"\" class=\"cup-body\" aria-label=\"Americano\" data-test=\"Americano\" data-cy=\"Americano\">...</div> is not clickable at point (659, 423). Other element would receive the click: <button data-v-a68519c8=\"\" data-test=\"checkout\" class=\"pay\" type=\"button\" aria-label=\"Proceed to checkout\">...</button>\n  (Session info: chrome=137.0.7151.103)\nBuild info: version: '4.33.0', revision: '2c6aaad03a'\nSystem info: os.name: 'Linux', os.arch: 'amd64', os.version: '6.11.0-1015-azure', java.version: '21.0.7'\nDriver info: org.openqa.selenium.chrome.ChromeDriver\nCommand: [df342433d4050111622564148f224afe, clickElement {id=f.DCC4CCFE90850B7FD940E3F23AB8FF5F.d.F94F6651F845799C77AA2597BFBF81CE.e.71}]\nCapabilities {acceptInsecureCerts: false, browserName: chrome, browserVersion: 137.0.7151.103, chrome: {chromedriverVersion: 137.0.7151.119 (e0ac9d12dff..., userDataDir: /tmp/.org.chromium.Chromium...}, fedcm:accounts: true, goog:chromeOptions: {debuggerAddress: localhost:35047}, networkConnectionEnabled: false, pageLoadStrategy: normal, platformName: linux, proxy: Proxy(), se:cdp: ws://localhost:35047/devtoo..., se:cdpVersion: 137.0.7151.103, setWindowRect: true, strictFileInteractability: false, timeouts: {implicit: 0, pageLoad: 300000, script: 30000}, unhandledPromptBehavior: dismiss and notify, webauthn:extension:credBlob: true, webauthn:extension:largeBlob: true, webauthn:extension:minPinLength: true, webauthn:extension:prf: true, webauthn:virtualAuthenticators: true}\nElement: [[[[[[ChromeDriver: chrome on linux (df342433d4050111622564148f224afe)] -> xpath: //*[@id='app']/div[2]/ul/li]] -> xpath: .//div[contains(@class, 'cup')]]] -> xpath: .//div[contains(@class, 'cup-body')]]\nSession ID: df342433d4050111622564148f224afe","time":{"start":1750683058502,"stop":1750683059674,"duration":1172}},{"uid":"3cb1753cde102bc0","reportUrl":"https://UA-1378-TAQC.github.io/coffeecart.taqc/102//#testresult/3cb1753cde102bc0","status":"broken","statusDetails":"element click intercepted: Element <div data-v-400a88f7=\"\" class=\"cup-body\" aria-label=\"Americano\" data-test=\"Americano\" data-cy=\"Americano\">...</div> is not clickable at point (659, 423). Other element would receive the click: <button data-v-a68519c8=\"\" data-test=\"checkout\" class=\"pay\" type=\"button\" aria-label=\"Proceed to checkout\">...</button>\n  (Session info: chrome=137.0.7151.103)\nBuild info: version: '4.30.0', revision: '509c7f17cc*'\nSystem info: os.name: 'Linux', os.arch: 'amd64', os.version: '6.11.0-1015-azure', java.version: '21.0.7'\nDriver info: org.openqa.selenium.chrome.ChromeDriver\nCommand: [55aecaff878528bffac04ffe8e3f48f8, clickElement {id=f.EA518E7FB981AFFFBDD1D198A5ECC2AC.d.F2266ED4366740D1E1528EF800D4FE57.e.71}]\nCapabilities {acceptInsecureCerts: false, browserName: chrome, browserVersion: 137.0.7151.103, chrome: {chromedriverVersion: 137.0.7151.119 (e0ac9d12dff..., userDataDir: /tmp/.org.chromium.Chromium...}, fedcm:accounts: true, goog:chromeOptions: {debuggerAddress: localhost:35699}, networkConnectionEnabled: false, pageLoadStrategy: normal, platformName: linux, proxy: Proxy(), se:cdp: ws://localhost:35699/devtoo..., se:cdpVersion: 137.0.7151.103, setWindowRect: true, strictFileInteractability: false, timeouts: {implicit: 0, pageLoad: 300000, script: 30000}, unhandledPromptBehavior: dismiss and notify, webauthn:extension:credBlob: true, webauthn:extension:largeBlob: true, webauthn:extension:minPinLength: true, webauthn:extension:prf: true, webauthn:virtualAuthenticators: true}\nElement: [[[[[[ChromeDriver: chrome on linux (55aecaff878528bffac04ffe8e3f48f8)] -> xpath: //*[@id='app']/div[2]/ul/li]] -> xpath: .//div[contains(@class, 'cup')]]] -> xpath: .//div[contains(@class, 'cup-body')]]\nSession ID: 55aecaff878528bffac04ffe8e3f48f8","time":{"start":1750682559424,"stop":1750682560597,"duration":1173}},{"uid":"dfd8821b40635b6","reportUrl":"https://UA-1378-TAQC.github.io/coffeecart.taqc/101//#testresult/dfd8821b40635b6","status":"broken","statusDetails":"element click intercepted: Element <div data-v-400a88f7=\"\" class=\"cup-body\" aria-label=\"Americano\" data-test=\"Americano\" data-cy=\"Americano\">...</div> is not clickable at point (659, 423). Other element would receive the click: <button data-v-a68519c8=\"\" data-test=\"checkout\" class=\"pay\" type=\"button\" aria-label=\"Proceed to checkout\">...</button>\n  (Session info: chrome=137.0.7151.103)\nBuild info: version: '4.30.0', revision: '509c7f17cc*'\nSystem info: os.name: 'Linux', os.arch: 'amd64', os.version: '6.11.0-1015-azure', java.version: '21.0.7'\nDriver info: org.openqa.selenium.chrome.ChromeDriver\nCommand: [eaf138f2d3302e034a48b5a3bb4e8d52, clickElement {id=f.B1CA5C0DCB0994D9CF1166C6FFE0A5E7.d.F13F8B5FF630A701B4DF209CBE6AD1A6.e.71}]\nCapabilities {acceptInsecureCerts: false, browserName: chrome, browserVersion: 137.0.7151.103, chrome: {chromedriverVersion: 137.0.7151.119 (e0ac9d12dff..., userDataDir: /tmp/.org.chromium.Chromium...}, fedcm:accounts: true, goog:chromeOptions: {debuggerAddress: localhost:39031}, networkConnectionEnabled: false, pageLoadStrategy: normal, platformName: linux, proxy: Proxy(), se:cdp: ws://localhost:39031/devtoo..., se:cdpVersion: 137.0.7151.103, setWindowRect: true, strictFileInteractability: false, timeouts: {implicit: 0, pageLoad: 300000, script: 30000}, unhandledPromptBehavior: dismiss and notify, webauthn:extension:credBlob: true, webauthn:extension:largeBlob: true, webauthn:extension:minPinLength: true, webauthn:extension:prf: true, webauthn:virtualAuthenticators: true}\nElement: [[[[[[ChromeDriver: chrome on linux (eaf138f2d3302e034a48b5a3bb4e8d52)] -> xpath: //*[@id='app']/div[2]/ul/li]] -> xpath: .//div[contains(@class, 'cup')]]] -> xpath: .//div[contains(@class, 'cup-body')]]\nSession ID: eaf138f2d3302e034a48b5a3bb4e8d52","time":{"start":1750681305457,"stop":1750681306623,"duration":1166}}]},"tags":[]},"source":"95f46d9b0ce5ffa3.json","parameterValues":["Americano"]}