{"uid":"2f1b9ddf9af9a056","name":"verifyLuckyDayModalAfterEvery3rdItem","fullName":"com.coffeecart.ui.LuckyDayDiscountTest.verifyLuckyDayModalAfterEvery3rdItem","historyId":"7d566db89b54fa6fca910a00d25714c3","time":{"start":1750677672161,"stop":1750677673364,"duration":1203},"status":"broken","statusMessage":"element click intercepted: Element <div data-v-400a88f7=\"\" class=\"cup-body\" aria-label=\"Cafe Breve\" data-test=\"Cafe_Breve\" data-cy=\"Cafe-Breve\">...</div> is not clickable at point (659, 350). Other element would receive the click: <div data-v-a68519c8=\"\" class=\"pay-container\">...</div>\n  (Session info: chrome=137.0.7151.103)\nBuild info: version: '4.30.0', revision: '509c7f17cc*'\nSystem info: os.name: 'Linux', os.arch: 'amd64', os.version: '6.11.0-1015-azure', java.version: '21.0.7'\nDriver info: org.openqa.selenium.chrome.ChromeDriver\nCommand: [35606f792a8bb0d0f6b49384e1d6a140, clickElement {id=f.24985D8A2412441A75F65732C6A056B3.d.F410280D66CCEC5984598E9C9ABD8E91.e.58}]\nCapabilities {acceptInsecureCerts: false, browserName: chrome, browserVersion: 137.0.7151.103, chrome: {chromedriverVersion: 137.0.7151.119 (e0ac9d12dff..., userDataDir: /tmp/.org.chromium.Chromium...}, fedcm:accounts: true, goog:chromeOptions: {debuggerAddress: localhost:41253}, networkConnectionEnabled: false, pageLoadStrategy: normal, platformName: linux, proxy: Proxy(), se:cdp: ws://localhost:41253/devtoo..., se:cdpVersion: 137.0.7151.103, setWindowRect: true, strictFileInteractability: false, timeouts: {implicit: 0, pageLoad: 300000, script: 30000}, unhandledPromptBehavior: dismiss and notify, webauthn:extension:credBlob: true, webauthn:extension:largeBlob: true, webauthn:extension:minPinLength: true, webauthn:extension:prf: true, webauthn:virtualAuthenticators: true}\nElement: [[[[[[ChromeDriver: chrome on linux (35606f792a8bb0d0f6b49384e1d6a140)] -> xpath: //*[@id='app']/div[2]/ul/li]] -> xpath: .//div[contains(@class, 'cup')]]] -> xpath: .//div[contains(@class, 'cup-body')]]\nSession ID: 35606f792a8bb0d0f6b49384e1d6a140","statusTrace":"org.openqa.selenium.ElementClickInterceptedException: element click intercepted: Element <div data-v-400a88f7=\"\" class=\"cup-body\" aria-label=\"Cafe Breve\" data-test=\"Cafe_Breve\" data-cy=\"Cafe-Breve\">...</div> is not clickable at point (659, 350). Other element would receive the click: <div data-v-a68519c8=\"\" class=\"pay-container\">...</div>\n  (Session info: chrome=137.0.7151.103)\nBuild info: version: '4.30.0', revision: '509c7f17cc*'\nSystem info: os.name: 'Linux', os.arch: 'amd64', os.version: '6.11.0-1015-azure', java.version: '21.0.7'\nDriver info: org.openqa.selenium.chrome.ChromeDriver\nCommand: [35606f792a8bb0d0f6b49384e1d6a140, clickElement {id=f.24985D8A2412441A75F65732C6A056B3.d.F410280D66CCEC5984598E9C9ABD8E91.e.58}]\nCapabilities {acceptInsecureCerts: false, browserName: chrome, browserVersion: 137.0.7151.103, chrome: {chromedriverVersion: 137.0.7151.119 (e0ac9d12dff..., userDataDir: /tmp/.org.chromium.Chromium...}, fedcm:accounts: true, goog:chromeOptions: {debuggerAddress: localhost:41253}, networkConnectionEnabled: false, pageLoadStrategy: normal, platformName: linux, proxy: Proxy(), se:cdp: ws://localhost:41253/devtoo..., se:cdpVersion: 137.0.7151.103, setWindowRect: true, strictFileInteractability: false, timeouts: {implicit: 0, pageLoad: 300000, script: 30000}, unhandledPromptBehavior: dismiss and notify, webauthn:extension:credBlob: true, webauthn:extension:largeBlob: true, webauthn:extension:minPinLength: true, webauthn:extension:prf: true, webauthn:virtualAuthenticators: true}\nElement: [[[[[[ChromeDriver: chrome on linux (35606f792a8bb0d0f6b49384e1d6a140)] -> xpath: //*[@id='app']/div[2]/ul/li]] -> xpath: .//div[contains(@class, 'cup')]]] -> xpath: .//div[contains(@class, 'cup-body')]]\nSession ID: 35606f792a8bb0d0f6b49384e1d6a140\n\tat java.base/jdk.internal.reflect.DirectConstructorHandleAccessor.newInstance(DirectConstructorHandleAccessor.java:62)\n\tat java.base/java.lang.reflect.Constructor.newInstanceWithCaller(Constructor.java:502)\n\tat java.base/java.lang.reflect.Constructor.newInstance(Constructor.java:486)\n\tat org.openqa.selenium.remote.ErrorCodec.decode(ErrorCodec.java:167)\n\tat org.openqa.selenium.remote.codec.w3c.W3CHttpResponseCodec.decode(W3CHttpResponseCodec.java:138)\n\tat org.openqa.selenium.remote.codec.w3c.W3CHttpResponseCodec.decode(W3CHttpResponseCodec.java:50)\n\tat org.openqa.selenium.remote.HttpCommandExecutor.execute(HttpCommandExecutor.java:215)\n\tat org.openqa.selenium.remote.service.DriverCommandExecutor.invokeExecute(DriverCommandExecutor.java:216)\n\tat org.openqa.selenium.remote.service.DriverCommandExecutor.execute(DriverCommandExecutor.java:174)\n\tat org.openqa.selenium.remote.RemoteWebDriver.execute(RemoteWebDriver.java:545)\n\tat org.openqa.selenium.remote.RemoteWebElement.execute(RemoteWebElement.java:223)\n\tat org.openqa.selenium.remote.RemoteWebElement.click(RemoteWebElement.java:76)\n\tat java.base/jdk.internal.reflect.DirectMethodHandleAccessor.invoke(DirectMethodHandleAccessor.java:103)\n\tat java.base/java.lang.reflect.Method.invoke(Method.java:580)\n\tat org.openqa.selenium.support.pagefactory.internal.LocatingElementHandler.invoke(LocatingElementHandler.java:51)\n\tat jdk.proxy2/jdk.proxy2.$Proxy35.click(Unknown Source)\n\tat com.coffeecart.ui.component.CupComponent.clickOnCupBody(CupComponent.java:91)\n\tat com.coffeecart.ui.page.MenuPage.lambda$clickDrink$3(MenuPage.java:96)\n\tat java.base/java.util.Optional.ifPresent(Optional.java:178)\n\tat com.coffeecart.ui.page.MenuPage.clickDrink(MenuPage.java:96)\n\tat com.coffeecart.ui.LuckyDayDiscountTest.verifyLuckyDayModalAfterEvery3rdItem(LuckyDayDiscountTest.java:34)\n\tat java.base/jdk.internal.reflect.DirectMethodHandleAccessor.invoke(DirectMethodHandleAccessor.java:103)\n\tat java.base/java.lang.reflect.Method.invoke(Method.java:580)\n\tat org.testng.internal.invokers.MethodInvocationHelper.invokeMethod(MethodInvocationHelper.java:141)\n\tat org.testng.internal.invokers.TestInvoker.invokeMethod(TestInvoker.java:686)\n\tat org.testng.internal.invokers.TestInvoker.invokeTestMethod(TestInvoker.java:230)\n\tat org.testng.internal.invokers.MethodRunner.runInSequence(MethodRunner.java:63)\n\tat org.testng.internal.invokers.TestInvoker$MethodInvocationAgent.invoke(TestInvoker.java:992)\n\tat org.testng.internal.invokers.TestInvoker.invokeTestMethods(TestInvoker.java:203)\n\tat org.testng.internal.invokers.TestMethodWorker.invokeTestMethods(TestMethodWorker.java:154)\n\tat org.testng.internal.invokers.TestMethodWorker.run(TestMethodWorker.java:134)\n\tat java.base/java.util.ArrayList.forEach(ArrayList.java:1596)\n\tat org.testng.TestRunner.privateRun(TestRunner.java:739)\n\tat org.testng.TestRunner.run(TestRunner.java:614)\n\tat org.testng.SuiteRunner.runTest(SuiteRunner.java:421)\n\tat org.testng.SuiteRunner.runSequentially(SuiteRunner.java:413)\n\tat org.testng.SuiteRunner.privateRun(SuiteRunner.java:373)\n\tat org.testng.SuiteRunner.run(SuiteRunner.java:312)\n\tat org.testng.SuiteRunnerWorker.runSuite(SuiteRunnerWorker.java:52)\n\tat org.testng.SuiteRunnerWorker.run(SuiteRunnerWorker.java:95)\n\tat org.testng.TestNG.runSuitesSequentially(TestNG.java:1274)\n\tat org.testng.TestNG.runSuitesLocally(TestNG.java:1208)\n\tat org.testng.TestNG.runSuites(TestNG.java:1112)\n\tat org.testng.TestNG.run(TestNG.java:1079)\n\tat org.apache.maven.surefire.testng.TestNGExecutor.run(TestNGExecutor.java:308)\n\tat org.apache.maven.surefire.testng.TestNGXmlTestSuite.execute(TestNGXmlTestSuite.java:71)\n\tat org.apache.maven.surefire.testng.TestNGProvider.invoke(TestNGProvider.java:113)\n\tat org.apache.maven.surefire.booter.ForkedBooter.runSuitesInProcess(ForkedBooter.java:385)\n\tat org.apache.maven.surefire.booter.ForkedBooter.execute(ForkedBooter.java:162)\n\tat org.apache.maven.surefire.booter.ForkedBooter.run(ForkedBooter.java:507)\n\tat org.apache.maven.surefire.booter.ForkedBooter.main(ForkedBooter.java:495)\n","flaky":false,"newFailed":false,"newBroken":false,"newPassed":false,"retriesCount":0,"retriesStatusChange":false,"beforeStages":[{"name":"beforeClass","time":{"start":1750677664146,"stop":1750677664570,"duration":424},"description":"","status":"passed","steps":[{"name":"init ChromeDriver","time":{"start":1750677664146,"stop":1750677664430,"duration":284},"status":"passed","steps":[],"attachments":[],"parameters":[],"shouldDisplayMessage":false,"stepsCount":0,"attachmentsCount":0,"hasContent":false,"attachmentStep":false}],"attachments":[],"parameters":[],"shouldDisplayMessage":false,"stepsCount":1,"attachmentsCount":0,"hasContent":true,"attachmentStep":false}],"testStage":{"status":"broken","statusMessage":"element click intercepted: Element <div data-v-400a88f7=\"\" class=\"cup-body\" aria-label=\"Cafe Breve\" data-test=\"Cafe_Breve\" data-cy=\"Cafe-Breve\">...</div> is not clickable at point (659, 350). Other element would receive the click: <div data-v-a68519c8=\"\" class=\"pay-container\">...</div>\n  (Session info: chrome=137.0.7151.103)\nBuild info: version: '4.30.0', revision: '509c7f17cc*'\nSystem info: os.name: 'Linux', os.arch: 'amd64', os.version: '6.11.0-1015-azure', java.version: '21.0.7'\nDriver info: org.openqa.selenium.chrome.ChromeDriver\nCommand: [35606f792a8bb0d0f6b49384e1d6a140, clickElement {id=f.24985D8A2412441A75F65732C6A056B3.d.F410280D66CCEC5984598E9C9ABD8E91.e.58}]\nCapabilities {acceptInsecureCerts: false, browserName: chrome, browserVersion: 137.0.7151.103, chrome: {chromedriverVersion: 137.0.7151.119 (e0ac9d12dff..., userDataDir: /tmp/.org.chromium.Chromium...}, fedcm:accounts: true, goog:chromeOptions: {debuggerAddress: localhost:41253}, networkConnectionEnabled: false, pageLoadStrategy: normal, platformName: linux, proxy: Proxy(), se:cdp: ws://localhost:41253/devtoo..., se:cdpVersion: 137.0.7151.103, setWindowRect: true, strictFileInteractability: false, timeouts: {implicit: 0, pageLoad: 300000, script: 30000}, unhandledPromptBehavior: dismiss and notify, webauthn:extension:credBlob: true, webauthn:extension:largeBlob: true, webauthn:extension:minPinLength: true, webauthn:extension:prf: true, webauthn:virtualAuthenticators: true}\nElement: [[[[[[ChromeDriver: chrome on linux (35606f792a8bb0d0f6b49384e1d6a140)] -> xpath: //*[@id='app']/div[2]/ul/li]] -> xpath: .//div[contains(@class, 'cup')]]] -> xpath: .//div[contains(@class, 'cup-body')]]\nSession ID: 35606f792a8bb0d0f6b49384e1d6a140","statusTrace":"org.openqa.selenium.ElementClickInterceptedException: element click intercepted: Element <div data-v-400a88f7=\"\" class=\"cup-body\" aria-label=\"Cafe Breve\" data-test=\"Cafe_Breve\" data-cy=\"Cafe-Breve\">...</div> is not clickable at point (659, 350). Other element would receive the click: <div data-v-a68519c8=\"\" class=\"pay-container\">...</div>\n  (Session info: chrome=137.0.7151.103)\nBuild info: version: '4.30.0', revision: '509c7f17cc*'\nSystem info: os.name: 'Linux', os.arch: 'amd64', os.version: '6.11.0-1015-azure', java.version: '21.0.7'\nDriver info: org.openqa.selenium.chrome.ChromeDriver\nCommand: [35606f792a8bb0d0f6b49384e1d6a140, clickElement {id=f.24985D8A2412441A75F65732C6A056B3.d.F410280D66CCEC5984598E9C9ABD8E91.e.58}]\nCapabilities {acceptInsecureCerts: false, browserName: chrome, browserVersion: 137.0.7151.103, chrome: {chromedriverVersion: 137.0.7151.119 (e0ac9d12dff..., userDataDir: /tmp/.org.chromium.Chromium...}, fedcm:accounts: true, goog:chromeOptions: {debuggerAddress: localhost:41253}, networkConnectionEnabled: false, pageLoadStrategy: normal, platformName: linux, proxy: Proxy(), se:cdp: ws://localhost:41253/devtoo..., se:cdpVersion: 137.0.7151.103, setWindowRect: true, strictFileInteractability: false, timeouts: {implicit: 0, pageLoad: 300000, script: 30000}, unhandledPromptBehavior: dismiss and notify, webauthn:extension:credBlob: true, webauthn:extension:largeBlob: true, webauthn:extension:minPinLength: true, webauthn:extension:prf: true, webauthn:virtualAuthenticators: true}\nElement: [[[[[[ChromeDriver: chrome on linux (35606f792a8bb0d0f6b49384e1d6a140)] -> xpath: //*[@id='app']/div[2]/ul/li]] -> xpath: .//div[contains(@class, 'cup')]]] -> xpath: .//div[contains(@class, 'cup-body')]]\nSession ID: 35606f792a8bb0d0f6b49384e1d6a140\n\tat java.base/jdk.internal.reflect.DirectConstructorHandleAccessor.newInstance(DirectConstructorHandleAccessor.java:62)\n\tat java.base/java.lang.reflect.Constructor.newInstanceWithCaller(Constructor.java:502)\n\tat java.base/java.lang.reflect.Constructor.newInstance(Constructor.java:486)\n\tat org.openqa.selenium.remote.ErrorCodec.decode(ErrorCodec.java:167)\n\tat org.openqa.selenium.remote.codec.w3c.W3CHttpResponseCodec.decode(W3CHttpResponseCodec.java:138)\n\tat org.openqa.selenium.remote.codec.w3c.W3CHttpResponseCodec.decode(W3CHttpResponseCodec.java:50)\n\tat org.openqa.selenium.remote.HttpCommandExecutor.execute(HttpCommandExecutor.java:215)\n\tat org.openqa.selenium.remote.service.DriverCommandExecutor.invokeExecute(DriverCommandExecutor.java:216)\n\tat org.openqa.selenium.remote.service.DriverCommandExecutor.execute(DriverCommandExecutor.java:174)\n\tat org.openqa.selenium.remote.RemoteWebDriver.execute(RemoteWebDriver.java:545)\n\tat org.openqa.selenium.remote.RemoteWebElement.execute(RemoteWebElement.java:223)\n\tat org.openqa.selenium.remote.RemoteWebElement.click(RemoteWebElement.java:76)\n\tat java.base/jdk.internal.reflect.DirectMethodHandleAccessor.invoke(DirectMethodHandleAccessor.java:103)\n\tat java.base/java.lang.reflect.Method.invoke(Method.java:580)\n\tat org.openqa.selenium.support.pagefactory.internal.LocatingElementHandler.invoke(LocatingElementHandler.java:51)\n\tat jdk.proxy2/jdk.proxy2.$Proxy35.click(Unknown Source)\n\tat com.coffeecart.ui.component.CupComponent.clickOnCupBody(CupComponent.java:91)\n\tat com.coffeecart.ui.page.MenuPage.lambda$clickDrink$3(MenuPage.java:96)\n\tat java.base/java.util.Optional.ifPresent(Optional.java:178)\n\tat com.coffeecart.ui.page.MenuPage.clickDrink(MenuPage.java:96)\n\tat com.coffeecart.ui.LuckyDayDiscountTest.verifyLuckyDayModalAfterEvery3rdItem(LuckyDayDiscountTest.java:34)\n\tat java.base/jdk.internal.reflect.DirectMethodHandleAccessor.invoke(DirectMethodHandleAccessor.java:103)\n\tat java.base/java.lang.reflect.Method.invoke(Method.java:580)\n\tat org.testng.internal.invokers.MethodInvocationHelper.invokeMethod(MethodInvocationHelper.java:141)\n\tat org.testng.internal.invokers.TestInvoker.invokeMethod(TestInvoker.java:686)\n\tat org.testng.internal.invokers.TestInvoker.invokeTestMethod(TestInvoker.java:230)\n\tat org.testng.internal.invokers.MethodRunner.runInSequence(MethodRunner.java:63)\n\tat org.testng.internal.invokers.TestInvoker$MethodInvocationAgent.invoke(TestInvoker.java:992)\n\tat org.testng.internal.invokers.TestInvoker.invokeTestMethods(TestInvoker.java:203)\n\tat org.testng.internal.invokers.TestMethodWorker.invokeTestMethods(TestMethodWorker.java:154)\n\tat org.testng.internal.invokers.TestMethodWorker.run(TestMethodWorker.java:134)\n\tat java.base/java.util.ArrayList.forEach(ArrayList.java:1596)\n\tat org.testng.TestRunner.privateRun(TestRunner.java:739)\n\tat org.testng.TestRunner.run(TestRunner.java:614)\n\tat org.testng.SuiteRunner.runTest(SuiteRunner.java:421)\n\tat org.testng.SuiteRunner.runSequentially(SuiteRunner.java:413)\n\tat org.testng.SuiteRunner.privateRun(SuiteRunner.java:373)\n\tat org.testng.SuiteRunner.run(SuiteRunner.java:312)\n\tat org.testng.SuiteRunnerWorker.runSuite(SuiteRunnerWorker.java:52)\n\tat org.testng.SuiteRunnerWorker.run(SuiteRunnerWorker.java:95)\n\tat org.testng.TestNG.runSuitesSequentially(TestNG.java:1274)\n\tat org.testng.TestNG.runSuitesLocally(TestNG.java:1208)\n\tat org.testng.TestNG.runSuites(TestNG.java:1112)\n\tat org.testng.TestNG.run(TestNG.java:1079)\n\tat org.apache.maven.surefire.testng.TestNGExecutor.run(TestNGExecutor.java:308)\n\tat org.apache.maven.surefire.testng.TestNGXmlTestSuite.execute(TestNGXmlTestSuite.java:71)\n\tat org.apache.maven.surefire.testng.TestNGProvider.invoke(TestNGProvider.java:113)\n\tat org.apache.maven.surefire.booter.ForkedBooter.runSuitesInProcess(ForkedBooter.java:385)\n\tat org.apache.maven.surefire.booter.ForkedBooter.execute(ForkedBooter.java:162)\n\tat org.apache.maven.surefire.booter.ForkedBooter.run(ForkedBooter.java:507)\n\tat org.apache.maven.surefire.booter.ForkedBooter.main(ForkedBooter.java:495)\n","steps":[{"name":"Verify LuckyDay modal appears after every 3rd item added","time":{"start":1750677672161,"stop":1750677673363,"duration":1202},"status":"broken","statusMessage":"element click intercepted: Element <div data-v-400a88f7=\"\" class=\"cup-body\" aria-label=\"Cafe Breve\" data-test=\"Cafe_Breve\" data-cy=\"Cafe-Breve\">...</div> is not clickable at point (659, 350). Other element would receive the click: <div data-v-a68519c8=\"\" class=\"pay-container\">...</div>\n  (Session info: chrome=137.0.7151.103)\nBuild info: version: '4.30.0', revision: '509c7f17cc*'\nSystem info: os.name: 'Linux', os.arch: 'amd64', os.version: '6.11.0-1015-azure', java.version: '21.0.7'\nDriver info: org.openqa.selenium.chrome.ChromeDriver\nCommand: [35606f792a8bb0d0f6b49384e1d6a140, clickElement {id=f.24985D8A2412441A75F65732C6A056B3.d.F410280D66CCEC5984598E9C9ABD8E91.e.58}]\nCapabilities {acceptInsecureCerts: false, browserName: chrome, browserVersion: 137.0.7151.103, chrome: {chromedriverVersion: 137.0.7151.119 (e0ac9d12dff..., userDataDir: /tmp/.org.chromium.Chromium...}, fedcm:accounts: true, goog:chromeOptions: {debuggerAddress: localhost:41253}, networkConnectionEnabled: false, pageLoadStrategy: normal, platformName: linux, proxy: Proxy(), se:cdp: ws://localhost:41253/devtoo..., se:cdpVersion: 137.0.7151.103, setWindowRect: true, strictFileInteractability: false, timeouts: {implicit: 0, pageLoad: 300000, script: 30000}, unhandledPromptBehavior: dismiss and notify, webauthn:extension:credBlob: true, webauthn:extension:largeBlob: true, webauthn:extension:minPinLength: true, webauthn:extension:prf: true, webauthn:virtualAuthenticators: true}\nElement: [[[[[[ChromeDriver: chrome on linux (35606f792a8bb0d0f6b49384e1d6a140)] -> xpath: //*[@id='app']/div[2]/ul/li]] -> xpath: .//div[contains(@class, 'cup')]]] -> xpath: .//div[contains(@class, 'cup-body')]]\nSession ID: 35606f792a8bb0d0f6b49384e1d6a140","statusTrace":"org.openqa.selenium.ElementClickInterceptedException: element click intercepted: Element <div data-v-400a88f7=\"\" class=\"cup-body\" aria-label=\"Cafe Breve\" data-test=\"Cafe_Breve\" data-cy=\"Cafe-Breve\">...</div> is not clickable at point (659, 350). Other element would receive the click: <div data-v-a68519c8=\"\" class=\"pay-container\">...</div>\n  (Session info: chrome=137.0.7151.103)\nBuild info: version: '4.30.0', revision: '509c7f17cc*'\nSystem info: os.name: 'Linux', os.arch: 'amd64', os.version: '6.11.0-1015-azure', java.version: '21.0.7'\nDriver info: org.openqa.selenium.chrome.ChromeDriver\nCommand: [35606f792a8bb0d0f6b49384e1d6a140, clickElement {id=f.24985D8A2412441A75F65732C6A056B3.d.F410280D66CCEC5984598E9C9ABD8E91.e.58}]\nCapabilities {acceptInsecureCerts: false, browserName: chrome, browserVersion: 137.0.7151.103, chrome: {chromedriverVersion: 137.0.7151.119 (e0ac9d12dff..., userDataDir: /tmp/.org.chromium.Chromium...}, fedcm:accounts: true, goog:chromeOptions: {debuggerAddress: localhost:41253}, networkConnectionEnabled: false, pageLoadStrategy: normal, platformName: linux, proxy: Proxy(), se:cdp: ws://localhost:41253/devtoo..., se:cdpVersion: 137.0.7151.103, setWindowRect: true, strictFileInteractability: false, timeouts: {implicit: 0, pageLoad: 300000, script: 30000}, unhandledPromptBehavior: dismiss and notify, webauthn:extension:credBlob: true, webauthn:extension:largeBlob: true, webauthn:extension:minPinLength: true, webauthn:extension:prf: true, webauthn:virtualAuthenticators: true}\nElement: [[[[[[ChromeDriver: chrome on linux (35606f792a8bb0d0f6b49384e1d6a140)] -> xpath: //*[@id='app']/div[2]/ul/li]] -> xpath: .//div[contains(@class, 'cup')]]] -> xpath: .//div[contains(@class, 'cup-body')]]\nSession ID: 35606f792a8bb0d0f6b49384e1d6a140\n\tat java.base/jdk.internal.reflect.DirectConstructorHandleAccessor.newInstance(DirectConstructorHandleAccessor.java:62)\n\tat java.base/java.lang.reflect.Constructor.newInstanceWithCaller(Constructor.java:502)\n\tat java.base/java.lang.reflect.Constructor.newInstance(Constructor.java:486)\n\tat org.openqa.selenium.remote.ErrorCodec.decode(ErrorCodec.java:167)\n\tat org.openqa.selenium.remote.codec.w3c.W3CHttpResponseCodec.decode(W3CHttpResponseCodec.java:138)\n\tat org.openqa.selenium.remote.codec.w3c.W3CHttpResponseCodec.decode(W3CHttpResponseCodec.java:50)\n\tat org.openqa.selenium.remote.HttpCommandExecutor.execute(HttpCommandExecutor.java:215)\n\tat org.openqa.selenium.remote.service.DriverCommandExecutor.invokeExecute(DriverCommandExecutor.java:216)\n\tat org.openqa.selenium.remote.service.DriverCommandExecutor.execute(DriverCommandExecutor.java:174)\n\tat org.openqa.selenium.remote.RemoteWebDriver.execute(RemoteWebDriver.java:545)\n\tat org.openqa.selenium.remote.RemoteWebElement.execute(RemoteWebElement.java:223)\n\tat org.openqa.selenium.remote.RemoteWebElement.click(RemoteWebElement.java:76)\n\tat java.base/jdk.internal.reflect.DirectMethodHandleAccessor.invoke(DirectMethodHandleAccessor.java:103)\n\tat java.base/java.lang.reflect.Method.invoke(Method.java:580)\n\tat org.openqa.selenium.support.pagefactory.internal.LocatingElementHandler.invoke(LocatingElementHandler.java:51)\n\tat jdk.proxy2/jdk.proxy2.$Proxy35.click(Unknown Source)\n\tat com.coffeecart.ui.component.CupComponent.clickOnCupBody(CupComponent.java:91)\n\tat com.coffeecart.ui.page.MenuPage.lambda$clickDrink$3(MenuPage.java:96)\n\tat java.base/java.util.Optional.ifPresent(Optional.java:178)\n\tat com.coffeecart.ui.page.MenuPage.clickDrink(MenuPage.java:96)\n\tat com.coffeecart.ui.LuckyDayDiscountTest.verifyLuckyDayModalAfterEvery3rdItem(LuckyDayDiscountTest.java:34)\n\tat java.base/jdk.internal.reflect.DirectMethodHandleAccessor.invoke(DirectMethodHandleAccessor.java:103)\n\tat java.base/java.lang.reflect.Method.invoke(Method.java:580)\n\tat org.testng.internal.invokers.MethodInvocationHelper.invokeMethod(MethodInvocationHelper.java:141)\n\tat org.testng.internal.invokers.TestInvoker.invokeMethod(TestInvoker.java:686)\n\tat org.testng.internal.invokers.TestInvoker.invokeTestMethod(TestInvoker.java:230)\n\tat org.testng.internal.invokers.MethodRunner.runInSequence(MethodRunner.java:63)\n\tat org.testng.internal.invokers.TestInvoker$MethodInvocationAgent.invoke(TestInvoker.java:992)\n\tat org.testng.internal.invokers.TestInvoker.invokeTestMethods(TestInvoker.java:203)\n\tat org.testng.internal.invokers.TestMethodWorker.invokeTestMethods(TestMethodWorker.java:154)\n\tat org.testng.internal.invokers.TestMethodWorker.run(TestMethodWorker.java:134)\n\tat java.base/java.util.ArrayList.forEach(ArrayList.java:1596)\n\tat org.testng.TestRunner.privateRun(TestRunner.java:739)\n\tat org.testng.TestRunner.run(TestRunner.java:614)\n\tat org.testng.SuiteRunner.runTest(SuiteRunner.java:421)\n\tat org.testng.SuiteRunner.runSequentially(SuiteRunner.java:413)\n\tat org.testng.SuiteRunner.privateRun(SuiteRunner.java:373)\n\tat org.testng.SuiteRunner.run(SuiteRunner.java:312)\n\tat org.testng.SuiteRunnerWorker.runSuite(SuiteRunnerWorker.java:52)\n\tat org.testng.SuiteRunnerWorker.run(SuiteRunnerWorker.java:95)\n\tat org.testng.TestNG.runSuitesSequentially(TestNG.java:1274)\n\tat org.testng.TestNG.runSuitesLocally(TestNG.java:1208)\n\tat org.testng.TestNG.runSuites(TestNG.java:1112)\n\tat org.testng.TestNG.run(TestNG.java:1079)\n\tat org.apache.maven.surefire.testng.TestNGExecutor.run(TestNGExecutor.java:308)\n\tat org.apache.maven.surefire.testng.TestNGXmlTestSuite.execute(TestNGXmlTestSuite.java:71)\n\tat org.apache.maven.surefire.testng.TestNGProvider.invoke(TestNGProvider.java:113)\n\tat org.apache.maven.surefire.booter.ForkedBooter.runSuitesInProcess(ForkedBooter.java:385)\n\tat org.apache.maven.surefire.booter.ForkedBooter.execute(ForkedBooter.java:162)\n\tat org.apache.maven.surefire.booter.ForkedBooter.run(ForkedBooter.java:507)\n\tat org.apache.maven.surefire.booter.ForkedBooter.main(ForkedBooter.java:495)\n","steps":[{"name":"Click on cup with title: Cafe Breve","time":{"start":1750677672166,"stop":1750677673363,"duration":1197},"status":"broken","statusMessage":"element click intercepted: Element <div data-v-400a88f7=\"\" class=\"cup-body\" aria-label=\"Cafe Breve\" data-test=\"Cafe_Breve\" data-cy=\"Cafe-Breve\">...</div> is not clickable at point (659, 350). Other element would receive the click: <div data-v-a68519c8=\"\" class=\"pay-container\">...</div>\n  (Session info: chrome=137.0.7151.103)\nBuild info: version: '4.30.0', revision: '509c7f17cc*'\nSystem info: os.name: 'Linux', os.arch: 'amd64', os.version: '6.11.0-1015-azure', java.version: '21.0.7'\nDriver info: org.openqa.selenium.chrome.ChromeDriver\nCommand: [35606f792a8bb0d0f6b49384e1d6a140, clickElement {id=f.24985D8A2412441A75F65732C6A056B3.d.F410280D66CCEC5984598E9C9ABD8E91.e.58}]\nCapabilities {acceptInsecureCerts: false, browserName: chrome, browserVersion: 137.0.7151.103, chrome: {chromedriverVersion: 137.0.7151.119 (e0ac9d12dff..., userDataDir: /tmp/.org.chromium.Chromium...}, fedcm:accounts: true, goog:chromeOptions: {debuggerAddress: localhost:41253}, networkConnectionEnabled: false, pageLoadStrategy: normal, platformName: linux, proxy: Proxy(), se:cdp: ws://localhost:41253/devtoo..., se:cdpVersion: 137.0.7151.103, setWindowRect: true, strictFileInteractability: false, timeouts: {implicit: 0, pageLoad: 300000, script: 30000}, unhandledPromptBehavior: dismiss and notify, webauthn:extension:credBlob: true, webauthn:extension:largeBlob: true, webauthn:extension:minPinLength: true, webauthn:extension:prf: true, webauthn:virtualAuthenticators: true}\nElement: [[[[[[ChromeDriver: chrome on linux (35606f792a8bb0d0f6b49384e1d6a140)] -> xpath: //*[@id='app']/div[2]/ul/li]] -> xpath: .//div[contains(@class, 'cup')]]] -> xpath: .//div[contains(@class, 'cup-body')]]\nSession ID: 35606f792a8bb0d0f6b49384e1d6a140","statusTrace":"org.openqa.selenium.ElementClickInterceptedException: element click intercepted: Element <div data-v-400a88f7=\"\" class=\"cup-body\" aria-label=\"Cafe Breve\" data-test=\"Cafe_Breve\" data-cy=\"Cafe-Breve\">...</div> is not clickable at point (659, 350). Other element would receive the click: <div data-v-a68519c8=\"\" class=\"pay-container\">...</div>\n  (Session info: chrome=137.0.7151.103)\nBuild info: version: '4.30.0', revision: '509c7f17cc*'\nSystem info: os.name: 'Linux', os.arch: 'amd64', os.version: '6.11.0-1015-azure', java.version: '21.0.7'\nDriver info: org.openqa.selenium.chrome.ChromeDriver\nCommand: [35606f792a8bb0d0f6b49384e1d6a140, clickElement {id=f.24985D8A2412441A75F65732C6A056B3.d.F410280D66CCEC5984598E9C9ABD8E91.e.58}]\nCapabilities {acceptInsecureCerts: false, browserName: chrome, browserVersion: 137.0.7151.103, chrome: {chromedriverVersion: 137.0.7151.119 (e0ac9d12dff..., userDataDir: /tmp/.org.chromium.Chromium...}, fedcm:accounts: true, goog:chromeOptions: {debuggerAddress: localhost:41253}, networkConnectionEnabled: false, pageLoadStrategy: normal, platformName: linux, proxy: Proxy(), se:cdp: ws://localhost:41253/devtoo..., se:cdpVersion: 137.0.7151.103, setWindowRect: true, strictFileInteractability: false, timeouts: {implicit: 0, pageLoad: 300000, script: 30000}, unhandledPromptBehavior: dismiss and notify, webauthn:extension:credBlob: true, webauthn:extension:largeBlob: true, webauthn:extension:minPinLength: true, webauthn:extension:prf: true, webauthn:virtualAuthenticators: true}\nElement: [[[[[[ChromeDriver: chrome on linux (35606f792a8bb0d0f6b49384e1d6a140)] -> xpath: //*[@id='app']/div[2]/ul/li]] -> xpath: .//div[contains(@class, 'cup')]]] -> xpath: .//div[contains(@class, 'cup-body')]]\nSession ID: 35606f792a8bb0d0f6b49384e1d6a140\n\tat java.base/jdk.internal.reflect.DirectConstructorHandleAccessor.newInstance(DirectConstructorHandleAccessor.java:62)\n\tat java.base/java.lang.reflect.Constructor.newInstanceWithCaller(Constructor.java:502)\n\tat java.base/java.lang.reflect.Constructor.newInstance(Constructor.java:486)\n\tat org.openqa.selenium.remote.ErrorCodec.decode(ErrorCodec.java:167)\n\tat org.openqa.selenium.remote.codec.w3c.W3CHttpResponseCodec.decode(W3CHttpResponseCodec.java:138)\n\tat org.openqa.selenium.remote.codec.w3c.W3CHttpResponseCodec.decode(W3CHttpResponseCodec.java:50)\n\tat org.openqa.selenium.remote.HttpCommandExecutor.execute(HttpCommandExecutor.java:215)\n\tat org.openqa.selenium.remote.service.DriverCommandExecutor.invokeExecute(DriverCommandExecutor.java:216)\n\tat org.openqa.selenium.remote.service.DriverCommandExecutor.execute(DriverCommandExecutor.java:174)\n\tat org.openqa.selenium.remote.RemoteWebDriver.execute(RemoteWebDriver.java:545)\n\tat org.openqa.selenium.remote.RemoteWebElement.execute(RemoteWebElement.java:223)\n\tat org.openqa.selenium.remote.RemoteWebElement.click(RemoteWebElement.java:76)\n\tat java.base/jdk.internal.reflect.DirectMethodHandleAccessor.invoke(DirectMethodHandleAccessor.java:103)\n\tat java.base/java.lang.reflect.Method.invoke(Method.java:580)\n\tat org.openqa.selenium.support.pagefactory.internal.LocatingElementHandler.invoke(LocatingElementHandler.java:51)\n\tat jdk.proxy2/jdk.proxy2.$Proxy35.click(Unknown Source)\n\tat com.coffeecart.ui.component.CupComponent.clickOnCupBody(CupComponent.java:91)\n\tat com.coffeecart.ui.page.MenuPage.lambda$clickDrink$3(MenuPage.java:96)\n\tat java.base/java.util.Optional.ifPresent(Optional.java:178)\n\tat com.coffeecart.ui.page.MenuPage.clickDrink(MenuPage.java:96)\n\tat com.coffeecart.ui.LuckyDayDiscountTest.verifyLuckyDayModalAfterEvery3rdItem(LuckyDayDiscountTest.java:34)\n\tat java.base/jdk.internal.reflect.DirectMethodHandleAccessor.invoke(DirectMethodHandleAccessor.java:103)\n\tat java.base/java.lang.reflect.Method.invoke(Method.java:580)\n\tat org.testng.internal.invokers.MethodInvocationHelper.invokeMethod(MethodInvocationHelper.java:141)\n\tat org.testng.internal.invokers.TestInvoker.invokeMethod(TestInvoker.java:686)\n\tat org.testng.internal.invokers.TestInvoker.invokeTestMethod(TestInvoker.java:230)\n\tat org.testng.internal.invokers.MethodRunner.runInSequence(MethodRunner.java:63)\n\tat org.testng.internal.invokers.TestInvoker$MethodInvocationAgent.invoke(TestInvoker.java:992)\n\tat org.testng.internal.invokers.TestInvoker.invokeTestMethods(TestInvoker.java:203)\n\tat org.testng.internal.invokers.TestMethodWorker.invokeTestMethods(TestMethodWorker.java:154)\n\tat org.testng.internal.invokers.TestMethodWorker.run(TestMethodWorker.java:134)\n\tat java.base/java.util.ArrayList.forEach(ArrayList.java:1596)\n\tat org.testng.TestRunner.privateRun(TestRunner.java:739)\n\tat org.testng.TestRunner.run(TestRunner.java:614)\n\tat org.testng.SuiteRunner.runTest(SuiteRunner.java:421)\n\tat org.testng.SuiteRunner.runSequentially(SuiteRunner.java:413)\n\tat org.testng.SuiteRunner.privateRun(SuiteRunner.java:373)\n\tat org.testng.SuiteRunner.run(SuiteRunner.java:312)\n\tat org.testng.SuiteRunnerWorker.runSuite(SuiteRunnerWorker.java:52)\n\tat org.testng.SuiteRunnerWorker.run(SuiteRunnerWorker.java:95)\n\tat org.testng.TestNG.runSuitesSequentially(TestNG.java:1274)\n\tat org.testng.TestNG.runSuitesLocally(TestNG.java:1208)\n\tat org.testng.TestNG.runSuites(TestNG.java:1112)\n\tat org.testng.TestNG.run(TestNG.java:1079)\n\tat org.apache.maven.surefire.testng.TestNGExecutor.run(TestNGExecutor.java:308)\n\tat org.apache.maven.surefire.testng.TestNGXmlTestSuite.execute(TestNGXmlTestSuite.java:71)\n\tat org.apache.maven.surefire.testng.TestNGProvider.invoke(TestNGProvider.java:113)\n\tat org.apache.maven.surefire.booter.ForkedBooter.runSuitesInProcess(ForkedBooter.java:385)\n\tat org.apache.maven.surefire.booter.ForkedBooter.execute(ForkedBooter.java:162)\n\tat org.apache.maven.surefire.booter.ForkedBooter.run(ForkedBooter.java:507)\n\tat org.apache.maven.surefire.booter.ForkedBooter.main(ForkedBooter.java:495)\n","steps":[{"name":"Click on Cup body","time":{"start":1750677672262,"stop":1750677673363,"duration":1101},"status":"broken","statusMessage":"element click intercepted: Element <div data-v-400a88f7=\"\" class=\"cup-body\" aria-label=\"Cafe Breve\" data-test=\"Cafe_Breve\" data-cy=\"Cafe-Breve\">...</div> is not clickable at point (659, 350). Other element would receive the click: <div data-v-a68519c8=\"\" class=\"pay-container\">...</div>\n  (Session info: chrome=137.0.7151.103)\nBuild info: version: '4.30.0', revision: '509c7f17cc*'\nSystem info: os.name: 'Linux', os.arch: 'amd64', os.version: '6.11.0-1015-azure', java.version: '21.0.7'\nDriver info: org.openqa.selenium.chrome.ChromeDriver\nCommand: [35606f792a8bb0d0f6b49384e1d6a140, clickElement {id=f.24985D8A2412441A75F65732C6A056B3.d.F410280D66CCEC5984598E9C9ABD8E91.e.58}]\nCapabilities {acceptInsecureCerts: false, browserName: chrome, browserVersion: 137.0.7151.103, chrome: {chromedriverVersion: 137.0.7151.119 (e0ac9d12dff..., userDataDir: /tmp/.org.chromium.Chromium...}, fedcm:accounts: true, goog:chromeOptions: {debuggerAddress: localhost:41253}, networkConnectionEnabled: false, pageLoadStrategy: normal, platformName: linux, proxy: Proxy(), se:cdp: ws://localhost:41253/devtoo..., se:cdpVersion: 137.0.7151.103, setWindowRect: true, strictFileInteractability: false, timeouts: {implicit: 0, pageLoad: 300000, script: 30000}, unhandledPromptBehavior: dismiss and notify, webauthn:extension:credBlob: true, webauthn:extension:largeBlob: true, webauthn:extension:minPinLength: true, webauthn:extension:prf: true, webauthn:virtualAuthenticators: true}\nElement: [[[[[[ChromeDriver: chrome on linux (35606f792a8bb0d0f6b49384e1d6a140)] -> xpath: //*[@id='app']/div[2]/ul/li]] -> xpath: .//div[contains(@class, 'cup')]]] -> xpath: .//div[contains(@class, 'cup-body')]]\nSession ID: 35606f792a8bb0d0f6b49384e1d6a140","statusTrace":"org.openqa.selenium.ElementClickInterceptedException: element click intercepted: Element <div data-v-400a88f7=\"\" class=\"cup-body\" aria-label=\"Cafe Breve\" data-test=\"Cafe_Breve\" data-cy=\"Cafe-Breve\">...</div> is not clickable at point (659, 350). Other element would receive the click: <div data-v-a68519c8=\"\" class=\"pay-container\">...</div>\n  (Session info: chrome=137.0.7151.103)\nBuild info: version: '4.30.0', revision: '509c7f17cc*'\nSystem info: os.name: 'Linux', os.arch: 'amd64', os.version: '6.11.0-1015-azure', java.version: '21.0.7'\nDriver info: org.openqa.selenium.chrome.ChromeDriver\nCommand: [35606f792a8bb0d0f6b49384e1d6a140, clickElement {id=f.24985D8A2412441A75F65732C6A056B3.d.F410280D66CCEC5984598E9C9ABD8E91.e.58}]\nCapabilities {acceptInsecureCerts: false, browserName: chrome, browserVersion: 137.0.7151.103, chrome: {chromedriverVersion: 137.0.7151.119 (e0ac9d12dff..., userDataDir: /tmp/.org.chromium.Chromium...}, fedcm:accounts: true, goog:chromeOptions: {debuggerAddress: localhost:41253}, networkConnectionEnabled: false, pageLoadStrategy: normal, platformName: linux, proxy: Proxy(), se:cdp: ws://localhost:41253/devtoo..., se:cdpVersion: 137.0.7151.103, setWindowRect: true, strictFileInteractability: false, timeouts: {implicit: 0, pageLoad: 300000, script: 30000}, unhandledPromptBehavior: dismiss and notify, webauthn:extension:credBlob: true, webauthn:extension:largeBlob: true, webauthn:extension:minPinLength: true, webauthn:extension:prf: true, webauthn:virtualAuthenticators: true}\nElement: [[[[[[ChromeDriver: chrome on linux (35606f792a8bb0d0f6b49384e1d6a140)] -> xpath: //*[@id='app']/div[2]/ul/li]] -> xpath: .//div[contains(@class, 'cup')]]] -> xpath: .//div[contains(@class, 'cup-body')]]\nSession ID: 35606f792a8bb0d0f6b49384e1d6a140\n\tat java.base/jdk.internal.reflect.DirectConstructorHandleAccessor.newInstance(DirectConstructorHandleAccessor.java:62)\n\tat java.base/java.lang.reflect.Constructor.newInstanceWithCaller(Constructor.java:502)\n\tat java.base/java.lang.reflect.Constructor.newInstance(Constructor.java:486)\n\tat org.openqa.selenium.remote.ErrorCodec.decode(ErrorCodec.java:167)\n\tat org.openqa.selenium.remote.codec.w3c.W3CHttpResponseCodec.decode(W3CHttpResponseCodec.java:138)\n\tat org.openqa.selenium.remote.codec.w3c.W3CHttpResponseCodec.decode(W3CHttpResponseCodec.java:50)\n\tat org.openqa.selenium.remote.HttpCommandExecutor.execute(HttpCommandExecutor.java:215)\n\tat org.openqa.selenium.remote.service.DriverCommandExecutor.invokeExecute(DriverCommandExecutor.java:216)\n\tat org.openqa.selenium.remote.service.DriverCommandExecutor.execute(DriverCommandExecutor.java:174)\n\tat org.openqa.selenium.remote.RemoteWebDriver.execute(RemoteWebDriver.java:545)\n\tat org.openqa.selenium.remote.RemoteWebElement.execute(RemoteWebElement.java:223)\n\tat org.openqa.selenium.remote.RemoteWebElement.click(RemoteWebElement.java:76)\n\tat java.base/jdk.internal.reflect.DirectMethodHandleAccessor.invoke(DirectMethodHandleAccessor.java:103)\n\tat java.base/java.lang.reflect.Method.invoke(Method.java:580)\n\tat org.openqa.selenium.support.pagefactory.internal.LocatingElementHandler.invoke(LocatingElementHandler.java:51)\n\tat jdk.proxy2/jdk.proxy2.$Proxy35.click(Unknown Source)\n\tat com.coffeecart.ui.component.CupComponent.clickOnCupBody(CupComponent.java:91)\n\tat com.coffeecart.ui.page.MenuPage.lambda$clickDrink$3(MenuPage.java:96)\n\tat java.base/java.util.Optional.ifPresent(Optional.java:178)\n\tat com.coffeecart.ui.page.MenuPage.clickDrink(MenuPage.java:96)\n\tat com.coffeecart.ui.LuckyDayDiscountTest.verifyLuckyDayModalAfterEvery3rdItem(LuckyDayDiscountTest.java:34)\n\tat java.base/jdk.internal.reflect.DirectMethodHandleAccessor.invoke(DirectMethodHandleAccessor.java:103)\n\tat java.base/java.lang.reflect.Method.invoke(Method.java:580)\n\tat org.testng.internal.invokers.MethodInvocationHelper.invokeMethod(MethodInvocationHelper.java:141)\n\tat org.testng.internal.invokers.TestInvoker.invokeMethod(TestInvoker.java:686)\n\tat org.testng.internal.invokers.TestInvoker.invokeTestMethod(TestInvoker.java:230)\n\tat org.testng.internal.invokers.MethodRunner.runInSequence(MethodRunner.java:63)\n\tat org.testng.internal.invokers.TestInvoker$MethodInvocationAgent.invoke(TestInvoker.java:992)\n\tat org.testng.internal.invokers.TestInvoker.invokeTestMethods(TestInvoker.java:203)\n\tat org.testng.internal.invokers.TestMethodWorker.invokeTestMethods(TestMethodWorker.java:154)\n\tat org.testng.internal.invokers.TestMethodWorker.run(TestMethodWorker.java:134)\n\tat java.base/java.util.ArrayList.forEach(ArrayList.java:1596)\n\tat org.testng.TestRunner.privateRun(TestRunner.java:739)\n\tat org.testng.TestRunner.run(TestRunner.java:614)\n\tat org.testng.SuiteRunner.runTest(SuiteRunner.java:421)\n\tat org.testng.SuiteRunner.runSequentially(SuiteRunner.java:413)\n\tat org.testng.SuiteRunner.privateRun(SuiteRunner.java:373)\n\tat org.testng.SuiteRunner.run(SuiteRunner.java:312)\n\tat org.testng.SuiteRunnerWorker.runSuite(SuiteRunnerWorker.java:52)\n\tat org.testng.SuiteRunnerWorker.run(SuiteRunnerWorker.java:95)\n\tat org.testng.TestNG.runSuitesSequentially(TestNG.java:1274)\n\tat org.testng.TestNG.runSuitesLocally(TestNG.java:1208)\n\tat org.testng.TestNG.runSuites(TestNG.java:1112)\n\tat org.testng.TestNG.run(TestNG.java:1079)\n\tat org.apache.maven.surefire.testng.TestNGExecutor.run(TestNGExecutor.java:308)\n\tat org.apache.maven.surefire.testng.TestNGXmlTestSuite.execute(TestNGXmlTestSuite.java:71)\n\tat org.apache.maven.surefire.testng.TestNGProvider.invoke(TestNGProvider.java:113)\n\tat org.apache.maven.surefire.booter.ForkedBooter.runSuitesInProcess(ForkedBooter.java:385)\n\tat org.apache.maven.surefire.booter.ForkedBooter.execute(ForkedBooter.java:162)\n\tat org.apache.maven.surefire.booter.ForkedBooter.run(ForkedBooter.java:507)\n\tat org.apache.maven.surefire.booter.ForkedBooter.main(ForkedBooter.java:495)\n","steps":[],"attachments":[],"parameters":[],"shouldDisplayMessage":true,"stepsCount":0,"attachmentsCount":0,"hasContent":true,"attachmentStep":false}],"attachments":[],"parameters":[{"name":"drinkName","value":"Cafe Breve"}],"shouldDisplayMessage":false,"stepsCount":1,"attachmentsCount":0,"hasContent":true,"attachmentStep":false}],"attachments":[],"parameters":[{"name":"drinkName","value":"Cafe Breve"},{"name":"step","value":"9"}],"shouldDisplayMessage":false,"stepsCount":2,"attachmentsCount":0,"hasContent":true,"attachmentStep":false}],"attachments":[],"parameters":[],"shouldDisplayMessage":false,"stepsCount":3,"attachmentsCount":0,"hasContent":true,"attachmentStep":false},"afterStages":[{"name":"afterClass","time":{"start":1750677673365,"stop":1750677673464,"duration":99},"description":"","status":"passed","steps":[],"attachments":[{"uid":"f9d4b0c977803a59","name":"Image name = PICTURE Test Name = RegularTests","source":"f9d4b0c977803a59.png","type":"image/png","size":46722}],"parameters":[],"shouldDisplayMessage":false,"stepsCount":0,"attachmentsCount":1,"hasContent":true,"attachmentStep":false}],"labels":[{"name":"package","value":"com.coffeecart.ui.LuckyDayDiscountTest"},{"name":"testClass","value":"com.coffeecart.ui.LuckyDayDiscountTest"},{"name":"testMethod","value":"verifyLuckyDayModalAfterEvery3rdItem"},{"name":"parentSuite","value":"AllTests"},{"name":"suite","value":"RegularTests"},{"name":"subSuite","value":"com.coffeecart.ui.LuckyDayDiscountTest"},{"name":"host","value":"fv-az802-629"},{"name":"thread","value":"2440@fv-az802-629.main(1)"},{"name":"framework","value":"testng"},{"name":"language","value":"java"},{"name":"resultFormat","value":"allure2"}],"parameters":[{"name":"arg0","value":"Cafe Breve"},{"name":"arg1","value":"9"}],"links":[],"hidden":false,"retry":false,"extra":{"severity":"normal","retries":[],"categories":[{"name":"Test defects","matchedStatuses":[],"flaky":false}],"history":{"statistic":{"failed":0,"broken":16,"skipped":0,"passed":0,"unknown":0,"total":16},"items":[{"uid":"e0ec1170f2121684","reportUrl":"https://UA-1378-TAQC.github.io/coffeecart.taqc/95//#testresult/e0ec1170f2121684","status":"broken","statusDetails":"element click intercepted: Element <div data-v-400a88f7=\"\" class=\"cup-body\" aria-label=\"Cafe Breve\" data-test=\"Cafe_Breve\" data-cy=\"Cafe-Breve\">...</div> is not clickable at point (659, 350). Other element would receive the click: <div data-v-a68519c8=\"\" class=\"pay-container\">...</div>\n  (Session info: chrome=137.0.7151.103)\nBuild info: version: '4.30.0', revision: '509c7f17cc*'\nSystem info: os.name: 'Linux', os.arch: 'amd64', os.version: '6.11.0-1015-azure', java.version: '21.0.7'\nDriver info: org.openqa.selenium.chrome.ChromeDriver\nCommand: [3879a3655e7b5850b2f85cac63b41b71, clickElement {id=f.AC6CC7FD85BFF13CA6DF896BBE3F3668.d.3FB6637E525AACE652C9ACDFC048DB40.e.58}]\nCapabilities {acceptInsecureCerts: false, browserName: chrome, browserVersion: 137.0.7151.103, chrome: {chromedriverVersion: 137.0.7151.119 (e0ac9d12dff..., userDataDir: /tmp/.org.chromium.Chromium...}, fedcm:accounts: true, goog:chromeOptions: {debuggerAddress: localhost:37977}, networkConnectionEnabled: false, pageLoadStrategy: normal, platformName: linux, proxy: Proxy(), se:cdp: ws://localhost:37977/devtoo..., se:cdpVersion: 137.0.7151.103, setWindowRect: true, strictFileInteractability: false, timeouts: {implicit: 0, pageLoad: 300000, script: 30000}, unhandledPromptBehavior: dismiss and notify, webauthn:extension:credBlob: true, webauthn:extension:largeBlob: true, webauthn:extension:minPinLength: true, webauthn:extension:prf: true, webauthn:virtualAuthenticators: true}\nElement: [[[[[[ChromeDriver: chrome on linux (3879a3655e7b5850b2f85cac63b41b71)] -> xpath: //*[@id='app']/div[2]/ul/li]] -> xpath: .//div[contains(@class, 'cup')]]] -> xpath: .//div[contains(@class, 'cup-body')]]\nSession ID: 3879a3655e7b5850b2f85cac63b41b71","time":{"start":1750675774714,"stop":1750675775910,"duration":1196}},{"uid":"5a35740a4399216f","reportUrl":"https://UA-1378-TAQC.github.io/coffeecart.taqc/94//#testresult/5a35740a4399216f","status":"broken","statusDetails":"element click intercepted: Element <div data-v-400a88f7=\"\" class=\"cup-body\" aria-label=\"Cafe Breve\" data-test=\"Cafe_Breve\" data-cy=\"Cafe-Breve\">...</div> is not clickable at point (659, 350). Other element would receive the click: <div data-v-a68519c8=\"\" class=\"pay-container\">...</div>\n  (Session info: chrome=137.0.7151.103)\nBuild info: version: '4.30.0', revision: '509c7f17cc*'\nSystem info: os.name: 'Linux', os.arch: 'amd64', os.version: '6.11.0-1015-azure', java.version: '21.0.7'\nDriver info: org.openqa.selenium.chrome.ChromeDriver\nCommand: [e918d8fab7144ca8236a0e81a97c8bf6, clickElement {id=f.2D2FCC8B861D361E763114FCAC7E2706.d.D8333FE11D3300D272F5FBABB07317FB.e.58}]\nCapabilities {acceptInsecureCerts: false, browserName: chrome, browserVersion: 137.0.7151.103, chrome: {chromedriverVersion: 137.0.7151.119 (e0ac9d12dff..., userDataDir: /tmp/.org.chromium.Chromium...}, fedcm:accounts: true, goog:chromeOptions: {debuggerAddress: localhost:39717}, networkConnectionEnabled: false, pageLoadStrategy: normal, platformName: linux, proxy: Proxy(), se:cdp: ws://localhost:39717/devtoo..., se:cdpVersion: 137.0.7151.103, setWindowRect: true, strictFileInteractability: false, timeouts: {implicit: 0, pageLoad: 300000, script: 30000}, unhandledPromptBehavior: dismiss and notify, webauthn:extension:credBlob: true, webauthn:extension:largeBlob: true, webauthn:extension:minPinLength: true, webauthn:extension:prf: true, webauthn:virtualAuthenticators: true}\nElement: [[[[[[ChromeDriver: chrome on linux (e918d8fab7144ca8236a0e81a97c8bf6)] -> xpath: //*[@id='app']/div[2]/ul/li]] -> xpath: .//div[contains(@class, 'cup')]]] -> xpath: .//div[contains(@class, 'cup-body')]]\nSession ID: e918d8fab7144ca8236a0e81a97c8bf6","time":{"start":1750673112034,"stop":1750673113274,"duration":1240}},{"uid":"891fe4d91b38c9d9","reportUrl":"https://UA-1378-TAQC.github.io/coffeecart.taqc/93//#testresult/891fe4d91b38c9d9","status":"broken","statusDetails":"element click intercepted: Element <div data-v-400a88f7=\"\" class=\"cup-body\" aria-label=\"Cafe Breve\" data-test=\"Cafe_Breve\" data-cy=\"Cafe-Breve\">...</div> is not clickable at point (659, 350). Other element would receive the click: <div data-v-a68519c8=\"\" class=\"pay-container\">...</div>\n  (Session info: chrome=137.0.7151.103)\nBuild info: version: '4.30.0', revision: '509c7f17cc*'\nSystem info: os.name: 'Linux', os.arch: 'amd64', os.version: '6.11.0-1015-azure', java.version: '21.0.7'\nDriver info: org.openqa.selenium.chrome.ChromeDriver\nCommand: [344b433086cffda5ea7edafed67861a1, clickElement {id=f.952AABFC12C488D056130CDB835F2DAA.d.839BDFFD25EA49A0D1D2CBE19123652B.e.58}]\nCapabilities {acceptInsecureCerts: false, browserName: chrome, browserVersion: 137.0.7151.103, chrome: {chromedriverVersion: 137.0.7151.119 (e0ac9d12dff..., userDataDir: /tmp/.org.chromium.Chromium...}, fedcm:accounts: true, goog:chromeOptions: {debuggerAddress: localhost:35931}, networkConnectionEnabled: false, pageLoadStrategy: normal, platformName: linux, proxy: Proxy(), se:cdp: ws://localhost:35931/devtoo..., se:cdpVersion: 137.0.7151.103, setWindowRect: true, strictFileInteractability: false, timeouts: {implicit: 0, pageLoad: 300000, script: 30000}, unhandledPromptBehavior: dismiss and notify, webauthn:extension:credBlob: true, webauthn:extension:largeBlob: true, webauthn:extension:minPinLength: true, webauthn:extension:prf: true, webauthn:virtualAuthenticators: true}\nElement: [[[[[[ChromeDriver: chrome on linux (344b433086cffda5ea7edafed67861a1)] -> xpath: //*[@id='app']/div[2]/ul/li]] -> xpath: .//div[contains(@class, 'cup')]]] -> xpath: .//div[contains(@class, 'cup-body')]]\nSession ID: 344b433086cffda5ea7edafed67861a1","time":{"start":1750667405903,"stop":1750667407120,"duration":1217}},{"uid":"f98f48ca271e609d","reportUrl":"https://UA-1378-TAQC.github.io/coffeecart.taqc/92//#testresult/f98f48ca271e609d","status":"broken","statusDetails":"element click intercepted: Element <div data-v-400a88f7=\"\" class=\"cup-body\" aria-label=\"Cafe Breve\" data-test=\"Cafe_Breve\" data-cy=\"Cafe-Breve\">...</div> is not clickable at point (659, 350). Other element would receive the click: <div data-v-a68519c8=\"\" class=\"pay-container\">...</div>\n  (Session info: chrome=137.0.7151.103)\nBuild info: version: '4.30.0', revision: '509c7f17cc*'\nSystem info: os.name: 'Linux', os.arch: 'amd64', os.version: '6.11.0-1015-azure', java.version: '21.0.7'\nDriver info: org.openqa.selenium.chrome.ChromeDriver\nCommand: [b9f7256ecbb56dfd52479a8c0402caa1, clickElement {id=f.9BB6F55359F369E68F77D24FD4AD7F9C.d.60E8D077D998809C6F5A59D989315ED8.e.58}]\nCapabilities {acceptInsecureCerts: false, browserName: chrome, browserVersion: 137.0.7151.103, chrome: {chromedriverVersion: 137.0.7151.119 (e0ac9d12dff..., userDataDir: /tmp/.org.chromium.Chromium...}, fedcm:accounts: true, goog:chromeOptions: {debuggerAddress: localhost:45351}, networkConnectionEnabled: false, pageLoadStrategy: normal, platformName: linux, proxy: Proxy(), se:cdp: ws://localhost:45351/devtoo..., se:cdpVersion: 137.0.7151.103, setWindowRect: true, strictFileInteractability: false, timeouts: {implicit: 0, pageLoad: 300000, script: 30000}, unhandledPromptBehavior: dismiss and notify, webauthn:extension:credBlob: true, webauthn:extension:largeBlob: true, webauthn:extension:minPinLength: true, webauthn:extension:prf: true, webauthn:virtualAuthenticators: true}\nElement: [[[[[[ChromeDriver: chrome on linux (b9f7256ecbb56dfd52479a8c0402caa1)] -> xpath: //*[@id='app']/div[2]/ul/li]] -> xpath: .//div[contains(@class, 'cup')]]] -> xpath: .//div[contains(@class, 'cup-body')]]\nSession ID: b9f7256ecbb56dfd52479a8c0402caa1","time":{"start":1750667268292,"stop":1750667269491,"duration":1199}},{"uid":"d8e3c1685704bc35","reportUrl":"https://UA-1378-TAQC.github.io/coffeecart.taqc/91//#testresult/d8e3c1685704bc35","status":"broken","statusDetails":"element click intercepted: Element <div data-v-400a88f7=\"\" class=\"cup-body\" aria-label=\"Cafe Breve\" data-test=\"Cafe_Breve\" data-cy=\"Cafe-Breve\">...</div> is not clickable at point (659, 350). Other element would receive the click: <div data-v-a68519c8=\"\" class=\"pay-container\">...</div>\n  (Session info: chrome=137.0.7151.103)\nBuild info: version: '4.30.0', revision: '509c7f17cc*'\nSystem info: os.name: 'Linux', os.arch: 'amd64', os.version: '6.11.0-1015-azure', java.version: '21.0.7'\nDriver info: org.openqa.selenium.chrome.ChromeDriver\nCommand: [e35d6bf4dcb0970e7b1685c0f8f5789a, clickElement {id=f.23931219C5DC7059279C457689CC0ECC.d.88D5E713E86E361C2A3080EBB3B3FA64.e.58}]\nCapabilities {acceptInsecureCerts: false, browserName: chrome, browserVersion: 137.0.7151.103, chrome: {chromedriverVersion: 137.0.7151.119 (e0ac9d12dff..., userDataDir: /tmp/.org.chromium.Chromium...}, fedcm:accounts: true, goog:chromeOptions: {debuggerAddress: localhost:37281}, networkConnectionEnabled: false, pageLoadStrategy: normal, platformName: linux, proxy: Proxy(), se:cdp: ws://localhost:37281/devtoo..., se:cdpVersion: 137.0.7151.103, setWindowRect: true, strictFileInteractability: false, timeouts: {implicit: 0, pageLoad: 300000, script: 30000}, unhandledPromptBehavior: dismiss and notify, webauthn:extension:credBlob: true, webauthn:extension:largeBlob: true, webauthn:extension:minPinLength: true, webauthn:extension:prf: true, webauthn:virtualAuthenticators: true}\nElement: [[[[[[ChromeDriver: chrome on linux (e35d6bf4dcb0970e7b1685c0f8f5789a)] -> xpath: //*[@id='app']/div[2]/ul/li]] -> xpath: .//div[contains(@class, 'cup')]]] -> xpath: .//div[contains(@class, 'cup-body')]]\nSession ID: e35d6bf4dcb0970e7b1685c0f8f5789a","time":{"start":1750503188881,"stop":1750503190072,"duration":1191}},{"uid":"bf12ebc536a02365","reportUrl":"https://UA-1378-TAQC.github.io/coffeecart.taqc/90//#testresult/bf12ebc536a02365","status":"broken","statusDetails":"element click intercepted: Element <div data-v-400a88f7=\"\" class=\"cup-body\" aria-label=\"Cafe Breve\" data-test=\"Cafe_Breve\" data-cy=\"Cafe-Breve\">...</div> is not clickable at point (659, 350). Other element would receive the click: <div data-v-a68519c8=\"\" class=\"pay-container\">...</div>\n  (Session info: chrome=137.0.7151.103)\nBuild info: version: '4.30.0', revision: '509c7f17cc*'\nSystem info: os.name: 'Linux', os.arch: 'amd64', os.version: '6.11.0-1015-azure', java.version: '21.0.7'\nDriver info: org.openqa.selenium.chrome.ChromeDriver\nCommand: [23bc3d335b834dbad6c2bd192049db92, clickElement {id=f.38B49082CB3D2BA185E13628AD91070C.d.3744A1FEFE507735E6BEEB75EE2C42D9.e.58}]\nCapabilities {acceptInsecureCerts: false, browserName: chrome, browserVersion: 137.0.7151.103, chrome: {chromedriverVersion: 137.0.7151.119 (e0ac9d12dff..., userDataDir: /tmp/.org.chromium.Chromium...}, fedcm:accounts: true, goog:chromeOptions: {debuggerAddress: localhost:43031}, networkConnectionEnabled: false, pageLoadStrategy: normal, platformName: linux, proxy: Proxy(), se:cdp: ws://localhost:43031/devtoo..., se:cdpVersion: 137.0.7151.103, setWindowRect: true, strictFileInteractability: false, timeouts: {implicit: 0, pageLoad: 300000, script: 30000}, unhandledPromptBehavior: dismiss and notify, webauthn:extension:credBlob: true, webauthn:extension:largeBlob: true, webauthn:extension:minPinLength: true, webauthn:extension:prf: true, webauthn:virtualAuthenticators: true}\nElement: [[[[[[ChromeDriver: chrome on linux (23bc3d335b834dbad6c2bd192049db92)] -> xpath: //*[@id='app']/div[2]/ul/li]] -> xpath: .//div[contains(@class, 'cup')]]] -> xpath: .//div[contains(@class, 'cup-body')]]\nSession ID: 23bc3d335b834dbad6c2bd192049db92","time":{"start":1750420304874,"stop":1750420306091,"duration":1217}},{"uid":"10a489dcb012968d","reportUrl":"https://UA-1378-TAQC.github.io/coffeecart.taqc/89//#testresult/10a489dcb012968d","status":"broken","statusDetails":"element click intercepted: Element <div data-v-400a88f7=\"\" class=\"cup-body\" aria-label=\"Cafe Breve\" data-test=\"Cafe_Breve\" data-cy=\"Cafe-Breve\">...</div> is not clickable at point (659, 350). Other element would receive the click: <div data-v-a68519c8=\"\" class=\"pay-container\">...</div>\n  (Session info: chrome=137.0.7151.103)\nBuild info: version: '4.30.0', revision: '509c7f17cc*'\nSystem info: os.name: 'Linux', os.arch: 'amd64', os.version: '6.11.0-1015-azure', java.version: '21.0.7'\nDriver info: org.openqa.selenium.chrome.ChromeDriver\nCommand: [e995a03e4c70ab1ad22ebeddb4068fc9, clickElement {id=f.59F5CE89AE87C94ED69C3E624CD09FA9.d.20FEBA52756344F8E366BC64BD774F74.e.58}]\nCapabilities {acceptInsecureCerts: false, browserName: chrome, browserVersion: 137.0.7151.103, chrome: {chromedriverVersion: 137.0.7151.119 (e0ac9d12dff..., userDataDir: /tmp/.org.chromium.Chromium...}, fedcm:accounts: true, goog:chromeOptions: {debuggerAddress: localhost:39667}, networkConnectionEnabled: false, pageLoadStrategy: normal, platformName: linux, proxy: Proxy(), se:cdp: ws://localhost:39667/devtoo..., se:cdpVersion: 137.0.7151.103, setWindowRect: true, strictFileInteractability: false, timeouts: {implicit: 0, pageLoad: 300000, script: 30000}, unhandledPromptBehavior: dismiss and notify, webauthn:extension:credBlob: true, webauthn:extension:largeBlob: true, webauthn:extension:minPinLength: true, webauthn:extension:prf: true, webauthn:virtualAuthenticators: true}\nElement: [[[[[[ChromeDriver: chrome on linux (e995a03e4c70ab1ad22ebeddb4068fc9)] -> xpath: //*[@id='app']/div[2]/ul/li]] -> xpath: .//div[contains(@class, 'cup')]]] -> xpath: .//div[contains(@class, 'cup-body')]]\nSession ID: e995a03e4c70ab1ad22ebeddb4068fc9","time":{"start":1750412941982,"stop":1750412943189,"duration":1207}},{"uid":"c9a5e517297fc6bd","reportUrl":"https://UA-1378-TAQC.github.io/coffeecart.taqc/88//#testresult/c9a5e517297fc6bd","status":"broken","statusDetails":"element click intercepted: Element <div data-v-400a88f7=\"\" class=\"cup-body\" aria-label=\"Cafe Breve\" data-test=\"Cafe_Breve\" data-cy=\"Cafe-Breve\">...</div> is not clickable at point (659, 350). Other element would receive the click: <div data-v-a68519c8=\"\" class=\"pay-container\">...</div>\n  (Session info: chrome=137.0.7151.103)\nBuild info: version: '4.30.0', revision: '509c7f17cc*'\nSystem info: os.name: 'Linux', os.arch: 'amd64', os.version: '6.11.0-1015-azure', java.version: '21.0.7'\nDriver info: org.openqa.selenium.chrome.ChromeDriver\nCommand: [ff811d7b9073b61b1950435c9b26e9ed, clickElement {id=f.B7332D36E9F64C54ED813AAAEF52DF39.d.3DD7188118F9302EA5B4F38B0BFD16CC.e.58}]\nCapabilities {acceptInsecureCerts: false, browserName: chrome, browserVersion: 137.0.7151.103, chrome: {chromedriverVersion: 137.0.7151.119 (e0ac9d12dff..., userDataDir: /tmp/.org.chromium.Chromium...}, fedcm:accounts: true, goog:chromeOptions: {debuggerAddress: localhost:33577}, networkConnectionEnabled: false, pageLoadStrategy: normal, platformName: linux, proxy: Proxy(), se:cdp: ws://localhost:33577/devtoo..., se:cdpVersion: 137.0.7151.103, setWindowRect: true, strictFileInteractability: false, timeouts: {implicit: 0, pageLoad: 300000, script: 30000}, unhandledPromptBehavior: dismiss and notify, webauthn:extension:credBlob: true, webauthn:extension:largeBlob: true, webauthn:extension:minPinLength: true, webauthn:extension:prf: true, webauthn:virtualAuthenticators: true}\nElement: [[[[[[ChromeDriver: chrome on linux (ff811d7b9073b61b1950435c9b26e9ed)] -> xpath: //*[@id='app']/div[2]/ul/li]] -> xpath: .//div[contains(@class, 'cup')]]] -> xpath: .//div[contains(@class, 'cup-body')]]\nSession ID: ff811d7b9073b61b1950435c9b26e9ed","time":{"start":1750412866370,"stop":1750412867563,"duration":1193}},{"uid":"51c6f7bb47bbb180","reportUrl":"https://UA-1378-TAQC.github.io/coffeecart.taqc/87//#testresult/51c6f7bb47bbb180","status":"broken","statusDetails":"element click intercepted: Element <div data-v-400a88f7=\"\" class=\"cup-body\" aria-label=\"Cafe Breve\" data-test=\"Cafe_Breve\" data-cy=\"Cafe-Breve\">...</div> is not clickable at point (659, 350). Other element would receive the click: <div data-v-a68519c8=\"\" class=\"pay-container\">...</div>\n  (Session info: chrome=137.0.7151.103)\nBuild info: version: '4.30.0', revision: '509c7f17cc*'\nSystem info: os.name: 'Linux', os.arch: 'amd64', os.version: '6.11.0-1015-azure', java.version: '21.0.7'\nDriver info: org.openqa.selenium.chrome.ChromeDriver\nCommand: [e9e5734647e0dca70ab0d3e92b46f08f, clickElement {id=f.8FC1C5A31C59DECB9E780CE33B655DF7.d.8C6AF954E628D4EB25168F88BEEAE892.e.58}]\nCapabilities {acceptInsecureCerts: false, browserName: chrome, browserVersion: 137.0.7151.103, chrome: {chromedriverVersion: 137.0.7151.119 (e0ac9d12dff..., userDataDir: /tmp/.org.chromium.Chromium...}, fedcm:accounts: true, goog:chromeOptions: {debuggerAddress: localhost:35017}, networkConnectionEnabled: false, pageLoadStrategy: normal, platformName: linux, proxy: Proxy(), se:cdp: ws://localhost:35017/devtoo..., se:cdpVersion: 137.0.7151.103, setWindowRect: true, strictFileInteractability: false, timeouts: {implicit: 0, pageLoad: 300000, script: 30000}, unhandledPromptBehavior: dismiss and notify, webauthn:extension:credBlob: true, webauthn:extension:largeBlob: true, webauthn:extension:minPinLength: true, webauthn:extension:prf: true, webauthn:virtualAuthenticators: true}\nElement: [[[[[[ChromeDriver: chrome on linux (e9e5734647e0dca70ab0d3e92b46f08f)] -> xpath: //*[@id='app']/div[2]/ul/li]] -> xpath: .//div[contains(@class, 'cup')]]] -> xpath: .//div[contains(@class, 'cup-body')]]\nSession ID: e9e5734647e0dca70ab0d3e92b46f08f","time":{"start":1750412742662,"stop":1750412743846,"duration":1184}},{"uid":"e17e3d887620701f","reportUrl":"https://UA-1378-TAQC.github.io/coffeecart.taqc/86//#testresult/e17e3d887620701f","status":"broken","statusDetails":"element click intercepted: Element <div data-v-400a88f7=\"\" class=\"cup-body\" aria-label=\"Cafe Breve\" data-test=\"Cafe_Breve\" data-cy=\"Cafe-Breve\">...</div> is not clickable at point (659, 350). Other element would receive the click: <div data-v-a68519c8=\"\" class=\"pay-container\">...</div>\n  (Session info: chrome=137.0.7151.103)\nBuild info: version: '4.30.0', revision: '509c7f17cc*'\nSystem info: os.name: 'Linux', os.arch: 'amd64', os.version: '6.11.0-1015-azure', java.version: '21.0.7'\nDriver info: org.openqa.selenium.chrome.ChromeDriver\nCommand: [98b7372756b955162a2b0268bcbce25e, clickElement {id=f.9B2C6B191DBFE63F98BBED75723F9866.d.4A50C8E92A0535584490DF28E7E9AB9D.e.58}]\nCapabilities {acceptInsecureCerts: false, browserName: chrome, browserVersion: 137.0.7151.103, chrome: {chromedriverVersion: 137.0.7151.119 (e0ac9d12dff..., userDataDir: /tmp/.org.chromium.Chromium...}, fedcm:accounts: true, goog:chromeOptions: {debuggerAddress: localhost:44613}, networkConnectionEnabled: false, pageLoadStrategy: normal, platformName: linux, proxy: Proxy(), se:cdp: ws://localhost:44613/devtoo..., se:cdpVersion: 137.0.7151.103, setWindowRect: true, strictFileInteractability: false, timeouts: {implicit: 0, pageLoad: 300000, script: 30000}, unhandledPromptBehavior: dismiss and notify, webauthn:extension:credBlob: true, webauthn:extension:largeBlob: true, webauthn:extension:minPinLength: true, webauthn:extension:prf: true, webauthn:virtualAuthenticators: true}\nElement: [[[[[[ChromeDriver: chrome on linux (98b7372756b955162a2b0268bcbce25e)] -> xpath: //*[@id='app']/div[2]/ul/li]] -> xpath: .//div[contains(@class, 'cup')]]] -> xpath: .//div[contains(@class, 'cup-body')]]\nSession ID: 98b7372756b955162a2b0268bcbce25e","time":{"start":1750327148341,"stop":1750327149562,"duration":1221}},{"uid":"32200fc695f9d4a","reportUrl":"https://UA-1378-TAQC.github.io/coffeecart.taqc/85//#testresult/32200fc695f9d4a","status":"broken","statusDetails":"element click intercepted: Element <div data-v-400a88f7=\"\" class=\"cup-body\" aria-label=\"Cafe Breve\" data-test=\"Cafe_Breve\" data-cy=\"Cafe-Breve\">...</div> is not clickable at point (659, 350). Other element would receive the click: <div data-v-a68519c8=\"\" class=\"pay-container\">...</div>\n  (Session info: chrome=137.0.7151.103)\nBuild info: version: '4.30.0', revision: '509c7f17cc*'\nSystem info: os.name: 'Linux', os.arch: 'amd64', os.version: '6.11.0-1015-azure', java.version: '21.0.7'\nDriver info: org.openqa.selenium.chrome.ChromeDriver\nCommand: [48c4d25a7b31e9cc634a75919800400b, clickElement {id=f.8F01536A4600D00ABE7F61F2EDDF03D8.d.858EFE23F96C52055D98EF306C4C4675.e.58}]\nCapabilities {acceptInsecureCerts: false, browserName: chrome, browserVersion: 137.0.7151.103, chrome: {chromedriverVersion: 137.0.7151.119 (e0ac9d12dff..., userDataDir: /tmp/.org.chromium.Chromium...}, fedcm:accounts: true, goog:chromeOptions: {debuggerAddress: localhost:40705}, networkConnectionEnabled: false, pageLoadStrategy: normal, platformName: linux, proxy: Proxy(), se:cdp: ws://localhost:40705/devtoo..., se:cdpVersion: 137.0.7151.103, setWindowRect: true, strictFileInteractability: false, timeouts: {implicit: 0, pageLoad: 300000, script: 30000}, unhandledPromptBehavior: dismiss and notify, webauthn:extension:credBlob: true, webauthn:extension:largeBlob: true, webauthn:extension:minPinLength: true, webauthn:extension:prf: true, webauthn:virtualAuthenticators: true}\nElement: [[[[[[ChromeDriver: chrome on linux (48c4d25a7b31e9cc634a75919800400b)] -> xpath: //*[@id='app']/div[2]/ul/li]] -> xpath: .//div[contains(@class, 'cup')]]] -> xpath: .//div[contains(@class, 'cup-body')]]\nSession ID: 48c4d25a7b31e9cc634a75919800400b","time":{"start":1750249452691,"stop":1750249453898,"duration":1207}},{"uid":"e401c6bfb95fb5a7","reportUrl":"https://UA-1378-TAQC.github.io/coffeecart.taqc/84//#testresult/e401c6bfb95fb5a7","status":"broken","statusDetails":"element click intercepted: Element <div data-v-400a88f7=\"\" class=\"cup-body\" aria-label=\"Cafe Breve\" data-test=\"Cafe_Breve\" data-cy=\"Cafe-Breve\">...</div> is not clickable at point (659, 350). Other element would receive the click: <div data-v-a68519c8=\"\" class=\"pay-container\">...</div>\n  (Session info: chrome=137.0.7151.68)\nBuild info: version: '4.30.0', revision: '509c7f17cc*'\nSystem info: os.name: 'Linux', os.arch: 'amd64', os.version: '6.11.0-1015-azure', java.version: '21.0.7'\nDriver info: org.openqa.selenium.chrome.ChromeDriver\nCommand: [9c971557d21c643d42fb5d3299392adf, clickElement {id=f.69738C6F17A8694130F836B483DE3ABC.d.C01AFDFFD15E875F60E84E925D2FEA63.e.59}]\nCapabilities {acceptInsecureCerts: false, browserName: chrome, browserVersion: 137.0.7151.68, chrome: {chromedriverVersion: 137.0.7151.119 (e0ac9d12dff..., userDataDir: /tmp/.org.chromium.Chromium...}, fedcm:accounts: true, goog:chromeOptions: {debuggerAddress: localhost:42535}, networkConnectionEnabled: false, pageLoadStrategy: normal, platformName: linux, proxy: Proxy(), se:cdp: ws://localhost:42535/devtoo..., se:cdpVersion: 137.0.7151.68, setWindowRect: true, strictFileInteractability: false, timeouts: {implicit: 0, pageLoad: 300000, script: 30000}, unhandledPromptBehavior: dismiss and notify, webauthn:extension:credBlob: true, webauthn:extension:largeBlob: true, webauthn:extension:minPinLength: true, webauthn:extension:prf: true, webauthn:virtualAuthenticators: true}\nElement: [[[[[[ChromeDriver: chrome on linux (9c971557d21c643d42fb5d3299392adf)] -> xpath: //*[@id='app']/div[2]/ul/li]] -> xpath: .//div[contains(@class, 'cup')]]] -> xpath: .//div[contains(@class, 'cup-body')]]\nSession ID: 9c971557d21c643d42fb5d3299392adf","time":{"start":1750249327107,"stop":1750249328309,"duration":1202}},{"uid":"781fd027fba8c16d","reportUrl":"https://UA-1378-TAQC.github.io/coffeecart.taqc/83//#testresult/781fd027fba8c16d","status":"broken","statusDetails":"element click intercepted: Element <div data-v-400a88f7=\"\" class=\"cup-body\" aria-label=\"Cafe Breve\" data-test=\"Cafe_Breve\" data-cy=\"Cafe-Breve\">...</div> is not clickable at point (659, 350). Other element would receive the click: <div data-v-a68519c8=\"\" class=\"pay-container\">...</div>\n  (Session info: chrome=137.0.7151.68)\nBuild info: version: '4.30.0', revision: '509c7f17cc*'\nSystem info: os.name: 'Linux', os.arch: 'amd64', os.version: '6.11.0-1015-azure', java.version: '21.0.7'\nDriver info: org.openqa.selenium.chrome.ChromeDriver\nCommand: [69cba0423e84defd686ecc484b90f0e3, clickElement {id=f.FE6EECCB798D73D7FEE1C294C723B33D.d.4669B8A1DBC780A06531B6EA8CAB7E13.e.58}]\nCapabilities {acceptInsecureCerts: false, browserName: chrome, browserVersion: 137.0.7151.68, chrome: {chromedriverVersion: 137.0.7151.119 (e0ac9d12dff..., userDataDir: /tmp/.org.chromium.Chromium...}, fedcm:accounts: true, goog:chromeOptions: {debuggerAddress: localhost:44381}, networkConnectionEnabled: false, pageLoadStrategy: normal, platformName: linux, proxy: Proxy(), se:cdp: ws://localhost:44381/devtoo..., se:cdpVersion: 137.0.7151.68, setWindowRect: true, strictFileInteractability: false, timeouts: {implicit: 0, pageLoad: 300000, script: 30000}, unhandledPromptBehavior: dismiss and notify, webauthn:extension:credBlob: true, webauthn:extension:largeBlob: true, webauthn:extension:minPinLength: true, webauthn:extension:prf: true, webauthn:virtualAuthenticators: true}\nElement: [[[[[[ChromeDriver: chrome on linux (69cba0423e84defd686ecc484b90f0e3)] -> xpath: //*[@id='app']/div[2]/ul/li]] -> xpath: .//div[contains(@class, 'cup')]]] -> xpath: .//div[contains(@class, 'cup-body')]]\nSession ID: 69cba0423e84defd686ecc484b90f0e3","time":{"start":1750248438253,"stop":1750248439448,"duration":1195}},{"uid":"8b1a8dada2df538f","reportUrl":"https://UA-1378-TAQC.github.io/coffeecart.taqc/81//#testresult/8b1a8dada2df538f","status":"broken","statusDetails":"element click intercepted: Element <div data-v-400a88f7=\"\" class=\"cup-body\" aria-label=\"Cafe Breve\" data-test=\"Cafe_Breve\" data-cy=\"Cafe-Breve\">...</div> is not clickable at point (659, 350). Other element would receive the click: <div data-v-a68519c8=\"\" class=\"pay-container\">...</div>\n  (Session info: chrome=137.0.7151.68)\nBuild info: version: '4.30.0', revision: '509c7f17cc*'\nSystem info: os.name: 'Linux', os.arch: 'amd64', os.version: '6.11.0-1015-azure', java.version: '21.0.7'\nDriver info: org.openqa.selenium.chrome.ChromeDriver\nCommand: [8e6cd2e6ad0dacba6c2cfd06bc5af130, clickElement {id=f.A27ADFC0E48423AF3689D10D20D844E2.d.9D1D5C45AAF601731702977451B49E44.e.58}]\nCapabilities {acceptInsecureCerts: false, browserName: chrome, browserVersion: 137.0.7151.68, chrome: {chromedriverVersion: 137.0.7151.70 (dfa4dc56b2ab..., userDataDir: /tmp/.org.chromium.Chromium...}, fedcm:accounts: true, goog:chromeOptions: {debuggerAddress: localhost:36099}, networkConnectionEnabled: false, pageLoadStrategy: normal, platformName: linux, proxy: Proxy(), se:cdp: ws://localhost:36099/devtoo..., se:cdpVersion: 137.0.7151.68, setWindowRect: true, strictFileInteractability: false, timeouts: {implicit: 0, pageLoad: 300000, script: 30000}, unhandledPromptBehavior: dismiss and notify, webauthn:extension:credBlob: true, webauthn:extension:largeBlob: true, webauthn:extension:minPinLength: true, webauthn:extension:prf: true, webauthn:virtualAuthenticators: true}\nElement: [[[[[[ChromeDriver: chrome on linux (8e6cd2e6ad0dacba6c2cfd06bc5af130)] -> xpath: //*[@id='app']/div[2]/ul/li]] -> xpath: .//div[contains(@class, 'cup')]]] -> xpath: .//div[contains(@class, 'cup-body')]]\nSession ID: 8e6cd2e6ad0dacba6c2cfd06bc5af130","time":{"start":1749849596133,"stop":1749849597343,"duration":1210}},{"uid":"e8538ba26cf287ba","reportUrl":"https://UA-1378-TAQC.github.io/coffeecart.taqc/79//#testresult/e8538ba26cf287ba","status":"broken","statusDetails":"element click intercepted: Element <div data-v-400a88f7=\"\" class=\"cup-body\" aria-label=\"Cafe Breve\" data-test=\"Cafe_Breve\" data-cy=\"Cafe-Breve\">...</div> is not clickable at point (659, 350). Other element would receive the click: <div data-v-a68519c8=\"\" class=\"pay-container\">...</div>\n  (Session info: chrome=137.0.7151.68)\nBuild info: version: '4.30.0', revision: '509c7f17cc*'\nSystem info: os.name: 'Linux', os.arch: 'amd64', os.version: '6.11.0-1015-azure', java.version: '21.0.7'\nDriver info: org.openqa.selenium.chrome.ChromeDriver\nCommand: [4e8ea6de268773d69dd552a056868818, clickElement {id=f.5FFAAE950F094CB0A98820B07922E0FD.d.00CB87F8291D58648E6B440F5BF2D497.e.58}]\nCapabilities {acceptInsecureCerts: false, browserName: chrome, browserVersion: 137.0.7151.68, chrome: {chromedriverVersion: 137.0.7151.70 (dfa4dc56b2ab..., userDataDir: /tmp/chrome-data-1749833114}, fedcm:accounts: true, goog:chromeOptions: {debuggerAddress: localhost:38557}, networkConnectionEnabled: false, pageLoadStrategy: normal, platformName: linux, proxy: Proxy(), se:cdp: ws://localhost:38557/devtoo..., se:cdpVersion: 137.0.7151.68, setWindowRect: true, strictFileInteractability: false, timeouts: {implicit: 0, pageLoad: 300000, script: 30000}, unhandledPromptBehavior: dismiss and notify, webauthn:extension:credBlob: true, webauthn:extension:largeBlob: true, webauthn:extension:minPinLength: true, webauthn:extension:prf: true, webauthn:virtualAuthenticators: true}\nElement: [[[[[[ChromeDriver: chrome on linux (4e8ea6de268773d69dd552a056868818)] -> xpath: //*[@id='app']/div[2]/ul/li]] -> xpath: .//div[contains(@class, 'cup')]]] -> xpath: .//div[contains(@class, 'cup-body')]]\nSession ID: 4e8ea6de268773d69dd552a056868818","time":{"start":1749833244593,"stop":1749833245792,"duration":1199}}]},"tags":[]},"source":"2f1b9ddf9af9a056.json","parameterValues":["Cafe Breve","9"]}