{"uid":"ea8289552e0d5f19","name":"verifyDiscountedMochaCardMinusButton","fullName":"com.coffeecart.ui.TestDiscountedMochaCartPageMinusButton.verifyDiscountedMochaCardMinusButton","historyId":"12186524f0de4504c09aaeb1ba818b06","time":{"start":1749122939957,"stop":1749122944089,"duration":4132},"description":"Verify that the (Discounted) Mocha item in the Cart Page disappears after removing the other coffee cups via the '-' button","descriptionHtml":"<p>Verify that the (Discounted) Mocha item in the Cart Page disappears after removing the other coffee cups via the '-' button</p>\n","status":"failed","statusMessage":"The following asserts failed:\n\tDiscounted Mocha should not be present in cart after removing other items expected [null] but found [com.coffeecart.ui.component.FullItemComponent@14b4caba],\n\tTotal button should not be displayed when cart is empty expected [false] but found [true],\n\tEmpty cart message should be displayed  expected [true] but found [false],\n\tCart counter should be '0' but was '1' expected [0] but found [1]","statusTrace":"java.lang.AssertionError: The following asserts failed:\n\tDiscounted Mocha should not be present in cart after removing other items expected [null] but found [com.coffeecart.ui.component.FullItemComponent@14b4caba],\n\tTotal button should not be displayed when cart is empty expected [false] but found [true],\n\tEmpty cart message should be displayed  expected [true] but found [false],\n\tCart counter should be '0' but was '1' expected [0] but found [1]\n\tat org.testng.asserts.SoftAssert.assertAll(SoftAssert.java:46)\n\tat org.testng.asserts.SoftAssert.assertAll(SoftAssert.java:30)\n\tat com.coffeecart.ui.TestDiscountedMochaCartPageMinusButton.verifyDiscountedMochaCardMinusButton(TestDiscountedMochaCartPageMinusButton.java:68)\n\tat java.base/jdk.internal.reflect.DirectMethodHandleAccessor.invoke(DirectMethodHandleAccessor.java:103)\n\tat java.base/java.lang.reflect.Method.invoke(Method.java:580)\n\tat org.testng.internal.invokers.MethodInvocationHelper.invokeMethod(MethodInvocationHelper.java:141)\n\tat org.testng.internal.invokers.TestInvoker.invokeMethod(TestInvoker.java:686)\n\tat org.testng.internal.invokers.TestInvoker.invokeTestMethod(TestInvoker.java:230)\n\tat org.testng.internal.invokers.MethodRunner.runInSequence(MethodRunner.java:63)\n\tat org.testng.internal.invokers.TestInvoker$MethodInvocationAgent.invoke(TestInvoker.java:992)\n\tat org.testng.internal.invokers.TestInvoker.invokeTestMethods(TestInvoker.java:203)\n\tat org.testng.internal.invokers.TestMethodWorker.invokeTestMethods(TestMethodWorker.java:154)\n\tat org.testng.internal.invokers.TestMethodWorker.run(TestMethodWorker.java:134)\n\tat java.base/java.util.ArrayList.forEach(ArrayList.java:1596)\n\tat org.testng.TestRunner.privateRun(TestRunner.java:739)\n\tat org.testng.TestRunner.run(TestRunner.java:614)\n\tat org.testng.SuiteRunner.runTest(SuiteRunner.java:421)\n\tat org.testng.SuiteRunner.runSequentially(SuiteRunner.java:413)\n\tat org.testng.SuiteRunner.privateRun(SuiteRunner.java:373)\n\tat org.testng.SuiteRunner.run(SuiteRunner.java:312)\n\tat org.testng.SuiteRunnerWorker.runSuite(SuiteRunnerWorker.java:52)\n\tat org.testng.SuiteRunnerWorker.run(SuiteRunnerWorker.java:95)\n\tat org.testng.TestNG.runSuitesSequentially(TestNG.java:1274)\n\tat org.testng.TestNG.runSuitesLocally(TestNG.java:1208)\n\tat org.testng.TestNG.runSuites(TestNG.java:1112)\n\tat org.testng.TestNG.run(TestNG.java:1079)\n\tat org.apache.maven.surefire.testng.TestNGExecutor.run(TestNGExecutor.java:155)\n\tat org.apache.maven.surefire.testng.TestNGDirectoryTestSuite.executeMulti(TestNGDirectoryTestSuite.java:169)\n\tat org.apache.maven.surefire.testng.TestNGDirectoryTestSuite.execute(TestNGDirectoryTestSuite.java:88)\n\tat org.apache.maven.surefire.testng.TestNGProvider.invoke(TestNGProvider.java:137)\n\tat org.apache.maven.surefire.booter.ForkedBooter.runSuitesInProcess(ForkedBooter.java:385)\n\tat org.apache.maven.surefire.booter.ForkedBooter.execute(ForkedBooter.java:162)\n\tat org.apache.maven.surefire.booter.ForkedBooter.run(ForkedBooter.java:507)\n\tat org.apache.maven.surefire.booter.ForkedBooter.main(ForkedBooter.java:495)\n","flaky":false,"newFailed":false,"newBroken":false,"newPassed":false,"retriesCount":0,"retriesStatusChange":false,"beforeStages":[{"name":"beforeClass","time":{"start":1749122939448,"stop":1749122939955,"duration":507},"description":"","status":"passed","steps":[{"name":"init ChromeDriver","time":{"start":1749122939448,"stop":1749122939775,"duration":327},"status":"passed","steps":[],"attachments":[],"parameters":[],"shouldDisplayMessage":false,"stepsCount":0,"attachmentsCount":0,"hasContent":false,"attachmentStep":false}],"attachments":[],"parameters":[],"shouldDisplayMessage":false,"stepsCount":1,"attachmentsCount":0,"hasContent":true,"attachmentStep":false}],"testStage":{"description":"Verify that the (Discounted) Mocha item in the Cart Page disappears after removing the other coffee cups via the '-' button","status":"failed","statusMessage":"The following asserts failed:\n\tDiscounted Mocha should not be present in cart after removing other items expected [null] but found [com.coffeecart.ui.component.FullItemComponent@14b4caba],\n\tTotal button should not be displayed when cart is empty expected [false] but found [true],\n\tEmpty cart message should be displayed  expected [true] but found [false],\n\tCart counter should be '0' but was '1' expected [0] but found [1]","statusTrace":"java.lang.AssertionError: The following asserts failed:\n\tDiscounted Mocha should not be present in cart after removing other items expected [null] but found [com.coffeecart.ui.component.FullItemComponent@14b4caba],\n\tTotal button should not be displayed when cart is empty expected [false] but found [true],\n\tEmpty cart message should be displayed  expected [true] but found [false],\n\tCart counter should be '0' but was '1' expected [0] but found [1]\n\tat org.testng.asserts.SoftAssert.assertAll(SoftAssert.java:46)\n\tat org.testng.asserts.SoftAssert.assertAll(SoftAssert.java:30)\n\tat com.coffeecart.ui.TestDiscountedMochaCartPageMinusButton.verifyDiscountedMochaCardMinusButton(TestDiscountedMochaCartPageMinusButton.java:68)\n\tat java.base/jdk.internal.reflect.DirectMethodHandleAccessor.invoke(DirectMethodHandleAccessor.java:103)\n\tat java.base/java.lang.reflect.Method.invoke(Method.java:580)\n\tat org.testng.internal.invokers.MethodInvocationHelper.invokeMethod(MethodInvocationHelper.java:141)\n\tat org.testng.internal.invokers.TestInvoker.invokeMethod(TestInvoker.java:686)\n\tat org.testng.internal.invokers.TestInvoker.invokeTestMethod(TestInvoker.java:230)\n\tat org.testng.internal.invokers.MethodRunner.runInSequence(MethodRunner.java:63)\n\tat org.testng.internal.invokers.TestInvoker$MethodInvocationAgent.invoke(TestInvoker.java:992)\n\tat org.testng.internal.invokers.TestInvoker.invokeTestMethods(TestInvoker.java:203)\n\tat org.testng.internal.invokers.TestMethodWorker.invokeTestMethods(TestMethodWorker.java:154)\n\tat org.testng.internal.invokers.TestMethodWorker.run(TestMethodWorker.java:134)\n\tat java.base/java.util.ArrayList.forEach(ArrayList.java:1596)\n\tat org.testng.TestRunner.privateRun(TestRunner.java:739)\n\tat org.testng.TestRunner.run(TestRunner.java:614)\n\tat org.testng.SuiteRunner.runTest(SuiteRunner.java:421)\n\tat org.testng.SuiteRunner.runSequentially(SuiteRunner.java:413)\n\tat org.testng.SuiteRunner.privateRun(SuiteRunner.java:373)\n\tat org.testng.SuiteRunner.run(SuiteRunner.java:312)\n\tat org.testng.SuiteRunnerWorker.runSuite(SuiteRunnerWorker.java:52)\n\tat org.testng.SuiteRunnerWorker.run(SuiteRunnerWorker.java:95)\n\tat org.testng.TestNG.runSuitesSequentially(TestNG.java:1274)\n\tat org.testng.TestNG.runSuitesLocally(TestNG.java:1208)\n\tat org.testng.TestNG.runSuites(TestNG.java:1112)\n\tat org.testng.TestNG.run(TestNG.java:1079)\n\tat org.apache.maven.surefire.testng.TestNGExecutor.run(TestNGExecutor.java:155)\n\tat org.apache.maven.surefire.testng.TestNGDirectoryTestSuite.executeMulti(TestNGDirectoryTestSuite.java:169)\n\tat org.apache.maven.surefire.testng.TestNGDirectoryTestSuite.execute(TestNGDirectoryTestSuite.java:88)\n\tat org.apache.maven.surefire.testng.TestNGProvider.invoke(TestNGProvider.java:137)\n\tat org.apache.maven.surefire.booter.ForkedBooter.runSuitesInProcess(ForkedBooter.java:385)\n\tat org.apache.maven.surefire.booter.ForkedBooter.execute(ForkedBooter.java:162)\n\tat org.apache.maven.surefire.booter.ForkedBooter.run(ForkedBooter.java:507)\n\tat org.apache.maven.surefire.booter.ForkedBooter.main(ForkedBooter.java:495)\n","steps":[{"name":"Click on cup with title: Espresso","time":{"start":1749122940024,"stop":1749122940152,"duration":128},"status":"passed","steps":[{"name":"Click on Cup body","time":{"start":1749122940044,"stop":1749122940152,"duration":108},"status":"passed","steps":[],"attachments":[],"parameters":[],"shouldDisplayMessage":false,"stepsCount":0,"attachmentsCount":0,"hasContent":false,"attachmentStep":false}],"attachments":[],"parameters":[{"name":"drinkName","value":"Espresso"}],"shouldDisplayMessage":false,"stepsCount":1,"attachmentsCount":0,"hasContent":true,"attachmentStep":false},{"name":"Click on cup with title: Espresso Macchiato","time":{"start":1749122940152,"stop":1749122940279,"duration":127},"status":"passed","steps":[{"name":"Click on Cup body","time":{"start":1749122940178,"stop":1749122940279,"duration":101},"status":"passed","steps":[],"attachments":[],"parameters":[],"shouldDisplayMessage":false,"stepsCount":0,"attachmentsCount":0,"hasContent":false,"attachmentStep":false}],"attachments":[],"parameters":[{"name":"drinkName","value":"Espresso Macchiato"}],"shouldDisplayMessage":false,"stepsCount":1,"attachmentsCount":0,"hasContent":true,"attachmentStep":false},{"name":"Click on cup with title: Cappuccino","time":{"start":1749122940279,"stop":1749122941420,"duration":1141},"status":"passed","steps":[{"name":"Click on Cup body","time":{"start":1749122940310,"stop":1749122941420,"duration":1110},"status":"passed","steps":[],"attachments":[],"parameters":[],"shouldDisplayMessage":false,"stepsCount":0,"attachmentsCount":0,"hasContent":false,"attachmentStep":false}],"attachments":[],"parameters":[{"name":"drinkName","value":"Cappuccino"}],"shouldDisplayMessage":false,"stepsCount":1,"attachmentsCount":0,"hasContent":true,"attachmentStep":false},{"name":"Click «Yes, of course!»","time":{"start":1749122941434,"stop":1749122942523,"duration":1089},"status":"passed","steps":[{"name":"Click on the element","time":{"start":1749122941448,"stop":1749122941481,"duration":33},"status":"passed","steps":[],"attachments":[],"parameters":[{"name":"element","value":"[[[[ChromeDriver: chrome on linux (9ca945dbeaef2aa9a87171d66b8524cd)] -> xpath: //div[@class='promo']]] -> xpath: .//button[contains(@class,'yes')]]"}],"shouldDisplayMessage":false,"stepsCount":0,"attachmentsCount":0,"hasContent":true,"attachmentStep":false}],"attachments":[],"parameters":[],"shouldDisplayMessage":false,"stepsCount":1,"attachmentsCount":0,"hasContent":true,"attachmentStep":false},{"name":"Navigate to the Cart Page","time":{"start":1749122942546,"stop":1749122942672,"duration":126},"status":"passed","steps":[{"name":"Click on Cart page","time":{"start":1749122942546,"stop":1749122942672,"duration":126},"status":"passed","steps":[],"attachments":[],"parameters":[],"shouldDisplayMessage":false,"stepsCount":0,"attachmentsCount":0,"hasContent":false,"attachmentStep":false}],"attachments":[],"parameters":[],"shouldDisplayMessage":false,"stepsCount":1,"attachmentsCount":0,"hasContent":true,"attachmentStep":false},{"name":"Click remove button of cart list item once","time":{"start":1749122942734,"stop":1749122942827,"duration":93},"status":"passed","steps":[{"name":"Click remove button of cart list item n times","time":{"start":1749122942734,"stop":1749122942827,"duration":93},"status":"passed","steps":[],"attachments":[],"parameters":[{"name":"times","value":"1"}],"shouldDisplayMessage":false,"stepsCount":0,"attachmentsCount":0,"hasContent":true,"attachmentStep":false}],"attachments":[],"parameters":[],"shouldDisplayMessage":false,"stepsCount":1,"attachmentsCount":0,"hasContent":true,"attachmentStep":false},{"name":"Click remove button of cart list item once","time":{"start":1749122942837,"stop":1749122942916,"duration":79},"status":"passed","steps":[{"name":"Click remove button of cart list item n times","time":{"start":1749122942837,"stop":1749122942916,"duration":79},"status":"passed","steps":[],"attachments":[],"parameters":[{"name":"times","value":"1"}],"shouldDisplayMessage":false,"stepsCount":0,"attachmentsCount":0,"hasContent":true,"attachmentStep":false}],"attachments":[],"parameters":[],"shouldDisplayMessage":false,"stepsCount":1,"attachmentsCount":0,"hasContent":true,"attachmentStep":false},{"name":"Click remove button of cart list item once","time":{"start":1749122942927,"stop":1749122943005,"duration":78},"status":"passed","steps":[{"name":"Click remove button of cart list item n times","time":{"start":1749122942927,"stop":1749122943005,"duration":78},"status":"passed","steps":[],"attachments":[],"parameters":[{"name":"times","value":"1"}],"shouldDisplayMessage":false,"stepsCount":0,"attachmentsCount":0,"hasContent":true,"attachmentStep":false}],"attachments":[],"parameters":[],"shouldDisplayMessage":false,"stepsCount":1,"attachmentsCount":0,"hasContent":true,"attachmentStep":false}],"attachments":[],"parameters":[],"shouldDisplayMessage":true,"stepsCount":16,"attachmentsCount":0,"hasContent":true,"attachmentStep":false},"afterStages":[{"name":"afterClass","time":{"start":1749122944090,"stop":1749122944195,"duration":105},"description":"","status":"passed","steps":[],"attachments":[{"uid":"b97d07613638f0f4","name":"Image name = PICTURE Test Name = Surefire test","source":"b97d07613638f0f4.png","type":"image/png","size":16362}],"parameters":[],"shouldDisplayMessage":false,"stepsCount":0,"attachmentsCount":1,"hasContent":true,"attachmentStep":false}],"labels":[{"name":"package","value":"com.coffeecart.ui.TestDiscountedMochaCartPageMinusButton"},{"name":"testClass","value":"com.coffeecart.ui.TestDiscountedMochaCartPageMinusButton"},{"name":"testMethod","value":"verifyDiscountedMochaCardMinusButton"},{"name":"parentSuite","value":"Surefire suite"},{"name":"suite","value":"Surefire test"},{"name":"subSuite","value":"com.coffeecart.ui.TestDiscountedMochaCartPageMinusButton"},{"name":"host","value":"fv-az1042-225"},{"name":"thread","value":"2369@fv-az1042-225.main(1)"},{"name":"framework","value":"testng"},{"name":"language","value":"java"},{"name":"feature","value":"Discounted Mocha Removal"},{"name":"owner","value":"Roman Fedko"},{"name":"resultFormat","value":"allure2"}],"parameters":[],"links":[{"name":"37","url":"https://github.com/UA-1378-TAQC/coffeecart.taqc/issues/37","type":"issue"}],"hidden":false,"retry":false,"extra":{"severity":"normal","owner":"Roman Fedko","retries":[],"categories":[{"name":"Product defects","matchedStatuses":[],"flaky":false}],"history":{"statistic":{"failed":3,"broken":0,"skipped":0,"passed":0,"unknown":0,"total":3},"items":[{"uid":"29685485cc8e1fe3","reportUrl":"https://UA-1378-TAQC.github.io/coffeecart.taqc/49//#testresult/29685485cc8e1fe3","status":"failed","statusDetails":"The following asserts failed:\n\tDiscounted Mocha should not be present in cart after removing other items expected [null] but found [com.coffeecart.ui.component.FullItemComponent@673dde08],\n\tTotal button should not be displayed when cart is empty expected [false] but found [true],\n\tEmpty cart message should be displayed  expected [true] but found [false],\n\tCart counter should be '0' but was '1' expected [0] but found [1]","time":{"start":1747126972643,"stop":1747126976642,"duration":3999}},{"uid":"bbef7b8dabeeeb3f","reportUrl":"https://UA-1378-TAQC.github.io/coffeecart.taqc/48//#testresult/bbef7b8dabeeeb3f","status":"failed","statusDetails":"The following asserts failed:\n\tDiscounted Mocha should not be present in cart after removing other items expected [null] but found [com.coffeecart.ui.component.FullItemComponent@4af25503],\n\tTotal button should not be displayed when cart is empty expected [false] but found [true],\n\tEmpty cart message should be displayed  expected [true] but found [false],\n\tCart counter should be '0' but was '1' expected [0] but found [1]","time":{"start":1747126457095,"stop":1747126461082,"duration":3987}}]},"tags":[]},"source":"ea8289552e0d5f19.json","parameterValues":[]}