{"uid":"3c8213fd61c827b8","name":"possibilityAddingMocha","fullName":"com.coffeecart.ui.TestPossibilityAddingMocha.possibilityAddingMocha","historyId":"67e2d7db3a3ba4efd228dcdbbee57e7c","time":{"start":1750412975625,"stop":1750412976968,"duration":1343},"description":"Verification of the possibility of adding Mocha to the cart in the pop-up 'Lucky Day'","descriptionHtml":"<p>Verification of the possibility of adding Mocha to the cart in the pop-up 'Lucky Day'</p>\n","status":"broken","statusMessage":"no such element: Unable to locate element: {\"method\":\"xpath\",\"selector\":\"//div[@class='promo']\"}\n  (Session info: chrome=137.0.7151.103)\nFor documentation on this error, please visit: https://www.selenium.dev/documentation/webdriver/troubleshooting/errors#no-such-element-exception\nBuild info: version: '4.30.0', revision: '509c7f17cc*'\nSystem info: os.name: 'Linux', os.arch: 'amd64', os.version: '6.11.0-1015-azure', java.version: '21.0.7'\nDriver info: org.openqa.selenium.chrome.ChromeDriver\nCommand: [8a1ada1c7f328670f351426df1bd1eb1, findElement {using=xpath, value=//div[@class='promo']}]\nCapabilities {acceptInsecureCerts: false, browserName: chrome, browserVersion: 137.0.7151.103, chrome: {chromedriverVersion: 137.0.7151.119 (e0ac9d12dff..., userDataDir: /tmp/.org.chromium.Chromium...}, fedcm:accounts: true, goog:chromeOptions: {debuggerAddress: localhost:38815}, networkConnectionEnabled: false, pageLoadStrategy: normal, platformName: linux, proxy: Proxy(), se:cdp: ws://localhost:38815/devtoo..., se:cdpVersion: 137.0.7151.103, setWindowRect: true, strictFileInteractability: false, timeouts: {implicit: 0, pageLoad: 300000, script: 30000}, unhandledPromptBehavior: dismiss and notify, webauthn:extension:credBlob: true, webauthn:extension:largeBlob: true, webauthn:extension:minPinLength: true, webauthn:extension:prf: true, webauthn:virtualAuthenticators: true}\nSession ID: 8a1ada1c7f328670f351426df1bd1eb1","statusTrace":"org.openqa.selenium.NoSuchElementException: no such element: Unable to locate element: {\"method\":\"xpath\",\"selector\":\"//div[@class='promo']\"}\n  (Session info: chrome=137.0.7151.103)\nFor documentation on this error, please visit: https://www.selenium.dev/documentation/webdriver/troubleshooting/errors#no-such-element-exception\nBuild info: version: '4.30.0', revision: '509c7f17cc*'\nSystem info: os.name: 'Linux', os.arch: 'amd64', os.version: '6.11.0-1015-azure', java.version: '21.0.7'\nDriver info: org.openqa.selenium.chrome.ChromeDriver\nCommand: [8a1ada1c7f328670f351426df1bd1eb1, findElement {using=xpath, value=//div[@class='promo']}]\nCapabilities {acceptInsecureCerts: false, browserName: chrome, browserVersion: 137.0.7151.103, chrome: {chromedriverVersion: 137.0.7151.119 (e0ac9d12dff..., userDataDir: /tmp/.org.chromium.Chromium...}, fedcm:accounts: true, goog:chromeOptions: {debuggerAddress: localhost:38815}, networkConnectionEnabled: false, pageLoadStrategy: normal, platformName: linux, proxy: Proxy(), se:cdp: ws://localhost:38815/devtoo..., se:cdpVersion: 137.0.7151.103, setWindowRect: true, strictFileInteractability: false, timeouts: {implicit: 0, pageLoad: 300000, script: 30000}, unhandledPromptBehavior: dismiss and notify, webauthn:extension:credBlob: true, webauthn:extension:largeBlob: true, webauthn:extension:minPinLength: true, webauthn:extension:prf: true, webauthn:virtualAuthenticators: true}\nSession ID: 8a1ada1c7f328670f351426df1bd1eb1\n\tat java.base/jdk.internal.reflect.DirectConstructorHandleAccessor.newInstance(DirectConstructorHandleAccessor.java:62)\n\tat java.base/java.lang.reflect.Constructor.newInstanceWithCaller(Constructor.java:502)\n\tat java.base/java.lang.reflect.Constructor.newInstance(Constructor.java:486)\n\tat org.openqa.selenium.remote.ErrorCodec.decode(ErrorCodec.java:167)\n\tat org.openqa.selenium.remote.codec.w3c.W3CHttpResponseCodec.decode(W3CHttpResponseCodec.java:138)\n\tat org.openqa.selenium.remote.codec.w3c.W3CHttpResponseCodec.decode(W3CHttpResponseCodec.java:50)\n\tat org.openqa.selenium.remote.HttpCommandExecutor.execute(HttpCommandExecutor.java:215)\n\tat org.openqa.selenium.remote.service.DriverCommandExecutor.invokeExecute(DriverCommandExecutor.java:216)\n\tat org.openqa.selenium.remote.service.DriverCommandExecutor.execute(DriverCommandExecutor.java:174)\n\tat org.openqa.selenium.remote.RemoteWebDriver.execute(RemoteWebDriver.java:545)\n\tat org.openqa.selenium.remote.ElementLocation$ElementFinder$2.findElement(ElementLocation.java:165)\n\tat org.openqa.selenium.remote.ElementLocation.findElement(ElementLocation.java:59)\n\tat org.openqa.selenium.remote.RemoteWebDriver.findElement(RemoteWebDriver.java:368)\n\tat org.openqa.selenium.remote.RemoteWebDriver.findElement(RemoteWebDriver.java:362)\n\tat org.openqa.selenium.support.pagefactory.DefaultElementLocator.findElement(DefaultElementLocator.java:68)\n\tat org.openqa.selenium.support.pagefactory.internal.LocatingElementHandler.invoke(LocatingElementHandler.java:38)\n\tat jdk.proxy2/jdk.proxy2.$Proxy35.isDisplayed(Unknown Source)\n\tat com.coffeecart.ui.TestPossibilityAddingMocha.possibilityAddingMocha(TestPossibilityAddingMocha.java:39)\n\tat java.base/jdk.internal.reflect.DirectMethodHandleAccessor.invoke(DirectMethodHandleAccessor.java:103)\n\tat java.base/java.lang.reflect.Method.invoke(Method.java:580)\n\tat org.testng.internal.invokers.MethodInvocationHelper.invokeMethod(MethodInvocationHelper.java:141)\n\tat org.testng.internal.invokers.TestInvoker.invokeMethod(TestInvoker.java:686)\n\tat org.testng.internal.invokers.TestInvoker.invokeTestMethod(TestInvoker.java:230)\n\tat org.testng.internal.invokers.MethodRunner.runInSequence(MethodRunner.java:63)\n\tat org.testng.internal.invokers.TestInvoker$MethodInvocationAgent.invoke(TestInvoker.java:992)\n\tat org.testng.internal.invokers.TestInvoker.invokeTestMethods(TestInvoker.java:203)\n\tat org.testng.internal.invokers.TestMethodWorker.invokeTestMethods(TestMethodWorker.java:154)\n\tat org.testng.internal.invokers.TestMethodWorker.run(TestMethodWorker.java:134)\n\tat java.base/java.util.ArrayList.forEach(ArrayList.java:1596)\n\tat org.testng.TestRunner.privateRun(TestRunner.java:739)\n\tat org.testng.TestRunner.run(TestRunner.java:614)\n\tat org.testng.SuiteRunner.runTest(SuiteRunner.java:421)\n\tat org.testng.SuiteRunner.runSequentially(SuiteRunner.java:413)\n\tat org.testng.SuiteRunner.privateRun(SuiteRunner.java:373)\n\tat org.testng.SuiteRunner.run(SuiteRunner.java:312)\n\tat org.testng.SuiteRunnerWorker.runSuite(SuiteRunnerWorker.java:52)\n\tat org.testng.SuiteRunnerWorker.run(SuiteRunnerWorker.java:95)\n\tat org.testng.TestNG.runSuitesSequentially(TestNG.java:1274)\n\tat org.testng.TestNG.runSuitesLocally(TestNG.java:1208)\n\tat org.testng.TestNG.runSuites(TestNG.java:1112)\n\tat org.testng.TestNG.run(TestNG.java:1079)\n\tat org.apache.maven.surefire.testng.TestNGExecutor.run(TestNGExecutor.java:308)\n\tat org.apache.maven.surefire.testng.TestNGXmlTestSuite.execute(TestNGXmlTestSuite.java:71)\n\tat org.apache.maven.surefire.testng.TestNGProvider.invoke(TestNGProvider.java:113)\n\tat org.apache.maven.surefire.booter.ForkedBooter.runSuitesInProcess(ForkedBooter.java:385)\n\tat org.apache.maven.surefire.booter.ForkedBooter.execute(ForkedBooter.java:162)\n\tat org.apache.maven.surefire.booter.ForkedBooter.run(ForkedBooter.java:507)\n\tat org.apache.maven.surefire.booter.ForkedBooter.main(ForkedBooter.java:495)\n","flaky":false,"newFailed":false,"newBroken":false,"newPassed":false,"retriesCount":0,"retriesStatusChange":false,"beforeStages":[{"name":"beforeClass","time":{"start":1750412960842,"stop":1750412961280,"duration":438},"description":"","status":"passed","steps":[{"name":"init ChromeDriver","time":{"start":1750412960842,"stop":1750412961118,"duration":276},"status":"passed","steps":[],"attachments":[],"parameters":[],"shouldDisplayMessage":false,"stepsCount":0,"attachmentsCount":0,"hasContent":false,"attachmentStep":false}],"attachments":[],"parameters":[],"shouldDisplayMessage":false,"stepsCount":1,"attachmentsCount":0,"hasContent":true,"attachmentStep":false}],"testStage":{"description":"Verification of the possibility of adding Mocha to the cart in the pop-up 'Lucky Day'","status":"broken","statusMessage":"no such element: Unable to locate element: {\"method\":\"xpath\",\"selector\":\"//div[@class='promo']\"}\n  (Session info: chrome=137.0.7151.103)\nFor documentation on this error, please visit: https://www.selenium.dev/documentation/webdriver/troubleshooting/errors#no-such-element-exception\nBuild info: version: '4.30.0', revision: '509c7f17cc*'\nSystem info: os.name: 'Linux', os.arch: 'amd64', os.version: '6.11.0-1015-azure', java.version: '21.0.7'\nDriver info: org.openqa.selenium.chrome.ChromeDriver\nCommand: [8a1ada1c7f328670f351426df1bd1eb1, findElement {using=xpath, value=//div[@class='promo']}]\nCapabilities {acceptInsecureCerts: false, browserName: chrome, browserVersion: 137.0.7151.103, chrome: {chromedriverVersion: 137.0.7151.119 (e0ac9d12dff..., userDataDir: /tmp/.org.chromium.Chromium...}, fedcm:accounts: true, goog:chromeOptions: {debuggerAddress: localhost:38815}, networkConnectionEnabled: false, pageLoadStrategy: normal, platformName: linux, proxy: Proxy(), se:cdp: ws://localhost:38815/devtoo..., se:cdpVersion: 137.0.7151.103, setWindowRect: true, strictFileInteractability: false, timeouts: {implicit: 0, pageLoad: 300000, script: 30000}, unhandledPromptBehavior: dismiss and notify, webauthn:extension:credBlob: true, webauthn:extension:largeBlob: true, webauthn:extension:minPinLength: true, webauthn:extension:prf: true, webauthn:virtualAuthenticators: true}\nSession ID: 8a1ada1c7f328670f351426df1bd1eb1","statusTrace":"org.openqa.selenium.NoSuchElementException: no such element: Unable to locate element: {\"method\":\"xpath\",\"selector\":\"//div[@class='promo']\"}\n  (Session info: chrome=137.0.7151.103)\nFor documentation on this error, please visit: https://www.selenium.dev/documentation/webdriver/troubleshooting/errors#no-such-element-exception\nBuild info: version: '4.30.0', revision: '509c7f17cc*'\nSystem info: os.name: 'Linux', os.arch: 'amd64', os.version: '6.11.0-1015-azure', java.version: '21.0.7'\nDriver info: org.openqa.selenium.chrome.ChromeDriver\nCommand: [8a1ada1c7f328670f351426df1bd1eb1, findElement {using=xpath, value=//div[@class='promo']}]\nCapabilities {acceptInsecureCerts: false, browserName: chrome, browserVersion: 137.0.7151.103, chrome: {chromedriverVersion: 137.0.7151.119 (e0ac9d12dff..., userDataDir: /tmp/.org.chromium.Chromium...}, fedcm:accounts: true, goog:chromeOptions: {debuggerAddress: localhost:38815}, networkConnectionEnabled: false, pageLoadStrategy: normal, platformName: linux, proxy: Proxy(), se:cdp: ws://localhost:38815/devtoo..., se:cdpVersion: 137.0.7151.103, setWindowRect: true, strictFileInteractability: false, timeouts: {implicit: 0, pageLoad: 300000, script: 30000}, unhandledPromptBehavior: dismiss and notify, webauthn:extension:credBlob: true, webauthn:extension:largeBlob: true, webauthn:extension:minPinLength: true, webauthn:extension:prf: true, webauthn:virtualAuthenticators: true}\nSession ID: 8a1ada1c7f328670f351426df1bd1eb1\n\tat java.base/jdk.internal.reflect.DirectConstructorHandleAccessor.newInstance(DirectConstructorHandleAccessor.java:62)\n\tat java.base/java.lang.reflect.Constructor.newInstanceWithCaller(Constructor.java:502)\n\tat java.base/java.lang.reflect.Constructor.newInstance(Constructor.java:486)\n\tat org.openqa.selenium.remote.ErrorCodec.decode(ErrorCodec.java:167)\n\tat org.openqa.selenium.remote.codec.w3c.W3CHttpResponseCodec.decode(W3CHttpResponseCodec.java:138)\n\tat org.openqa.selenium.remote.codec.w3c.W3CHttpResponseCodec.decode(W3CHttpResponseCodec.java:50)\n\tat org.openqa.selenium.remote.HttpCommandExecutor.execute(HttpCommandExecutor.java:215)\n\tat org.openqa.selenium.remote.service.DriverCommandExecutor.invokeExecute(DriverCommandExecutor.java:216)\n\tat org.openqa.selenium.remote.service.DriverCommandExecutor.execute(DriverCommandExecutor.java:174)\n\tat org.openqa.selenium.remote.RemoteWebDriver.execute(RemoteWebDriver.java:545)\n\tat org.openqa.selenium.remote.ElementLocation$ElementFinder$2.findElement(ElementLocation.java:165)\n\tat org.openqa.selenium.remote.ElementLocation.findElement(ElementLocation.java:59)\n\tat org.openqa.selenium.remote.RemoteWebDriver.findElement(RemoteWebDriver.java:368)\n\tat org.openqa.selenium.remote.RemoteWebDriver.findElement(RemoteWebDriver.java:362)\n\tat org.openqa.selenium.support.pagefactory.DefaultElementLocator.findElement(DefaultElementLocator.java:68)\n\tat org.openqa.selenium.support.pagefactory.internal.LocatingElementHandler.invoke(LocatingElementHandler.java:38)\n\tat jdk.proxy2/jdk.proxy2.$Proxy35.isDisplayed(Unknown Source)\n\tat com.coffeecart.ui.TestPossibilityAddingMocha.possibilityAddingMocha(TestPossibilityAddingMocha.java:39)\n\tat java.base/jdk.internal.reflect.DirectMethodHandleAccessor.invoke(DirectMethodHandleAccessor.java:103)\n\tat java.base/java.lang.reflect.Method.invoke(Method.java:580)\n\tat org.testng.internal.invokers.MethodInvocationHelper.invokeMethod(MethodInvocationHelper.java:141)\n\tat org.testng.internal.invokers.TestInvoker.invokeMethod(TestInvoker.java:686)\n\tat org.testng.internal.invokers.TestInvoker.invokeTestMethod(TestInvoker.java:230)\n\tat org.testng.internal.invokers.MethodRunner.runInSequence(MethodRunner.java:63)\n\tat org.testng.internal.invokers.TestInvoker$MethodInvocationAgent.invoke(TestInvoker.java:992)\n\tat org.testng.internal.invokers.TestInvoker.invokeTestMethods(TestInvoker.java:203)\n\tat org.testng.internal.invokers.TestMethodWorker.invokeTestMethods(TestMethodWorker.java:154)\n\tat org.testng.internal.invokers.TestMethodWorker.run(TestMethodWorker.java:134)\n\tat java.base/java.util.ArrayList.forEach(ArrayList.java:1596)\n\tat org.testng.TestRunner.privateRun(TestRunner.java:739)\n\tat org.testng.TestRunner.run(TestRunner.java:614)\n\tat org.testng.SuiteRunner.runTest(SuiteRunner.java:421)\n\tat org.testng.SuiteRunner.runSequentially(SuiteRunner.java:413)\n\tat org.testng.SuiteRunner.privateRun(SuiteRunner.java:373)\n\tat org.testng.SuiteRunner.run(SuiteRunner.java:312)\n\tat org.testng.SuiteRunnerWorker.runSuite(SuiteRunnerWorker.java:52)\n\tat org.testng.SuiteRunnerWorker.run(SuiteRunnerWorker.java:95)\n\tat org.testng.TestNG.runSuitesSequentially(TestNG.java:1274)\n\tat org.testng.TestNG.runSuitesLocally(TestNG.java:1208)\n\tat org.testng.TestNG.runSuites(TestNG.java:1112)\n\tat org.testng.TestNG.run(TestNG.java:1079)\n\tat org.apache.maven.surefire.testng.TestNGExecutor.run(TestNGExecutor.java:308)\n\tat org.apache.maven.surefire.testng.TestNGXmlTestSuite.execute(TestNGXmlTestSuite.java:71)\n\tat org.apache.maven.surefire.testng.TestNGProvider.invoke(TestNGProvider.java:113)\n\tat org.apache.maven.surefire.booter.ForkedBooter.runSuitesInProcess(ForkedBooter.java:385)\n\tat org.apache.maven.surefire.booter.ForkedBooter.execute(ForkedBooter.java:162)\n\tat org.apache.maven.surefire.booter.ForkedBooter.run(ForkedBooter.java:507)\n\tat org.apache.maven.surefire.booter.ForkedBooter.main(ForkedBooter.java:495)\n","steps":[{"name":"Click on cup with title: (Discounted) Mocha","time":{"start":1750412975740,"stop":1750412975836,"duration":96},"status":"passed","steps":[],"attachments":[],"parameters":[{"name":"drinkName","value":"(Discounted) Mocha"}],"shouldDisplayMessage":false,"stepsCount":0,"attachmentsCount":0,"hasContent":true,"attachmentStep":false},{"name":"Click on cup with title: (Discounted) Mocha","time":{"start":1750412975836,"stop":1750412975927,"duration":91},"status":"passed","steps":[],"attachments":[],"parameters":[{"name":"drinkName","value":"(Discounted) Mocha"}],"shouldDisplayMessage":false,"stepsCount":0,"attachmentsCount":0,"hasContent":true,"attachmentStep":false}],"attachments":[],"parameters":[],"shouldDisplayMessage":true,"stepsCount":2,"attachmentsCount":0,"hasContent":true,"attachmentStep":false},"afterStages":[{"name":"afterClass","time":{"start":1750412993351,"stop":1750412993462,"duration":111},"description":"","status":"passed","steps":[],"attachments":[{"uid":"292f1cb4a020ffdc","name":"Image name = PICTURE Test Name = RegularTests","source":"292f1cb4a020ffdc.png","type":"image/png","size":47601}],"parameters":[],"shouldDisplayMessage":false,"stepsCount":0,"attachmentsCount":1,"hasContent":true,"attachmentStep":false}],"labels":[{"name":"package","value":"com.coffeecart.ui.TestPossibilityAddingMocha"},{"name":"testClass","value":"com.coffeecart.ui.TestPossibilityAddingMocha"},{"name":"testMethod","value":"possibilityAddingMocha"},{"name":"parentSuite","value":"AllTests"},{"name":"suite","value":"RegularTests"},{"name":"subSuite","value":"com.coffeecart.ui.TestPossibilityAddingMocha"},{"name":"host","value":"fv-az1288-291"},{"name":"thread","value":"2477@fv-az1288-291.main(1)"},{"name":"framework","value":"testng"},{"name":"language","value":"java"},{"name":"owner","value":"Mariia Mykhailenko"},{"name":"feature","value":"Pop-up 'Lucky Day'"},{"name":"resultFormat","value":"allure2"}],"parameters":[{"name":"arg0","value":"(Discounted) Mocha"}],"links":[{"name":"29","url":"https://github.com/UA-1378-TAQC/coffeecart.taqc/issues/29","type":"issue"}],"hidden":false,"retry":false,"extra":{"severity":"normal","owner":"Mariia Mykhailenko","retries":[],"categories":[{"name":"Test defects","matchedStatuses":[],"flaky":false}],"history":{"statistic":{"failed":0,"broken":9,"skipped":0,"passed":0,"unknown":0,"total":9},"items":[{"uid":"22fafbf4d38d8e17","reportUrl":"https://UA-1378-TAQC.github.io/coffeecart.taqc/88//#testresult/22fafbf4d38d8e17","status":"broken","statusDetails":"no such element: Unable to locate element: {\"method\":\"xpath\",\"selector\":\"//div[@class='promo']\"}\n  (Session info: chrome=137.0.7151.103)\nFor documentation on this error, please visit: https://www.selenium.dev/documentation/webdriver/troubleshooting/errors#no-such-element-exception\nBuild info: version: '4.30.0', revision: '509c7f17cc*'\nSystem info: os.name: 'Linux', os.arch: 'amd64', os.version: '6.11.0-1015-azure', java.version: '21.0.7'\nDriver info: org.openqa.selenium.chrome.ChromeDriver\nCommand: [097b9a70b840805fd4c602d173648651, findElement {using=xpath, value=//div[@class='promo']}]\nCapabilities {acceptInsecureCerts: false, browserName: chrome, browserVersion: 137.0.7151.103, chrome: {chromedriverVersion: 137.0.7151.119 (e0ac9d12dff..., userDataDir: /tmp/.org.chromium.Chromium...}, fedcm:accounts: true, goog:chromeOptions: {debuggerAddress: localhost:38701}, networkConnectionEnabled: false, pageLoadStrategy: normal, platformName: linux, proxy: Proxy(), se:cdp: ws://localhost:38701/devtoo..., se:cdpVersion: 137.0.7151.103, setWindowRect: true, strictFileInteractability: false, timeouts: {implicit: 0, pageLoad: 300000, script: 30000}, unhandledPromptBehavior: dismiss and notify, webauthn:extension:credBlob: true, webauthn:extension:largeBlob: true, webauthn:extension:minPinLength: true, webauthn:extension:prf: true, webauthn:virtualAuthenticators: true}\nSession ID: 097b9a70b840805fd4c602d173648651","time":{"start":1750412899749,"stop":1750412901099,"duration":1350}},{"uid":"447bceaca27dfa23","reportUrl":"https://UA-1378-TAQC.github.io/coffeecart.taqc/87//#testresult/447bceaca27dfa23","status":"broken","statusDetails":"no such element: Unable to locate element: {\"method\":\"xpath\",\"selector\":\"//div[@class='promo']\"}\n  (Session info: chrome=137.0.7151.103)\nFor documentation on this error, please visit: https://www.selenium.dev/documentation/webdriver/troubleshooting/errors#no-such-element-exception\nBuild info: version: '4.30.0', revision: '509c7f17cc*'\nSystem info: os.name: 'Linux', os.arch: 'amd64', os.version: '6.11.0-1015-azure', java.version: '21.0.7'\nDriver info: org.openqa.selenium.chrome.ChromeDriver\nCommand: [dbdec0146e491f366303864911744bdc, findElement {using=xpath, value=//div[@class='promo']}]\nCapabilities {acceptInsecureCerts: false, browserName: chrome, browserVersion: 137.0.7151.103, chrome: {chromedriverVersion: 137.0.7151.119 (e0ac9d12dff..., userDataDir: /tmp/.org.chromium.Chromium...}, fedcm:accounts: true, goog:chromeOptions: {debuggerAddress: localhost:44719}, networkConnectionEnabled: false, pageLoadStrategy: normal, platformName: linux, proxy: Proxy(), se:cdp: ws://localhost:44719/devtoo..., se:cdpVersion: 137.0.7151.103, setWindowRect: true, strictFileInteractability: false, timeouts: {implicit: 0, pageLoad: 300000, script: 30000}, unhandledPromptBehavior: dismiss and notify, webauthn:extension:credBlob: true, webauthn:extension:largeBlob: true, webauthn:extension:minPinLength: true, webauthn:extension:prf: true, webauthn:virtualAuthenticators: true}\nSession ID: dbdec0146e491f366303864911744bdc","time":{"start":1750412775980,"stop":1750412777320,"duration":1340}},{"uid":"2594e83bf4ac59c4","reportUrl":"https://UA-1378-TAQC.github.io/coffeecart.taqc/86//#testresult/2594e83bf4ac59c4","status":"broken","statusDetails":"no such element: Unable to locate element: {\"method\":\"xpath\",\"selector\":\"//div[@class='promo']\"}\n  (Session info: chrome=137.0.7151.103)\nFor documentation on this error, please visit: https://www.selenium.dev/documentation/webdriver/troubleshooting/errors#no-such-element-exception\nBuild info: version: '4.30.0', revision: '509c7f17cc*'\nSystem info: os.name: 'Linux', os.arch: 'amd64', os.version: '6.11.0-1015-azure', java.version: '21.0.7'\nDriver info: org.openqa.selenium.chrome.ChromeDriver\nCommand: [54d54da253bc3ea6e7bf276ce82576bb, findElement {value=//div[@class='promo'], using=xpath}]\nCapabilities {acceptInsecureCerts: false, browserName: chrome, browserVersion: 137.0.7151.103, chrome: {chromedriverVersion: 137.0.7151.119 (e0ac9d12dff..., userDataDir: /tmp/.org.chromium.Chromium...}, fedcm:accounts: true, goog:chromeOptions: {debuggerAddress: localhost:38047}, networkConnectionEnabled: false, pageLoadStrategy: normal, platformName: linux, proxy: Proxy(), se:cdp: ws://localhost:38047/devtoo..., se:cdpVersion: 137.0.7151.103, setWindowRect: true, strictFileInteractability: false, timeouts: {implicit: 0, pageLoad: 300000, script: 30000}, unhandledPromptBehavior: dismiss and notify, webauthn:extension:credBlob: true, webauthn:extension:largeBlob: true, webauthn:extension:minPinLength: true, webauthn:extension:prf: true, webauthn:virtualAuthenticators: true}\nSession ID: 54d54da253bc3ea6e7bf276ce82576bb","time":{"start":1750327182312,"stop":1750327183694,"duration":1382}},{"uid":"6df3285687ee5a25","reportUrl":"https://UA-1378-TAQC.github.io/coffeecart.taqc/85//#testresult/6df3285687ee5a25","status":"broken","statusDetails":"no such element: Unable to locate element: {\"method\":\"xpath\",\"selector\":\"//div[@class='promo']\"}\n  (Session info: chrome=137.0.7151.103)\nFor documentation on this error, please visit: https://www.selenium.dev/documentation/webdriver/troubleshooting/errors#no-such-element-exception\nBuild info: version: '4.30.0', revision: '509c7f17cc*'\nSystem info: os.name: 'Linux', os.arch: 'amd64', os.version: '6.11.0-1015-azure', java.version: '21.0.7'\nDriver info: org.openqa.selenium.chrome.ChromeDriver\nCommand: [94617d605a6f83fe812de805540fed43, findElement {value=//div[@class='promo'], using=xpath}]\nCapabilities {acceptInsecureCerts: false, browserName: chrome, browserVersion: 137.0.7151.103, chrome: {chromedriverVersion: 137.0.7151.119 (e0ac9d12dff..., userDataDir: /tmp/.org.chromium.Chromium...}, fedcm:accounts: true, goog:chromeOptions: {debuggerAddress: localhost:34891}, networkConnectionEnabled: false, pageLoadStrategy: normal, platformName: linux, proxy: Proxy(), se:cdp: ws://localhost:34891/devtoo..., se:cdpVersion: 137.0.7151.103, setWindowRect: true, strictFileInteractability: false, timeouts: {implicit: 0, pageLoad: 300000, script: 30000}, unhandledPromptBehavior: dismiss and notify, webauthn:extension:credBlob: true, webauthn:extension:largeBlob: true, webauthn:extension:minPinLength: true, webauthn:extension:prf: true, webauthn:virtualAuthenticators: true}\nSession ID: 94617d605a6f83fe812de805540fed43","time":{"start":1750249486844,"stop":1750249488198,"duration":1354}},{"uid":"6a6fc38d731ce6d1","reportUrl":"https://UA-1378-TAQC.github.io/coffeecart.taqc/84//#testresult/6a6fc38d731ce6d1","status":"broken","statusDetails":"no such element: Unable to locate element: {\"method\":\"xpath\",\"selector\":\"//div[@class='promo']\"}\n  (Session info: chrome=137.0.7151.68)\nFor documentation on this error, please visit: https://www.selenium.dev/documentation/webdriver/troubleshooting/errors#no-such-element-exception\nBuild info: version: '4.30.0', revision: '509c7f17cc*'\nSystem info: os.name: 'Linux', os.arch: 'amd64', os.version: '6.11.0-1015-azure', java.version: '21.0.7'\nDriver info: org.openqa.selenium.chrome.ChromeDriver\nCommand: [2f7294fb56156286ab28a0be32dbb150, findElement {using=xpath, value=//div[@class='promo']}]\nCapabilities {acceptInsecureCerts: false, browserName: chrome, browserVersion: 137.0.7151.68, chrome: {chromedriverVersion: 137.0.7151.119 (e0ac9d12dff..., userDataDir: /tmp/.org.chromium.Chromium...}, fedcm:accounts: true, goog:chromeOptions: {debuggerAddress: localhost:43779}, networkConnectionEnabled: false, pageLoadStrategy: normal, platformName: linux, proxy: Proxy(), se:cdp: ws://localhost:43779/devtoo..., se:cdpVersion: 137.0.7151.68, setWindowRect: true, strictFileInteractability: false, timeouts: {implicit: 0, pageLoad: 300000, script: 30000}, unhandledPromptBehavior: dismiss and notify, webauthn:extension:credBlob: true, webauthn:extension:largeBlob: true, webauthn:extension:minPinLength: true, webauthn:extension:prf: true, webauthn:virtualAuthenticators: true}\nSession ID: 2f7294fb56156286ab28a0be32dbb150","time":{"start":1750249361030,"stop":1750249362386,"duration":1356}},{"uid":"701ec781dae7b6aa","reportUrl":"https://UA-1378-TAQC.github.io/coffeecart.taqc/83//#testresult/701ec781dae7b6aa","status":"broken","statusDetails":"no such element: Unable to locate element: {\"method\":\"xpath\",\"selector\":\"//div[@class='promo']\"}\n  (Session info: chrome=137.0.7151.68)\nFor documentation on this error, please visit: https://www.selenium.dev/documentation/webdriver/troubleshooting/errors#no-such-element-exception\nBuild info: version: '4.30.0', revision: '509c7f17cc*'\nSystem info: os.name: 'Linux', os.arch: 'amd64', os.version: '6.11.0-1015-azure', java.version: '21.0.7'\nDriver info: org.openqa.selenium.chrome.ChromeDriver\nCommand: [47688a2aeaf7356175a6e20c662185d6, findElement {using=xpath, value=//div[@class='promo']}]\nCapabilities {acceptInsecureCerts: false, browserName: chrome, browserVersion: 137.0.7151.68, chrome: {chromedriverVersion: 137.0.7151.119 (e0ac9d12dff..., userDataDir: /tmp/.org.chromium.Chromium...}, fedcm:accounts: true, goog:chromeOptions: {debuggerAddress: localhost:43647}, networkConnectionEnabled: false, pageLoadStrategy: normal, platformName: linux, proxy: Proxy(), se:cdp: ws://localhost:43647/devtoo..., se:cdpVersion: 137.0.7151.68, setWindowRect: true, strictFileInteractability: false, timeouts: {implicit: 0, pageLoad: 300000, script: 30000}, unhandledPromptBehavior: dismiss and notify, webauthn:extension:credBlob: true, webauthn:extension:largeBlob: true, webauthn:extension:minPinLength: true, webauthn:extension:prf: true, webauthn:virtualAuthenticators: true}\nSession ID: 47688a2aeaf7356175a6e20c662185d6","time":{"start":1750248471735,"stop":1750248473080,"duration":1345}},{"uid":"ab4ae4dd12b8d658","reportUrl":"https://UA-1378-TAQC.github.io/coffeecart.taqc/81//#testresult/ab4ae4dd12b8d658","status":"broken","statusDetails":"no such element: Unable to locate element: {\"method\":\"xpath\",\"selector\":\"//div[@class='promo']\"}\n  (Session info: chrome=137.0.7151.68)\nFor documentation on this error, please visit: https://www.selenium.dev/documentation/webdriver/troubleshooting/errors#no-such-element-exception\nBuild info: version: '4.30.0', revision: '509c7f17cc*'\nSystem info: os.name: 'Linux', os.arch: 'amd64', os.version: '6.11.0-1015-azure', java.version: '21.0.7'\nDriver info: org.openqa.selenium.chrome.ChromeDriver\nCommand: [8f4c6c11133e0aa783a943ccd316c133, findElement {value=//div[@class='promo'], using=xpath}]\nCapabilities {acceptInsecureCerts: false, browserName: chrome, browserVersion: 137.0.7151.68, chrome: {chromedriverVersion: 137.0.7151.70 (dfa4dc56b2ab..., userDataDir: /tmp/.org.chromium.Chromium...}, fedcm:accounts: true, goog:chromeOptions: {debuggerAddress: localhost:35665}, networkConnectionEnabled: false, pageLoadStrategy: normal, platformName: linux, proxy: Proxy(), se:cdp: ws://localhost:35665/devtoo..., se:cdpVersion: 137.0.7151.68, setWindowRect: true, strictFileInteractability: false, timeouts: {implicit: 0, pageLoad: 300000, script: 30000}, unhandledPromptBehavior: dismiss and notify, webauthn:extension:credBlob: true, webauthn:extension:largeBlob: true, webauthn:extension:minPinLength: true, webauthn:extension:prf: true, webauthn:virtualAuthenticators: true}\nSession ID: 8f4c6c11133e0aa783a943ccd316c133","time":{"start":1749849630041,"stop":1749849631395,"duration":1354}},{"uid":"da7fc82142064206","reportUrl":"https://UA-1378-TAQC.github.io/coffeecart.taqc/79//#testresult/da7fc82142064206","status":"broken","statusDetails":"no such element: Unable to locate element: {\"method\":\"xpath\",\"selector\":\"//div[@class='promo']\"}\n  (Session info: chrome=137.0.7151.68)\nFor documentation on this error, please visit: https://www.selenium.dev/documentation/webdriver/troubleshooting/errors#no-such-element-exception\nBuild info: version: '4.30.0', revision: '509c7f17cc*'\nSystem info: os.name: 'Linux', os.arch: 'amd64', os.version: '6.11.0-1015-azure', java.version: '21.0.7'\nDriver info: org.openqa.selenium.chrome.ChromeDriver\nCommand: [ae9ee736bf84b82d5c4da35df6e9126f, findElement {value=//div[@class='promo'], using=xpath}]\nCapabilities {acceptInsecureCerts: false, browserName: chrome, browserVersion: 137.0.7151.68, chrome: {chromedriverVersion: 137.0.7151.70 (dfa4dc56b2ab..., userDataDir: /tmp/chrome-data-1749833114}, fedcm:accounts: true, goog:chromeOptions: {debuggerAddress: localhost:36683}, networkConnectionEnabled: false, pageLoadStrategy: normal, platformName: linux, proxy: Proxy(), se:cdp: ws://localhost:36683/devtoo..., se:cdpVersion: 137.0.7151.68, setWindowRect: true, strictFileInteractability: false, timeouts: {implicit: 0, pageLoad: 300000, script: 30000}, unhandledPromptBehavior: dismiss and notify, webauthn:extension:credBlob: true, webauthn:extension:largeBlob: true, webauthn:extension:minPinLength: true, webauthn:extension:prf: true, webauthn:virtualAuthenticators: true}\nSession ID: ae9ee736bf84b82d5c4da35df6e9126f","time":{"start":1749833278872,"stop":1749833280236,"duration":1364}}]},"tags":[]},"source":"3c8213fd61c827b8.json","parameterValues":["(Discounted) Mocha"]}